<?xml version="1.0" encoding="UTF-8"?>
<robot generator="Robot 3.2.1 (Python 3.8.3 on win32)" generated="20201210 15:51:36.786" rpa="false">
<suite id="s1" name="Cadastro" source="C:\Gitlab_hz\andrehz\tests\api\cadastro.robot">
<test id="s1-t1" name="CADASTRO COM SUCESSO">
<kw name="Create Session" library="RequestsLibrary" type="setup">
<doc>Create Session: create a HTTP session to a server</doc>
<arguments>
<arg>FastShop</arg>
<arg>${base_url}</arg>
</arguments>
<msg timestamp="20201210 15:51:37.695" level="INFO">Creating Session using : alias=FastShop, url=https://apiqa.fastshop.com.br, headers={},                     cookies={}, auth=None, timeout=None, proxies=None, verify=False,                     debug=0 </msg>
<status status="PASS" starttime="20201210 15:51:37.695" endtime="20201210 15:51:37.695"></status>
</kw>
<kw name="Cadastro criar um usuario com sucesso" library="services">
<arguments>
<arg>201</arg>
</arguments>
<kw name="Cpf" library="FakerLibrary">
<assign>
<var>${CPF}</var>
</assign>
<msg timestamp="20201210 15:51:37.696" level="INFO">${CPF} = 173.980.254-32</msg>
<status status="PASS" starttime="20201210 15:51:37.696" endtime="20201210 15:51:37.696"></status>
</kw>
<kw name="Name" library="FakerLibrary">
<doc>:example 'John Doe'</doc>
<assign>
<var>${NOMEFAKE}</var>
</assign>
<msg timestamp="20201210 15:51:37.696" level="INFO">${NOMEFAKE} = Juan Pinto</msg>
<status status="PASS" starttime="20201210 15:51:37.696" endtime="20201210 15:51:37.696"></status>
</kw>
<kw name="Phone Number" library="FakerLibrary">
<assign>
<var>${TELEFONEFAKE}</var>
</assign>
<msg timestamp="20201210 15:51:37.696" level="INFO">${TELEFONEFAKE} = 71 2409-2964</msg>
<status status="PASS" starttime="20201210 15:51:37.696" endtime="20201210 15:51:37.696"></status>
</kw>
<kw name="Word" library="FakerLibrary">
<doc>:returns: A random word, eg: 'lorem'</doc>
<assign>
<var>${PALAVRAFAKE}</var>
</assign>
<msg timestamp="20201210 15:51:37.697" level="INFO">${PALAVRAFAKE} = error</msg>
<status status="PASS" starttime="20201210 15:51:37.697" endtime="20201210 15:51:37.697"></status>
</kw>
<kw name="Password" library="FakerLibrary">
<doc>Generate a random password of the specified ``length``.</doc>
<assign>
<var>${PASSWORDFAKE}</var>
</assign>
<msg timestamp="20201210 15:51:37.697" level="INFO">${PASSWORDFAKE} = +P848Ntv*I</msg>
<status status="PASS" starttime="20201210 15:51:37.697" endtime="20201210 15:51:37.697"></status>
</kw>
<kw name="Create Dictionary" library="BuiltIn">
<doc>Creates and returns a dictionary based on the given ``items``.</doc>
<arguments>
<arg>Connection=Connection</arg>
<arg>User-Agent=Mozilla/5.0 (Windows NT 10.0; Win64; x64) AppleWebKit/537.36 (KHTML, like Gecko) Chrome/83.0.4103.61 Safari/537.36</arg>
<arg>Content-Type=application/json</arg>
<arg>Accept=application/json, text/plain, */*</arg>
<arg>checkout-api-version=v1</arg>
<arg>channel=webapp</arg>
</arguments>
<assign>
<var>&amp;{headers}</var>
</assign>
<msg timestamp="20201210 15:51:37.698" level="INFO">&amp;{headers} = { Connection=Connection | User-Agent=Mozilla/5.0 (Windows NT 10.0; Win64; x64) AppleWebKit/537.36 (KHTML, like Gecko) Chrome/83.0.4103.61 Safari/537.36 | Content-Type=application/json | Accept=applica...</msg>
<status status="PASS" starttime="20201210 15:51:37.697" endtime="20201210 15:51:37.698"></status>
</kw>
<kw name="Convert To Json" library="Helpers">
<arguments>
<arg>{"document":"${CPF[0:3]}${CPF[4:7]}${CPF[8:11]}${CPF[12:]}","name":"${NOMEFAKE}","birthday":"1985-06-03","gender":"Male","tradeName":"","companyName":"","ie":"","telephone":"(11) 987488195","cellphone":"(11) 987488195","email":"${PALAVRAFAKE}_hz@fastshopteste.com","password":"12345678","receiveEmailFast":true,"receiveSMSFast":true,"receiveEmailOthers":true,"cpf":"${CPF[0:3]}${CPF[4:7]}${CPF[8:11]}${CPF[12:]}","emailVerify":"${PALAVRAFAKE}_hz@fastshopteste.com","passwordVerify":"12345678","zipCode":"07110040","streetName":"R R MARIA DE CASTRO MESQUITA","number":"84","complement":"56","district":"JARDIM SAO PAULO","city":"GUARULHOS","state":"SP","housingType":"2","country":"Brasil"}</arg>
</arguments>
<assign>
<var>${payload}</var>
</assign>
<kw name="Evaluate" library="BuiltIn">
<doc>Evaluates the given expression in Python and returns the result.</doc>
<arguments>
<arg>json.loads($target)</arg>
<arg>json</arg>
</arguments>
<assign>
<var>${result}</var>
</assign>
<msg timestamp="20201210 15:51:37.701" level="INFO">${result} = {'document': '17398025432', 'name': 'Juan Pinto', 'birthday': '1985-06-03', 'gender': 'Male', 'tradeName': '', 'companyName': '', 'ie': '', 'telephone': '(11) 987488195', 'cellphone': '(11) 987488195'...</msg>
<status status="PASS" starttime="20201210 15:51:37.698" endtime="20201210 15:51:37.701"></status>
</kw>
<msg timestamp="20201210 15:51:37.702" level="INFO">${payload} = {'document': '17398025432', 'name': 'Juan Pinto', 'birthday': '1985-06-03', 'gender': 'Male', 'tradeName': '', 'companyName': '', 'ie': '', 'telephone': '(11) 987488195', 'cellphone': '(11) 987488195'...</msg>
<status status="PASS" starttime="20201210 15:51:37.698" endtime="20201210 15:51:37.702"></status>
</kw>
<kw name="Log" library="BuiltIn">
<doc>Logs the given message with the given level.</doc>
<arguments>
<arg>${payload}</arg>
</arguments>
<msg timestamp="20201210 15:51:37.702" level="INFO">{'document': '17398025432', 'name': 'Juan Pinto', 'birthday': '1985-06-03', 'gender': 'Male', 'tradeName': '', 'companyName': '', 'ie': '', 'telephone': '(11) 987488195', 'cellphone': '(11) 987488195', 'email': 'error_hz@fastshopteste.com', 'password': '12345678', 'receiveEmailFast': True, 'receiveSMSFast': True, 'receiveEmailOthers': True, 'cpf': '17398025432', 'emailVerify': 'error_hz@fastshopteste.com', 'passwordVerify': '12345678', 'zipCode': '07110040', 'streetName': 'R R MARIA DE CASTRO MESQUITA', 'number': '84', 'complement': '56', 'district': 'JARDIM SAO PAULO', 'city': 'GUARULHOS', 'state': 'SP', 'housingType': '2', 'country': 'Brasil'}</msg>
<status status="PASS" starttime="20201210 15:51:37.702" endtime="20201210 15:51:37.702"></status>
</kw>
<kw name="Post Request" library="RequestsLibrary">
<doc>Send a POST request on the session object found using the
given `alias`</doc>
<arguments>
<arg>FastShop</arg>
<arg>/fastshop-qa/wcs/resources/v1/customer/create</arg>
<arg>data=${payload}</arg>
<arg>headers=${headers}</arg>
</arguments>
<assign>
<var>${resp}</var>
</assign>
<msg timestamp="20201210 15:51:39.778" level="INFO">POST Request : url=https://apiqa.fastshop.com.br/fastshop-qa/wcs/resources/v1/customer/create 
 path_url=/fastshop-qa/wcs/resources/v1/customer/create 
 headers={'User-Agent': 'Mozilla/5.0 (Windows NT 10.0; Win64; x64) AppleWebKit/537.36 (KHTML, like Gecko) Chrome/83.0.4103.61 Safari/537.36', 'Accept-Encoding': 'gzip, deflate', 'Accept': 'application/json, text/plain, */*', 'Connection': 'Connection', 'Content-Type': 'application/json', 'checkout-api-version': 'v1', 'channel': 'webapp', 'Content-Length': '653'} 
 body={"document": "17398025432", "name": "Juan Pinto", "birthday": "1985-06-03", "gender": "Male", "tradeName": "", "companyName": "", "ie": "", "telephone": "(11) 987488195", "cellphone": "(11) 987488195", "email": "error_hz@fastshopteste.com", "password": "12345678", "receiveEmailFast": true, "receiveSMSFast": true, "receiveEmailOthers": true, "cpf": "17398025432", "emailVerify": "error_hz@fastshopteste.com", "passwordVerify": "12345678", "zipCode": "07110040", "streetName": "R R MARIA DE CASTRO MESQUITA", "number": "84", "complement": "56", "district": "JARDIM SAO PAULO", "city": "GUARULHOS", "state": "SP", "housingType": "2", "country": "Brasil"} 
 </msg>
<msg timestamp="20201210 15:51:39.778" level="INFO">POST Response : url=https://apiqa.fastshop.com.br/fastshop-qa/wcs/resources/v1/customer/create 
 status=201, reason=Created 
 body={"WCToken":"98147005%2CIcF37kDF8JMDHw4OFym%2FDgtnq9b1TwgFmy5iHC8OJ%2BeBTxUTKYEmM3N8ph%2Fns42GFlgMAocf210Sd0flbSuD80eXfy6sSMbrcrmxRkRuV%2B1Vbt4nDZw05bo%2FvG2P01%2Fk1ePuR%2Ftyt%2FlkpVxGh0iwExqyZSeVKzy5PFVbYt13oXFZntwlLvUan4FdGrKV8k1h4t7U3CcyqpLet4eouGX5LA%3D%3D","WCTrustedToken":"98147005%2C4AKst3qvNTbqppJF4O9DdHV33uw%3D","userID":"98147005","nome":"Juan Pinto"} 
 </msg>
<msg timestamp="20201210 15:51:39.779" level="INFO">c:\python38\lib\site-packages\urllib3\connectionpool.py:979: InsecureRequestWarning: Unverified HTTPS request is being made to host 'apiqa.fastshop.com.br'. Adding certificate verification is strongly advised. See: https://urllib3.readthedocs.io/en/latest/advanced-usage.html#ssl-warnings
  warnings.warn(</msg>
<msg timestamp="20201210 15:51:39.780" level="INFO">${resp} = &lt;Response [201]&gt;</msg>
<status status="PASS" starttime="20201210 15:51:37.703" endtime="20201210 15:51:39.780"></status>
</kw>
<kw name="Log To Console" library="BuiltIn">
<doc>Logs the given message to the console.</doc>
<arguments>
<arg>${resp.status_code}</arg>
</arguments>
<status status="PASS" starttime="20201210 15:51:39.780" endtime="20201210 15:51:39.780"></status>
</kw>
<kw name="Log To Console" library="BuiltIn">
<doc>Logs the given message to the console.</doc>
<arguments>
<arg>${payload}</arg>
</arguments>
<status status="PASS" starttime="20201210 15:51:39.780" endtime="20201210 15:51:39.781"></status>
</kw>
<kw name="Should Be Equal As Strings" library="BuiltIn">
<doc>Fails if objects are unequal after converting them to strings.</doc>
<arguments>
<arg>${resp.status_code}</arg>
<arg>${resp.status_code_page}</arg>
</arguments>
<msg timestamp="20201210 15:51:39.782" level="INFO">Argument types are:
&lt;class 'int'&gt;
&lt;type 'unicode'&gt;</msg>
<status status="PASS" starttime="20201210 15:51:39.782" endtime="20201210 15:51:39.782"></status>
</kw>
<status status="PASS" starttime="20201210 15:51:37.695" endtime="20201210 15:51:39.782"></status>
</kw>
<status status="PASS" starttime="20201210 15:51:37.694" endtime="20201210 15:51:39.783" critical="yes"></status>
</test>
<status status="PASS" starttime="20201210 15:51:36.788" endtime="20201210 15:51:39.785"></status>
</suite>
<statistics>
<total>
<stat pass="1" fail="0">Critical Tests</stat>
<stat pass="1" fail="0">All Tests</stat>
</total>
<tag>
</tag>
<suite>
<stat pass="1" fail="0" id="s1" name="Cadastro">Cadastro</stat>
</suite>
</statistics>
<errors>
</errors>
</robot>
