<?xml version="1.0" encoding="UTF-8"?>
<robot generator="Robot 3.2rc1 (Python 3.8.1 on win32)" generated="20200523 14:33:08.074" rpa="false">
<suite id="s1" name="CADASTRO" source="C:\FastShop_hz\tests\api\CADASTRO.robot">
<test id="s1-t1" name="Create a new Client Ad">
<kw name="Create Session" library="RequestsLibrary" type="setup">
<doc>Create Session: create a HTTP session to a server</doc>
<arguments>
<arg>Client</arg>
<arg>${base_url}</arg>
</arguments>
<msg timestamp="20200523 14:33:08.250" level="INFO">Creating Session using : alias=Client, url=https://apiqa.fastshop.com.br/fastshop-qa/wcs/resources/v1/customer/create, headers={},                     cookies={}, auth=None, timeout=None, proxies=None, verify=False,                     debug=0 </msg>
<status status="PASS" starttime="20200523 14:33:08.250" endtime="20200523 14:33:08.250"></status>
</kw>
<kw name="Convert To Json" library="helpers">
<arguments>
<arg>{"document":"80753430002","name":"Testes Automacao","birthday":"2000-01-01","gender":"Male","tradeName":"","companyName":"","ie":"","telephone":"(11) 99999-99999","cellphone":"(11) 99999-99999","email":"teste4@fasthop.com","password":"12345678","receiveEmailFast":false,"receiveSMSFast":false,"receiveEmailOthers":false,"cpf":"80753430002","emailVerify":"teste4@fasthop.com","passwordVerify":"12345678","zipCode":"05424040","streetName":"R R MANUEL","number":"1111","complement":"","district":"PINHEIROS","city":"SAO PAULO","state":"SP","housingType":"2","country":"Brasil"}}</arg>
</arguments>
<assign>
<var>${payload}</var>
</assign>
<kw name="Evaluate" library="BuiltIn">
<doc>Evaluates the given expression in Python and returns the result.</doc>
<arguments>
<arg>json.loads($target)</arg>
<arg>json</arg>
</arguments>
<assign>
<var>${result}</var>
</assign>
<msg timestamp="20200523 14:33:08.257" level="FAIL">Evaluating expression 'json.loads($target)' failed: JSONDecodeError: Extra data: line 1 column 575 (char 574)</msg>
<status status="FAIL" starttime="20200523 14:33:08.251" endtime="20200523 14:33:08.257"></status>
</kw>
<status status="FAIL" starttime="20200523 14:33:08.251" endtime="20200523 14:33:08.257"></status>
</kw>
<status status="FAIL" starttime="20200523 14:33:08.249" endtime="20200523 14:33:08.258" critical="yes">Evaluating expression 'json.loads($target)' failed: JSONDecodeError: Extra data: line 1 column 575 (char 574)</status>
</test>
<test id="s1-t2" name="Empty Name">
<kw name="Create Session" library="RequestsLibrary" type="setup">
<doc>Create Session: create a HTTP session to a server</doc>
<arguments>
<arg>Client</arg>
<arg>${base_url}</arg>
</arguments>
<msg timestamp="20200523 14:33:08.261" level="INFO">Creating Session using : alias=Client, url=https://apiqa.fastshop.com.br/fastshop-qa/wcs/resources/v1/customer/create, headers={},                     cookies={}, auth=None, timeout=None, proxies=None, verify=False,                     debug=0 </msg>
<status status="PASS" starttime="20200523 14:33:08.260" endtime="20200523 14:33:08.261"></status>
</kw>
<kw name="Require Fields">
<arguments>
<arg>{"name": "", "brand": "Shimano", "price": "15"}</arg>
<arg>1001</arg>
<arg>Client name is required</arg>
</arguments>
<kw name="Get User Id" library="services">
<arguments>
<arg>eu@papito.io</arg>
</arguments>
<assign>
<var>${user_id}</var>
</assign>
<kw name="Convert To Json" library="helpers">
<arguments>
<arg>{"email": "${email}"}</arg>
</arguments>
<assign>
<var>${payload}</var>
</assign>
<kw name="Evaluate" library="BuiltIn">
<doc>Evaluates the given expression in Python and returns the result.</doc>
<arguments>
<arg>json.loads($target)</arg>
<arg>json</arg>
</arguments>
<assign>
<var>${result}</var>
</assign>
<msg timestamp="20200523 14:33:08.263" level="INFO">${result} = {'email': 'eu@papito.io'}</msg>
<status status="PASS" starttime="20200523 14:33:08.263" endtime="20200523 14:33:08.263"></status>
</kw>
<msg timestamp="20200523 14:33:08.264" level="INFO">${payload} = {'email': 'eu@papito.io'}</msg>
<status status="PASS" starttime="20200523 14:33:08.262" endtime="20200523 14:33:08.264"></status>
</kw>
<kw name="Log" library="BuiltIn">
<doc>Logs the given message with the given level.</doc>
<arguments>
<arg>${payload}</arg>
</arguments>
<msg timestamp="20200523 14:33:08.264" level="INFO">{'email': 'eu@papito.io'}</msg>
<status status="PASS" starttime="20200523 14:33:08.264" endtime="20200523 14:33:08.264"></status>
</kw>
<kw name="Post Session" library="services">
<arguments>
<arg>${payload}</arg>
</arguments>
<assign>
<var>${resp}</var>
</assign>
<kw name="Create Dictionary" library="BuiltIn">
<doc>Creates and returns a dictionary based on the given ``items``.</doc>
<arguments>
<arg>Content-Type=application/json</arg>
</arguments>
<assign>
<var>&amp;{headers}</var>
</assign>
<msg timestamp="20200523 14:33:08.265" level="INFO">&amp;{headers} = { Content-Type=application/json }</msg>
<status status="PASS" starttime="20200523 14:33:08.265" endtime="20200523 14:33:08.265"></status>
</kw>
<kw name="Post Request" library="RequestsLibrary">
<doc>Send a POST request on the session object found using the
given `alias`</doc>
<arguments>
<arg>Client</arg>
<arg>/sessions</arg>
<arg>data=${payload}</arg>
<arg>headers=${headers}</arg>
</arguments>
<assign>
<var>${resp}</var>
</assign>
<msg timestamp="20200523 14:33:08.266" level="INFO">POST Request using : uri=/sessions, params=None, files=None, allow_redirects=True, timeout=None
headers={'User-Agent': 'python-requests/2.23.0', 'Accept-Encoding': 'gzip, deflate', 'Accept': '*/*', 'Connection': 'keep-alive', 'Content-Type': 'application/json'} 
data={"email": "eu@papito.io"} 
json=None</msg>
<msg timestamp="20200523 14:33:08.603" level="INFO">c:\users\14536\appdata\local\programs\python\python38-32\lib\site-packages\urllib3\connectionpool.py:997: InsecureRequestWarning: Unverified HTTPS request is being made to host 'apiqa.fastshop.com.br'. Adding certificate verification is strongly advised. See: https://urllib3.readthedocs.io/en/latest/advanced-usage.html#ssl-warnings
  warnings.warn(</msg>
<msg timestamp="20200523 14:33:08.604" level="INFO">${resp} = &lt;Response [404]&gt;</msg>
<status status="PASS" starttime="20200523 14:33:08.265" endtime="20200523 14:33:08.604"></status>
</kw>
<msg timestamp="20200523 14:33:08.605" level="INFO">${resp} = &lt;Response [404]&gt;</msg>
<status status="PASS" starttime="20200523 14:33:08.264" endtime="20200523 14:33:08.605"></status>
</kw>
<kw name="Convert To String" library="BuiltIn">
<doc>Converts the given item to a Unicode string.</doc>
<arguments>
<arg>${resp.json()['_id']}</arg>
</arguments>
<assign>
<var>${user_id}</var>
</assign>
<msg timestamp="20200523 14:33:08.605" level="FAIL">Resolving variable '${resp.json()['_id']}' failed: JSONDecodeError: Expecting value: line 1 column 1 (char 0)</msg>
<status status="FAIL" starttime="20200523 14:33:08.605" endtime="20200523 14:33:08.605"></status>
</kw>
<status status="FAIL" starttime="20200523 14:33:08.262" endtime="20200523 14:33:08.605"></status>
</kw>
<status status="FAIL" starttime="20200523 14:33:08.261" endtime="20200523 14:33:08.606"></status>
</kw>
<status status="FAIL" starttime="20200523 14:33:08.260" endtime="20200523 14:33:08.606" critical="yes">Resolving variable '${resp.json()['_id']}' failed: JSONDecodeError: Expecting value: line 1 column 1 (char 0)</status>
</test>
<test id="s1-t3" name="Empty Brand">
<kw name="Create Session" library="RequestsLibrary" type="setup">
<doc>Create Session: create a HTTP session to a server</doc>
<arguments>
<arg>Client</arg>
<arg>${base_url}</arg>
</arguments>
<msg timestamp="20200523 14:33:08.641" level="INFO">Creating Session using : alias=Client, url=https://apiqa.fastshop.com.br/fastshop-qa/wcs/resources/v1/customer/create, headers={},                     cookies={}, auth=None, timeout=None, proxies=None, verify=False,                     debug=0 </msg>
<status status="PASS" starttime="20200523 14:33:08.640" endtime="20200523 14:33:08.641"></status>
</kw>
<kw name="Require Fields">
<arguments>
<arg>{"name": "Elleven Rocker", "brand": "", "price": "15"}</arg>
<arg>1002</arg>
<arg>Brand is required</arg>
</arguments>
<kw name="Get User Id" library="services">
<arguments>
<arg>eu@papito.io</arg>
</arguments>
<assign>
<var>${user_id}</var>
</assign>
<kw name="Convert To Json" library="helpers">
<arguments>
<arg>{"email": "${email}"}</arg>
</arguments>
<assign>
<var>${payload}</var>
</assign>
<kw name="Evaluate" library="BuiltIn">
<doc>Evaluates the given expression in Python and returns the result.</doc>
<arguments>
<arg>json.loads($target)</arg>
<arg>json</arg>
</arguments>
<assign>
<var>${result}</var>
</assign>
<msg timestamp="20200523 14:33:08.644" level="INFO">${result} = {'email': 'eu@papito.io'}</msg>
<status status="PASS" starttime="20200523 14:33:08.644" endtime="20200523 14:33:08.644"></status>
</kw>
<msg timestamp="20200523 14:33:08.644" level="INFO">${payload} = {'email': 'eu@papito.io'}</msg>
<status status="PASS" starttime="20200523 14:33:08.643" endtime="20200523 14:33:08.644"></status>
</kw>
<kw name="Log" library="BuiltIn">
<doc>Logs the given message with the given level.</doc>
<arguments>
<arg>${payload}</arg>
</arguments>
<msg timestamp="20200523 14:33:08.645" level="INFO">{'email': 'eu@papito.io'}</msg>
<status status="PASS" starttime="20200523 14:33:08.645" endtime="20200523 14:33:08.645"></status>
</kw>
<kw name="Post Session" library="services">
<arguments>
<arg>${payload}</arg>
</arguments>
<assign>
<var>${resp}</var>
</assign>
<kw name="Create Dictionary" library="BuiltIn">
<doc>Creates and returns a dictionary based on the given ``items``.</doc>
<arguments>
<arg>Content-Type=application/json</arg>
</arguments>
<assign>
<var>&amp;{headers}</var>
</assign>
<msg timestamp="20200523 14:33:08.646" level="INFO">&amp;{headers} = { Content-Type=application/json }</msg>
<status status="PASS" starttime="20200523 14:33:08.646" endtime="20200523 14:33:08.646"></status>
</kw>
<kw name="Post Request" library="RequestsLibrary">
<doc>Send a POST request on the session object found using the
given `alias`</doc>
<arguments>
<arg>Client</arg>
<arg>/sessions</arg>
<arg>data=${payload}</arg>
<arg>headers=${headers}</arg>
</arguments>
<assign>
<var>${resp}</var>
</assign>
<msg timestamp="20200523 14:33:08.647" level="INFO">POST Request using : uri=/sessions, params=None, files=None, allow_redirects=True, timeout=None
headers={'User-Agent': 'python-requests/2.23.0', 'Accept-Encoding': 'gzip, deflate', 'Accept': '*/*', 'Connection': 'keep-alive', 'Content-Type': 'application/json'} 
data={"email": "eu@papito.io"} 
json=None</msg>
<msg timestamp="20200523 14:33:08.868" level="INFO">c:\users\14536\appdata\local\programs\python\python38-32\lib\site-packages\urllib3\connectionpool.py:997: InsecureRequestWarning: Unverified HTTPS request is being made to host 'apiqa.fastshop.com.br'. Adding certificate verification is strongly advised. See: https://urllib3.readthedocs.io/en/latest/advanced-usage.html#ssl-warnings
  warnings.warn(</msg>
<msg timestamp="20200523 14:33:08.869" level="INFO">${resp} = &lt;Response [404]&gt;</msg>
<status status="PASS" starttime="20200523 14:33:08.646" endtime="20200523 14:33:08.869"></status>
</kw>
<msg timestamp="20200523 14:33:08.869" level="INFO">${resp} = &lt;Response [404]&gt;</msg>
<status status="PASS" starttime="20200523 14:33:08.645" endtime="20200523 14:33:08.869"></status>
</kw>
<kw name="Convert To String" library="BuiltIn">
<doc>Converts the given item to a Unicode string.</doc>
<arguments>
<arg>${resp.json()['_id']}</arg>
</arguments>
<assign>
<var>${user_id}</var>
</assign>
<msg timestamp="20200523 14:33:08.870" level="FAIL">Resolving variable '${resp.json()['_id']}' failed: JSONDecodeError: Expecting value: line 1 column 1 (char 0)</msg>
<status status="FAIL" starttime="20200523 14:33:08.869" endtime="20200523 14:33:08.870"></status>
</kw>
<status status="FAIL" starttime="20200523 14:33:08.642" endtime="20200523 14:33:08.870"></status>
</kw>
<status status="FAIL" starttime="20200523 14:33:08.641" endtime="20200523 14:33:08.870"></status>
</kw>
<status status="FAIL" starttime="20200523 14:33:08.639" endtime="20200523 14:33:08.871" critical="yes">Resolving variable '${resp.json()['_id']}' failed: JSONDecodeError: Expecting value: line 1 column 1 (char 0)</status>
</test>
<status status="FAIL" starttime="20200523 14:33:08.076" endtime="20200523 14:33:08.872"></status>
</suite>
<statistics>
<total>
<stat pass="0" fail="3">Critical Tests</stat>
<stat pass="0" fail="3">All Tests</stat>
</total>
<tag>
</tag>
<suite>
<stat pass="0" fail="3" id="s1" name="CADASTRO">CADASTRO</stat>
</suite>
</statistics>
<errors>
</errors>
</robot>
