<?xml version="1.0" encoding="UTF-8"?>
<robot generator="Robot 3.2rc1 (Python 3.8.1 on win32)" generated="20200520 09:46:25.988" rpa="false">
<suite id="s1" name="Tests" source="C:\FastShop_hz\tests">
<suite id="s1-s1" name="INSERIR PRODUTO CARRINHO" source="C:\FastShop_hz\tests\INSERIR_PRODUTO_CARRINHO.robot">
<kw name="Start Session" library="base" type="setup">
<kw name="Open Browser" library="SeleniumLibrary">
<doc>Opens a new browser instance to the optional ``url``.</doc>
<arguments>
<arg>about:blank</arg>
<arg>chrome</arg>
</arguments>
<msg timestamp="20200520 09:46:26.451" level="INFO">Opening browser 'chrome' to base url 'about:blank'.</msg>
<status status="PASS" starttime="20200520 09:46:26.450" endtime="20200520 09:46:27.560"></status>
</kw>
<kw name="Set Selenium Implicit Wait" library="SeleniumLibrary">
<doc>Sets the implicit wait value used by Selenium.</doc>
<arguments>
<arg>10</arg>
</arguments>
<status status="PASS" starttime="20200520 09:46:27.560" endtime="20200520 09:46:27.562"></status>
</kw>
<kw name="Maximize Browser Window" library="SeleniumLibrary">
<doc>Maximizes current browser window.</doc>
<status status="PASS" starttime="20200520 09:46:27.562" endtime="20200520 09:46:27.678"></status>
</kw>
<status status="PASS" starttime="20200520 09:46:26.450" endtime="20200520 09:46:27.678"></status>
</kw>
<test id="s1-s1-t1" name="INSERIR UM PRODUTO NO CARRINHO">
<kw name="Busca, verificação e adição ao carrinho de um item no site da FASTSHOP">
<arguments>
<arg>941.861.830-31</arg>
<arg>12345678</arg>
<arg>AEMWHJ2BZACNZB</arg>
</arguments>
<kw name="Dado que acesso e verifico que estou no site da FASTSHOP" library="setup_hz">
<kw name="Go To" library="SeleniumLibrary">
<doc>Navigates the current browser window to the provided ``url``.</doc>
<arguments>
<arg>${BASE_URL}</arg>
</arguments>
<msg timestamp="20200520 09:46:27.681" level="INFO">Opening url 'http://webapp2-qa.fastshop.com.br/'</msg>
<status status="PASS" starttime="20200520 09:46:27.681" endtime="20200520 09:46:33.381"></status>
</kw>
<kw name="Title Should Be" library="SeleniumLibrary">
<doc>Verifies that the current page title equals ``title``.</doc>
<arguments>
<arg>Bem-vindo à Fast Shop</arg>
</arguments>
<msg timestamp="20200520 09:46:34.611" level="INFO">Page title is 'Bem-vindo à Fast Shop'.</msg>
<status status="PASS" starttime="20200520 09:46:33.382" endtime="20200520 09:46:34.611"></status>
</kw>
<status status="PASS" starttime="20200520 09:46:27.680" endtime="20200520 09:46:34.612"></status>
</kw>
<kw name="Quando é preenchido o campo de busca ${busca_produto}, verifico se o mesmo é retornado na lista" library="setup_hz">
<kw name="Go To" library="SeleniumLibrary">
<doc>Navigates the current browser window to the provided ``url``.</doc>
<arguments>
<arg>${BASE_URL}web/p/d/${busca_produto}/teste</arg>
</arguments>
<msg timestamp="20200520 09:46:34.613" level="INFO">Opening url 'http://webapp2-qa.fastshop.com.br/web/p/d/AEMWHJ2BZACNZB/teste'</msg>
<status status="PASS" starttime="20200520 09:46:34.612" endtime="20200520 09:46:35.708"></status>
</kw>
<kw name="Wait Until Element Is Visible" library="SeleniumLibrary">
<doc>Waits until the element ``locator`` is visible.</doc>
<arguments>
<arg>${SPAN_ADICIONAR_AO_CARRINHO}</arg>
<arg>10</arg>
</arguments>
<status status="PASS" starttime="20200520 09:46:35.708" endtime="20200520 09:46:36.307"></status>
</kw>
<kw name="Get Text" library="SeleniumLibrary">
<doc>Returns the text value of the element identified by ``locator``.</doc>
<arguments>
<arg>${H1_NOME_DO_PRODUTO}</arg>
</arguments>
<assign>
<var>${PRODUTO}</var>
</assign>
<msg timestamp="20200520 09:46:36.334" level="INFO">${PRODUTO} = iPhone 11 Pro Max Cinza Espacial, com Tela de 6,5”, 4G, 256 GB e Câmera de 12 MP - MWHJ2BZ/A</msg>
<status status="PASS" starttime="20200520 09:46:36.308" endtime="20200520 09:46:36.334"></status>
</kw>
<kw name="Set Global Variable" library="BuiltIn">
<doc>Makes a variable available globally in all tests and suites.</doc>
<arguments>
<arg>${PRODUTO}</arg>
</arguments>
<msg timestamp="20200520 09:46:36.335" level="INFO">${PRODUTO} = iPhone 11 Pro Max Cinza Espacial, com Tela de 6,5”, 4G, 256 GB e Câmera de 12 MP - MWHJ2BZ/A</msg>
<status status="PASS" starttime="20200520 09:46:36.335" endtime="20200520 09:46:36.335"></status>
</kw>
<kw name="Log" library="BuiltIn">
<doc>Logs the given message with the given level.</doc>
<arguments>
<arg>${PRODUTO}</arg>
</arguments>
<msg timestamp="20200520 09:46:36.335" level="INFO">iPhone 11 Pro Max Cinza Espacial, com Tela de 6,5”, 4G, 256 GB e Câmera de 12 MP - MWHJ2BZ/A</msg>
<status status="PASS" starttime="20200520 09:46:36.335" endtime="20200520 09:46:36.336"></status>
</kw>
<kw name="Element Text Should Be" library="SeleniumLibrary">
<doc>Verifies that element ``locator`` contains exact the text ``expected``.</doc>
<arguments>
<arg>${H2_NOME_DO_PRODUTO}</arg>
<arg>${busca_produto}</arg>
</arguments>
<msg timestamp="20200520 09:46:36.336" level="INFO">Verifying element '//h2[@class='product-detail-partnumber']' contains exact text 'AEMWHJ2BZACNZB'.</msg>
<status status="PASS" starttime="20200520 09:46:36.336" endtime="20200520 09:46:36.370"></status>
</kw>
<kw name="Set Focus To Element" library="SeleniumLibrary">
<doc>Sets the focus to the element identified by ``locator``.</doc>
<arguments>
<arg>${SPAN_ADICIONAR_AO_CARRINHO}</arg>
</arguments>
<status status="PASS" starttime="20200520 09:46:36.370" endtime="20200520 09:46:36.381"></status>
</kw>
<kw name="Click Element" library="SeleniumLibrary">
<doc>Click the element identified by ``locator``.</doc>
<arguments>
<arg>${SPAN_ADICIONAR_AO_CARRINHO}</arg>
</arguments>
<msg timestamp="20200520 09:46:36.382" level="INFO">Clicking element '//span[@class='lb-add-cart']'.</msg>
<status status="PASS" starttime="20200520 09:46:36.381" endtime="20200520 09:46:36.434"></status>
</kw>
<kw name="Capture Page Screenshot" library="SeleniumLibrary">
<doc>Takes a screenshot of the current page and embeds it into a log file.</doc>
<msg timestamp="20200520 09:46:36.985" level="INFO" html="yes">&lt;/td&gt;&lt;/tr&gt;&lt;tr&gt;&lt;td colspan="3"&gt;&lt;a href="selenium-screenshot-226.png"&gt;&lt;img src="selenium-screenshot-226.png" width="800px"&gt;&lt;/a&gt;</msg>
<status status="PASS" starttime="20200520 09:46:36.434" endtime="20200520 09:46:36.985"></status>
</kw>
<status status="PASS" starttime="20200520 09:46:34.612" endtime="20200520 09:46:36.986"></status>
</kw>
<kw name="E e logo no site com o CPF ${cpf} e a senha ${senha}" library="setup_hz">
<kw name="Wait Until Element Is Visible" library="SeleniumLibrary">
<doc>Waits until the element ``locator`` is visible.</doc>
<arguments>
<arg>${ID_LOGIN_CPF}</arg>
<arg>10</arg>
</arguments>
<status status="PASS" starttime="20200520 09:46:36.987" endtime="20200520 09:46:37.202"></status>
</kw>
<kw name="Input Text" library="SeleniumLibrary">
<doc>Types the given ``text`` into the text field identified by ``locator``.</doc>
<arguments>
<arg>${ID_LOGIN_CPF}</arg>
<arg>${cpf}</arg>
</arguments>
<msg timestamp="20200520 09:46:37.202" level="INFO">Typing text '941.861.830-31' into text field 'id:document'.</msg>
<status status="PASS" starttime="20200520 09:46:37.202" endtime="20200520 09:46:37.403"></status>
</kw>
<kw name="Input Text" library="SeleniumLibrary">
<doc>Types the given ``text`` into the text field identified by ``locator``.</doc>
<arguments>
<arg>${ID_LOGIN_SENHA}</arg>
<arg>${senha}</arg>
</arguments>
<msg timestamp="20200520 09:46:37.404" level="INFO">Typing text '12345678' into text field 'id:password'.</msg>
<status status="PASS" starttime="20200520 09:46:37.403" endtime="20200520 09:46:37.538"></status>
</kw>
<kw name="Click Element" library="SeleniumLibrary">
<doc>Click the element identified by ``locator``.</doc>
<arguments>
<arg>${BUTTON_CONFIRMAR_VERDE}</arg>
</arguments>
<msg timestamp="20200520 09:46:37.538" level="INFO">Clicking element '//button[@class='btn btn-green']'.</msg>
<status status="PASS" starttime="20200520 09:46:37.538" endtime="20200520 09:46:37.610"></status>
</kw>
<kw name="Capture Page Screenshot" library="SeleniumLibrary">
<doc>Takes a screenshot of the current page and embeds it into a log file.</doc>
<msg timestamp="20200520 09:46:38.023" level="INFO" html="yes">&lt;/td&gt;&lt;/tr&gt;&lt;tr&gt;&lt;td colspan="3"&gt;&lt;a href="selenium-screenshot-227.png"&gt;&lt;img src="selenium-screenshot-227.png" width="800px"&gt;&lt;/a&gt;</msg>
<status status="PASS" starttime="20200520 09:46:37.611" endtime="20200520 09:46:38.023"></status>
</kw>
<kw name="Sleep" library="BuiltIn">
<doc>Pauses the test executed for the given time.</doc>
<arguments>
<arg>5</arg>
</arguments>
<msg timestamp="20200520 09:46:43.025" level="INFO">Slept 5 seconds</msg>
<status status="PASS" starttime="20200520 09:46:38.024" endtime="20200520 09:46:43.025"></status>
</kw>
<kw name="Go To" library="SeleniumLibrary">
<doc>Navigates the current browser window to the provided ``url``.</doc>
<arguments>
<arg>${CARRINHO_URL}</arg>
</arguments>
<msg timestamp="20200520 09:46:43.025" level="INFO">Opening url 'http://webapp2-qa.fastshop.com.br/web/checkout-v2/carrinho'</msg>
<status status="PASS" starttime="20200520 09:46:43.025" endtime="20200520 09:46:43.853"></status>
</kw>
<status status="PASS" starttime="20200520 09:46:36.986" endtime="20200520 09:46:43.854"></status>
</kw>
<kw name="Então o produto ${busca_produto} é adicionado e verificado que está no carrinho" library="setup_hz">
<kw name="Wait Until Element Is Visible" library="SeleniumLibrary">
<doc>Waits until the element ``locator`` is visible.</doc>
<arguments>
<arg>${BUTTON_CONTINUAR_COMPRA_VERDE}</arg>
<arg>10</arg>
</arguments>
<status status="PASS" starttime="20200520 09:46:43.854" endtime="20200520 09:46:45.890"></status>
</kw>
<kw name="Set Focus To Element" library="SeleniumLibrary">
<doc>Sets the focus to the element identified by ``locator``.</doc>
<arguments>
<arg>${BUTTON_CONTINUAR_COMPRA_VERDE}</arg>
</arguments>
<status status="PASS" starttime="20200520 09:46:45.891" endtime="20200520 09:46:45.905"></status>
</kw>
<kw name="Capture Page Screenshot" library="SeleniumLibrary">
<doc>Takes a screenshot of the current page and embeds it into a log file.</doc>
<msg timestamp="20200520 09:46:46.403" level="INFO" html="yes">&lt;/td&gt;&lt;/tr&gt;&lt;tr&gt;&lt;td colspan="3"&gt;&lt;a href="selenium-screenshot-228.png"&gt;&lt;img src="selenium-screenshot-228.png" width="800px"&gt;&lt;/a&gt;</msg>
<status status="PASS" starttime="20200520 09:46:45.906" endtime="20200520 09:46:46.403"></status>
</kw>
<kw name="Click Element" library="SeleniumLibrary">
<doc>Click the element identified by ``locator``.</doc>
<arguments>
<arg>${BUTTON_CONTINUAR_COMPRA_VERDE}</arg>
</arguments>
<msg timestamp="20200520 09:46:46.403" level="INFO">Clicking element '//button[contains(text(), 'Continuar compra')]'.</msg>
<status status="PASS" starttime="20200520 09:46:46.403" endtime="20200520 09:46:46.470"></status>
</kw>
<kw name="Wait Until Element Is Visible" library="SeleniumLibrary">
<doc>Waits until the element ``locator`` is visible.</doc>
<arguments>
<arg>${A_ADICIONAR_NOVO_ENDERECO}</arg>
<arg>10</arg>
</arguments>
<status status="PASS" starttime="20200520 09:46:46.470" endtime="20200520 09:46:48.375"></status>
</kw>
<kw name="Set Focus To Element" library="SeleniumLibrary">
<doc>Sets the focus to the element identified by ``locator``.</doc>
<arguments>
<arg>${BUTTON_CONTINUAR_VERDE_ENDERECO}</arg>
</arguments>
<status status="PASS" starttime="20200520 09:46:48.375" endtime="20200520 09:46:48.394"></status>
</kw>
<kw name="Capture Page Screenshot" library="SeleniumLibrary">
<doc>Takes a screenshot of the current page and embeds it into a log file.</doc>
<msg timestamp="20200520 09:46:48.846" level="INFO" html="yes">&lt;/td&gt;&lt;/tr&gt;&lt;tr&gt;&lt;td colspan="3"&gt;&lt;a href="selenium-screenshot-229.png"&gt;&lt;img src="selenium-screenshot-229.png" width="800px"&gt;&lt;/a&gt;</msg>
<status status="PASS" starttime="20200520 09:46:48.394" endtime="20200520 09:46:48.847"></status>
</kw>
<kw name="Click Element" library="SeleniumLibrary">
<doc>Click the element identified by ``locator``.</doc>
<arguments>
<arg>${BUTTON_CONTINUAR_VERDE_ENDERECO}</arg>
</arguments>
<msg timestamp="20200520 09:46:48.847" level="INFO">Clicking element '(//button[contains(text(), 'Continuar')])[last()]'.</msg>
<status status="PASS" starttime="20200520 09:46:48.847" endtime="20200520 09:46:48.890"></status>
</kw>
<kw name="Wait Until Element Is Visible" library="SeleniumLibrary">
<doc>Waits until the element ``locator`` is visible.</doc>
<arguments>
<arg>${DIV_QUANDO_RECEBER}</arg>
<arg>10</arg>
</arguments>
<status status="PASS" starttime="20200520 09:46:48.891" endtime="20200520 09:46:51.893"></status>
</kw>
<kw name="Wait Until Element Is Visible" library="SeleniumLibrary">
<doc>Waits until the element ``locator`` is visible.</doc>
<arguments>
<arg>${BUTTON_CONTINUAR_VERDE_DADOS_PESSOAIS}</arg>
<arg>10</arg>
</arguments>
<status status="PASS" starttime="20200520 09:46:51.893" endtime="20200520 09:46:51.911"></status>
</kw>
<kw name="Wait Until Element Is Visible" library="SeleniumLibrary">
<doc>Waits until the element ``locator`` is visible.</doc>
<arguments>
<arg>//span[contains(text(), '${PRODUTO}')]</arg>
</arguments>
<status status="PASS" starttime="20200520 09:46:51.911" endtime="20200520 09:46:51.935"></status>
</kw>
<kw name="Log" library="BuiltIn">
<doc>Logs the given message with the given level.</doc>
<arguments>
<arg>${PRODUTO}</arg>
</arguments>
<msg timestamp="20200520 09:46:51.935" level="INFO">iPhone 11 Pro Max Cinza Espacial, com Tela de 6,5”, 4G, 256 GB e Câmera de 12 MP - MWHJ2BZ/A</msg>
<status status="PASS" starttime="20200520 09:46:51.935" endtime="20200520 09:46:51.935"></status>
</kw>
<kw name="Set Focus To Element" library="SeleniumLibrary">
<doc>Sets the focus to the element identified by ``locator``.</doc>
<arguments>
<arg>${BUTTON_CONTINUAR_VERDE_DADOS_PESSOAIS}</arg>
</arguments>
<status status="PASS" starttime="20200520 09:46:51.935" endtime="20200520 09:46:51.981"></status>
</kw>
<kw name="Capture Page Screenshot" library="SeleniumLibrary">
<doc>Takes a screenshot of the current page and embeds it into a log file.</doc>
<msg timestamp="20200520 09:46:52.429" level="INFO" html="yes">&lt;/td&gt;&lt;/tr&gt;&lt;tr&gt;&lt;td colspan="3"&gt;&lt;a href="selenium-screenshot-230.png"&gt;&lt;img src="selenium-screenshot-230.png" width="800px"&gt;&lt;/a&gt;</msg>
<status status="PASS" starttime="20200520 09:46:51.982" endtime="20200520 09:46:52.429"></status>
</kw>
<kw name="Click Element" library="SeleniumLibrary">
<doc>Click the element identified by ``locator``.</doc>
<arguments>
<arg>${BUTTON_CONTINUAR_VERDE_DADOS_PESSOAIS}</arg>
</arguments>
<msg timestamp="20200520 09:46:52.430" level="INFO">Clicking element '(//button[contains(text(), 'Continuar')])[last()]'.</msg>
<status status="PASS" starttime="20200520 09:46:52.429" endtime="20200520 09:46:52.492"></status>
</kw>
<kw name="Wait Until Element Is Visible" library="SeleniumLibrary">
<doc>Waits until the element ``locator`` is visible.</doc>
<arguments>
<arg>${H1_ADICIONAR_SERVICO}</arg>
<arg>10</arg>
</arguments>
<status status="PASS" starttime="20200520 09:46:52.492" endtime="20200520 09:46:53.922"></status>
</kw>
<kw name="Wait Until Element Is Visible" library="SeleniumLibrary">
<doc>Waits until the element ``locator`` is visible.</doc>
<arguments>
<arg>${BUTTON_CONTINUAR_VERDE_SERVICOS}</arg>
<arg>10</arg>
</arguments>
<status status="PASS" starttime="20200520 09:46:53.922" endtime="20200520 09:46:53.947"></status>
</kw>
<kw name="Set Focus To Element" library="SeleniumLibrary">
<doc>Sets the focus to the element identified by ``locator``.</doc>
<arguments>
<arg>${BUTTON_CONTINUAR_VERDE_SERVICOS}</arg>
</arguments>
<status status="PASS" starttime="20200520 09:46:53.947" endtime="20200520 09:46:53.964"></status>
</kw>
<kw name="Capture Page Screenshot" library="SeleniumLibrary">
<doc>Takes a screenshot of the current page and embeds it into a log file.</doc>
<msg timestamp="20200520 09:46:54.396" level="INFO" html="yes">&lt;/td&gt;&lt;/tr&gt;&lt;tr&gt;&lt;td colspan="3"&gt;&lt;a href="selenium-screenshot-231.png"&gt;&lt;img src="selenium-screenshot-231.png" width="800px"&gt;&lt;/a&gt;</msg>
<status status="PASS" starttime="20200520 09:46:53.964" endtime="20200520 09:46:54.397"></status>
</kw>
<kw name="Click Element" library="SeleniumLibrary">
<doc>Click the element identified by ``locator``.</doc>
<arguments>
<arg>${BUTTON_CONTINUAR_VERDE_SERVICOS}</arg>
</arguments>
<msg timestamp="20200520 09:46:54.397" level="INFO">Clicking element '(//button[contains(text(), 'Continuar')])[last()]'.</msg>
<status status="PASS" starttime="20200520 09:46:54.397" endtime="20200520 09:46:54.454"></status>
</kw>
<kw name="Wait Until Element Is Visible" library="SeleniumLibrary">
<doc>Waits until the element ``locator`` is visible.</doc>
<arguments>
<arg>${H1_COMO_DESEJA_PAGAR}</arg>
<arg>10</arg>
</arguments>
<status status="PASS" starttime="20200520 09:46:54.454" endtime="20200520 09:46:58.965"></status>
</kw>
<kw name="Select Radio Button" library="SeleniumLibrary">
<doc>Sets the radio button group ``group_name`` to ``value``.</doc>
<arguments>
<arg>payment_option</arg>
<arg>payment-option-3</arg>
</arguments>
<msg timestamp="20200520 09:46:58.965" level="INFO">Selecting 'payment-option-3' from radio button 'payment_option'.</msg>
<status status="PASS" starttime="20200520 09:46:58.965" endtime="20200520 09:46:59.056"></status>
</kw>
<kw name="Set Focus To Element" library="SeleniumLibrary">
<doc>Sets the focus to the element identified by ``locator``.</doc>
<arguments>
<arg>${BUTTON_CONTINUAR_VERDE_PAGAMENTO}</arg>
</arguments>
<status status="PASS" starttime="20200520 09:46:59.057" endtime="20200520 09:46:59.071"></status>
</kw>
<kw name="Capture Page Screenshot" library="SeleniumLibrary">
<doc>Takes a screenshot of the current page and embeds it into a log file.</doc>
<msg timestamp="20200520 09:46:59.453" level="INFO" html="yes">&lt;/td&gt;&lt;/tr&gt;&lt;tr&gt;&lt;td colspan="3"&gt;&lt;a href="selenium-screenshot-232.png"&gt;&lt;img src="selenium-screenshot-232.png" width="800px"&gt;&lt;/a&gt;</msg>
<status status="PASS" starttime="20200520 09:46:59.071" endtime="20200520 09:46:59.453"></status>
</kw>
<kw name="Click Element" library="SeleniumLibrary">
<doc>Click the element identified by ``locator``.</doc>
<arguments>
<arg>${BUTTON_CONTINUAR_VERDE_PAGAMENTO}</arg>
</arguments>
<msg timestamp="20200520 09:46:59.453" level="INFO">Clicking element '(//button[contains(text(), 'Continuar')])[last()]'.</msg>
<status status="PASS" starttime="20200520 09:46:59.453" endtime="20200520 09:46:59.537"></status>
</kw>
<kw name="Wait Until Element Is Visible" library="SeleniumLibrary">
<doc>Waits until the element ``locator`` is visible.</doc>
<arguments>
<arg>${DIV_DESCRICAO_DO_PAGAMENTO}</arg>
<arg>10</arg>
</arguments>
<status status="PASS" starttime="20200520 09:46:59.537" endtime="20200520 09:46:59.596"></status>
</kw>
<kw name="Set Focus To Element" library="SeleniumLibrary">
<doc>Sets the focus to the element identified by ``locator``.</doc>
<arguments>
<arg>${BUTTON_CONTINUAR_VERDE_PAGAMENTO}</arg>
</arguments>
<status status="PASS" starttime="20200520 09:46:59.596" endtime="20200520 09:46:59.610"></status>
</kw>
<kw name="Capture Page Screenshot" library="SeleniumLibrary">
<doc>Takes a screenshot of the current page and embeds it into a log file.</doc>
<msg timestamp="20200520 09:47:00.048" level="INFO" html="yes">&lt;/td&gt;&lt;/tr&gt;&lt;tr&gt;&lt;td colspan="3"&gt;&lt;a href="selenium-screenshot-233.png"&gt;&lt;img src="selenium-screenshot-233.png" width="800px"&gt;&lt;/a&gt;</msg>
<status status="PASS" starttime="20200520 09:46:59.610" endtime="20200520 09:47:00.048"></status>
</kw>
<kw name="Click Element" library="SeleniumLibrary">
<doc>Click the element identified by ``locator``.</doc>
<arguments>
<arg>${BUTTON_CONTINUAR_VERDE_PAGAMENTO}</arg>
</arguments>
<msg timestamp="20200520 09:47:00.049" level="INFO">Clicking element '(//button[contains(text(), 'Continuar')])[last()]'.</msg>
<status status="PASS" starttime="20200520 09:47:00.049" endtime="20200520 09:47:00.092"></status>
</kw>
<status status="PASS" starttime="20200520 09:46:43.854" endtime="20200520 09:47:00.092"></status>
</kw>
<status status="PASS" starttime="20200520 09:46:27.680" endtime="20200520 09:47:00.093"></status>
</kw>
<kw name="End Test" library="base" type="teardown">
<kw name="Capture Page Screenshot" library="SeleniumLibrary">
<doc>Takes a screenshot of the current page and embeds it into a log file.</doc>
<msg timestamp="20200520 09:47:00.533" level="INFO" html="yes">&lt;/td&gt;&lt;/tr&gt;&lt;tr&gt;&lt;td colspan="3"&gt;&lt;a href="selenium-screenshot-234.png"&gt;&lt;img src="selenium-screenshot-234.png" width="800px"&gt;&lt;/a&gt;</msg>
<status status="PASS" starttime="20200520 09:47:00.094" endtime="20200520 09:47:00.533"></status>
</kw>
<status status="PASS" starttime="20200520 09:47:00.093" endtime="20200520 09:47:00.534"></status>
</kw>
<status status="PASS" starttime="20200520 09:46:27.678" endtime="20200520 09:47:00.534" critical="yes"></status>
</test>
<kw name="End Session" library="base" type="teardown">
<kw name="Close Browser" library="SeleniumLibrary">
<doc>Closes the current browser.</doc>
<status status="PASS" starttime="20200520 09:47:00.541" endtime="20200520 09:47:02.678"></status>
</kw>
<status status="PASS" starttime="20200520 09:47:00.540" endtime="20200520 09:47:02.679"></status>
</kw>
<doc>FASTSHOP - INSERIR PRODUTO NO CARRINHO
Para que eu possa acessar o site da FastShop, sendo um cliente, quero poder adicionar um produto ao carrinho.
1- Entre no portal da FASTSHOP
2- Faça uma busca por um produto
3- Valide o retorno da busca
4- Escolha um produto na lista
5- Adicione ao carrinho
6- Valide o produto no carrinho
7- Insira um serviço</doc>
<status status="PASS" starttime="20200520 09:46:26.020" endtime="20200520 09:47:02.679"></status>
</suite>
<status status="PASS" starttime="20200520 09:46:25.990" endtime="20200520 09:47:02.695"></status>
</suite>
<statistics>
<total>
<stat pass="1" fail="0">Critical Tests</stat>
<stat pass="1" fail="0">All Tests</stat>
</total>
<tag>
</tag>
<suite>
<stat pass="1" fail="0" id="s1" name="Tests">Tests</stat>
<stat pass="1" fail="0" id="s1-s1" name="INSERIR PRODUTO CARRINHO">Tests.INSERIR PRODUTO CARRINHO</stat>
</suite>
</statistics>
<errors>
</errors>
</robot>
