<?xml version="1.0" encoding="UTF-8"?>
<robot generator="Robot 3.2rc1 (Python 3.8.1 on win32)" generated="20200520 00:51:14.977" rpa="false">
<suite id="s1" name="Tests" source="C:\FastShop_hz\tests">
<suite id="s1-s1" name="INSERIR PRODUTO CARRINHO" source="C:\FastShop_hz\tests\INSERIR_PRODUTO_CARRINHO.robot">
<kw name="Start Session" library="base" type="setup">
<kw name="Open Browser" library="SeleniumLibrary">
<doc>Opens a new browser instance to the optional ``url``.</doc>
<arguments>
<arg>about:blank</arg>
<arg>chrome</arg>
</arguments>
<msg timestamp="20200520 00:51:15.439" level="INFO">Opening browser 'chrome' to base url 'about:blank'.</msg>
<status status="PASS" starttime="20200520 00:51:15.438" endtime="20200520 00:51:16.568"></status>
</kw>
<kw name="Set Selenium Implicit Wait" library="SeleniumLibrary">
<doc>Sets the implicit wait value used by Selenium.</doc>
<arguments>
<arg>10</arg>
</arguments>
<status status="PASS" starttime="20200520 00:51:16.568" endtime="20200520 00:51:16.569"></status>
</kw>
<kw name="Maximize Browser Window" library="SeleniumLibrary">
<doc>Maximizes current browser window.</doc>
<status status="PASS" starttime="20200520 00:51:16.569" endtime="20200520 00:51:16.683"></status>
</kw>
<status status="PASS" starttime="20200520 00:51:15.438" endtime="20200520 00:51:16.683"></status>
</kw>
<test id="s1-s1-t1" name="INSERIR UM PRODUTO NO CARRINHO">
<kw name="Busca, verificação e adição ao carrinho de um item no site da FASTSHOP">
<arguments>
<arg>941.861.830-31</arg>
<arg>12345678</arg>
<arg>AEMWHJ2BZACNZB</arg>
</arguments>
<kw name="Dado que acesso e verifico que estou no site da FASTSHOP" library="setup_hz">
<kw name="Go To" library="SeleniumLibrary">
<doc>Navigates the current browser window to the provided ``url``.</doc>
<arguments>
<arg>${BASE_URL}</arg>
</arguments>
<msg timestamp="20200520 00:51:16.686" level="INFO">Opening url 'http://webapp2-qa.fastshop.com.br/'</msg>
<status status="PASS" starttime="20200520 00:51:16.685" endtime="20200520 00:51:22.081"></status>
</kw>
<status status="PASS" starttime="20200520 00:51:16.685" endtime="20200520 00:51:22.081"></status>
</kw>
<kw name="Quando é preenchido o campo de busca ${busca_produto}, verifico se o mesmo é retornado na lista" library="setup_hz">
<kw name="Go To" library="SeleniumLibrary">
<doc>Navigates the current browser window to the provided ``url``.</doc>
<arguments>
<arg>${BASE_URL}web/p/d/${busca_produto}/teste</arg>
</arguments>
<msg timestamp="20200520 00:51:22.082" level="INFO">Opening url 'http://webapp2-qa.fastshop.com.br/web/p/d/AEMWHJ2BZACNZB/teste'</msg>
<status status="PASS" starttime="20200520 00:51:22.082" endtime="20200520 00:51:24.128"></status>
</kw>
<kw name="Wait Until Element Is Visible" library="SeleniumLibrary">
<doc>Waits until the element ``locator`` is visible.</doc>
<arguments>
<arg>${SPAN_ADICIONAR_AO_CARRINHO}</arg>
</arguments>
<kw name="Capture Page Screenshot" library="SeleniumLibrary">
<doc>Takes a screenshot of the current page and embeds it into a log file.</doc>
<msg timestamp="20200520 00:51:35.017" level="INFO" html="yes">&lt;/td&gt;&lt;/tr&gt;&lt;tr&gt;&lt;td colspan="3"&gt;&lt;a href="selenium-screenshot-86.png"&gt;&lt;img src="selenium-screenshot-86.png" width="800px"&gt;&lt;/a&gt;</msg>
<status status="PASS" starttime="20200520 00:51:34.586" endtime="20200520 00:51:35.017"></status>
</kw>
<msg timestamp="20200520 00:51:35.019" level="FAIL">Element '//span[@class='lb-add-cart']' not visible after 5 seconds.</msg>
<status status="FAIL" starttime="20200520 00:51:24.128" endtime="20200520 00:51:35.019"></status>
</kw>
<status status="FAIL" starttime="20200520 00:51:22.081" endtime="20200520 00:51:35.019"></status>
</kw>
<status status="FAIL" starttime="20200520 00:51:16.684" endtime="20200520 00:51:35.019"></status>
</kw>
<kw name="End Test" library="base" type="teardown">
<kw name="Capture Page Screenshot" library="SeleniumLibrary">
<doc>Takes a screenshot of the current page and embeds it into a log file.</doc>
<msg timestamp="20200520 00:51:35.423" level="INFO" html="yes">&lt;/td&gt;&lt;/tr&gt;&lt;tr&gt;&lt;td colspan="3"&gt;&lt;a href="selenium-screenshot-87.png"&gt;&lt;img src="selenium-screenshot-87.png" width="800px"&gt;&lt;/a&gt;</msg>
<status status="PASS" starttime="20200520 00:51:35.020" endtime="20200520 00:51:35.424"></status>
</kw>
<status status="PASS" starttime="20200520 00:51:35.020" endtime="20200520 00:51:35.424"></status>
</kw>
<status status="FAIL" starttime="20200520 00:51:16.683" endtime="20200520 00:51:35.424" critical="yes">Element '//span[@class='lb-add-cart']' not visible after 5 seconds.</status>
</test>
<kw name="End Session" library="base" type="teardown">
<kw name="Close Browser" library="SeleniumLibrary">
<doc>Closes the current browser.</doc>
<status status="PASS" starttime="20200520 00:51:35.428" endtime="20200520 00:51:37.534"></status>
</kw>
<status status="PASS" starttime="20200520 00:51:35.427" endtime="20200520 00:51:37.534"></status>
</kw>
<doc>FASTSHOP - INSERIR PRODUTO NO CARRINHO
Para que eu possa acessar o site da FastShop, sendo um cliente, quero poder adicionar um produto ao carrinho.
1- Entre no portal da FASTSHOP
2- Faça uma busca por um produto
3- Valide o retorno da busca
4- Escolha um produto na lista
5- Adicione ao carrinho
6- Valide o produto no carrinho
7- Insira um serviço</doc>
<status status="FAIL" starttime="20200520 00:51:15.007" endtime="20200520 00:51:37.534"></status>
</suite>
<status status="FAIL" starttime="20200520 00:51:14.978" endtime="20200520 00:51:37.540"></status>
</suite>
<statistics>
<total>
<stat pass="0" fail="1">Critical Tests</stat>
<stat pass="0" fail="1">All Tests</stat>
</total>
<tag>
</tag>
<suite>
<stat pass="0" fail="1" id="s1" name="Tests">Tests</stat>
<stat pass="0" fail="1" id="s1-s1" name="INSERIR PRODUTO CARRINHO">Tests.INSERIR PRODUTO CARRINHO</stat>
</suite>
</statistics>
<errors>
</errors>
</robot>
