<?xml version="1.0" encoding="UTF-8"?>
<robot generator="Robot 3.2rc1 (Python 3.8.1 on win32)" generated="20200528 18:34:49.280" rpa="false">
<suite id="s1" name="Tests" source="C:\FastShop_hz\tests">
<suite id="s1-s1" name="589 Erro ao adicionar servico de garantia e instalacao com data especifica" source="C:\FastShop_hz\tests\589_Erro ao adicionar servico de garantia e instalacao com data especifica.robot">
<kw name="Start Session" library="base" type="setup">
<kw name="Open Browser" library="SeleniumLibrary">
<doc>Opens a new browser instance to the optional ``url``.</doc>
<arguments>
<arg>about:blank</arg>
<arg>chrome</arg>
</arguments>
<msg timestamp="20200528 18:34:50.537" level="INFO">Opening browser 'chrome' to base url 'about:blank'.</msg>
<status status="PASS" starttime="20200528 18:34:50.537" endtime="20200528 18:34:51.790"></status>
</kw>
<kw name="Set Selenium Implicit Wait" library="SeleniumLibrary">
<doc>Sets the implicit wait value used by Selenium.</doc>
<arguments>
<arg>10</arg>
</arguments>
<status status="PASS" starttime="20200528 18:34:51.790" endtime="20200528 18:34:51.791"></status>
</kw>
<kw name="Maximize Browser Window" library="SeleniumLibrary">
<doc>Maximizes current browser window.</doc>
<status status="PASS" starttime="20200528 18:34:51.792" endtime="20200528 18:34:51.932"></status>
</kw>
<kw name="Start Video Recording" library="ScreenCapLibrary">
<doc>Starts the recording of a video in the background with the specified ``name``.
The recording can be stopped by calling the `Stop Video Recording` keyword.</doc>
<status status="PASS" starttime="20200528 18:34:51.932" endtime="20200528 18:34:51.937"></status>
</kw>
<status status="PASS" starttime="20200528 18:34:50.537" endtime="20200528 18:34:51.937"></status>
</kw>
<test id="s1-s1-t1" name="INSERIR DOIS PRODUTOS NO CARRINHO COM SERVIÇO DE INSTALAÇÃO E SEGURO">
<kw name="Busca de dois produtos, verificação e adição ao carrinho de um item no site da FASTSHOP com serviço">
<arguments>
<arg>941.861.830-31</arg>
<arg>12345678</arg>
<arg>8S311310222PTO</arg>
<arg>PANAF160B5W1</arg>
</arguments>
<kw name="Dado que acesso e verifico que estou no site da FASTSHOP" library="setup_hz">
<kw name="Delete All Cookies" library="SeleniumLibrary">
<doc>Deletes all cookies.</doc>
<status status="PASS" starttime="20200528 18:34:51.940" endtime="20200528 18:34:51.945"></status>
</kw>
<kw name="Go To" library="SeleniumLibrary">
<doc>Navigates the current browser window to the provided ``url``.</doc>
<arguments>
<arg>${BASE_URL}</arg>
</arguments>
<msg timestamp="20200528 18:34:51.946" level="INFO">Opening url 'http://webapp2-qa.fastshop.com.br/'</msg>
<status status="PASS" starttime="20200528 18:34:51.946" endtime="20200528 18:34:54.805"></status>
</kw>
<status status="PASS" starttime="20200528 18:34:51.939" endtime="20200528 18:34:54.806"></status>
</kw>
<kw name="Quando é preenchido o campo de busca ${busca_produto}, verifico se o mesmo é retornado na lista" library="setup_hz">
<kw name="Go To" library="SeleniumLibrary">
<doc>Navigates the current browser window to the provided ``url``.</doc>
<arguments>
<arg>${BASE_URL}web/p/d/${busca_produto}/teste</arg>
</arguments>
<msg timestamp="20200528 18:34:54.808" level="INFO">Opening url 'http://webapp2-qa.fastshop.com.br/web/p/d/8S311310222PTO/teste'</msg>
<status status="PASS" starttime="20200528 18:34:54.807" endtime="20200528 18:34:57.155"></status>
</kw>
<kw name="Wait Until Element Is Visible" library="SeleniumLibrary">
<doc>Waits until the element ``locator`` is visible.</doc>
<arguments>
<arg>${SPAN_ADICIONAR_AO_CARRINHO}</arg>
<arg>20</arg>
</arguments>
<status status="PASS" starttime="20200528 18:34:57.156" endtime="20200528 18:34:57.794"></status>
</kw>
<kw name="Get Text" library="SeleniumLibrary">
<doc>Returns the text value of the element identified by ``locator``.</doc>
<arguments>
<arg>${H1_NOME_DO_PRODUTO}</arg>
</arguments>
<assign>
<var>${PRODUTO}</var>
</assign>
<msg timestamp="20200528 18:34:57.820" level="INFO">${PRODUTO} = Balança Digital GS Scale para até 5 Kg - 311310222</msg>
<status status="PASS" starttime="20200528 18:34:57.794" endtime="20200528 18:34:57.820"></status>
</kw>
<kw name="Set Global Variable" library="BuiltIn">
<doc>Makes a variable available globally in all tests and suites.</doc>
<arguments>
<arg>${PRODUTO}</arg>
</arguments>
<msg timestamp="20200528 18:34:57.821" level="INFO">${PRODUTO} = Balança Digital GS Scale para até 5 Kg - 311310222</msg>
<status status="PASS" starttime="20200528 18:34:57.820" endtime="20200528 18:34:57.821"></status>
</kw>
<kw name="Log" library="BuiltIn">
<doc>Logs the given message with the given level.</doc>
<arguments>
<arg>${PRODUTO}</arg>
</arguments>
<msg timestamp="20200528 18:34:57.821" level="INFO">Balança Digital GS Scale para até 5 Kg - 311310222</msg>
<status status="PASS" starttime="20200528 18:34:57.821" endtime="20200528 18:34:57.821"></status>
</kw>
<kw name="Element Text Should Be" library="SeleniumLibrary">
<doc>Verifies that element ``locator`` contains exact the text ``expected``.</doc>
<arguments>
<arg>${H2_NOME_DO_PRODUTO}</arg>
<arg>${busca_produto}</arg>
</arguments>
<msg timestamp="20200528 18:34:57.822" level="INFO">Verifying element '//h2[@class='product-detail-partnumber']' contains exact text '8S311310222PTO'.</msg>
<status status="PASS" starttime="20200528 18:34:57.822" endtime="20200528 18:34:57.847"></status>
</kw>
<kw name="Set Focus To Element" library="SeleniumLibrary">
<doc>Sets the focus to the element identified by ``locator``.</doc>
<arguments>
<arg>${SPAN_ADICIONAR_AO_CARRINHO}</arg>
</arguments>
<status status="PASS" starttime="20200528 18:34:57.847" endtime="20200528 18:34:57.859"></status>
</kw>
<kw name="Click Element" library="SeleniumLibrary">
<doc>Click the element identified by ``locator``.</doc>
<arguments>
<arg>${SPAN_ADICIONAR_AO_CARRINHO}</arg>
</arguments>
<msg timestamp="20200528 18:34:57.860" level="INFO">Clicking element '//span[@class='lb-add-cart']'.</msg>
<status status="PASS" starttime="20200528 18:34:57.859" endtime="20200528 18:34:57.944"></status>
</kw>
<kw name="Capture Page Screenshot" library="SeleniumLibrary">
<doc>Takes a screenshot of the current page and embeds it into a log file.</doc>
<msg timestamp="20200528 18:34:58.541" level="INFO" html="yes">&lt;/td&gt;&lt;/tr&gt;&lt;tr&gt;&lt;td colspan="3"&gt;&lt;a href="selenium-screenshot-1.png"&gt;&lt;img src="selenium-screenshot-1.png" width="800px"&gt;&lt;/a&gt;</msg>
<status status="PASS" starttime="20200528 18:34:57.944" endtime="20200528 18:34:58.541"></status>
</kw>
<status status="PASS" starttime="20200528 18:34:54.806" endtime="20200528 18:34:58.542"></status>
</kw>
<kw name="E e logo no site com o CPF ${cpf} e a senha ${senha}" library="setup_hz">
<kw name="Wait Until Element Is Visible" library="SeleniumLibrary">
<doc>Waits until the element ``locator`` is visible.</doc>
<arguments>
<arg>${ID_LOGIN_CPF}</arg>
<arg>10</arg>
</arguments>
<status status="PASS" starttime="20200528 18:34:58.543" endtime="20200528 18:34:58.581"></status>
</kw>
<kw name="Input Text" library="SeleniumLibrary">
<doc>Types the given ``text`` into the text field identified by ``locator``.</doc>
<arguments>
<arg>${ID_LOGIN_CPF}</arg>
<arg>${cpf}</arg>
</arguments>
<msg timestamp="20200528 18:34:58.582" level="INFO">Typing text '941.861.830-31' into text field 'id:document'.</msg>
<status status="PASS" starttime="20200528 18:34:58.581" endtime="20200528 18:34:58.833"></status>
</kw>
<kw name="Input Text" library="SeleniumLibrary">
<doc>Types the given ``text`` into the text field identified by ``locator``.</doc>
<arguments>
<arg>${ID_LOGIN_SENHA}</arg>
<arg>${senha}</arg>
</arguments>
<msg timestamp="20200528 18:34:58.834" level="INFO">Typing text '12345678' into text field 'id:password'.</msg>
<status status="PASS" starttime="20200528 18:34:58.833" endtime="20200528 18:34:59.046"></status>
</kw>
<kw name="Click Element" library="SeleniumLibrary">
<doc>Click the element identified by ``locator``.</doc>
<arguments>
<arg>${BUTTON_CONFIRMAR_VERDE}</arg>
</arguments>
<msg timestamp="20200528 18:34:59.047" level="INFO">Clicking element '//button[@class='btn btn-green']'.</msg>
<status status="PASS" starttime="20200528 18:34:59.046" endtime="20200528 18:34:59.172"></status>
</kw>
<kw name="Capture Page Screenshot" library="SeleniumLibrary">
<doc>Takes a screenshot of the current page and embeds it into a log file.</doc>
<msg timestamp="20200528 18:34:59.642" level="INFO" html="yes">&lt;/td&gt;&lt;/tr&gt;&lt;tr&gt;&lt;td colspan="3"&gt;&lt;a href="selenium-screenshot-2.png"&gt;&lt;img src="selenium-screenshot-2.png" width="800px"&gt;&lt;/a&gt;</msg>
<status status="PASS" starttime="20200528 18:34:59.172" endtime="20200528 18:34:59.642"></status>
</kw>
<kw name="Go To" library="SeleniumLibrary">
<doc>Navigates the current browser window to the provided ``url``.</doc>
<arguments>
<arg>${CARRINHO_URL}</arg>
</arguments>
<msg timestamp="20200528 18:34:59.643" level="INFO">Opening url 'http://webapp2-qa.fastshop.com.br/web/checkout-v2/carrinho'</msg>
<status status="PASS" starttime="20200528 18:34:59.642" endtime="20200528 18:35:01.013"></status>
</kw>
<status status="PASS" starttime="20200528 18:34:58.542" endtime="20200528 18:35:01.013"></status>
</kw>
<kw name="Quando um segundo produto é preenchido no campo de busca${busca_produto_dois}, verifico se o mesmo é retornado na lista" library="setup_hz">
<kw name="Go To" library="SeleniumLibrary">
<doc>Navigates the current browser window to the provided ``url``.</doc>
<arguments>
<arg>${BASE_URL}web/p/d/${busca_produto_dois}/teste</arg>
</arguments>
<msg timestamp="20200528 18:35:01.015" level="INFO">Opening url 'http://webapp2-qa.fastshop.com.br/web/p/d/PANAF160B5W1/teste'</msg>
<status status="PASS" starttime="20200528 18:35:01.015" endtime="20200528 18:35:02.052"></status>
</kw>
<kw name="Wait Until Element Is Visible" library="SeleniumLibrary">
<doc>Waits until the element ``locator`` is visible.</doc>
<arguments>
<arg>${SPAN_ADICIONAR_AO_CARRINHO}</arg>
<arg>20</arg>
</arguments>
<status status="PASS" starttime="20200528 18:35:02.053" endtime="20200528 18:35:03.145"></status>
</kw>
<kw name="Get Text" library="SeleniumLibrary">
<doc>Returns the text value of the element identified by ``locator``.</doc>
<arguments>
<arg>${H1_NOME_DO_PRODUTO}</arg>
</arguments>
<assign>
<var>${PRODUTO}</var>
</assign>
<msg timestamp="20200528 18:35:03.458" level="INFO">${PRODUTO} = Lavadora de Roupas Panasonic 16 Kg Branca com 9 Programas de Lavagem - NA-F160B5W</msg>
<status status="PASS" starttime="20200528 18:35:03.145" endtime="20200528 18:35:03.459"></status>
</kw>
<kw name="Set Global Variable" library="BuiltIn">
<doc>Makes a variable available globally in all tests and suites.</doc>
<arguments>
<arg>${PRODUTO}</arg>
</arguments>
<msg timestamp="20200528 18:35:03.460" level="INFO">${PRODUTO} = Lavadora de Roupas Panasonic 16 Kg Branca com 9 Programas de Lavagem - NA-F160B5W</msg>
<status status="PASS" starttime="20200528 18:35:03.459" endtime="20200528 18:35:03.460"></status>
</kw>
<kw name="Log" library="BuiltIn">
<doc>Logs the given message with the given level.</doc>
<arguments>
<arg>${PRODUTO}</arg>
</arguments>
<msg timestamp="20200528 18:35:03.461" level="INFO">Lavadora de Roupas Panasonic 16 Kg Branca com 9 Programas de Lavagem - NA-F160B5W</msg>
<status status="PASS" starttime="20200528 18:35:03.460" endtime="20200528 18:35:03.461"></status>
</kw>
<kw name="Element Text Should Be" library="SeleniumLibrary">
<doc>Verifies that element ``locator`` contains exact the text ``expected``.</doc>
<arguments>
<arg>${H2_NOME_DO_PRODUTO}</arg>
<arg>${busca_produto_dois}</arg>
</arguments>
<msg timestamp="20200528 18:35:03.461" level="INFO">Verifying element '//h2[@class='product-detail-partnumber']' contains exact text 'PANAF160B5W1'.</msg>
<status status="PASS" starttime="20200528 18:35:03.461" endtime="20200528 18:35:03.494"></status>
</kw>
<kw name="Set Focus To Element" library="SeleniumLibrary">
<doc>Sets the focus to the element identified by ``locator``.</doc>
<arguments>
<arg>${SPAN_ADICIONAR_AO_CARRINHO}</arg>
</arguments>
<status status="PASS" starttime="20200528 18:35:03.494" endtime="20200528 18:35:03.508"></status>
</kw>
<kw name="Click Element" library="SeleniumLibrary">
<doc>Click the element identified by ``locator``.</doc>
<arguments>
<arg>${SPAN_ADICIONAR_AO_CARRINHO}</arg>
</arguments>
<msg timestamp="20200528 18:35:03.509" level="INFO">Clicking element '//span[@class='lb-add-cart']'.</msg>
<status status="PASS" starttime="20200528 18:35:03.509" endtime="20200528 18:35:03.600"></status>
</kw>
<kw name="Capture Page Screenshot" library="SeleniumLibrary">
<doc>Takes a screenshot of the current page and embeds it into a log file.</doc>
<msg timestamp="20200528 18:35:04.057" level="INFO" html="yes">&lt;/td&gt;&lt;/tr&gt;&lt;tr&gt;&lt;td colspan="3"&gt;&lt;a href="selenium-screenshot-3.png"&gt;&lt;img src="selenium-screenshot-3.png" width="800px"&gt;&lt;/a&gt;</msg>
<status status="PASS" starttime="20200528 18:35:03.600" endtime="20200528 18:35:04.058"></status>
</kw>
<status status="PASS" starttime="20200528 18:35:01.014" endtime="20200528 18:35:04.058"></status>
</kw>
<kw name="E adiciono um serviço de garantia estendida com data para instalação" library="setup_hz">
<kw name="Wait Until Element Is Visible" library="SeleniumLibrary">
<doc>Waits until the element ``locator`` is visible.</doc>
<arguments>
<arg>${BUTTON_SELECIONAR_SERVICO}</arg>
<arg>10</arg>
</arguments>
<status status="PASS" starttime="20200528 18:35:04.059" endtime="20200528 18:35:09.492"></status>
</kw>
<kw name="Set Focus To Element" library="SeleniumLibrary">
<doc>Sets the focus to the element identified by ``locator``.</doc>
<arguments>
<arg>${BUTTON_SELECIONAR_SERVICO}</arg>
</arguments>
<status status="PASS" starttime="20200528 18:35:09.492" endtime="20200528 18:35:09.511"></status>
</kw>
<kw name="Capture Page Screenshot" library="SeleniumLibrary">
<doc>Takes a screenshot of the current page and embeds it into a log file.</doc>
<msg timestamp="20200528 18:35:09.904" level="INFO" html="yes">&lt;/td&gt;&lt;/tr&gt;&lt;tr&gt;&lt;td colspan="3"&gt;&lt;a href="selenium-screenshot-4.png"&gt;&lt;img src="selenium-screenshot-4.png" width="800px"&gt;&lt;/a&gt;</msg>
<status status="PASS" starttime="20200528 18:35:09.511" endtime="20200528 18:35:09.904"></status>
</kw>
<kw name="Click Element" library="SeleniumLibrary">
<doc>Click the element identified by ``locator``.</doc>
<arguments>
<arg>${BUTTON_SELECIONAR_SERVICO}</arg>
</arguments>
<msg timestamp="20200528 18:35:09.904" level="INFO">Clicking element '//button[contains(text(), 'Selecionar')]'.</msg>
<status status="PASS" starttime="20200528 18:35:09.904" endtime="20200528 18:35:10.043"></status>
</kw>
<kw name="Wait Until Element Is Visible" library="SeleniumLibrary">
<doc>Waits until the element ``locator`` is visible.</doc>
<arguments>
<arg>//div[@class='checkbox']</arg>
</arguments>
<status status="PASS" starttime="20200528 18:35:10.044" endtime="20200528 18:35:10.086"></status>
</kw>
<kw name="Click Element" library="SeleniumLibrary">
<doc>Click the element identified by ``locator``.</doc>
<arguments>
<arg>//div[@class='checkbox']</arg>
</arguments>
<msg timestamp="20200528 18:35:10.087" level="INFO">Clicking element '//div[@class='checkbox']'.</msg>
<status status="PASS" starttime="20200528 18:35:10.087" endtime="20200528 18:35:10.222"></status>
</kw>
<kw name="Click Element" library="SeleniumLibrary">
<doc>Click the element identified by ``locator``.</doc>
<arguments>
<arg>${LABEL_PERIODO_DO_SEGURO}</arg>
</arguments>
<msg timestamp="20200528 18:35:10.223" level="INFO">Clicking element '//span[contains(text(), '+')]//..//..//label'.</msg>
<status status="PASS" starttime="20200528 18:35:10.223" endtime="20200528 18:35:13.890"></status>
</kw>
<kw name="Click Element" library="SeleniumLibrary">
<doc>Click the element identified by ``locator``.</doc>
<arguments>
<arg>//button[contains(text(), 'APLICAR')]</arg>
</arguments>
<msg timestamp="20200528 18:35:13.891" level="INFO">Clicking element '//button[contains(text(), 'APLICAR')]'.</msg>
<status status="PASS" starttime="20200528 18:35:13.891" endtime="20200528 18:35:14.005"></status>
</kw>
<kw name="Sleep" library="BuiltIn">
<doc>Pauses the test executed for the given time.</doc>
<arguments>
<arg>2</arg>
</arguments>
<msg timestamp="20200528 18:35:16.007" level="INFO">Slept 2 seconds</msg>
<status status="PASS" starttime="20200528 18:35:14.005" endtime="20200528 18:35:16.007"></status>
</kw>
<kw name="Wait Until Element Is Visible" library="SeleniumLibrary">
<doc>Waits until the element ``locator`` is visible.</doc>
<arguments>
<arg>(//div[@class='checkbox'])[last()]</arg>
</arguments>
<kw name="Capture Page Screenshot" library="SeleniumLibrary">
<doc>Takes a screenshot of the current page and embeds it into a log file.</doc>
<msg timestamp="20200528 18:35:26.642" level="INFO" html="yes">&lt;/td&gt;&lt;/tr&gt;&lt;tr&gt;&lt;td colspan="3"&gt;&lt;a href="selenium-screenshot-5.png"&gt;&lt;img src="selenium-screenshot-5.png" width="800px"&gt;&lt;/a&gt;</msg>
<status status="PASS" starttime="20200528 18:35:26.223" endtime="20200528 18:35:26.643"></status>
</kw>
<msg timestamp="20200528 18:35:26.675" level="FAIL">Element '(//div[@class='checkbox'])[last()]' not visible after 5 seconds.</msg>
<status status="FAIL" starttime="20200528 18:35:16.007" endtime="20200528 18:35:26.675"></status>
</kw>
<status status="FAIL" starttime="20200528 18:35:04.058" endtime="20200528 18:35:26.675"></status>
</kw>
<status status="FAIL" starttime="20200528 18:34:51.939" endtime="20200528 18:35:26.676"></status>
</kw>
<kw name="End Test" library="base" type="teardown">
<kw name="Capture Page Screenshot" library="SeleniumLibrary">
<doc>Takes a screenshot of the current page and embeds it into a log file.</doc>
<msg timestamp="20200528 18:35:27.097" level="INFO" html="yes">&lt;/td&gt;&lt;/tr&gt;&lt;tr&gt;&lt;td colspan="3"&gt;&lt;a href="selenium-screenshot-6.png"&gt;&lt;img src="selenium-screenshot-6.png" width="800px"&gt;&lt;/a&gt;</msg>
<status status="PASS" starttime="20200528 18:35:26.677" endtime="20200528 18:35:27.097"></status>
</kw>
<status status="PASS" starttime="20200528 18:35:26.677" endtime="20200528 18:35:27.097"></status>
</kw>
<status status="FAIL" starttime="20200528 18:34:51.938" endtime="20200528 18:35:27.098" critical="yes">Element '(//div[@class='checkbox'])[last()]' not visible after 5 seconds.</status>
</test>
<kw name="End Session" library="base" type="teardown">
<kw name="Close Browser" library="SeleniumLibrary">
<doc>Closes the current browser.</doc>
<status status="PASS" starttime="20200528 18:35:27.100" endtime="20200528 18:35:29.253"></status>
</kw>
<kw name="Stop Video Recording" library="ScreenCapLibrary">
<doc>Stops the video recording corresponding to the given ``alias`` and generates the file in WebM format. If no
``alias`` is specified, the last opened recording will be closed. If there are more recordings with the same
alias all of them will be closed. If ``embed`` argument was set to
``True`` the video will be displayed in the log file.</doc>
<msg timestamp="20200528 18:35:30.255" level="INFO" html="yes">&lt;a href="recording_1.webm"&gt;&lt;video width="800px" autoplay&gt;&lt;source src="recording_1.webm" type="video/webm"&gt;&lt;/video&gt;&lt;/a&gt;</msg>
<status status="PASS" starttime="20200528 18:35:29.253" endtime="20200528 18:35:30.255"></status>
</kw>
<status status="PASS" starttime="20200528 18:35:27.100" endtime="20200528 18:35:30.255"></status>
</kw>
<doc>FASTSHOP - INSERIR PRODUTO NO CARRINHO
Ao selecionar servicos de garantia e instalacao com uma data especifica erro nao foi informado ao usuario
1 - adicionar produto ao carrinho PANAF160B5W1
2 - selecionar garantia estendida
3 - selecionar servico de instalacao com uma data especifica</doc>
<status status="FAIL" starttime="20200528 18:34:49.314" endtime="20200528 18:35:30.255"></status>
</suite>
<suite id="s1-s2" name="625 Fundo do endereço de entrega está cortado, não está ocupando 100% da tela" source="C:\FastShop_hz\tests\625_Fundo do endereço de entrega está cortado, não está ocupando 100% da tela.robot">
<kw name="Start Session" library="base" type="setup">
<kw name="Open Browser" library="SeleniumLibrary">
<doc>Opens a new browser instance to the optional ``url``.</doc>
<arguments>
<arg>about:blank</arg>
<arg>chrome</arg>
</arguments>
<msg timestamp="20200528 18:35:30.282" level="INFO">Opening browser 'chrome' to base url 'about:blank'.</msg>
<status status="PASS" starttime="20200528 18:35:30.282" endtime="20200528 18:35:31.371"></status>
</kw>
<kw name="Set Selenium Implicit Wait" library="SeleniumLibrary">
<doc>Sets the implicit wait value used by Selenium.</doc>
<arguments>
<arg>10</arg>
</arguments>
<status status="PASS" starttime="20200528 18:35:31.371" endtime="20200528 18:35:31.372"></status>
</kw>
<kw name="Maximize Browser Window" library="SeleniumLibrary">
<doc>Maximizes current browser window.</doc>
<status status="PASS" starttime="20200528 18:35:31.373" endtime="20200528 18:35:31.485"></status>
</kw>
<kw name="Start Video Recording" library="ScreenCapLibrary">
<doc>Starts the recording of a video in the background with the specified ``name``.
The recording can be stopped by calling the `Stop Video Recording` keyword.</doc>
<status status="PASS" starttime="20200528 18:35:31.485" endtime="20200528 18:35:31.488"></status>
</kw>
<status status="PASS" starttime="20200528 18:35:30.281" endtime="20200528 18:35:31.488"></status>
</kw>
<test id="s1-s2-t1" name="FUNDO DE TELA NA PÁGINA DE ENDEREÇO ESTÁ OCUPANDO 100% DA TELA">
<kw name="Busca, verificação e adição no carrinho e conclusão da compra de um item sem serviço no site da FASTSHOP">
<arguments>
<arg>941.861.830-31</arg>
<arg>12345678</arg>
<arg>8S311310222PTO</arg>
</arguments>
<kw name="Dado que acesso e verifico que estou no site da FASTSHOP" library="setup_hz">
<kw name="Delete All Cookies" library="SeleniumLibrary">
<doc>Deletes all cookies.</doc>
<status status="PASS" starttime="20200528 18:35:31.491" endtime="20200528 18:35:31.502"></status>
</kw>
<kw name="Go To" library="SeleniumLibrary">
<doc>Navigates the current browser window to the provided ``url``.</doc>
<arguments>
<arg>${BASE_URL}</arg>
</arguments>
<msg timestamp="20200528 18:35:31.503" level="INFO">Opening url 'http://webapp2-qa.fastshop.com.br/'</msg>
<status status="PASS" starttime="20200528 18:35:31.503" endtime="20200528 18:35:34.282"></status>
</kw>
<status status="PASS" starttime="20200528 18:35:31.490" endtime="20200528 18:35:34.283"></status>
</kw>
<kw name="Quando é preenchido o campo de busca ${busca_produto}, verifico se o mesmo é retornado na lista" library="setup_hz">
<kw name="Go To" library="SeleniumLibrary">
<doc>Navigates the current browser window to the provided ``url``.</doc>
<arguments>
<arg>${BASE_URL}web/p/d/${busca_produto}/teste</arg>
</arguments>
<msg timestamp="20200528 18:35:34.286" level="INFO">Opening url 'http://webapp2-qa.fastshop.com.br/web/p/d/8S311310222PTO/teste'</msg>
<status status="PASS" starttime="20200528 18:35:34.285" endtime="20200528 18:35:36.983"></status>
</kw>
<kw name="Wait Until Element Is Visible" library="SeleniumLibrary">
<doc>Waits until the element ``locator`` is visible.</doc>
<arguments>
<arg>${SPAN_ADICIONAR_AO_CARRINHO}</arg>
<arg>20</arg>
</arguments>
<status status="PASS" starttime="20200528 18:35:36.983" endtime="20200528 18:35:37.677"></status>
</kw>
<kw name="Get Text" library="SeleniumLibrary">
<doc>Returns the text value of the element identified by ``locator``.</doc>
<arguments>
<arg>${H1_NOME_DO_PRODUTO}</arg>
</arguments>
<assign>
<var>${PRODUTO}</var>
</assign>
<msg timestamp="20200528 18:35:37.847" level="INFO">${PRODUTO} = Balança Digital GS Scale para até 5 Kg - 311310222</msg>
<status status="PASS" starttime="20200528 18:35:37.677" endtime="20200528 18:35:37.847"></status>
</kw>
<kw name="Set Global Variable" library="BuiltIn">
<doc>Makes a variable available globally in all tests and suites.</doc>
<arguments>
<arg>${PRODUTO}</arg>
</arguments>
<msg timestamp="20200528 18:35:37.848" level="INFO">${PRODUTO} = Balança Digital GS Scale para até 5 Kg - 311310222</msg>
<status status="PASS" starttime="20200528 18:35:37.847" endtime="20200528 18:35:37.848"></status>
</kw>
<kw name="Log" library="BuiltIn">
<doc>Logs the given message with the given level.</doc>
<arguments>
<arg>${PRODUTO}</arg>
</arguments>
<msg timestamp="20200528 18:35:37.849" level="INFO">Balança Digital GS Scale para até 5 Kg - 311310222</msg>
<status status="PASS" starttime="20200528 18:35:37.848" endtime="20200528 18:35:37.849"></status>
</kw>
<kw name="Element Text Should Be" library="SeleniumLibrary">
<doc>Verifies that element ``locator`` contains exact the text ``expected``.</doc>
<arguments>
<arg>${H2_NOME_DO_PRODUTO}</arg>
<arg>${busca_produto}</arg>
</arguments>
<msg timestamp="20200528 18:35:37.849" level="INFO">Verifying element '//h2[@class='product-detail-partnumber']' contains exact text '8S311310222PTO'.</msg>
<status status="PASS" starttime="20200528 18:35:37.849" endtime="20200528 18:35:38.040"></status>
</kw>
<kw name="Set Focus To Element" library="SeleniumLibrary">
<doc>Sets the focus to the element identified by ``locator``.</doc>
<arguments>
<arg>${SPAN_ADICIONAR_AO_CARRINHO}</arg>
</arguments>
<status status="PASS" starttime="20200528 18:35:38.040" endtime="20200528 18:35:38.056"></status>
</kw>
<kw name="Click Element" library="SeleniumLibrary">
<doc>Click the element identified by ``locator``.</doc>
<arguments>
<arg>${SPAN_ADICIONAR_AO_CARRINHO}</arg>
</arguments>
<msg timestamp="20200528 18:35:38.058" level="INFO">Clicking element '//span[@class='lb-add-cart']'.</msg>
<status status="PASS" starttime="20200528 18:35:38.057" endtime="20200528 18:35:38.125"></status>
</kw>
<kw name="Capture Page Screenshot" library="SeleniumLibrary">
<doc>Takes a screenshot of the current page and embeds it into a log file.</doc>
<msg timestamp="20200528 18:35:38.589" level="INFO" html="yes">&lt;/td&gt;&lt;/tr&gt;&lt;tr&gt;&lt;td colspan="3"&gt;&lt;a href="selenium-screenshot-7.png"&gt;&lt;img src="selenium-screenshot-7.png" width="800px"&gt;&lt;/a&gt;</msg>
<status status="PASS" starttime="20200528 18:35:38.126" endtime="20200528 18:35:38.590"></status>
</kw>
<status status="PASS" starttime="20200528 18:35:34.284" endtime="20200528 18:35:38.590"></status>
</kw>
<kw name="E e logo no site com o CPF ${cpf} e a senha ${senha}" library="setup_hz">
<kw name="Wait Until Element Is Visible" library="SeleniumLibrary">
<doc>Waits until the element ``locator`` is visible.</doc>
<arguments>
<arg>${ID_LOGIN_CPF}</arg>
<arg>10</arg>
</arguments>
<status status="PASS" starttime="20200528 18:35:38.591" endtime="20200528 18:35:38.619"></status>
</kw>
<kw name="Input Text" library="SeleniumLibrary">
<doc>Types the given ``text`` into the text field identified by ``locator``.</doc>
<arguments>
<arg>${ID_LOGIN_CPF}</arg>
<arg>${cpf}</arg>
</arguments>
<msg timestamp="20200528 18:35:38.620" level="INFO">Typing text '941.861.830-31' into text field 'id:document'.</msg>
<status status="PASS" starttime="20200528 18:35:38.619" endtime="20200528 18:35:38.845"></status>
</kw>
<kw name="Input Text" library="SeleniumLibrary">
<doc>Types the given ``text`` into the text field identified by ``locator``.</doc>
<arguments>
<arg>${ID_LOGIN_SENHA}</arg>
<arg>${senha}</arg>
</arguments>
<msg timestamp="20200528 18:35:38.847" level="INFO">Typing text '12345678' into text field 'id:password'.</msg>
<status status="PASS" starttime="20200528 18:35:38.846" endtime="20200528 18:35:39.052"></status>
</kw>
<kw name="Click Element" library="SeleniumLibrary">
<doc>Click the element identified by ``locator``.</doc>
<arguments>
<arg>${BUTTON_CONFIRMAR_VERDE}</arg>
</arguments>
<msg timestamp="20200528 18:35:39.052" level="INFO">Clicking element '//button[@class='btn btn-green']'.</msg>
<status status="PASS" starttime="20200528 18:35:39.052" endtime="20200528 18:35:39.184"></status>
</kw>
<kw name="Capture Page Screenshot" library="SeleniumLibrary">
<doc>Takes a screenshot of the current page and embeds it into a log file.</doc>
<msg timestamp="20200528 18:35:39.633" level="INFO" html="yes">&lt;/td&gt;&lt;/tr&gt;&lt;tr&gt;&lt;td colspan="3"&gt;&lt;a href="selenium-screenshot-8.png"&gt;&lt;img src="selenium-screenshot-8.png" width="800px"&gt;&lt;/a&gt;</msg>
<status status="PASS" starttime="20200528 18:35:39.185" endtime="20200528 18:35:39.633"></status>
</kw>
<kw name="Go To" library="SeleniumLibrary">
<doc>Navigates the current browser window to the provided ``url``.</doc>
<arguments>
<arg>${CARRINHO_URL}</arg>
</arguments>
<msg timestamp="20200528 18:35:39.634" level="INFO">Opening url 'http://webapp2-qa.fastshop.com.br/web/checkout-v2/carrinho'</msg>
<status status="PASS" starttime="20200528 18:35:39.633" endtime="20200528 18:35:40.814"></status>
</kw>
<status status="PASS" starttime="20200528 18:35:38.590" endtime="20200528 18:35:40.814"></status>
</kw>
<kw name="Então o produto ${busca_produto} é adicionado, verificado que está no carrinho e a compra é encerrada" library="setup_hz">
<kw name="Wait Until Element Is Visible" library="SeleniumLibrary">
<doc>Waits until the element ``locator`` is visible.</doc>
<arguments>
<arg>${BUTTON_CONTINUAR_COMPRA_VERDE}</arg>
<arg>20</arg>
</arguments>
<status status="PASS" starttime="20200528 18:35:40.816" endtime="20200528 18:35:42.333"></status>
</kw>
<kw name="Set Focus To Element" library="SeleniumLibrary">
<doc>Sets the focus to the element identified by ``locator``.</doc>
<arguments>
<arg>${BUTTON_CONTINUAR_COMPRA_VERDE}</arg>
</arguments>
<status status="PASS" starttime="20200528 18:35:42.333" endtime="20200528 18:35:42.348"></status>
</kw>
<kw name="Sleep" library="BuiltIn">
<doc>Pauses the test executed for the given time.</doc>
<arguments>
<arg>3</arg>
</arguments>
<msg timestamp="20200528 18:35:45.349" level="INFO">Slept 3 seconds</msg>
<status status="PASS" starttime="20200528 18:35:42.348" endtime="20200528 18:35:45.349"></status>
</kw>
<kw name="Capture Page Screenshot" library="SeleniumLibrary">
<doc>Takes a screenshot of the current page and embeds it into a log file.</doc>
<msg timestamp="20200528 18:35:45.767" level="INFO" html="yes">&lt;/td&gt;&lt;/tr&gt;&lt;tr&gt;&lt;td colspan="3"&gt;&lt;a href="selenium-screenshot-9.png"&gt;&lt;img src="selenium-screenshot-9.png" width="800px"&gt;&lt;/a&gt;</msg>
<status status="PASS" starttime="20200528 18:35:45.350" endtime="20200528 18:35:45.767"></status>
</kw>
<kw name="Click Element" library="SeleniumLibrary">
<doc>Click the element identified by ``locator``.</doc>
<arguments>
<arg>${BUTTON_CONTINUAR_COMPRA_VERDE}</arg>
</arguments>
<msg timestamp="20200528 18:35:45.768" level="INFO">Clicking element '//span[contains(text(), ' Subtotal ')]//..//button[contains(text(), 'Continuar compra')]'.</msg>
<kw name="Capture Page Screenshot" library="SeleniumLibrary">
<doc>Takes a screenshot of the current page and embeds it into a log file.</doc>
<msg timestamp="20200528 18:35:47.224" level="INFO" html="yes">&lt;/td&gt;&lt;/tr&gt;&lt;tr&gt;&lt;td colspan="3"&gt;&lt;a href="selenium-screenshot-10.png"&gt;&lt;img src="selenium-screenshot-10.png" width="800px"&gt;&lt;/a&gt;</msg>
<status status="PASS" starttime="20200528 18:35:46.845" endtime="20200528 18:35:47.224"></status>
</kw>
<msg timestamp="20200528 18:35:47.279" level="FAIL">ElementClickInterceptedException: Message: element click intercepted: Element is not clickable at point (1340, 975)
  (Session info: chrome=83.0.4103.61)
</msg>
<status status="FAIL" starttime="20200528 18:35:45.767" endtime="20200528 18:35:47.279"></status>
</kw>
<status status="FAIL" starttime="20200528 18:35:40.815" endtime="20200528 18:35:47.280"></status>
</kw>
<status status="FAIL" starttime="20200528 18:35:31.490" endtime="20200528 18:35:47.280"></status>
</kw>
<kw name="End Test" library="base" type="teardown">
<kw name="Capture Page Screenshot" library="SeleniumLibrary">
<doc>Takes a screenshot of the current page and embeds it into a log file.</doc>
<msg timestamp="20200528 18:35:47.654" level="INFO" html="yes">&lt;/td&gt;&lt;/tr&gt;&lt;tr&gt;&lt;td colspan="3"&gt;&lt;a href="selenium-screenshot-11.png"&gt;&lt;img src="selenium-screenshot-11.png" width="800px"&gt;&lt;/a&gt;</msg>
<status status="PASS" starttime="20200528 18:35:47.282" endtime="20200528 18:35:47.654"></status>
</kw>
<status status="PASS" starttime="20200528 18:35:47.281" endtime="20200528 18:35:47.654"></status>
</kw>
<status status="FAIL" starttime="20200528 18:35:31.488" endtime="20200528 18:35:47.658" critical="yes">ElementClickInterceptedException: Message: element click intercepted: Element is not clickable at point (1340, 975)
  (Session info: chrome=83.0.4103.61)
</status>
</test>
<kw name="End Session" library="base" type="teardown">
<kw name="Close Browser" library="SeleniumLibrary">
<doc>Closes the current browser.</doc>
<status status="PASS" starttime="20200528 18:35:47.661" endtime="20200528 18:35:49.807"></status>
</kw>
<kw name="Stop Video Recording" library="ScreenCapLibrary">
<doc>Stops the video recording corresponding to the given ``alias`` and generates the file in WebM format. If no
``alias`` is specified, the last opened recording will be closed. If there are more recordings with the same
alias all of them will be closed. If ``embed`` argument was set to
``True`` the video will be displayed in the log file.</doc>
<msg timestamp="20200528 18:35:50.809" level="INFO" html="yes">&lt;a href="recording_2.webm"&gt;&lt;video width="800px" autoplay&gt;&lt;source src="recording_2.webm" type="video/webm"&gt;&lt;/video&gt;&lt;/a&gt;</msg>
<status status="PASS" starttime="20200528 18:35:49.807" endtime="20200528 18:35:50.809"></status>
</kw>
<status status="PASS" starttime="20200528 18:35:47.661" endtime="20200528 18:35:50.809"></status>
</kw>
<doc>FASTSHOP - FUNDO DE TELA
O fundo na tela de escolha de endereço está aparecendo cortado, não está ocupando 100% da tela.</doc>
<status status="FAIL" starttime="20200528 18:35:30.259" endtime="20200528 18:35:50.809"></status>
</suite>
<suite id="s1-s3" name="Api" source="C:\FastShop_hz\tests\api">
<suite id="s1-s3-s1" name="CADASTRO" source="C:\FastShop_hz\tests\api\CADASTRO.robot">
<test id="s1-s3-s1-t1" name="Empty Name">
<kw name="Create Session" library="RequestsLibrary" type="setup">
<doc>Create Session: create a HTTP session to a server</doc>
<arguments>
<arg>Client</arg>
<arg>${base_url}</arg>
</arguments>
<msg timestamp="20200528 18:35:50.859" level="INFO">Creating Session using : alias=Client, url=https://apiqa.fastshop.com.br/fastshop-qa/wcs/resources/v1/customer/create, headers={},                     cookies={}, auth=None, timeout=None, proxies=None, verify=False,                     debug=0 </msg>
<status status="PASS" starttime="20200528 18:35:50.859" endtime="20200528 18:35:50.860"></status>
</kw>
<kw name="Require Fields">
<arguments>
<arg>{"name": "", "brand": "Shimano", "price": "15"}</arg>
<arg>1001</arg>
<arg>Client name is required</arg>
</arguments>
<kw name="Get User Id" library="services">
<arguments>
<arg>eu@papito.io</arg>
</arguments>
<assign>
<var>${user_id}</var>
</assign>
<kw name="Convert To Json">
<arguments>
<arg>{"email": "${email}"}</arg>
</arguments>
<assign>
<var>${payload}=</var>
</assign>
<msg timestamp="20200528 18:35:50.872" level="FAIL">No keyword with name 'Convert To Json' found.</msg>
<status status="FAIL" starttime="20200528 18:35:50.872" endtime="20200528 18:35:50.872"></status>
</kw>
<status status="FAIL" starttime="20200528 18:35:50.861" endtime="20200528 18:35:50.873"></status>
</kw>
<status status="FAIL" starttime="20200528 18:35:50.860" endtime="20200528 18:35:50.873"></status>
</kw>
<status status="FAIL" starttime="20200528 18:35:50.858" endtime="20200528 18:35:50.873" critical="yes">No keyword with name 'Convert To Json' found.</status>
</test>
<test id="s1-s3-s1-t2" name="Empty Brand">
<kw name="Create Session" library="RequestsLibrary" type="setup">
<doc>Create Session: create a HTTP session to a server</doc>
<arguments>
<arg>Client</arg>
<arg>${base_url}</arg>
</arguments>
<msg timestamp="20200528 18:35:50.877" level="INFO">Creating Session using : alias=Client, url=https://apiqa.fastshop.com.br/fastshop-qa/wcs/resources/v1/customer/create, headers={},                     cookies={}, auth=None, timeout=None, proxies=None, verify=False,                     debug=0 </msg>
<status status="PASS" starttime="20200528 18:35:50.876" endtime="20200528 18:35:50.877"></status>
</kw>
<kw name="Require Fields">
<arguments>
<arg>{"name": "Elleven Rocker", "brand": "", "price": "15"}</arg>
<arg>1002</arg>
<arg>Brand is required</arg>
</arguments>
<kw name="Get User Id" library="services">
<arguments>
<arg>eu@papito.io</arg>
</arguments>
<assign>
<var>${user_id}</var>
</assign>
<kw name="Convert To Json">
<arguments>
<arg>{"email": "${email}"}</arg>
</arguments>
<assign>
<var>${payload}=</var>
</assign>
<msg timestamp="20200528 18:35:50.889" level="FAIL">No keyword with name 'Convert To Json' found.</msg>
<status status="FAIL" starttime="20200528 18:35:50.889" endtime="20200528 18:35:50.889"></status>
</kw>
<status status="FAIL" starttime="20200528 18:35:50.878" endtime="20200528 18:35:50.889"></status>
</kw>
<status status="FAIL" starttime="20200528 18:35:50.877" endtime="20200528 18:35:50.889"></status>
</kw>
<status status="FAIL" starttime="20200528 18:35:50.876" endtime="20200528 18:35:50.890" critical="yes">No keyword with name 'Convert To Json' found.</status>
</test>
<status status="FAIL" starttime="20200528 18:35:50.816" endtime="20200528 18:35:50.892"></status>
</suite>
<status status="FAIL" starttime="20200528 18:35:50.812" endtime="20200528 18:35:50.894"></status>
</suite>
<suite id="s1-s4" name="CM 588 Erro ao adicionar servico de seguro" source="C:\FastShop_hz\tests\CM_588_Erro_ao_adicionar_servico_de_seguro.robot">
<kw name="Start Session" library="base" type="setup">
<kw name="Open Browser" library="SeleniumLibrary">
<doc>Opens a new browser instance to the optional ``url``.</doc>
<arguments>
<arg>about:blank</arg>
<arg>chrome</arg>
</arguments>
<msg timestamp="20200528 18:35:50.918" level="INFO">Opening browser 'chrome' to base url 'about:blank'.</msg>
<status status="PASS" starttime="20200528 18:35:50.918" endtime="20200528 18:35:51.953"></status>
</kw>
<kw name="Set Selenium Implicit Wait" library="SeleniumLibrary">
<doc>Sets the implicit wait value used by Selenium.</doc>
<arguments>
<arg>10</arg>
</arguments>
<status status="PASS" starttime="20200528 18:35:51.953" endtime="20200528 18:35:51.954"></status>
</kw>
<kw name="Maximize Browser Window" library="SeleniumLibrary">
<doc>Maximizes current browser window.</doc>
<status status="PASS" starttime="20200528 18:35:51.955" endtime="20200528 18:35:52.091"></status>
</kw>
<kw name="Start Video Recording" library="ScreenCapLibrary">
<doc>Starts the recording of a video in the background with the specified ``name``.
The recording can be stopped by calling the `Stop Video Recording` keyword.</doc>
<status status="PASS" starttime="20200528 18:35:52.091" endtime="20200528 18:35:52.093"></status>
</kw>
<status status="PASS" starttime="20200528 18:35:50.918" endtime="20200528 18:35:52.093"></status>
</kw>
<test id="s1-s4-t1" name="INSERIR DOIS PRODUTOS NO CARRINHO COM SERVIÇO">
<kw name="Busca de dois produtos, verificação e adição ao carrinho de um item no site da FASTSHOP com serviço">
<arguments>
<arg>941.861.830-31</arg>
<arg>12345678</arg>
<arg>8S311310222PTO</arg>
<arg>AEMWHJ2BZACNZB</arg>
</arguments>
<kw name="Dado que acesso e verifico que estou no site da FASTSHOP" library="setup_hz">
<kw name="Delete All Cookies" library="SeleniumLibrary">
<doc>Deletes all cookies.</doc>
<status status="PASS" starttime="20200528 18:35:52.095" endtime="20200528 18:35:52.104"></status>
</kw>
<kw name="Go To" library="SeleniumLibrary">
<doc>Navigates the current browser window to the provided ``url``.</doc>
<arguments>
<arg>${BASE_URL}</arg>
</arguments>
<msg timestamp="20200528 18:35:52.105" level="INFO">Opening url 'http://webapp2-qa.fastshop.com.br/'</msg>
<status status="PASS" starttime="20200528 18:35:52.104" endtime="20200528 18:35:57.202"></status>
</kw>
<status status="PASS" starttime="20200528 18:35:52.095" endtime="20200528 18:35:57.202"></status>
</kw>
<kw name="Quando é preenchido o campo de busca ${busca_produto}, verifico se o mesmo é retornado na lista" library="setup_hz">
<kw name="Go To" library="SeleniumLibrary">
<doc>Navigates the current browser window to the provided ``url``.</doc>
<arguments>
<arg>${BASE_URL}web/p/d/${busca_produto}/teste</arg>
</arguments>
<msg timestamp="20200528 18:35:57.203" level="INFO">Opening url 'http://webapp2-qa.fastshop.com.br/web/p/d/8S311310222PTO/teste'</msg>
<status status="PASS" starttime="20200528 18:35:57.203" endtime="20200528 18:35:59.186"></status>
</kw>
<kw name="Wait Until Element Is Visible" library="SeleniumLibrary">
<doc>Waits until the element ``locator`` is visible.</doc>
<arguments>
<arg>${SPAN_ADICIONAR_AO_CARRINHO}</arg>
<arg>20</arg>
</arguments>
<status status="PASS" starttime="20200528 18:35:59.186" endtime="20200528 18:36:00.491"></status>
</kw>
<kw name="Get Text" library="SeleniumLibrary">
<doc>Returns the text value of the element identified by ``locator``.</doc>
<arguments>
<arg>${H1_NOME_DO_PRODUTO}</arg>
</arguments>
<assign>
<var>${PRODUTO}</var>
</assign>
<msg timestamp="20200528 18:36:00.519" level="INFO">${PRODUTO} = Balança Digital GS Scale para até 5 Kg - 311310222</msg>
<status status="PASS" starttime="20200528 18:36:00.492" endtime="20200528 18:36:00.519"></status>
</kw>
<kw name="Set Global Variable" library="BuiltIn">
<doc>Makes a variable available globally in all tests and suites.</doc>
<arguments>
<arg>${PRODUTO}</arg>
</arguments>
<msg timestamp="20200528 18:36:00.520" level="INFO">${PRODUTO} = Balança Digital GS Scale para até 5 Kg - 311310222</msg>
<status status="PASS" starttime="20200528 18:36:00.519" endtime="20200528 18:36:00.520"></status>
</kw>
<kw name="Log" library="BuiltIn">
<doc>Logs the given message with the given level.</doc>
<arguments>
<arg>${PRODUTO}</arg>
</arguments>
<msg timestamp="20200528 18:36:00.520" level="INFO">Balança Digital GS Scale para até 5 Kg - 311310222</msg>
<status status="PASS" starttime="20200528 18:36:00.520" endtime="20200528 18:36:00.520"></status>
</kw>
<kw name="Element Text Should Be" library="SeleniumLibrary">
<doc>Verifies that element ``locator`` contains exact the text ``expected``.</doc>
<arguments>
<arg>${H2_NOME_DO_PRODUTO}</arg>
<arg>${busca_produto}</arg>
</arguments>
<msg timestamp="20200528 18:36:00.521" level="INFO">Verifying element '//h2[@class='product-detail-partnumber']' contains exact text '8S311310222PTO'.</msg>
<status status="PASS" starttime="20200528 18:36:00.521" endtime="20200528 18:36:00.553"></status>
</kw>
<kw name="Set Focus To Element" library="SeleniumLibrary">
<doc>Sets the focus to the element identified by ``locator``.</doc>
<arguments>
<arg>${SPAN_ADICIONAR_AO_CARRINHO}</arg>
</arguments>
<status status="PASS" starttime="20200528 18:36:00.554" endtime="20200528 18:36:00.581"></status>
</kw>
<kw name="Click Element" library="SeleniumLibrary">
<doc>Click the element identified by ``locator``.</doc>
<arguments>
<arg>${SPAN_ADICIONAR_AO_CARRINHO}</arg>
</arguments>
<msg timestamp="20200528 18:36:00.582" level="INFO">Clicking element '//span[@class='lb-add-cart']'.</msg>
<status status="PASS" starttime="20200528 18:36:00.581" endtime="20200528 18:36:00.752"></status>
</kw>
<kw name="Capture Page Screenshot" library="SeleniumLibrary">
<doc>Takes a screenshot of the current page and embeds it into a log file.</doc>
<msg timestamp="20200528 18:36:01.247" level="INFO" html="yes">&lt;/td&gt;&lt;/tr&gt;&lt;tr&gt;&lt;td colspan="3"&gt;&lt;a href="selenium-screenshot-12.png"&gt;&lt;img src="selenium-screenshot-12.png" width="800px"&gt;&lt;/a&gt;</msg>
<status status="PASS" starttime="20200528 18:36:00.753" endtime="20200528 18:36:01.247"></status>
</kw>
<status status="PASS" starttime="20200528 18:35:57.202" endtime="20200528 18:36:01.247"></status>
</kw>
<kw name="E e logo no site com o CPF ${cpf} e a senha ${senha}" library="setup_hz">
<kw name="Wait Until Element Is Visible" library="SeleniumLibrary">
<doc>Waits until the element ``locator`` is visible.</doc>
<arguments>
<arg>${ID_LOGIN_CPF}</arg>
<arg>10</arg>
</arguments>
<status status="PASS" starttime="20200528 18:36:01.248" endtime="20200528 18:36:01.276"></status>
</kw>
<kw name="Input Text" library="SeleniumLibrary">
<doc>Types the given ``text`` into the text field identified by ``locator``.</doc>
<arguments>
<arg>${ID_LOGIN_CPF}</arg>
<arg>${cpf}</arg>
</arguments>
<msg timestamp="20200528 18:36:01.277" level="INFO">Typing text '941.861.830-31' into text field 'id:document'.</msg>
<status status="PASS" starttime="20200528 18:36:01.276" endtime="20200528 18:36:01.474"></status>
</kw>
<kw name="Input Text" library="SeleniumLibrary">
<doc>Types the given ``text`` into the text field identified by ``locator``.</doc>
<arguments>
<arg>${ID_LOGIN_SENHA}</arg>
<arg>${senha}</arg>
</arguments>
<msg timestamp="20200528 18:36:01.475" level="INFO">Typing text '12345678' into text field 'id:password'.</msg>
<status status="PASS" starttime="20200528 18:36:01.474" endtime="20200528 18:36:01.650"></status>
</kw>
<kw name="Click Element" library="SeleniumLibrary">
<doc>Click the element identified by ``locator``.</doc>
<arguments>
<arg>${BUTTON_CONFIRMAR_VERDE}</arg>
</arguments>
<msg timestamp="20200528 18:36:01.650" level="INFO">Clicking element '//button[@class='btn btn-green']'.</msg>
<status status="PASS" starttime="20200528 18:36:01.650" endtime="20200528 18:36:01.752"></status>
</kw>
<kw name="Capture Page Screenshot" library="SeleniumLibrary">
<doc>Takes a screenshot of the current page and embeds it into a log file.</doc>
<msg timestamp="20200528 18:36:02.199" level="INFO" html="yes">&lt;/td&gt;&lt;/tr&gt;&lt;tr&gt;&lt;td colspan="3"&gt;&lt;a href="selenium-screenshot-13.png"&gt;&lt;img src="selenium-screenshot-13.png" width="800px"&gt;&lt;/a&gt;</msg>
<status status="PASS" starttime="20200528 18:36:01.753" endtime="20200528 18:36:02.199"></status>
</kw>
<kw name="Go To" library="SeleniumLibrary">
<doc>Navigates the current browser window to the provided ``url``.</doc>
<arguments>
<arg>${CARRINHO_URL}</arg>
</arguments>
<msg timestamp="20200528 18:36:02.200" level="INFO">Opening url 'http://webapp2-qa.fastshop.com.br/web/checkout-v2/carrinho'</msg>
<status status="PASS" starttime="20200528 18:36:02.199" endtime="20200528 18:36:03.409"></status>
</kw>
<status status="PASS" starttime="20200528 18:36:01.247" endtime="20200528 18:36:03.409"></status>
</kw>
<kw name="Quando um segundo produto é preenchido no campo de busca${busca_produto_dois}, verifico se o mesmo é retornado na lista" library="setup_hz">
<kw name="Go To" library="SeleniumLibrary">
<doc>Navigates the current browser window to the provided ``url``.</doc>
<arguments>
<arg>${BASE_URL}web/p/d/${busca_produto_dois}/teste</arg>
</arguments>
<msg timestamp="20200528 18:36:03.412" level="INFO">Opening url 'http://webapp2-qa.fastshop.com.br/web/p/d/AEMWHJ2BZACNZB/teste'</msg>
<status status="PASS" starttime="20200528 18:36:03.411" endtime="20200528 18:36:04.374"></status>
</kw>
<kw name="Wait Until Element Is Visible" library="SeleniumLibrary">
<doc>Waits until the element ``locator`` is visible.</doc>
<arguments>
<arg>${SPAN_ADICIONAR_AO_CARRINHO}</arg>
<arg>20</arg>
</arguments>
<status status="PASS" starttime="20200528 18:36:04.374" endtime="20200528 18:36:05.450"></status>
</kw>
<kw name="Get Text" library="SeleniumLibrary">
<doc>Returns the text value of the element identified by ``locator``.</doc>
<arguments>
<arg>${H1_NOME_DO_PRODUTO}</arg>
</arguments>
<assign>
<var>${PRODUTO}</var>
</assign>
<msg timestamp="20200528 18:36:05.498" level="INFO">${PRODUTO} = iPhone 11 Pro Max Cinza Espacial, com Tela de 6,5”, 4G, 256 GB e Câmera de 12 MP - MWHJ2BZ/A</msg>
<status status="PASS" starttime="20200528 18:36:05.451" endtime="20200528 18:36:05.498"></status>
</kw>
<kw name="Set Global Variable" library="BuiltIn">
<doc>Makes a variable available globally in all tests and suites.</doc>
<arguments>
<arg>${PRODUTO}</arg>
</arguments>
<msg timestamp="20200528 18:36:05.503" level="INFO">${PRODUTO} = iPhone 11 Pro Max Cinza Espacial, com Tela de 6,5”, 4G, 256 GB e Câmera de 12 MP - MWHJ2BZ/A</msg>
<status status="PASS" starttime="20200528 18:36:05.502" endtime="20200528 18:36:05.503"></status>
</kw>
<kw name="Log" library="BuiltIn">
<doc>Logs the given message with the given level.</doc>
<arguments>
<arg>${PRODUTO}</arg>
</arguments>
<msg timestamp="20200528 18:36:05.503" level="INFO">iPhone 11 Pro Max Cinza Espacial, com Tela de 6,5”, 4G, 256 GB e Câmera de 12 MP - MWHJ2BZ/A</msg>
<status status="PASS" starttime="20200528 18:36:05.503" endtime="20200528 18:36:05.503"></status>
</kw>
<kw name="Element Text Should Be" library="SeleniumLibrary">
<doc>Verifies that element ``locator`` contains exact the text ``expected``.</doc>
<arguments>
<arg>${H2_NOME_DO_PRODUTO}</arg>
<arg>${busca_produto_dois}</arg>
</arguments>
<msg timestamp="20200528 18:36:05.504" level="INFO">Verifying element '//h2[@class='product-detail-partnumber']' contains exact text 'AEMWHJ2BZACNZB'.</msg>
<status status="PASS" starttime="20200528 18:36:05.504" endtime="20200528 18:36:05.720"></status>
</kw>
<kw name="Set Focus To Element" library="SeleniumLibrary">
<doc>Sets the focus to the element identified by ``locator``.</doc>
<arguments>
<arg>${SPAN_ADICIONAR_AO_CARRINHO}</arg>
</arguments>
<status status="PASS" starttime="20200528 18:36:05.720" endtime="20200528 18:36:06.053"></status>
</kw>
<kw name="Click Element" library="SeleniumLibrary">
<doc>Click the element identified by ``locator``.</doc>
<arguments>
<arg>${SPAN_ADICIONAR_AO_CARRINHO}</arg>
</arguments>
<msg timestamp="20200528 18:36:06.054" level="INFO">Clicking element '//span[@class='lb-add-cart']'.</msg>
<status status="PASS" starttime="20200528 18:36:06.053" endtime="20200528 18:36:06.125"></status>
</kw>
<kw name="Capture Page Screenshot" library="SeleniumLibrary">
<doc>Takes a screenshot of the current page and embeds it into a log file.</doc>
<msg timestamp="20200528 18:36:06.542" level="INFO" html="yes">&lt;/td&gt;&lt;/tr&gt;&lt;tr&gt;&lt;td colspan="3"&gt;&lt;a href="selenium-screenshot-14.png"&gt;&lt;img src="selenium-screenshot-14.png" width="800px"&gt;&lt;/a&gt;</msg>
<status status="PASS" starttime="20200528 18:36:06.126" endtime="20200528 18:36:06.542"></status>
</kw>
<status status="PASS" starttime="20200528 18:36:03.410" endtime="20200528 18:36:06.543"></status>
</kw>
<kw name="E adiciono um serviço" library="setup_hz">
<kw name="Wait Until Element Is Visible" library="SeleniumLibrary">
<doc>Waits until the element ``locator`` is visible.</doc>
<arguments>
<arg>${BUTTON_SELECIONAR_SERVICO}</arg>
<arg>10</arg>
</arguments>
<status status="PASS" starttime="20200528 18:36:06.543" endtime="20200528 18:36:10.922"></status>
</kw>
<kw name="Set Focus To Element" library="SeleniumLibrary">
<doc>Sets the focus to the element identified by ``locator``.</doc>
<arguments>
<arg>${BUTTON_SELECIONAR_SERVICO}</arg>
</arguments>
<status status="PASS" starttime="20200528 18:36:10.923" endtime="20200528 18:36:10.938"></status>
</kw>
<kw name="Sleep" library="BuiltIn">
<doc>Pauses the test executed for the given time.</doc>
<arguments>
<arg>2</arg>
</arguments>
<msg timestamp="20200528 18:36:12.940" level="INFO">Slept 2 seconds</msg>
<status status="PASS" starttime="20200528 18:36:10.938" endtime="20200528 18:36:12.940"></status>
</kw>
<kw name="Capture Page Screenshot" library="SeleniumLibrary">
<doc>Takes a screenshot of the current page and embeds it into a log file.</doc>
<msg timestamp="20200528 18:36:13.313" level="INFO" html="yes">&lt;/td&gt;&lt;/tr&gt;&lt;tr&gt;&lt;td colspan="3"&gt;&lt;a href="selenium-screenshot-15.png"&gt;&lt;img src="selenium-screenshot-15.png" width="800px"&gt;&lt;/a&gt;</msg>
<status status="PASS" starttime="20200528 18:36:12.940" endtime="20200528 18:36:13.313"></status>
</kw>
<kw name="Click Element" library="SeleniumLibrary">
<doc>Click the element identified by ``locator``.</doc>
<arguments>
<arg>${BUTTON_SELECIONAR_SERVICO}</arg>
</arguments>
<msg timestamp="20200528 18:36:13.314" level="INFO">Clicking element '//button[contains(text(), 'Selecionar')]'.</msg>
<status status="PASS" starttime="20200528 18:36:13.313" endtime="20200528 18:36:13.465"></status>
</kw>
<kw name="Wait Until Element Is Visible" library="SeleniumLibrary">
<doc>Waits until the element ``locator`` is visible.</doc>
<arguments>
<arg>//div[@class='checkbox']</arg>
</arguments>
<status status="PASS" starttime="20200528 18:36:13.465" endtime="20200528 18:36:13.497"></status>
</kw>
<kw name="Click Element" library="SeleniumLibrary">
<doc>Click the element identified by ``locator``.</doc>
<arguments>
<arg>//div[@class='checkbox']</arg>
</arguments>
<msg timestamp="20200528 18:36:13.497" level="INFO">Clicking element '//div[@class='checkbox']'.</msg>
<status status="PASS" starttime="20200528 18:36:13.497" endtime="20200528 18:36:13.638"></status>
</kw>
<kw name="Click Element" library="SeleniumLibrary">
<doc>Click the element identified by ``locator``.</doc>
<arguments>
<arg>${LABEL_PERIODO_DO_SEGURO}</arg>
</arguments>
<msg timestamp="20200528 18:36:13.639" level="INFO">Clicking element '//span[contains(text(), '+')]//..//..//label'.</msg>
<kw name="Capture Page Screenshot" library="SeleniumLibrary">
<doc>Takes a screenshot of the current page and embeds it into a log file.</doc>
<msg timestamp="20200528 18:36:24.054" level="INFO" html="yes">&lt;/td&gt;&lt;/tr&gt;&lt;tr&gt;&lt;td colspan="3"&gt;&lt;a href="selenium-screenshot-16.png"&gt;&lt;img src="selenium-screenshot-16.png" width="800px"&gt;&lt;/a&gt;</msg>
<status status="PASS" starttime="20200528 18:36:23.676" endtime="20200528 18:36:24.054"></status>
</kw>
<msg timestamp="20200528 18:36:24.076" level="FAIL">Element with locator '//span[contains(text(), '+')]//..//..//label' not found.</msg>
<status status="FAIL" starttime="20200528 18:36:13.638" endtime="20200528 18:36:24.077"></status>
</kw>
<status status="FAIL" starttime="20200528 18:36:06.543" endtime="20200528 18:36:24.077"></status>
</kw>
<status status="FAIL" starttime="20200528 18:35:52.094" endtime="20200528 18:36:24.077"></status>
</kw>
<kw name="End Test" library="base" type="teardown">
<kw name="Capture Page Screenshot" library="SeleniumLibrary">
<doc>Takes a screenshot of the current page and embeds it into a log file.</doc>
<msg timestamp="20200528 18:36:24.445" level="INFO" html="yes">&lt;/td&gt;&lt;/tr&gt;&lt;tr&gt;&lt;td colspan="3"&gt;&lt;a href="selenium-screenshot-17.png"&gt;&lt;img src="selenium-screenshot-17.png" width="800px"&gt;&lt;/a&gt;</msg>
<status status="PASS" starttime="20200528 18:36:24.079" endtime="20200528 18:36:24.445"></status>
</kw>
<status status="PASS" starttime="20200528 18:36:24.078" endtime="20200528 18:36:24.446"></status>
</kw>
<status status="FAIL" starttime="20200528 18:35:52.093" endtime="20200528 18:36:24.446" critical="yes">Element with locator '//span[contains(text(), '+')]//..//..//label' not found.</status>
</test>
<kw name="End Session" library="base" type="teardown">
<kw name="Close Browser" library="SeleniumLibrary">
<doc>Closes the current browser.</doc>
<status status="PASS" starttime="20200528 18:36:24.448" endtime="20200528 18:36:26.635"></status>
</kw>
<kw name="Stop Video Recording" library="ScreenCapLibrary">
<doc>Stops the video recording corresponding to the given ``alias`` and generates the file in WebM format. If no
``alias`` is specified, the last opened recording will be closed. If there are more recordings with the same
alias all of them will be closed. If ``embed`` argument was set to
``True`` the video will be displayed in the log file.</doc>
<msg timestamp="20200528 18:36:27.637" level="INFO" html="yes">&lt;a href="recording_3.webm"&gt;&lt;video width="800px" autoplay&gt;&lt;source src="recording_3.webm" type="video/webm"&gt;&lt;/video&gt;&lt;/a&gt;</msg>
<status status="PASS" starttime="20200528 18:36:26.635" endtime="20200528 18:36:27.637"></status>
</kw>
<status status="PASS" starttime="20200528 18:36:24.448" endtime="20200528 18:36:27.638"></status>
</kw>
<doc>FASTSHOP - INSERIR PRODUTO NO CARRINHO
Para selecionar servico de "seguro" erro foi retornado pelo servidor(ERROR_EXCEEDED_MAX_PRODUCT_LIMIT) ao tentar clickar em aplicar
1 - incluir no carrinho produto(8S311310222PTO)
2 - incluir no carrinho produto(AEMWHJ2BZACNZB)
3 - selecionar seguro para produto -&gt; AEMWHJ2BZACNZB</doc>
<status status="FAIL" starttime="20200528 18:35:50.896" endtime="20200528 18:36:27.638"></status>
</suite>
<suite id="s1-s5" name="CM 606 O cadastro de endereço esta permitindo realizar cadastro de CEP invalido" source="C:\FastShop_hz\tests\CM_606_O_cadastro_de_endereço_esta_permitindo_realizar_cadastro_de_CEP_invalido.robot">
<kw name="Start Session" library="base" type="setup">
<kw name="Open Browser" library="SeleniumLibrary">
<doc>Opens a new browser instance to the optional ``url``.</doc>
<arguments>
<arg>about:blank</arg>
<arg>chrome</arg>
</arguments>
<msg timestamp="20200528 18:36:27.665" level="INFO">Opening browser 'chrome' to base url 'about:blank'.</msg>
<status status="PASS" starttime="20200528 18:36:27.665" endtime="20200528 18:36:28.761"></status>
</kw>
<kw name="Set Selenium Implicit Wait" library="SeleniumLibrary">
<doc>Sets the implicit wait value used by Selenium.</doc>
<arguments>
<arg>10</arg>
</arguments>
<status status="PASS" starttime="20200528 18:36:28.762" endtime="20200528 18:36:28.763"></status>
</kw>
<kw name="Maximize Browser Window" library="SeleniumLibrary">
<doc>Maximizes current browser window.</doc>
<status status="PASS" starttime="20200528 18:36:28.763" endtime="20200528 18:36:28.878"></status>
</kw>
<kw name="Start Video Recording" library="ScreenCapLibrary">
<doc>Starts the recording of a video in the background with the specified ``name``.
The recording can be stopped by calling the `Stop Video Recording` keyword.</doc>
<status status="PASS" starttime="20200528 18:36:28.879" endtime="20200528 18:36:28.880"></status>
</kw>
<status status="PASS" starttime="20200528 18:36:27.664" endtime="20200528 18:36:28.881"></status>
</kw>
<test id="s1-s5-t1" name="INSERIR DOIS PRODUTOS NO CARRINHO COM SERVIÇO">
<kw name="CEP inválido não deixa concluir a compra">
<arguments>
<arg>941.861.830-31</arg>
<arg>12345678</arg>
<arg>AEMWHJ2BZACNZB</arg>
<arg>00000000</arg>
</arguments>
<kw name="Dado que acesso e verifico que estou no site da FASTSHOP" library="setup_hz">
<kw name="Delete All Cookies" library="SeleniumLibrary">
<doc>Deletes all cookies.</doc>
<status status="PASS" starttime="20200528 18:36:28.883" endtime="20200528 18:36:28.890"></status>
</kw>
<kw name="Go To" library="SeleniumLibrary">
<doc>Navigates the current browser window to the provided ``url``.</doc>
<arguments>
<arg>${BASE_URL}</arg>
</arguments>
<msg timestamp="20200528 18:36:28.891" level="INFO">Opening url 'http://webapp2-qa.fastshop.com.br/'</msg>
<status status="PASS" starttime="20200528 18:36:28.890" endtime="20200528 18:36:31.623"></status>
</kw>
<status status="PASS" starttime="20200528 18:36:28.882" endtime="20200528 18:36:31.623"></status>
</kw>
<kw name="Quando é preenchido o campo de busca ${busca_produto}, verifico se o mesmo é retornado na lista" library="setup_hz">
<kw name="Go To" library="SeleniumLibrary">
<doc>Navigates the current browser window to the provided ``url``.</doc>
<arguments>
<arg>${BASE_URL}web/p/d/${busca_produto}/teste</arg>
</arguments>
<msg timestamp="20200528 18:36:31.625" level="INFO">Opening url 'http://webapp2-qa.fastshop.com.br/web/p/d/AEMWHJ2BZACNZB/teste'</msg>
<status status="PASS" starttime="20200528 18:36:31.624" endtime="20200528 18:36:34.084"></status>
</kw>
<kw name="Wait Until Element Is Visible" library="SeleniumLibrary">
<doc>Waits until the element ``locator`` is visible.</doc>
<arguments>
<arg>${SPAN_ADICIONAR_AO_CARRINHO}</arg>
<arg>20</arg>
</arguments>
<status status="PASS" starttime="20200528 18:36:34.084" endtime="20200528 18:36:34.971"></status>
</kw>
<kw name="Get Text" library="SeleniumLibrary">
<doc>Returns the text value of the element identified by ``locator``.</doc>
<arguments>
<arg>${H1_NOME_DO_PRODUTO}</arg>
</arguments>
<assign>
<var>${PRODUTO}</var>
</assign>
<msg timestamp="20200528 18:36:35.039" level="INFO">${PRODUTO} = iPhone 11 Pro Max Cinza Espacial, com Tela de 6,5”, 4G, 256 GB e Câmera de 12 MP - MWHJ2BZ/A</msg>
<status status="PASS" starttime="20200528 18:36:34.972" endtime="20200528 18:36:35.039"></status>
</kw>
<kw name="Set Global Variable" library="BuiltIn">
<doc>Makes a variable available globally in all tests and suites.</doc>
<arguments>
<arg>${PRODUTO}</arg>
</arguments>
<msg timestamp="20200528 18:36:35.040" level="INFO">${PRODUTO} = iPhone 11 Pro Max Cinza Espacial, com Tela de 6,5”, 4G, 256 GB e Câmera de 12 MP - MWHJ2BZ/A</msg>
<status status="PASS" starttime="20200528 18:36:35.039" endtime="20200528 18:36:35.040"></status>
</kw>
<kw name="Log" library="BuiltIn">
<doc>Logs the given message with the given level.</doc>
<arguments>
<arg>${PRODUTO}</arg>
</arguments>
<msg timestamp="20200528 18:36:35.040" level="INFO">iPhone 11 Pro Max Cinza Espacial, com Tela de 6,5”, 4G, 256 GB e Câmera de 12 MP - MWHJ2BZ/A</msg>
<status status="PASS" starttime="20200528 18:36:35.040" endtime="20200528 18:36:35.040"></status>
</kw>
<kw name="Element Text Should Be" library="SeleniumLibrary">
<doc>Verifies that element ``locator`` contains exact the text ``expected``.</doc>
<arguments>
<arg>${H2_NOME_DO_PRODUTO}</arg>
<arg>${busca_produto}</arg>
</arguments>
<msg timestamp="20200528 18:36:35.041" level="INFO">Verifying element '//h2[@class='product-detail-partnumber']' contains exact text 'AEMWHJ2BZACNZB'.</msg>
<status status="PASS" starttime="20200528 18:36:35.040" endtime="20200528 18:36:35.081"></status>
</kw>
<kw name="Set Focus To Element" library="SeleniumLibrary">
<doc>Sets the focus to the element identified by ``locator``.</doc>
<arguments>
<arg>${SPAN_ADICIONAR_AO_CARRINHO}</arg>
</arguments>
<status status="PASS" starttime="20200528 18:36:35.081" endtime="20200528 18:36:35.094"></status>
</kw>
<kw name="Click Element" library="SeleniumLibrary">
<doc>Click the element identified by ``locator``.</doc>
<arguments>
<arg>${SPAN_ADICIONAR_AO_CARRINHO}</arg>
</arguments>
<msg timestamp="20200528 18:36:35.094" level="INFO">Clicking element '//span[@class='lb-add-cart']'.</msg>
<status status="PASS" starttime="20200528 18:36:35.094" endtime="20200528 18:36:35.293"></status>
</kw>
<kw name="Capture Page Screenshot" library="SeleniumLibrary">
<doc>Takes a screenshot of the current page and embeds it into a log file.</doc>
<msg timestamp="20200528 18:36:36.426" level="INFO" html="yes">&lt;/td&gt;&lt;/tr&gt;&lt;tr&gt;&lt;td colspan="3"&gt;&lt;a href="selenium-screenshot-18.png"&gt;&lt;img src="selenium-screenshot-18.png" width="800px"&gt;&lt;/a&gt;</msg>
<status status="PASS" starttime="20200528 18:36:35.293" endtime="20200528 18:36:36.426"></status>
</kw>
<status status="PASS" starttime="20200528 18:36:31.624" endtime="20200528 18:36:36.426"></status>
</kw>
<kw name="E e logo no site com o CPF ${cpf} e a senha ${senha}" library="setup_hz">
<kw name="Wait Until Element Is Visible" library="SeleniumLibrary">
<doc>Waits until the element ``locator`` is visible.</doc>
<arguments>
<arg>${ID_LOGIN_CPF}</arg>
<arg>10</arg>
</arguments>
<status status="PASS" starttime="20200528 18:36:36.428" endtime="20200528 18:36:36.459"></status>
</kw>
<kw name="Input Text" library="SeleniumLibrary">
<doc>Types the given ``text`` into the text field identified by ``locator``.</doc>
<arguments>
<arg>${ID_LOGIN_CPF}</arg>
<arg>${cpf}</arg>
</arguments>
<msg timestamp="20200528 18:36:36.460" level="INFO">Typing text '941.861.830-31' into text field 'id:document'.</msg>
<status status="PASS" starttime="20200528 18:36:36.460" endtime="20200528 18:36:36.717"></status>
</kw>
<kw name="Input Text" library="SeleniumLibrary">
<doc>Types the given ``text`` into the text field identified by ``locator``.</doc>
<arguments>
<arg>${ID_LOGIN_SENHA}</arg>
<arg>${senha}</arg>
</arguments>
<msg timestamp="20200528 18:36:36.718" level="INFO">Typing text '12345678' into text field 'id:password'.</msg>
<status status="PASS" starttime="20200528 18:36:36.718" endtime="20200528 18:36:36.911"></status>
</kw>
<kw name="Click Element" library="SeleniumLibrary">
<doc>Click the element identified by ``locator``.</doc>
<arguments>
<arg>${BUTTON_CONFIRMAR_VERDE}</arg>
</arguments>
<msg timestamp="20200528 18:36:36.911" level="INFO">Clicking element '//button[@class='btn btn-green']'.</msg>
<status status="PASS" starttime="20200528 18:36:36.911" endtime="20200528 18:36:37.034"></status>
</kw>
<kw name="Capture Page Screenshot" library="SeleniumLibrary">
<doc>Takes a screenshot of the current page and embeds it into a log file.</doc>
<msg timestamp="20200528 18:36:37.438" level="INFO" html="yes">&lt;/td&gt;&lt;/tr&gt;&lt;tr&gt;&lt;td colspan="3"&gt;&lt;a href="selenium-screenshot-19.png"&gt;&lt;img src="selenium-screenshot-19.png" width="800px"&gt;&lt;/a&gt;</msg>
<status status="PASS" starttime="20200528 18:36:37.035" endtime="20200528 18:36:37.438"></status>
</kw>
<kw name="Go To" library="SeleniumLibrary">
<doc>Navigates the current browser window to the provided ``url``.</doc>
<arguments>
<arg>${CARRINHO_URL}</arg>
</arguments>
<msg timestamp="20200528 18:36:37.439" level="INFO">Opening url 'http://webapp2-qa.fastshop.com.br/web/checkout-v2/carrinho'</msg>
<status status="PASS" starttime="20200528 18:36:37.439" endtime="20200528 18:36:38.503"></status>
</kw>
<status status="PASS" starttime="20200528 18:36:36.427" endtime="20200528 18:36:38.504"></status>
</kw>
<kw name="E adiciono um serviço" library="setup_hz">
<kw name="Wait Until Element Is Visible" library="SeleniumLibrary">
<doc>Waits until the element ``locator`` is visible.</doc>
<arguments>
<arg>${BUTTON_SELECIONAR_SERVICO}</arg>
<arg>10</arg>
</arguments>
<status status="PASS" starttime="20200528 18:36:38.505" endtime="20200528 18:36:40.943"></status>
</kw>
<kw name="Set Focus To Element" library="SeleniumLibrary">
<doc>Sets the focus to the element identified by ``locator``.</doc>
<arguments>
<arg>${BUTTON_SELECIONAR_SERVICO}</arg>
</arguments>
<status status="PASS" starttime="20200528 18:36:40.944" endtime="20200528 18:36:40.956"></status>
</kw>
<kw name="Sleep" library="BuiltIn">
<doc>Pauses the test executed for the given time.</doc>
<arguments>
<arg>2</arg>
</arguments>
<msg timestamp="20200528 18:36:42.959" level="INFO">Slept 2 seconds</msg>
<status status="PASS" starttime="20200528 18:36:40.957" endtime="20200528 18:36:42.959"></status>
</kw>
<kw name="Capture Page Screenshot" library="SeleniumLibrary">
<doc>Takes a screenshot of the current page and embeds it into a log file.</doc>
<msg timestamp="20200528 18:36:43.345" level="INFO" html="yes">&lt;/td&gt;&lt;/tr&gt;&lt;tr&gt;&lt;td colspan="3"&gt;&lt;a href="selenium-screenshot-20.png"&gt;&lt;img src="selenium-screenshot-20.png" width="800px"&gt;&lt;/a&gt;</msg>
<status status="PASS" starttime="20200528 18:36:42.959" endtime="20200528 18:36:43.345"></status>
</kw>
<kw name="Click Element" library="SeleniumLibrary">
<doc>Click the element identified by ``locator``.</doc>
<arguments>
<arg>${BUTTON_SELECIONAR_SERVICO}</arg>
</arguments>
<msg timestamp="20200528 18:36:43.346" level="INFO">Clicking element '//button[contains(text(), 'Selecionar')]'.</msg>
<status status="PASS" starttime="20200528 18:36:43.345" endtime="20200528 18:36:43.467"></status>
</kw>
<kw name="Wait Until Element Is Visible" library="SeleniumLibrary">
<doc>Waits until the element ``locator`` is visible.</doc>
<arguments>
<arg>//div[@class='checkbox']</arg>
</arguments>
<status status="PASS" starttime="20200528 18:36:43.467" endtime="20200528 18:36:43.503"></status>
</kw>
<kw name="Click Element" library="SeleniumLibrary">
<doc>Click the element identified by ``locator``.</doc>
<arguments>
<arg>//div[@class='checkbox']</arg>
</arguments>
<msg timestamp="20200528 18:36:43.504" level="INFO">Clicking element '//div[@class='checkbox']'.</msg>
<status status="PASS" starttime="20200528 18:36:43.503" endtime="20200528 18:36:43.682"></status>
</kw>
<kw name="Click Element" library="SeleniumLibrary">
<doc>Click the element identified by ``locator``.</doc>
<arguments>
<arg>${LABEL_PERIODO_DO_SEGURO}</arg>
</arguments>
<msg timestamp="20200528 18:36:43.682" level="INFO">Clicking element '//span[contains(text(), '+')]//..//..//label'.</msg>
<kw name="Capture Page Screenshot" library="SeleniumLibrary">
<doc>Takes a screenshot of the current page and embeds it into a log file.</doc>
<msg timestamp="20200528 18:36:54.100" level="INFO" html="yes">&lt;/td&gt;&lt;/tr&gt;&lt;tr&gt;&lt;td colspan="3"&gt;&lt;a href="selenium-screenshot-21.png"&gt;&lt;img src="selenium-screenshot-21.png" width="800px"&gt;&lt;/a&gt;</msg>
<status status="PASS" starttime="20200528 18:36:53.697" endtime="20200528 18:36:54.100"></status>
</kw>
<msg timestamp="20200528 18:36:54.101" level="FAIL">Element with locator '//span[contains(text(), '+')]//..//..//label' not found.</msg>
<status status="FAIL" starttime="20200528 18:36:43.682" endtime="20200528 18:36:54.101"></status>
</kw>
<status status="FAIL" starttime="20200528 18:36:38.504" endtime="20200528 18:36:54.102"></status>
</kw>
<status status="FAIL" starttime="20200528 18:36:28.882" endtime="20200528 18:36:54.102"></status>
</kw>
<kw name="End Test" library="base" type="teardown">
<kw name="Capture Page Screenshot" library="SeleniumLibrary">
<doc>Takes a screenshot of the current page and embeds it into a log file.</doc>
<msg timestamp="20200528 18:36:54.474" level="INFO" html="yes">&lt;/td&gt;&lt;/tr&gt;&lt;tr&gt;&lt;td colspan="3"&gt;&lt;a href="selenium-screenshot-22.png"&gt;&lt;img src="selenium-screenshot-22.png" width="800px"&gt;&lt;/a&gt;</msg>
<status status="PASS" starttime="20200528 18:36:54.103" endtime="20200528 18:36:54.474"></status>
</kw>
<status status="PASS" starttime="20200528 18:36:54.103" endtime="20200528 18:36:54.474"></status>
</kw>
<status status="FAIL" starttime="20200528 18:36:28.881" endtime="20200528 18:36:54.477" critical="yes">Element with locator '//span[contains(text(), '+')]//..//..//label' not found.</status>
</test>
<kw name="End Session" library="base" type="teardown">
<kw name="Close Browser" library="SeleniumLibrary">
<doc>Closes the current browser.</doc>
<status status="PASS" starttime="20200528 18:36:54.480" endtime="20200528 18:36:56.605"></status>
</kw>
<kw name="Stop Video Recording" library="ScreenCapLibrary">
<doc>Stops the video recording corresponding to the given ``alias`` and generates the file in WebM format. If no
``alias`` is specified, the last opened recording will be closed. If there are more recordings with the same
alias all of them will be closed. If ``embed`` argument was set to
``True`` the video will be displayed in the log file.</doc>
<msg timestamp="20200528 18:36:57.606" level="INFO" html="yes">&lt;a href="recording_4.webm"&gt;&lt;video width="800px" autoplay&gt;&lt;source src="recording_4.webm" type="video/webm"&gt;&lt;/video&gt;&lt;/a&gt;</msg>
<status status="PASS" starttime="20200528 18:36:56.605" endtime="20200528 18:36:57.607"></status>
</kw>
<status status="PASS" starttime="20200528 18:36:54.480" endtime="20200528 18:36:57.607"></status>
</kw>
<status status="FAIL" starttime="20200528 18:36:27.643" endtime="20200528 18:36:57.607"></status>
</suite>
<suite id="s1-s6" name="CM 610 O Resumo do pedido não esta refletindo a quantidade de entrega na tela de entregas." source="C:\FastShop_hz\tests\CM_610_O Resumo do pedido não esta refletindo a quantidade de entrega na tela de entregas..robot">
<kw name="Start Session" library="base" type="setup">
<kw name="Open Browser" library="SeleniumLibrary">
<doc>Opens a new browser instance to the optional ``url``.</doc>
<arguments>
<arg>about:blank</arg>
<arg>chrome</arg>
</arguments>
<msg timestamp="20200528 18:36:57.630" level="INFO">Opening browser 'chrome' to base url 'about:blank'.</msg>
<status status="PASS" starttime="20200528 18:36:57.630" endtime="20200528 18:36:58.697"></status>
</kw>
<kw name="Set Selenium Implicit Wait" library="SeleniumLibrary">
<doc>Sets the implicit wait value used by Selenium.</doc>
<arguments>
<arg>10</arg>
</arguments>
<status status="PASS" starttime="20200528 18:36:58.697" endtime="20200528 18:36:58.699"></status>
</kw>
<kw name="Maximize Browser Window" library="SeleniumLibrary">
<doc>Maximizes current browser window.</doc>
<status status="PASS" starttime="20200528 18:36:58.699" endtime="20200528 18:36:58.812"></status>
</kw>
<kw name="Start Video Recording" library="ScreenCapLibrary">
<doc>Starts the recording of a video in the background with the specified ``name``.
The recording can be stopped by calling the `Stop Video Recording` keyword.</doc>
<status status="PASS" starttime="20200528 18:36:58.812" endtime="20200528 18:36:58.814"></status>
</kw>
<status status="PASS" starttime="20200528 18:36:57.630" endtime="20200528 18:36:58.814"></status>
</kw>
<test id="s1-s6-t1" name="INSERIR DOIS PRODUTOS NO CARRINHO COM SERVIÇO COM ENTREGAS EXIBIDAS DE MANEIRA CORRETA">
<kw name="Busca de dois produtos, verificação e adição ao carrinho de um item no site da FASTSHOP com serviço">
<arguments>
<arg>941.861.830-31</arg>
<arg>12345678</arg>
<arg>SGWD11M44530W1</arg>
<arg>UXX512FJEJ228B</arg>
<arg>EXDB84X2</arg>
<arg>LG50UM7510PSBB</arg>
<arg>AEMWHJ2BZACNZB</arg>
</arguments>
<kw name="Dado que acesso e verifico que estou no site da FASTSHOP" library="setup_hz">
<kw name="Delete All Cookies" library="SeleniumLibrary">
<doc>Deletes all cookies.</doc>
<status status="PASS" starttime="20200528 18:36:58.817" endtime="20200528 18:36:58.823"></status>
</kw>
<kw name="Go To" library="SeleniumLibrary">
<doc>Navigates the current browser window to the provided ``url``.</doc>
<arguments>
<arg>${BASE_URL}</arg>
</arguments>
<msg timestamp="20200528 18:36:58.824" level="INFO">Opening url 'http://webapp2-qa.fastshop.com.br/'</msg>
<status status="PASS" starttime="20200528 18:36:58.823" endtime="20200528 18:37:01.552"></status>
</kw>
<status status="PASS" starttime="20200528 18:36:58.816" endtime="20200528 18:37:01.552"></status>
</kw>
<kw name="Quando é preenchido o campo de busca ${busca_produto}, verifico se o mesmo é retornado na lista" library="setup_hz">
<kw name="Go To" library="SeleniumLibrary">
<doc>Navigates the current browser window to the provided ``url``.</doc>
<arguments>
<arg>${BASE_URL}web/p/d/${busca_produto}/teste</arg>
</arguments>
<msg timestamp="20200528 18:37:01.553" level="INFO">Opening url 'http://webapp2-qa.fastshop.com.br/web/p/d/SGWD11M44530W1/teste'</msg>
<status status="PASS" starttime="20200528 18:37:01.553" endtime="20200528 18:37:04.386"></status>
</kw>
<kw name="Wait Until Element Is Visible" library="SeleniumLibrary">
<doc>Waits until the element ``locator`` is visible.</doc>
<arguments>
<arg>${SPAN_ADICIONAR_AO_CARRINHO}</arg>
<arg>20</arg>
</arguments>
<status status="PASS" starttime="20200528 18:37:04.386" endtime="20200528 18:37:06.064"></status>
</kw>
<kw name="Get Text" library="SeleniumLibrary">
<doc>Returns the text value of the element identified by ``locator``.</doc>
<arguments>
<arg>${H1_NOME_DO_PRODUTO}</arg>
</arguments>
<assign>
<var>${PRODUTO}</var>
</assign>
<msg timestamp="20200528 18:37:06.100" level="INFO">${PRODUTO} = Lava &amp; Seca 11 Kg Samsung Eco Bubble Branco com 12 Programas de Lavagem - WD11M44530W</msg>
<status status="PASS" starttime="20200528 18:37:06.064" endtime="20200528 18:37:06.100"></status>
</kw>
<kw name="Set Global Variable" library="BuiltIn">
<doc>Makes a variable available globally in all tests and suites.</doc>
<arguments>
<arg>${PRODUTO}</arg>
</arguments>
<msg timestamp="20200528 18:37:06.101" level="INFO">${PRODUTO} = Lava &amp; Seca 11 Kg Samsung Eco Bubble Branco com 12 Programas de Lavagem - WD11M44530W</msg>
<status status="PASS" starttime="20200528 18:37:06.100" endtime="20200528 18:37:06.101"></status>
</kw>
<kw name="Log" library="BuiltIn">
<doc>Logs the given message with the given level.</doc>
<arguments>
<arg>${PRODUTO}</arg>
</arguments>
<msg timestamp="20200528 18:37:06.102" level="INFO">Lava &amp; Seca 11 Kg Samsung Eco Bubble Branco com 12 Programas de Lavagem - WD11M44530W</msg>
<status status="PASS" starttime="20200528 18:37:06.101" endtime="20200528 18:37:06.102"></status>
</kw>
<kw name="Element Text Should Be" library="SeleniumLibrary">
<doc>Verifies that element ``locator`` contains exact the text ``expected``.</doc>
<arguments>
<arg>${H2_NOME_DO_PRODUTO}</arg>
<arg>${busca_produto}</arg>
</arguments>
<msg timestamp="20200528 18:37:06.102" level="INFO">Verifying element '//h2[@class='product-detail-partnumber']' contains exact text 'SGWD11M44530W1'.</msg>
<status status="PASS" starttime="20200528 18:37:06.102" endtime="20200528 18:37:06.130"></status>
</kw>
<kw name="Set Focus To Element" library="SeleniumLibrary">
<doc>Sets the focus to the element identified by ``locator``.</doc>
<arguments>
<arg>${SPAN_ADICIONAR_AO_CARRINHO}</arg>
</arguments>
<status status="PASS" starttime="20200528 18:37:06.131" endtime="20200528 18:37:06.151"></status>
</kw>
<kw name="Click Element" library="SeleniumLibrary">
<doc>Click the element identified by ``locator``.</doc>
<arguments>
<arg>${SPAN_ADICIONAR_AO_CARRINHO}</arg>
</arguments>
<msg timestamp="20200528 18:37:06.152" level="INFO">Clicking element '//span[@class='lb-add-cart']'.</msg>
<status status="PASS" starttime="20200528 18:37:06.151" endtime="20200528 18:37:06.267"></status>
</kw>
<kw name="Capture Page Screenshot" library="SeleniumLibrary">
<doc>Takes a screenshot of the current page and embeds it into a log file.</doc>
<msg timestamp="20200528 18:37:06.753" level="INFO" html="yes">&lt;/td&gt;&lt;/tr&gt;&lt;tr&gt;&lt;td colspan="3"&gt;&lt;a href="selenium-screenshot-23.png"&gt;&lt;img src="selenium-screenshot-23.png" width="800px"&gt;&lt;/a&gt;</msg>
<status status="PASS" starttime="20200528 18:37:06.267" endtime="20200528 18:37:06.754"></status>
</kw>
<status status="PASS" starttime="20200528 18:37:01.552" endtime="20200528 18:37:06.754"></status>
</kw>
<kw name="E e logo no site com o CPF ${cpf} e a senha ${senha}" library="setup_hz">
<kw name="Wait Until Element Is Visible" library="SeleniumLibrary">
<doc>Waits until the element ``locator`` is visible.</doc>
<arguments>
<arg>${ID_LOGIN_CPF}</arg>
<arg>10</arg>
</arguments>
<status status="PASS" starttime="20200528 18:37:06.755" endtime="20200528 18:37:06.899"></status>
</kw>
<kw name="Input Text" library="SeleniumLibrary">
<doc>Types the given ``text`` into the text field identified by ``locator``.</doc>
<arguments>
<arg>${ID_LOGIN_CPF}</arg>
<arg>${cpf}</arg>
</arguments>
<msg timestamp="20200528 18:37:06.900" level="INFO">Typing text '941.861.830-31' into text field 'id:document'.</msg>
<status status="PASS" starttime="20200528 18:37:06.900" endtime="20200528 18:37:07.082"></status>
</kw>
<kw name="Input Text" library="SeleniumLibrary">
<doc>Types the given ``text`` into the text field identified by ``locator``.</doc>
<arguments>
<arg>${ID_LOGIN_SENHA}</arg>
<arg>${senha}</arg>
</arguments>
<msg timestamp="20200528 18:37:07.083" level="INFO">Typing text '12345678' into text field 'id:password'.</msg>
<status status="PASS" starttime="20200528 18:37:07.082" endtime="20200528 18:37:07.283"></status>
</kw>
<kw name="Click Element" library="SeleniumLibrary">
<doc>Click the element identified by ``locator``.</doc>
<arguments>
<arg>${BUTTON_CONFIRMAR_VERDE}</arg>
[...]
<status status="PASS" starttime="20200528 18:39:13.730" endtime="20200528 18:39:14.222"></status>
</kw>
<status status="PASS" starttime="20200528 18:39:10.931" endtime="20200528 18:39:14.222"></status>
</kw>
<kw name="Entao será apresentada a mensagem que o cpf é inválido ${mensagem_login_cpf_invalido}" library="setup_hz">
<kw name="Element Text Should Be" library="SeleniumLibrary">
<doc>Verifies that element ``locator`` contains exact the text ``expected``.</doc>
<arguments>
<arg>${DIV_CPF_INVALIDO}</arg>
<arg>${mensagem_login_cpf_invalido}</arg>
</arguments>
<msg timestamp="20200528 18:39:14.223" level="INFO">Verifying element '//div[@class='invalid-feedback']' contains exact text 'Informe um CPF válido'.</msg>
<status status="PASS" starttime="20200528 18:39:14.223" endtime="20200528 18:39:14.248"></status>
</kw>
<kw name="Capture Page Screenshot" library="SeleniumLibrary">
<doc>Takes a screenshot of the current page and embeds it into a log file.</doc>
<msg timestamp="20200528 18:39:14.650" level="INFO" html="yes">&lt;/td&gt;&lt;/tr&gt;&lt;tr&gt;&lt;td colspan="3"&gt;&lt;a href="selenium-screenshot-50.png"&gt;&lt;img src="selenium-screenshot-50.png" width="800px"&gt;&lt;/a&gt;</msg>
<status status="PASS" starttime="20200528 18:39:14.248" endtime="20200528 18:39:14.650"></status>
</kw>
<status status="PASS" starttime="20200528 18:39:14.222" endtime="20200528 18:39:14.650"></status>
</kw>
<status status="PASS" starttime="20200528 18:39:09.988" endtime="20200528 18:39:14.650"></status>
</kw>
<kw name="Realizar login com CPF inválido">
<arguments>
<arg>941.861.830-36</arg>
<arg>12345678</arg>
<arg>Informe um CPF válido</arg>
</arguments>
<kw name="Dado que acesso e verifico que estou no site da FASTSHOP" library="setup_hz">
<kw name="Delete All Cookies" library="SeleniumLibrary">
<doc>Deletes all cookies.</doc>
<status status="PASS" starttime="20200528 18:39:14.653" endtime="20200528 18:39:14.809"></status>
</kw>
<kw name="Go To" library="SeleniumLibrary">
<doc>Navigates the current browser window to the provided ``url``.</doc>
<arguments>
<arg>${BASE_URL}</arg>
</arguments>
<msg timestamp="20200528 18:39:14.809" level="INFO">Opening url 'http://webapp2-qa.fastshop.com.br/'</msg>
<status status="PASS" starttime="20200528 18:39:14.809" endtime="20200528 18:39:15.618"></status>
</kw>
<status status="PASS" starttime="20200528 18:39:14.653" endtime="20200528 18:39:15.618"></status>
</kw>
<kw name="Quando tento logar com o usuário ${usuario} e insiro a sua senha ${senha}" library="setup_hz">
<kw name="Go To" library="SeleniumLibrary">
<doc>Navigates the current browser window to the provided ``url``.</doc>
<arguments>
<arg>${BASE_URL}web/login</arg>
</arguments>
<msg timestamp="20200528 18:39:15.620" level="INFO">Opening url 'http://webapp2-qa.fastshop.com.br/web/login'</msg>
<status status="PASS" starttime="20200528 18:39:15.619" endtime="20200528 18:39:16.770"></status>
</kw>
<kw name="Input Text" library="SeleniumLibrary">
<doc>Types the given ``text`` into the text field identified by ``locator``.</doc>
<arguments>
<arg>${ID_LOGIN_CPF}</arg>
<arg>${usuario}</arg>
</arguments>
<msg timestamp="20200528 18:39:16.771" level="INFO">Typing text '941.861.830-36' into text field 'id:document'.</msg>
<status status="PASS" starttime="20200528 18:39:16.770" endtime="20200528 18:39:16.933"></status>
</kw>
<kw name="Input Text" library="SeleniumLibrary">
<doc>Types the given ``text`` into the text field identified by ``locator``.</doc>
<arguments>
<arg>${ID_LOGIN_SENHA}</arg>
<arg>${senha}</arg>
</arguments>
<msg timestamp="20200528 18:39:16.933" level="INFO">Typing text '12345678' into text field 'id:password'.</msg>
<status status="PASS" starttime="20200528 18:39:16.933" endtime="20200528 18:39:17.099"></status>
</kw>
<kw name="Click Element" library="SeleniumLibrary">
<doc>Click the element identified by ``locator``.</doc>
<arguments>
<arg>${BUTTON_CONFIRMAR_VERDE}</arg>
</arguments>
<msg timestamp="20200528 18:39:17.100" level="INFO">Clicking element '//button[@class='btn btn-green']'.</msg>
<status status="PASS" starttime="20200528 18:39:17.099" endtime="20200528 18:39:17.216"></status>
</kw>
<kw name="Capture Page Screenshot" library="SeleniumLibrary">
<doc>Takes a screenshot of the current page and embeds it into a log file.</doc>
<msg timestamp="20200528 18:39:17.608" level="INFO" html="yes">&lt;/td&gt;&lt;/tr&gt;&lt;tr&gt;&lt;td colspan="3"&gt;&lt;a href="selenium-screenshot-51.png"&gt;&lt;img src="selenium-screenshot-51.png" width="800px"&gt;&lt;/a&gt;</msg>
<status status="PASS" starttime="20200528 18:39:17.217" endtime="20200528 18:39:17.609"></status>
</kw>
<status status="PASS" starttime="20200528 18:39:15.618" endtime="20200528 18:39:17.609"></status>
</kw>
<kw name="Entao será apresentada a mensagem que o cpf é inválido ${mensagem_login_cpf_invalido}" library="setup_hz">
<kw name="Element Text Should Be" library="SeleniumLibrary">
<doc>Verifies that element ``locator`` contains exact the text ``expected``.</doc>
<arguments>
<arg>${DIV_CPF_INVALIDO}</arg>
<arg>${mensagem_login_cpf_invalido}</arg>
</arguments>
<msg timestamp="20200528 18:39:17.610" level="INFO">Verifying element '//div[@class='invalid-feedback']' contains exact text 'Informe um CPF válido'.</msg>
<status status="PASS" starttime="20200528 18:39:17.610" endtime="20200528 18:39:17.634"></status>
</kw>
<kw name="Capture Page Screenshot" library="SeleniumLibrary">
<doc>Takes a screenshot of the current page and embeds it into a log file.</doc>
<msg timestamp="20200528 18:39:18.029" level="INFO" html="yes">&lt;/td&gt;&lt;/tr&gt;&lt;tr&gt;&lt;td colspan="3"&gt;&lt;a href="selenium-screenshot-52.png"&gt;&lt;img src="selenium-screenshot-52.png" width="800px"&gt;&lt;/a&gt;</msg>
<status status="PASS" starttime="20200528 18:39:17.635" endtime="20200528 18:39:18.029"></status>
</kw>
<status status="PASS" starttime="20200528 18:39:17.609" endtime="20200528 18:39:18.029"></status>
</kw>
<status status="PASS" starttime="20200528 18:39:14.652" endtime="20200528 18:39:18.029"></status>
</kw>
<kw name="End Test" library="base" type="teardown">
<kw name="Capture Page Screenshot" library="SeleniumLibrary">
<doc>Takes a screenshot of the current page and embeds it into a log file.</doc>
<msg timestamp="20200528 18:39:18.416" level="INFO" html="yes">&lt;/td&gt;&lt;/tr&gt;&lt;tr&gt;&lt;td colspan="3"&gt;&lt;a href="selenium-screenshot-53.png"&gt;&lt;img src="selenium-screenshot-53.png" width="800px"&gt;&lt;/a&gt;</msg>
<status status="PASS" starttime="20200528 18:39:18.032" endtime="20200528 18:39:18.416"></status>
</kw>
<status status="PASS" starttime="20200528 18:39:18.031" endtime="20200528 18:39:18.416"></status>
</kw>
<status status="PASS" starttime="20200528 18:39:09.987" endtime="20200528 18:39:18.417" critical="yes"></status>
</test>
<test id="s1-s9-t4" name="LOGIN COM CAMPOS EM BRANCO">
<kw name="Realizar login com CPF inválido">
<arguments>
<arg>${EMPTY}</arg>
<arg>12234344</arg>
<arg>Campo obrigatório</arg>
</arguments>
<kw name="Dado que acesso e verifico que estou no site da FASTSHOP" library="setup_hz">
<kw name="Delete All Cookies" library="SeleniumLibrary">
<doc>Deletes all cookies.</doc>
<status status="PASS" starttime="20200528 18:39:18.421" endtime="20200528 18:39:18.506"></status>
</kw>
<kw name="Go To" library="SeleniumLibrary">
<doc>Navigates the current browser window to the provided ``url``.</doc>
<arguments>
<arg>${BASE_URL}</arg>
</arguments>
<msg timestamp="20200528 18:39:18.507" level="INFO">Opening url 'http://webapp2-qa.fastshop.com.br/'</msg>
<status status="PASS" starttime="20200528 18:39:18.507" endtime="20200528 18:39:19.294"></status>
</kw>
<status status="PASS" starttime="20200528 18:39:18.421" endtime="20200528 18:39:19.294"></status>
</kw>
<kw name="Quando tento logar com o usuário ${usuario} e insiro a sua senha ${senha}" library="setup_hz">
<kw name="Go To" library="SeleniumLibrary">
<doc>Navigates the current browser window to the provided ``url``.</doc>
<arguments>
<arg>${BASE_URL}web/login</arg>
</arguments>
<msg timestamp="20200528 18:39:19.295" level="INFO">Opening url 'http://webapp2-qa.fastshop.com.br/web/login'</msg>
<status status="PASS" starttime="20200528 18:39:19.295" endtime="20200528 18:39:21.369"></status>
</kw>
<kw name="Input Text" library="SeleniumLibrary">
<doc>Types the given ``text`` into the text field identified by ``locator``.</doc>
<arguments>
<arg>${ID_LOGIN_CPF}</arg>
<arg>${usuario}</arg>
</arguments>
<msg timestamp="20200528 18:39:21.369" level="INFO">Typing text '' into text field 'id:document'.</msg>
<status status="PASS" starttime="20200528 18:39:21.369" endtime="20200528 18:39:21.451"></status>
</kw>
<kw name="Input Text" library="SeleniumLibrary">
<doc>Types the given ``text`` into the text field identified by ``locator``.</doc>
<arguments>
<arg>${ID_LOGIN_SENHA}</arg>
<arg>${senha}</arg>
</arguments>
<msg timestamp="20200528 18:39:21.452" level="INFO">Typing text '12234344' into text field 'id:password'.</msg>
<status status="PASS" starttime="20200528 18:39:21.451" endtime="20200528 18:39:21.652"></status>
</kw>
<kw name="Click Element" library="SeleniumLibrary">
<doc>Click the element identified by ``locator``.</doc>
<arguments>
<arg>${BUTTON_CONFIRMAR_VERDE}</arg>
</arguments>
<msg timestamp="20200528 18:39:21.652" level="INFO">Clicking element '//button[@class='btn btn-green']'.</msg>
<status status="PASS" starttime="20200528 18:39:21.652" endtime="20200528 18:39:21.723"></status>
</kw>
<kw name="Capture Page Screenshot" library="SeleniumLibrary">
<doc>Takes a screenshot of the current page and embeds it into a log file.</doc>
<msg timestamp="20200528 18:39:22.175" level="INFO" html="yes">&lt;/td&gt;&lt;/tr&gt;&lt;tr&gt;&lt;td colspan="3"&gt;&lt;a href="selenium-screenshot-54.png"&gt;&lt;img src="selenium-screenshot-54.png" width="800px"&gt;&lt;/a&gt;</msg>
<status status="PASS" starttime="20200528 18:39:21.723" endtime="20200528 18:39:22.175"></status>
</kw>
<status status="PASS" starttime="20200528 18:39:19.294" endtime="20200528 18:39:22.176"></status>
</kw>
<kw name="Entao será apresentada a mensagem que o cpf é inválido ${mensagem_login_cpf_invalido}" library="setup_hz">
<kw name="Element Text Should Be" library="SeleniumLibrary">
<doc>Verifies that element ``locator`` contains exact the text ``expected``.</doc>
<arguments>
<arg>${DIV_CPF_INVALIDO}</arg>
<arg>${mensagem_login_cpf_invalido}</arg>
</arguments>
<msg timestamp="20200528 18:39:22.177" level="INFO">Verifying element '//div[@class='invalid-feedback']' contains exact text 'Campo obrigatório'.</msg>
<status status="PASS" starttime="20200528 18:39:22.176" endtime="20200528 18:39:22.199"></status>
</kw>
<kw name="Capture Page Screenshot" library="SeleniumLibrary">
<doc>Takes a screenshot of the current page and embeds it into a log file.</doc>
<msg timestamp="20200528 18:39:22.564" level="INFO" html="yes">&lt;/td&gt;&lt;/tr&gt;&lt;tr&gt;&lt;td colspan="3"&gt;&lt;a href="selenium-screenshot-55.png"&gt;&lt;img src="selenium-screenshot-55.png" width="800px"&gt;&lt;/a&gt;</msg>
<status status="PASS" starttime="20200528 18:39:22.199" endtime="20200528 18:39:22.564"></status>
</kw>
<status status="PASS" starttime="20200528 18:39:22.176" endtime="20200528 18:39:22.564"></status>
</kw>
<status status="PASS" starttime="20200528 18:39:18.420" endtime="20200528 18:39:22.565"></status>
</kw>
<kw name="Realizar login com CPF inválido">
<arguments>
<arg>34611974839</arg>
<arg>${EMPTY}</arg>
<arg>Campo obrigatório</arg>
</arguments>
<kw name="Dado que acesso e verifico que estou no site da FASTSHOP" library="setup_hz">
<kw name="Delete All Cookies" library="SeleniumLibrary">
<doc>Deletes all cookies.</doc>
<status status="PASS" starttime="20200528 18:39:22.566" endtime="20200528 18:39:22.681"></status>
</kw>
<kw name="Go To" library="SeleniumLibrary">
<doc>Navigates the current browser window to the provided ``url``.</doc>
<arguments>
<arg>${BASE_URL}</arg>
</arguments>
<msg timestamp="20200528 18:39:22.681" level="INFO">Opening url 'http://webapp2-qa.fastshop.com.br/'</msg>
<status status="PASS" starttime="20200528 18:39:22.681" endtime="20200528 18:39:23.572"></status>
</kw>
<status status="PASS" starttime="20200528 18:39:22.566" endtime="20200528 18:39:23.572"></status>
</kw>
<kw name="Quando tento logar com o usuário ${usuario} e insiro a sua senha ${senha}" library="setup_hz">
<kw name="Go To" library="SeleniumLibrary">
<doc>Navigates the current browser window to the provided ``url``.</doc>
<arguments>
<arg>${BASE_URL}web/login</arg>
</arguments>
<msg timestamp="20200528 18:39:23.575" level="INFO">Opening url 'http://webapp2-qa.fastshop.com.br/web/login'</msg>
<status status="PASS" starttime="20200528 18:39:23.574" endtime="20200528 18:39:26.412"></status>
</kw>
<kw name="Input Text" library="SeleniumLibrary">
<doc>Types the given ``text`` into the text field identified by ``locator``.</doc>
<arguments>
<arg>${ID_LOGIN_CPF}</arg>
<arg>${usuario}</arg>
</arguments>
<msg timestamp="20200528 18:39:26.413" level="INFO">Typing text '34611974839' into text field 'id:document'.</msg>
<status status="PASS" starttime="20200528 18:39:26.413" endtime="20200528 18:39:26.628"></status>
</kw>
<kw name="Input Text" library="SeleniumLibrary">
<doc>Types the given ``text`` into the text field identified by ``locator``.</doc>
<arguments>
<arg>${ID_LOGIN_SENHA}</arg>
<arg>${senha}</arg>
</arguments>
<msg timestamp="20200528 18:39:26.629" level="INFO">Typing text '' into text field 'id:password'.</msg>
<status status="PASS" starttime="20200528 18:39:26.629" endtime="20200528 18:39:26.780"></status>
</kw>
<kw name="Click Element" library="SeleniumLibrary">
<doc>Click the element identified by ``locator``.</doc>
<arguments>
<arg>${BUTTON_CONFIRMAR_VERDE}</arg>
</arguments>
<msg timestamp="20200528 18:39:26.781" level="INFO">Clicking element '//button[@class='btn btn-green']'.</msg>
<status status="PASS" starttime="20200528 18:39:26.780" endtime="20200528 18:39:26.851"></status>
</kw>
<kw name="Capture Page Screenshot" library="SeleniumLibrary">
<doc>Takes a screenshot of the current page and embeds it into a log file.</doc>
<msg timestamp="20200528 18:39:27.376" level="INFO" html="yes">&lt;/td&gt;&lt;/tr&gt;&lt;tr&gt;&lt;td colspan="3"&gt;&lt;a href="selenium-screenshot-56.png"&gt;&lt;img src="selenium-screenshot-56.png" width="800px"&gt;&lt;/a&gt;</msg>
<status status="PASS" starttime="20200528 18:39:26.851" endtime="20200528 18:39:27.376"></status>
</kw>
<status status="PASS" starttime="20200528 18:39:23.573" endtime="20200528 18:39:27.377"></status>
</kw>
<kw name="Entao será apresentada a mensagem que o cpf é inválido ${mensagem_login_cpf_invalido}" library="setup_hz">
<kw name="Element Text Should Be" library="SeleniumLibrary">
<doc>Verifies that element ``locator`` contains exact the text ``expected``.</doc>
<arguments>
<arg>${DIV_CPF_INVALIDO}</arg>
<arg>${mensagem_login_cpf_invalido}</arg>
</arguments>
<msg timestamp="20200528 18:39:27.378" level="INFO">Verifying element '//div[@class='invalid-feedback']' contains exact text 'Campo obrigatório'.</msg>
<status status="PASS" starttime="20200528 18:39:27.377" endtime="20200528 18:39:27.398"></status>
</kw>
<kw name="Capture Page Screenshot" library="SeleniumLibrary">
<doc>Takes a screenshot of the current page and embeds it into a log file.</doc>
<msg timestamp="20200528 18:39:27.777" level="INFO" html="yes">&lt;/td&gt;&lt;/tr&gt;&lt;tr&gt;&lt;td colspan="3"&gt;&lt;a href="selenium-screenshot-57.png"&gt;&lt;img src="selenium-screenshot-57.png" width="800px"&gt;&lt;/a&gt;</msg>
<status status="PASS" starttime="20200528 18:39:27.398" endtime="20200528 18:39:27.777"></status>
</kw>
<status status="PASS" starttime="20200528 18:39:27.377" endtime="20200528 18:39:27.777"></status>
</kw>
<status status="PASS" starttime="20200528 18:39:22.565" endtime="20200528 18:39:27.777"></status>
</kw>
<kw name="End Test" library="base" type="teardown">
<kw name="Capture Page Screenshot" library="SeleniumLibrary">
<doc>Takes a screenshot of the current page and embeds it into a log file.</doc>
<msg timestamp="20200528 18:39:28.163" level="INFO" html="yes">&lt;/td&gt;&lt;/tr&gt;&lt;tr&gt;&lt;td colspan="3"&gt;&lt;a href="selenium-screenshot-58.png"&gt;&lt;img src="selenium-screenshot-58.png" width="800px"&gt;&lt;/a&gt;</msg>
<status status="PASS" starttime="20200528 18:39:27.778" endtime="20200528 18:39:28.163"></status>
</kw>
<status status="PASS" starttime="20200528 18:39:27.778" endtime="20200528 18:39:28.163"></status>
</kw>
<tags>
<tag>Prioridade alta</tag>
</tags>
<status status="PASS" starttime="20200528 18:39:18.419" endtime="20200528 18:39:28.164" critical="yes"></status>
</test>
<kw name="End Session" library="base" type="teardown">
<kw name="Close Browser" library="SeleniumLibrary">
<doc>Closes the current browser.</doc>
<status status="PASS" starttime="20200528 18:39:28.167" endtime="20200528 18:39:30.398"></status>
</kw>
<kw name="Stop Video Recording" library="ScreenCapLibrary">
<doc>Stops the video recording corresponding to the given ``alias`` and generates the file in WebM format. If no
``alias`` is specified, the last opened recording will be closed. If there are more recordings with the same
alias all of them will be closed. If ``embed`` argument was set to
``True`` the video will be displayed in the log file.</doc>
<msg timestamp="20200528 18:39:31.400" level="INFO" html="yes">&lt;a href="recording_8.webm"&gt;&lt;video width="800px" autoplay&gt;&lt;source src="recording_8.webm" type="video/webm"&gt;&lt;/video&gt;&lt;/a&gt;</msg>
<status status="PASS" starttime="20200528 18:39:30.398" endtime="20200528 18:39:31.400"></status>
</kw>
<status status="PASS" starttime="20200528 18:39:28.167" endtime="20200528 18:39:31.400"></status>
</kw>
<doc>FASTSHOP - REALIZAR LOGIN
Como um novo usuário
Edwin deseja acessar o site da Fastshop
Para que ele possa navegar e realizar compras no website</doc>
<status status="FAIL" starttime="20200528 18:38:52.759" endtime="20200528 18:39:31.400"></status>
</suite>
<status status="FAIL" starttime="20200528 18:34:49.283" endtime="20200528 18:39:31.406"></status>
</suite>
<statistics>
<total>
<stat pass="4" fail="9">Critical Tests</stat>
<stat pass="4" fail="9">All Tests</stat>
</total>
<tag>
<stat pass="1" fail="0">Prioridade alta</stat>
</tag>
<suite>
<stat pass="4" fail="9" id="s1" name="Tests">Tests</stat>
<stat pass="0" fail="1" id="s1-s1" name="589 Erro ao adicionar servico de garantia e instalacao com data especifica">Tests.589 Erro ao adicionar servico de garantia e instalacao com data especifica</stat>
<stat pass="0" fail="1" id="s1-s2" name="625 Fundo do endereço de entrega está cortado, não está ocupando 100% da tela">Tests.625 Fundo do endereço de entrega está cortado, não está ocupando 100% da tela</stat>
<stat pass="0" fail="2" id="s1-s3" name="Api">Tests.Api</stat>
<stat pass="0" fail="2" id="s1-s3-s1" name="CADASTRO">Tests.Api.CADASTRO</stat>
<stat pass="0" fail="1" id="s1-s4" name="CM 588 Erro ao adicionar servico de seguro">Tests.CM 588 Erro ao adicionar servico de seguro</stat>
<stat pass="0" fail="1" id="s1-s5" name="CM 606 O cadastro de endereço esta permitindo realizar cadastro de CEP invalido">Tests.CM 606 O cadastro de endereço esta permitindo realizar cadastro de CEP invalido</stat>
<stat pass="0" fail="1" id="s1-s6" name="CM 610 O Resumo do pedido não esta refletindo a quantidade de entrega na tela de entregas.">Tests.CM 610 O Resumo do pedido não esta refletindo a quantidade de entrega na tela de entregas.</stat>
<stat pass="1" fail="0" id="s1-s7" name="CM 614 Login - Ao tentar sair(Logout) ocorre erro 401">Tests.CM 614 Login - Ao tentar sair(Logout) ocorre erro 401</stat>
<stat pass="0" fail="1" id="s1-s8" name="INSERIR PRODUTO CARRINHO">Tests.INSERIR PRODUTO CARRINHO</stat>
<stat pass="3" fail="1" id="s1-s9" name="LOGIN PESSOA FISICA.">Tests.LOGIN PESSOA FISICA.</stat>
</suite>
</statistics>
<errors>
</errors>
</robot>
