<?xml version="1.0" encoding="UTF-8"?>
<robot generator="Robot 3.2rc1 (Python 3.8.1 on win32)" generated="20200520 09:33:37.792" rpa="false">
<suite id="s1" name="Tests" source="C:\FastShop_hz\tests">
<suite id="s1-s1" name="INSERIR PRODUTO CARRINHO" source="C:\FastShop_hz\tests\INSERIR_PRODUTO_CARRINHO.robot">
<kw name="Start Session" library="base" type="setup">
<kw name="Open Browser" library="SeleniumLibrary">
<doc>Opens a new browser instance to the optional ``url``.</doc>
<arguments>
<arg>about:blank</arg>
<arg>chrome</arg>
</arguments>
<msg timestamp="20200520 09:33:38.270" level="INFO">Opening browser 'chrome' to base url 'about:blank'.</msg>
<status status="PASS" starttime="20200520 09:33:38.270" endtime="20200520 09:33:39.345"></status>
</kw>
<kw name="Set Selenium Implicit Wait" library="SeleniumLibrary">
<doc>Sets the implicit wait value used by Selenium.</doc>
<arguments>
<arg>10</arg>
</arguments>
<status status="PASS" starttime="20200520 09:33:39.346" endtime="20200520 09:33:39.347"></status>
</kw>
<kw name="Maximize Browser Window" library="SeleniumLibrary">
<doc>Maximizes current browser window.</doc>
<status status="PASS" starttime="20200520 09:33:39.347" endtime="20200520 09:33:39.461"></status>
</kw>
<status status="PASS" starttime="20200520 09:33:38.270" endtime="20200520 09:33:39.461"></status>
</kw>
<test id="s1-s1-t1" name="INSERIR UM PRODUTO NO CARRINHO">
<kw name="Busca, verificação e adição ao carrinho de um item no site da FASTSHOP">
<arguments>
<arg>941.861.830-31</arg>
<arg>12345678</arg>
<arg>AEMWHJ2BZACNZB</arg>
</arguments>
<kw name="Dado que acesso e verifico que estou no site da FASTSHOP" library="setup_hz">
<kw name="Go To" library="SeleniumLibrary">
<doc>Navigates the current browser window to the provided ``url``.</doc>
<arguments>
<arg>${BASE_URL}</arg>
</arguments>
<msg timestamp="20200520 09:33:39.463" level="INFO">Opening url 'http://webapp2-qa.fastshop.com.br/'</msg>
<status status="PASS" starttime="20200520 09:33:39.463" endtime="20200520 09:33:42.080"></status>
</kw>
<kw name="Title Should Be" library="SeleniumLibrary">
<doc>Verifies that the current page title equals ``title``.</doc>
<arguments>
<arg>Bem-vindo à Fast Shop</arg>
</arguments>
<msg timestamp="20200520 09:33:43.571" level="INFO">Page title is 'Bem-vindo à Fast Shop'.</msg>
<status status="PASS" starttime="20200520 09:33:42.080" endtime="20200520 09:33:43.572"></status>
</kw>
<status status="PASS" starttime="20200520 09:33:39.463" endtime="20200520 09:33:43.572"></status>
</kw>
<kw name="Quando é preenchido o campo de busca ${busca_produto}, verifico se o mesmo é retornado na lista" library="setup_hz">
<kw name="Go To" library="SeleniumLibrary">
<doc>Navigates the current browser window to the provided ``url``.</doc>
<arguments>
<arg>${BASE_URL}web/p/d/${busca_produto}/teste</arg>
</arguments>
<msg timestamp="20200520 09:33:43.573" level="INFO">Opening url 'http://webapp2-qa.fastshop.com.br/web/p/d/AEMWHJ2BZACNZB/teste'</msg>
<status status="PASS" starttime="20200520 09:33:43.573" endtime="20200520 09:33:44.647"></status>
</kw>
<kw name="Wait Until Element Is Visible" library="SeleniumLibrary">
<doc>Waits until the element ``locator`` is visible.</doc>
<arguments>
<arg>${SPAN_ADICIONAR_AO_CARRINHO}</arg>
<arg>10</arg>
</arguments>
<status status="PASS" starttime="20200520 09:33:44.647" endtime="20200520 09:33:45.494"></status>
</kw>
<kw name="Get Text" library="SeleniumLibrary">
<doc>Returns the text value of the element identified by ``locator``.</doc>
<arguments>
<arg>${H1_NOME_DO_PRODUTO}</arg>
</arguments>
<assign>
<var>${PRODUTO}</var>
</assign>
<msg timestamp="20200520 09:33:45.525" level="INFO">${PRODUTO} = iPhone 11 Pro Max Cinza Espacial, com Tela de 6,5”, 4G, 256 GB e Câmera de 12 MP - MWHJ2BZ/A</msg>
<status status="PASS" starttime="20200520 09:33:45.494" endtime="20200520 09:33:45.525"></status>
</kw>
<kw name="Set Global Variable" library="BuiltIn">
<doc>Makes a variable available globally in all tests and suites.</doc>
<arguments>
<arg>${PRODUTO}</arg>
</arguments>
<msg timestamp="20200520 09:33:45.526" level="INFO">${PRODUTO} = iPhone 11 Pro Max Cinza Espacial, com Tela de 6,5”, 4G, 256 GB e Câmera de 12 MP - MWHJ2BZ/A</msg>
<status status="PASS" starttime="20200520 09:33:45.525" endtime="20200520 09:33:45.526"></status>
</kw>
<kw name="Log" library="BuiltIn">
<doc>Logs the given message with the given level.</doc>
<arguments>
<arg>${PRODUTO}</arg>
</arguments>
<msg timestamp="20200520 09:33:45.526" level="INFO">iPhone 11 Pro Max Cinza Espacial, com Tela de 6,5”, 4G, 256 GB e Câmera de 12 MP - MWHJ2BZ/A</msg>
<status status="PASS" starttime="20200520 09:33:45.526" endtime="20200520 09:33:45.526"></status>
</kw>
<kw name="Element Text Should Be" library="SeleniumLibrary">
<doc>Verifies that element ``locator`` contains exact the text ``expected``.</doc>
<arguments>
<arg>${H2_NOME_DO_PRODUTO}</arg>
<arg>${busca_produto}</arg>
</arguments>
<msg timestamp="20200520 09:33:45.527" level="INFO">Verifying element '//h2[@class='product-detail-partnumber']' contains exact text 'AEMWHJ2BZACNZB'.</msg>
<status status="PASS" starttime="20200520 09:33:45.526" endtime="20200520 09:33:45.549"></status>
</kw>
<kw name="Set Focus To Element" library="SeleniumLibrary">
<doc>Sets the focus to the element identified by ``locator``.</doc>
<arguments>
<arg>${SPAN_ADICIONAR_AO_CARRINHO}</arg>
</arguments>
<status status="PASS" starttime="20200520 09:33:45.550" endtime="20200520 09:33:45.561"></status>
</kw>
<kw name="Click Element" library="SeleniumLibrary">
<doc>Click the element identified by ``locator``.</doc>
<arguments>
<arg>${SPAN_ADICIONAR_AO_CARRINHO}</arg>
</arguments>
<msg timestamp="20200520 09:33:45.561" level="INFO">Clicking element '//span[@class='lb-add-cart']'.</msg>
<status status="PASS" starttime="20200520 09:33:45.561" endtime="20200520 09:33:45.612"></status>
</kw>
<kw name="Capture Page Screenshot" library="SeleniumLibrary">
<doc>Takes a screenshot of the current page and embeds it into a log file.</doc>
<msg timestamp="20200520 09:33:46.154" level="INFO" html="yes">&lt;/td&gt;&lt;/tr&gt;&lt;tr&gt;&lt;td colspan="3"&gt;&lt;a href="selenium-screenshot-217.png"&gt;&lt;img src="selenium-screenshot-217.png" width="800px"&gt;&lt;/a&gt;</msg>
<status status="PASS" starttime="20200520 09:33:45.613" endtime="20200520 09:33:46.155"></status>
</kw>
<status status="PASS" starttime="20200520 09:33:43.572" endtime="20200520 09:33:46.155"></status>
</kw>
<kw name="E e logo no site com o CPF ${cpf} e a senha ${senha}" library="setup_hz">
<kw name="Wait Until Element Is Visible" library="SeleniumLibrary">
<doc>Waits until the element ``locator`` is visible.</doc>
<arguments>
<arg>${ID_LOGIN_CPF}</arg>
<arg>10</arg>
</arguments>
<status status="PASS" starttime="20200520 09:33:46.155" endtime="20200520 09:33:46.339"></status>
</kw>
<kw name="Input Text" library="SeleniumLibrary">
<doc>Types the given ``text`` into the text field identified by ``locator``.</doc>
<arguments>
<arg>${ID_LOGIN_CPF}</arg>
<arg>${cpf}</arg>
</arguments>
<msg timestamp="20200520 09:33:46.340" level="INFO">Typing text '941.861.830-31' into text field 'id:document'.</msg>
<status status="PASS" starttime="20200520 09:33:46.340" endtime="20200520 09:33:46.539"></status>
</kw>
<kw name="Input Text" library="SeleniumLibrary">
<doc>Types the given ``text`` into the text field identified by ``locator``.</doc>
<arguments>
<arg>${ID_LOGIN_SENHA}</arg>
<arg>${senha}</arg>
</arguments>
<msg timestamp="20200520 09:33:46.540" level="INFO">Typing text '12345678' into text field 'id:password'.</msg>
<status status="PASS" starttime="20200520 09:33:46.540" endtime="20200520 09:33:46.710"></status>
</kw>
<kw name="Click Element" library="SeleniumLibrary">
<doc>Click the element identified by ``locator``.</doc>
<arguments>
<arg>${BUTTON_CONFIRMAR_VERDE}</arg>
</arguments>
<msg timestamp="20200520 09:33:46.710" level="INFO">Clicking element '//button[@class='btn btn-green']'.</msg>
<status status="PASS" starttime="20200520 09:33:46.710" endtime="20200520 09:33:46.793"></status>
</kw>
<kw name="Capture Page Screenshot" library="SeleniumLibrary">
<doc>Takes a screenshot of the current page and embeds it into a log file.</doc>
<msg timestamp="20200520 09:33:47.239" level="INFO" html="yes">&lt;/td&gt;&lt;/tr&gt;&lt;tr&gt;&lt;td colspan="3"&gt;&lt;a href="selenium-screenshot-218.png"&gt;&lt;img src="selenium-screenshot-218.png" width="800px"&gt;&lt;/a&gt;</msg>
<status status="PASS" starttime="20200520 09:33:46.793" endtime="20200520 09:33:47.239"></status>
</kw>
<kw name="Sleep" library="BuiltIn">
<doc>Pauses the test executed for the given time.</doc>
<arguments>
<arg>5</arg>
</arguments>
<msg timestamp="20200520 09:33:52.240" level="INFO">Slept 5 seconds</msg>
<status status="PASS" starttime="20200520 09:33:47.239" endtime="20200520 09:33:52.240"></status>
</kw>
<kw name="Go To" library="SeleniumLibrary">
<doc>Navigates the current browser window to the provided ``url``.</doc>
<arguments>
<arg>${CARRINHO_URL}</arg>
</arguments>
<msg timestamp="20200520 09:33:52.241" level="INFO">Opening url 'http://webapp2-qa.fastshop.com.br/web/checkout-v2/carrinho'</msg>
<status status="PASS" starttime="20200520 09:33:52.240" endtime="20200520 09:33:52.841"></status>
</kw>
<status status="PASS" starttime="20200520 09:33:46.155" endtime="20200520 09:33:52.841"></status>
</kw>
<kw name="Então o produto ${busca_produto} é adicionado e verificado que está no carrinho" library="setup_hz">
<kw name="Wait Until Element Is Visible" library="SeleniumLibrary">
<doc>Waits until the element ``locator`` is visible.</doc>
<arguments>
<arg>${BUTTON_CONTINUAR_COMPRA_VERDE}</arg>
<arg>10</arg>
</arguments>
<status status="PASS" starttime="20200520 09:33:52.842" endtime="20200520 09:33:55.261"></status>
</kw>
<kw name="Set Focus To Element" library="SeleniumLibrary">
<doc>Sets the focus to the element identified by ``locator``.</doc>
<arguments>
<arg>${BUTTON_CONTINUAR_COMPRA_VERDE}</arg>
</arguments>
<status status="PASS" starttime="20200520 09:33:55.261" endtime="20200520 09:33:55.274"></status>
</kw>
<kw name="Capture Page Screenshot" library="SeleniumLibrary">
<doc>Takes a screenshot of the current page and embeds it into a log file.</doc>
<msg timestamp="20200520 09:33:55.706" level="INFO" html="yes">&lt;/td&gt;&lt;/tr&gt;&lt;tr&gt;&lt;td colspan="3"&gt;&lt;a href="selenium-screenshot-219.png"&gt;&lt;img src="selenium-screenshot-219.png" width="800px"&gt;&lt;/a&gt;</msg>
<status status="PASS" starttime="20200520 09:33:55.274" endtime="20200520 09:33:55.706"></status>
</kw>
<kw name="Click Element" library="SeleniumLibrary">
<doc>Click the element identified by ``locator``.</doc>
<arguments>
<arg>${BUTTON_CONTINUAR_COMPRA_VERDE}</arg>
</arguments>
<msg timestamp="20200520 09:33:55.707" level="INFO">Clicking element '//button[contains(text(), 'Continuar compra')]'.</msg>
<status status="PASS" starttime="20200520 09:33:55.706" endtime="20200520 09:33:55.776"></status>
</kw>
<kw name="Wait Until Element Is Visible" library="SeleniumLibrary">
<doc>Waits until the element ``locator`` is visible.</doc>
<arguments>
<arg>${A_ADICIONAR_NOVO_ENDERECO}</arg>
<arg>10</arg>
</arguments>
<status status="PASS" starttime="20200520 09:33:55.776" endtime="20200520 09:33:57.710"></status>
</kw>
<kw name="Set Focus To Element" library="SeleniumLibrary">
<doc>Sets the focus to the element identified by ``locator``.</doc>
<arguments>
<arg>${BUTTON_CONTINUAR_VERDE_ENDERECO}</arg>
</arguments>
<status status="PASS" starttime="20200520 09:33:57.711" endtime="20200520 09:33:57.728"></status>
</kw>
<kw name="Capture Page Screenshot" library="SeleniumLibrary">
<doc>Takes a screenshot of the current page and embeds it into a log file.</doc>
<msg timestamp="20200520 09:33:58.207" level="INFO" html="yes">&lt;/td&gt;&lt;/tr&gt;&lt;tr&gt;&lt;td colspan="3"&gt;&lt;a href="selenium-screenshot-220.png"&gt;&lt;img src="selenium-screenshot-220.png" width="800px"&gt;&lt;/a&gt;</msg>
<status status="PASS" starttime="20200520 09:33:57.728" endtime="20200520 09:33:58.207"></status>
</kw>
<kw name="Click Element" library="SeleniumLibrary">
<doc>Click the element identified by ``locator``.</doc>
<arguments>
<arg>${BUTTON_CONTINUAR_VERDE_ENDERECO}</arg>
</arguments>
<msg timestamp="20200520 09:33:58.208" level="INFO">Clicking element '(//button[contains(text(), 'Continuar')])[last()]'.</msg>
<status status="PASS" starttime="20200520 09:33:58.207" endtime="20200520 09:33:58.253"></status>
</kw>
<kw name="Wait Until Element Is Visible" library="SeleniumLibrary">
<doc>Waits until the element ``locator`` is visible.</doc>
<arguments>
<arg>${DIV_QUANDO_RECEBER}</arg>
<arg>10</arg>
</arguments>
<status status="PASS" starttime="20200520 09:33:58.253" endtime="20200520 09:34:01.973"></status>
</kw>
<kw name="Wait Until Element Is Visible" library="SeleniumLibrary">
<doc>Waits until the element ``locator`` is visible.</doc>
<arguments>
<arg>${BUTTON_CONTINUAR_VERDE_DADOS_PESSOAIS}</arg>
<arg>10</arg>
</arguments>
<status status="PASS" starttime="20200520 09:34:01.973" endtime="20200520 09:34:01.992"></status>
</kw>
<kw name="Wait Until Element Is Visible" library="SeleniumLibrary">
<doc>Waits until the element ``locator`` is visible.</doc>
<arguments>
<arg>//span[contains(text(), '${PRODUTO}')]</arg>
</arguments>
<status status="PASS" starttime="20200520 09:34:01.993" endtime="20200520 09:34:02.016"></status>
</kw>
<kw name="Log" library="BuiltIn">
<doc>Logs the given message with the given level.</doc>
<arguments>
<arg>${PRODUTO}</arg>
</arguments>
<msg timestamp="20200520 09:34:02.017" level="INFO">iPhone 11 Pro Max Cinza Espacial, com Tela de 6,5”, 4G, 256 GB e Câmera de 12 MP - MWHJ2BZ/A</msg>
<status status="PASS" starttime="20200520 09:34:02.017" endtime="20200520 09:34:02.017"></status>
</kw>
<kw name="Set Focus To Element" library="SeleniumLibrary">
<doc>Sets the focus to the element identified by ``locator``.</doc>
<arguments>
<arg>${BUTTON_CONTINUAR_VERDE_DADOS_PESSOAIS}</arg>
</arguments>
<status status="PASS" starttime="20200520 09:34:02.017" endtime="20200520 09:34:02.031"></status>
</kw>
<kw name="Capture Page Screenshot" library="SeleniumLibrary">
<doc>Takes a screenshot of the current page and embeds it into a log file.</doc>
<msg timestamp="20200520 09:34:02.463" level="INFO" html="yes">&lt;/td&gt;&lt;/tr&gt;&lt;tr&gt;&lt;td colspan="3"&gt;&lt;a href="selenium-screenshot-221.png"&gt;&lt;img src="selenium-screenshot-221.png" width="800px"&gt;&lt;/a&gt;</msg>
<status status="PASS" starttime="20200520 09:34:02.031" endtime="20200520 09:34:02.463"></status>
</kw>
<kw name="Click Element" library="SeleniumLibrary">
<doc>Click the element identified by ``locator``.</doc>
<arguments>
<arg>${BUTTON_CONTINUAR_VERDE_DADOS_PESSOAIS}</arg>
</arguments>
<msg timestamp="20200520 09:34:02.495" level="INFO">Clicking element '(//button[contains(text(), 'Continuar')])[last()]'.</msg>
<status status="PASS" starttime="20200520 09:34:02.495" endtime="20200520 09:34:02.557"></status>
</kw>
<kw name="Wait Until Element Is Visible" library="SeleniumLibrary">
<doc>Waits until the element ``locator`` is visible.</doc>
<arguments>
<arg>${H1_ADICIONAR_SERVICO}</arg>
<arg>10</arg>
</arguments>
<status status="PASS" starttime="20200520 09:34:02.557" endtime="20200520 09:34:03.875"></status>
</kw>
<kw name="Wait Until Element Is Visible" library="SeleniumLibrary">
<doc>Waits until the element ``locator`` is visible.</doc>
<arguments>
<arg>${BUTTON_CONTINUAR_VERDE_SERVICOS}</arg>
<arg>10</arg>
</arguments>
<status status="PASS" starttime="20200520 09:34:03.875" endtime="20200520 09:34:03.890"></status>
</kw>
<kw name="Set Focus To Element" library="SeleniumLibrary">
<doc>Sets the focus to the element identified by ``locator``.</doc>
<arguments>
<arg>${BUTTON_CONTINUAR_VERDE_SERVICOS}</arg>
</arguments>
<status status="PASS" starttime="20200520 09:34:03.890" endtime="20200520 09:34:03.903"></status>
</kw>
<kw name="Capture Page Screenshot" library="SeleniumLibrary">
<doc>Takes a screenshot of the current page and embeds it into a log file.</doc>
<msg timestamp="20200520 09:34:04.280" level="INFO" html="yes">&lt;/td&gt;&lt;/tr&gt;&lt;tr&gt;&lt;td colspan="3"&gt;&lt;a href="selenium-screenshot-222.png"&gt;&lt;img src="selenium-screenshot-222.png" width="800px"&gt;&lt;/a&gt;</msg>
<status status="PASS" starttime="20200520 09:34:03.903" endtime="20200520 09:34:04.280"></status>
</kw>
<kw name="Click Element" library="SeleniumLibrary">
<doc>Click the element identified by ``locator``.</doc>
<arguments>
<arg>${BUTTON_CONTINUAR_VERDE_SERVICOS}</arg>
</arguments>
<msg timestamp="20200520 09:34:04.280" level="INFO">Clicking element '(//button[contains(text(), 'Continuar')])[last()]'.</msg>
<status status="PASS" starttime="20200520 09:34:04.280" endtime="20200520 09:34:04.334"></status>
</kw>
<kw name="Wait Until Element Is Visible" library="SeleniumLibrary">
<doc>Waits until the element ``locator`` is visible.</doc>
<arguments>
<arg>${H1_COMO_DESEJA_PAGAR}</arg>
<arg>10</arg>
</arguments>
<status status="PASS" starttime="20200520 09:34:04.334" endtime="20200520 09:34:08.552"></status>
</kw>
<kw name="Select Radio Button" library="SeleniumLibrary">
<doc>Sets the radio button group ``group_name`` to ``value``.</doc>
<arguments>
<arg>payment_option</arg>
<arg>payment-option-3</arg>
</arguments>
<msg timestamp="20200520 09:34:08.552" level="INFO">Selecting 'payment-option-3' from radio button 'payment_option'.</msg>
<status status="PASS" starttime="20200520 09:34:08.552" endtime="20200520 09:34:08.646"></status>
</kw>
<kw name="Set Focus To Element" library="SeleniumLibrary">
<doc>Sets the focus to the element identified by ``locator``.</doc>
<arguments>
<arg>${BUTTON_CONTINUAR_VERDE_PAGAMENTO}</arg>
</arguments>
<status status="PASS" starttime="20200520 09:34:08.646" endtime="20200520 09:34:08.661"></status>
</kw>
<kw name="Capture Page Screenshot" library="SeleniumLibrary">
<doc>Takes a screenshot of the current page and embeds it into a log file.</doc>
<msg timestamp="20200520 09:34:09.087" level="INFO" html="yes">&lt;/td&gt;&lt;/tr&gt;&lt;tr&gt;&lt;td colspan="3"&gt;&lt;a href="selenium-screenshot-223.png"&gt;&lt;img src="selenium-screenshot-223.png" width="800px"&gt;&lt;/a&gt;</msg>
<status status="PASS" starttime="20200520 09:34:08.661" endtime="20200520 09:34:09.087"></status>
</kw>
<kw name="Click Element" library="SeleniumLibrary">
<doc>Click the element identified by ``locator``.</doc>
<arguments>
<arg>${BUTTON_CONTINUAR_VERDE_PAGAMENTO}</arg>
</arguments>
<msg timestamp="20200520 09:34:09.087" level="INFO">Clicking element '(//button[contains(text(), 'Continuar')])[last()]'.</msg>
<status status="PASS" starttime="20200520 09:34:09.087" endtime="20200520 09:34:09.163"></status>
</kw>
<kw name="Wait Until Element Is Visible" library="SeleniumLibrary">
<doc>Waits until the element ``locator`` is visible.</doc>
<arguments>
<arg>${DIV_DESCRICAO_DO_PAGAMENTO}</arg>
<arg>10</arg>
</arguments>
<status status="PASS" starttime="20200520 09:34:09.163" endtime="20200520 09:34:09.189"></status>
</kw>
<kw name="Set Focus To Element" library="SeleniumLibrary">
<doc>Sets the focus to the element identified by ``locator``.</doc>
<arguments>
<arg>${BUTTON_CONTINUAR_VERDE_PAGAMENTO}</arg>
</arguments>
<status status="PASS" starttime="20200520 09:34:09.189" endtime="20200520 09:34:09.209"></status>
</kw>
<kw name="Capture Page Screenshot" library="SeleniumLibrary">
<doc>Takes a screenshot of the current page and embeds it into a log file.</doc>
<msg timestamp="20200520 09:34:09.644" level="INFO" html="yes">&lt;/td&gt;&lt;/tr&gt;&lt;tr&gt;&lt;td colspan="3"&gt;&lt;a href="selenium-screenshot-224.png"&gt;&lt;img src="selenium-screenshot-224.png" width="800px"&gt;&lt;/a&gt;</msg>
<status status="PASS" starttime="20200520 09:34:09.209" endtime="20200520 09:34:09.644"></status>
</kw>
<kw name="Click Element" library="SeleniumLibrary">
<doc>Click the element identified by ``locator``.</doc>
<arguments>
<arg>${BUTTON_CONTINUAR_VERDE_PAGAMENTO}</arg>
</arguments>
<msg timestamp="20200520 09:34:09.644" level="INFO">Clicking element '(//button[contains(text(), 'Continuar')])[last()]'.</msg>
<status status="PASS" starttime="20200520 09:34:09.644" endtime="20200520 09:34:09.718"></status>
</kw>
<status status="PASS" starttime="20200520 09:33:52.842" endtime="20200520 09:34:09.718"></status>
</kw>
<status status="PASS" starttime="20200520 09:33:39.462" endtime="20200520 09:34:09.718"></status>
</kw>
<kw name="End Test" library="base" type="teardown">
<kw name="Capture Page Screenshot" library="SeleniumLibrary">
<doc>Takes a screenshot of the current page and embeds it into a log file.</doc>
<msg timestamp="20200520 09:34:10.137" level="INFO" html="yes">&lt;/td&gt;&lt;/tr&gt;&lt;tr&gt;&lt;td colspan="3"&gt;&lt;a href="selenium-screenshot-225.png"&gt;&lt;img src="selenium-screenshot-225.png" width="800px"&gt;&lt;/a&gt;</msg>
<status status="PASS" starttime="20200520 09:34:09.720" endtime="20200520 09:34:10.137"></status>
</kw>
<status status="PASS" starttime="20200520 09:34:09.719" endtime="20200520 09:34:10.137"></status>
</kw>
<status status="PASS" starttime="20200520 09:33:39.461" endtime="20200520 09:34:10.138" critical="yes"></status>
</test>
<kw name="End Session" library="base" type="teardown">
<kw name="Close Browser" library="SeleniumLibrary">
<doc>Closes the current browser.</doc>
<status status="PASS" starttime="20200520 09:34:10.141" endtime="20200520 09:34:12.251"></status>
</kw>
<status status="PASS" starttime="20200520 09:34:10.140" endtime="20200520 09:34:12.251"></status>
</kw>
<doc>FASTSHOP - INSERIR PRODUTO NO CARRINHO
Para que eu possa acessar o site da FastShop, sendo um cliente, quero poder adicionar um produto ao carrinho.
1- Entre no portal da FASTSHOP
2- Faça uma busca por um produto
3- Valide o retorno da busca
4- Escolha um produto na lista
5- Adicione ao carrinho
6- Valide o produto no carrinho
7- Insira um serviço</doc>
<status status="PASS" starttime="20200520 09:33:37.825" endtime="20200520 09:34:12.251"></status>
</suite>
<status status="PASS" starttime="20200520 09:33:37.794" endtime="20200520 09:34:12.257"></status>
</suite>
<statistics>
<total>
<stat pass="1" fail="0">Critical Tests</stat>
<stat pass="1" fail="0">All Tests</stat>
</total>
<tag>
</tag>
<suite>
<stat pass="1" fail="0" id="s1" name="Tests">Tests</stat>
<stat pass="1" fail="0" id="s1-s1" name="INSERIR PRODUTO CARRINHO">Tests.INSERIR PRODUTO CARRINHO</stat>
</suite>
</statistics>
<errors>
</errors>
</robot>
