<?xml version="1.0" encoding="UTF-8"?>
<robot generator="Robot 3.2rc1 (Python 3.8.1 on win32)" generated="20200520 12:49:33.478" rpa="false">
<suite id="s1" name="LOGIN PESSOA FISICA." source="C:\FastShop_hz\tests\LOGIN_PESSOA_FISICA..robot">
<kw name="Start Session" library="base" type="setup">
<kw name="Open Browser" library="SeleniumLibrary">
<doc>Opens a new browser instance to the optional ``url``.</doc>
<arguments>
<arg>about:blank</arg>
<arg>chrome</arg>
</arguments>
<msg timestamp="20200520 12:49:34.270" level="INFO">Opening browser 'chrome' to base url 'about:blank'.</msg>
<status status="PASS" starttime="20200520 12:49:34.270" endtime="20200520 12:49:35.392"></status>
</kw>
<kw name="Set Selenium Implicit Wait" library="SeleniumLibrary">
<doc>Sets the implicit wait value used by Selenium.</doc>
<arguments>
<arg>10</arg>
</arguments>
<status status="PASS" starttime="20200520 12:49:35.392" endtime="20200520 12:49:35.395"></status>
</kw>
<kw name="Maximize Browser Window" library="SeleniumLibrary">
<doc>Maximizes current browser window.</doc>
<status status="PASS" starttime="20200520 12:49:35.396" endtime="20200520 12:49:35.519"></status>
</kw>
<status status="PASS" starttime="20200520 12:49:34.269" endtime="20200520 12:49:35.519"></status>
</kw>
<test id="s1-t1" name="LOGIN COM SUCESSO">
<kw name="Login com sucesso">
<arguments>
<arg>941.861.830-31</arg>
<arg>12345678</arg>
<arg>Teste</arg>
</arguments>
<kw name="Dado que acesso e verifico que estou no site da FASTSHOP" library="setup_hz">
<kw name="Go To" library="SeleniumLibrary">
<doc>Navigates the current browser window to the provided ``url``.</doc>
<arguments>
<arg>${BASE_URL}</arg>
</arguments>
<msg timestamp="20200520 12:49:35.522" level="INFO">Opening url 'http://webapp2-qa.fastshop.com.br/'</msg>
<status status="PASS" starttime="20200520 12:49:35.521" endtime="20200520 12:49:38.464"></status>
</kw>
<kw name="Title Should Be" library="SeleniumLibrary">
<doc>Verifies that the current page title equals ``title``.</doc>
<arguments>
<arg>Bem-vindo à Fast Shop</arg>
</arguments>
<msg timestamp="20200520 12:49:39.384" level="INFO">Page title is 'Bem-vindo à Fast Shop'.</msg>
<status status="PASS" starttime="20200520 12:49:38.464" endtime="20200520 12:49:39.384"></status>
</kw>
<status status="PASS" starttime="20200520 12:49:35.521" endtime="20200520 12:49:39.385"></status>
</kw>
<kw name="Quando logo com o usuário ${usuario_existente} e insiro a sua senha válida ${senha_valida}" library="setup_hz">
<kw name="Go To" library="SeleniumLibrary">
<doc>Navigates the current browser window to the provided ``url``.</doc>
<arguments>
<arg>${BASE_URL}web/login</arg>
</arguments>
<msg timestamp="20200520 12:49:39.386" level="INFO">Opening url 'http://webapp2-qa.fastshop.com.br/web/login'</msg>
<status status="PASS" starttime="20200520 12:49:39.386" endtime="20200520 12:49:40.891"></status>
</kw>
<kw name="Input Text" library="SeleniumLibrary">
<doc>Types the given ``text`` into the text field identified by ``locator``.</doc>
<arguments>
<arg>${ID_LOGIN_CPF}</arg>
<arg>${usuario_existente}</arg>
</arguments>
<msg timestamp="20200520 12:49:40.891" level="INFO">Typing text '941.861.830-31' into text field 'id:document'.</msg>
<status status="PASS" starttime="20200520 12:49:40.891" endtime="20200520 12:49:41.448"></status>
</kw>
<kw name="Input Text" library="SeleniumLibrary">
<doc>Types the given ``text`` into the text field identified by ``locator``.</doc>
<arguments>
<arg>${ID_LOGIN_SENHA}</arg>
<arg>${senha_valida}</arg>
</arguments>
<msg timestamp="20200520 12:49:41.449" level="INFO">Typing text '12345678' into text field 'id:password'.</msg>
<status status="PASS" starttime="20200520 12:49:41.448" endtime="20200520 12:49:41.660"></status>
</kw>
<kw name="Click Element" library="SeleniumLibrary">
<doc>Click the element identified by ``locator``.</doc>
<arguments>
<arg>${BUTTON_CONFIRMAR_VERDE}</arg>
</arguments>
<msg timestamp="20200520 12:49:41.660" level="INFO">Clicking element '//button[@class='btn btn-green']'.</msg>
<status status="PASS" starttime="20200520 12:49:41.660" endtime="20200520 12:49:41.733"></status>
</kw>
<status status="PASS" starttime="20200520 12:49:39.385" endtime="20200520 12:49:41.734"></status>
</kw>
<kw name="Então o site me direciona para a tela inicial e exibe meu nome no canto superior direito ${nome_cliente_logado}" library="setup_hz">
<kw name="Should Contain" library="BuiltIn">
<doc>Fails if ``container`` does not contain ``item`` one or more times.</doc>
<arguments>
<arg>${A_NOME_CLIENTE_LOGADO}</arg>
<arg>${nome_cliente_logado}</arg>
</arguments>
<status status="PASS" starttime="20200520 12:49:41.735" endtime="20200520 12:49:41.735"></status>
</kw>
<kw name="Wait Until Element Is Visible" library="SeleniumLibrary">
<doc>Waits until the element ``locator`` is visible.</doc>
<arguments>
<arg>${A_NOME_CLIENTE_LOGADO}</arg>
<arg>10</arg>
</arguments>
<status status="PASS" starttime="20200520 12:49:41.735" endtime="20200520 12:49:47.262"></status>
</kw>
<kw name="Capture Page Screenshot" library="SeleniumLibrary">
<doc>Takes a screenshot of the current page and embeds it into a log file.</doc>
<msg timestamp="20200520 12:49:47.893" level="INFO" html="yes">&lt;/td&gt;&lt;/tr&gt;&lt;tr&gt;&lt;td colspan="3"&gt;&lt;a href="selenium-screenshot-306.png"&gt;&lt;img src="selenium-screenshot-306.png" width="800px"&gt;&lt;/a&gt;</msg>
<status status="PASS" starttime="20200520 12:49:47.263" endtime="20200520 12:49:47.893"></status>
</kw>
<status status="PASS" starttime="20200520 12:49:41.734" endtime="20200520 12:49:47.893"></status>
</kw>
<status status="PASS" starttime="20200520 12:49:35.520" endtime="20200520 12:49:47.893"></status>
</kw>
<kw name="End Test" library="base" type="teardown">
<kw name="Capture Page Screenshot" library="SeleniumLibrary">
<doc>Takes a screenshot of the current page and embeds it into a log file.</doc>
<msg timestamp="20200520 12:49:48.479" level="INFO" html="yes">&lt;/td&gt;&lt;/tr&gt;&lt;tr&gt;&lt;td colspan="3"&gt;&lt;a href="selenium-screenshot-307.png"&gt;&lt;img src="selenium-screenshot-307.png" width="800px"&gt;&lt;/a&gt;</msg>
<status status="PASS" starttime="20200520 12:49:47.895" endtime="20200520 12:49:48.479"></status>
</kw>
<status status="PASS" starttime="20200520 12:49:47.894" endtime="20200520 12:49:48.480"></status>
</kw>
<status status="PASS" starttime="20200520 12:49:35.519" endtime="20200520 12:49:48.480" critical="yes"></status>
</test>
<test id="s1-t2" name="LOGIN COM DADOS INVÁLIDOS">
<kw name="Realizar login com dados inválidos">
<arguments>
<arg>941.861.830-31</arg>
<arg>123456789</arg>
<arg>Login ou senha inválidos</arg>
</arguments>
<kw name="Dado que acesso e verifico que estou no site da FASTSHOP" library="setup_hz">
<kw name="Go To" library="SeleniumLibrary">
<doc>Navigates the current browser window to the provided ``url``.</doc>
<arguments>
<arg>${BASE_URL}</arg>
</arguments>
<msg timestamp="20200520 12:49:48.483" level="INFO">Opening url 'http://webapp2-qa.fastshop.com.br/'</msg>
<status status="PASS" starttime="20200520 12:49:48.483" endtime="20200520 12:49:49.383"></status>
</kw>
<kw name="Title Should Be" library="SeleniumLibrary">
<doc>Verifies that the current page title equals ``title``.</doc>
<arguments>
<arg>Bem-vindo à Fast Shop</arg>
</arguments>
<msg timestamp="20200520 12:49:50.559" level="INFO">Page title is 'Bem-vindo à Fast Shop'.</msg>
<status status="PASS" starttime="20200520 12:49:49.384" endtime="20200520 12:49:50.559"></status>
</kw>
<status status="PASS" starttime="20200520 12:49:48.483" endtime="20200520 12:49:50.559"></status>
</kw>
<kw name="Quando tento logar com o usuário ${usuario} e insiro a sua senha ${senha}" library="setup_hz">
<kw name="Delete All Cookies" library="SeleniumLibrary">
<doc>Deletes all cookies.</doc>
<status status="PASS" starttime="20200520 12:49:50.560" endtime="20200520 12:49:51.416"></status>
</kw>
<kw name="Go To" library="SeleniumLibrary">
<doc>Navigates the current browser window to the provided ``url``.</doc>
<arguments>
<arg>${BASE_URL}web/login</arg>
</arguments>
<msg timestamp="20200520 12:49:51.417" level="INFO">Opening url 'http://webapp2-qa.fastshop.com.br/web/login'</msg>
<status status="PASS" starttime="20200520 12:49:51.416" endtime="20200520 12:49:51.952"></status>
</kw>
<kw name="Input Text" library="SeleniumLibrary">
<doc>Types the given ``text`` into the text field identified by ``locator``.</doc>
<arguments>
<arg>${ID_LOGIN_CPF}</arg>
<arg>${usuario}</arg>
</arguments>
<msg timestamp="20200520 12:49:51.953" level="INFO">Typing text '941.861.830-31' into text field 'id:document'.</msg>
<status status="PASS" starttime="20200520 12:49:51.953" endtime="20200520 12:49:52.519"></status>
</kw>
<kw name="Input Text" library="SeleniumLibrary">
<doc>Types the given ``text`` into the text field identified by ``locator``.</doc>
<arguments>
<arg>${ID_LOGIN_SENHA}</arg>
<arg>${senha}</arg>
</arguments>
<msg timestamp="20200520 12:49:52.519" level="INFO">Typing text '123456789' into text field 'id:password'.</msg>
<status status="PASS" starttime="20200520 12:49:52.519" endtime="20200520 12:49:52.703"></status>
</kw>
<kw name="Click Element" library="SeleniumLibrary">
<doc>Click the element identified by ``locator``.</doc>
<arguments>
<arg>${BUTTON_CONFIRMAR_VERDE}</arg>
</arguments>
<msg timestamp="20200520 12:49:52.704" level="INFO">Clicking element '//button[@class='btn btn-green']'.</msg>
<status status="PASS" starttime="20200520 12:49:52.704" endtime="20200520 12:49:52.803"></status>
</kw>
<status status="PASS" starttime="20200520 12:49:50.559" endtime="20200520 12:49:52.803"></status>
</kw>
<kw name="Entao deve ser apresentada a mensagem que os dados são inválidos ${mensagem_login_invalido}" library="setup_hz">
<kw name="Element Text Should Be" library="SeleniumLibrary">
<doc>Verifies that element ``locator`` contains exact the text ``expected``.</doc>
<arguments>
<arg>${P_MENSSAGEM_ERRO_LOGIN}</arg>
<arg>${mensagem_login_invalido}</arg>
</arguments>
<msg timestamp="20200520 12:49:52.805" level="INFO">Verifying element '//p[@class='err-msg']' contains exact text 'Login ou senha inválidos'.</msg>
<status status="PASS" starttime="20200520 12:49:52.804" endtime="20200520 12:49:52.999"></status>
</kw>
<kw name="Capture Page Screenshot" library="SeleniumLibrary">
<doc>Takes a screenshot of the current page and embeds it into a log file.</doc>
<msg timestamp="20200520 12:49:53.425" level="INFO" html="yes">&lt;/td&gt;&lt;/tr&gt;&lt;tr&gt;&lt;td colspan="3"&gt;&lt;a href="selenium-screenshot-308.png"&gt;&lt;img src="selenium-screenshot-308.png" width="800px"&gt;&lt;/a&gt;</msg>
<status status="PASS" starttime="20200520 12:49:52.999" endtime="20200520 12:49:53.425"></status>
</kw>
<status status="PASS" starttime="20200520 12:49:52.804" endtime="20200520 12:49:53.425"></status>
</kw>
<status status="PASS" starttime="20200520 12:49:48.482" endtime="20200520 12:49:53.425"></status>
</kw>
<kw name="Realizar login com dados inválidos">
<arguments>
<arg>941.861.830-31</arg>
<arg>1234568</arg>
<arg>Login ou senha inválidos</arg>
</arguments>
<kw name="Dado que acesso e verifico que estou no site da FASTSHOP" library="setup_hz">
<kw name="Go To" library="SeleniumLibrary">
<doc>Navigates the current browser window to the provided ``url``.</doc>
<arguments>
<arg>${BASE_URL}</arg>
</arguments>
<msg timestamp="20200520 12:49:53.427" level="INFO">Opening url 'http://webapp2-qa.fastshop.com.br/'</msg>
<status status="PASS" starttime="20200520 12:49:53.427" endtime="20200520 12:49:54.673"></status>
</kw>
<kw name="Title Should Be" library="SeleniumLibrary">
<doc>Verifies that the current page title equals ``title``.</doc>
<arguments>
<arg>Bem-vindo à Fast Shop</arg>
</arguments>
<msg timestamp="20200520 12:49:55.241" level="INFO">Page title is 'Bem-vindo à Fast Shop'.</msg>
<status status="PASS" starttime="20200520 12:49:54.674" endtime="20200520 12:49:55.241"></status>
</kw>
<status status="PASS" starttime="20200520 12:49:53.426" endtime="20200520 12:49:55.241"></status>
</kw>
<kw name="Quando tento logar com o usuário ${usuario} e insiro a sua senha ${senha}" library="setup_hz">
<kw name="Delete All Cookies" library="SeleniumLibrary">
<doc>Deletes all cookies.</doc>
<status status="PASS" starttime="20200520 12:49:55.242" endtime="20200520 12:49:55.496"></status>
</kw>
<kw name="Go To" library="SeleniumLibrary">
<doc>Navigates the current browser window to the provided ``url``.</doc>
<arguments>
<arg>${BASE_URL}web/login</arg>
</arguments>
<msg timestamp="20200520 12:49:55.497" level="INFO">Opening url 'http://webapp2-qa.fastshop.com.br/web/login'</msg>
<status status="PASS" starttime="20200520 12:49:55.496" endtime="20200520 12:49:56.302"></status>
</kw>
<kw name="Input Text" library="SeleniumLibrary">
<doc>Types the given ``text`` into the text field identified by ``locator``.</doc>
<arguments>
<arg>${ID_LOGIN_CPF}</arg>
<arg>${usuario}</arg>
</arguments>
<msg timestamp="20200520 12:49:56.302" level="INFO">Typing text '941.861.830-31' into text field 'id:document'.</msg>
<status status="PASS" starttime="20200520 12:49:56.302" endtime="20200520 12:49:56.614"></status>
</kw>
<kw name="Input Text" library="SeleniumLibrary">
<doc>Types the given ``text`` into the text field identified by ``locator``.</doc>
<arguments>
<arg>${ID_LOGIN_SENHA}</arg>
<arg>${senha}</arg>
</arguments>
<msg timestamp="20200520 12:49:56.615" level="INFO">Typing text '1234568' into text field 'id:password'.</msg>
<status status="PASS" starttime="20200520 12:49:56.614" endtime="20200520 12:49:56.728"></status>
</kw>
<kw name="Click Element" library="SeleniumLibrary">
<doc>Click the element identified by ``locator``.</doc>
<arguments>
<arg>${BUTTON_CONFIRMAR_VERDE}</arg>
</arguments>
<msg timestamp="20200520 12:49:56.728" level="INFO">Clicking element '//button[@class='btn btn-green']'.</msg>
<status status="PASS" starttime="20200520 12:49:56.728" endtime="20200520 12:49:56.814"></status>
</kw>
<status status="PASS" starttime="20200520 12:49:55.241" endtime="20200520 12:49:56.814"></status>
</kw>
<kw name="Entao deve ser apresentada a mensagem que os dados são inválidos ${mensagem_login_invalido}" library="setup_hz">
<kw name="Element Text Should Be" library="SeleniumLibrary">
<doc>Verifies that element ``locator`` contains exact the text ``expected``.</doc>
<arguments>
<arg>${P_MENSSAGEM_ERRO_LOGIN}</arg>
<arg>${mensagem_login_invalido}</arg>
</arguments>
<msg timestamp="20200520 12:49:56.815" level="INFO">Verifying element '//p[@class='err-msg']' contains exact text 'Login ou senha inválidos'.</msg>
<status status="PASS" starttime="20200520 12:49:56.815" endtime="20200520 12:49:57.060"></status>
</kw>
<kw name="Capture Page Screenshot" library="SeleniumLibrary">
<doc>Takes a screenshot of the current page and embeds it into a log file.</doc>
<msg timestamp="20200520 12:49:57.497" level="INFO" html="yes">&lt;/td&gt;&lt;/tr&gt;&lt;tr&gt;&lt;td colspan="3"&gt;&lt;a href="selenium-screenshot-309.png"&gt;&lt;img src="selenium-screenshot-309.png" width="800px"&gt;&lt;/a&gt;</msg>
<status status="PASS" starttime="20200520 12:49:57.060" endtime="20200520 12:49:57.497"></status>
</kw>
<status status="PASS" starttime="20200520 12:49:56.814" endtime="20200520 12:49:57.498"></status>
</kw>
<status status="PASS" starttime="20200520 12:49:53.426" endtime="20200520 12:49:57.498"></status>
</kw>
<kw name="End Test" library="base" type="teardown">
<kw name="Capture Page Screenshot" library="SeleniumLibrary">
<doc>Takes a screenshot of the current page and embeds it into a log file.</doc>
<msg timestamp="20200520 12:49:57.966" level="INFO" html="yes">&lt;/td&gt;&lt;/tr&gt;&lt;tr&gt;&lt;td colspan="3"&gt;&lt;a href="selenium-screenshot-310.png"&gt;&lt;img src="selenium-screenshot-310.png" width="800px"&gt;&lt;/a&gt;</msg>
<status status="PASS" starttime="20200520 12:49:57.499" endtime="20200520 12:49:57.966"></status>
</kw>
<status status="PASS" starttime="20200520 12:49:57.499" endtime="20200520 12:49:57.966"></status>
</kw>
<status status="PASS" starttime="20200520 12:49:48.482" endtime="20200520 12:49:57.967" critical="yes"></status>
</test>
<test id="s1-t3" name="LOGIN COM CPF INVÁLIDO">
<kw name="Realizar login com CPF inválido">
<arguments>
<arg>941.861.830-32</arg>
<arg>12345678</arg>
<arg>Informe um CPF válido</arg>
</arguments>
<kw name="Dado que acesso e verifico que estou no site da FASTSHOP" library="setup_hz">
<kw name="Go To" library="SeleniumLibrary">
<doc>Navigates the current browser window to the provided ``url``.</doc>
<arguments>
<arg>${BASE_URL}</arg>
</arguments>
<msg timestamp="20200520 12:49:57.973" level="INFO">Opening url 'http://webapp2-qa.fastshop.com.br/'</msg>
<status status="PASS" starttime="20200520 12:49:57.972" endtime="20200520 12:49:58.785"></status>
</kw>
<kw name="Title Should Be" library="SeleniumLibrary">
<doc>Verifies that the current page title equals ``title``.</doc>
<arguments>
<arg>Bem-vindo à Fast Shop</arg>
</arguments>
<msg timestamp="20200520 12:49:59.883" level="INFO">Page title is 'Bem-vindo à Fast Shop'.</msg>
<status status="PASS" starttime="20200520 12:49:58.786" endtime="20200520 12:49:59.883"></status>
</kw>
<status status="PASS" starttime="20200520 12:49:57.971" endtime="20200520 12:49:59.883"></status>
</kw>
<kw name="Quando tento logar com o usuário ${usuario} e insiro a sua senha ${senha}" library="setup_hz">
<kw name="Delete All Cookies" library="SeleniumLibrary">
<doc>Deletes all cookies.</doc>
<status status="PASS" starttime="20200520 12:49:59.884" endtime="20200520 12:50:00.076"></status>
</kw>
<kw name="Go To" library="SeleniumLibrary">
<doc>Navigates the current browser window to the provided ``url``.</doc>
<arguments>
<arg>${BASE_URL}web/login</arg>
</arguments>
<msg timestamp="20200520 12:50:00.077" level="INFO">Opening url 'http://webapp2-qa.fastshop.com.br/web/login'</msg>
<status status="PASS" starttime="20200520 12:50:00.076" endtime="20200520 12:50:01.086"></status>
</kw>
<kw name="Input Text" library="SeleniumLibrary">
<doc>Types the given ``text`` into the text field identified by ``locator``.</doc>
<arguments>
<arg>${ID_LOGIN_CPF}</arg>
<arg>${usuario}</arg>
</arguments>
<msg timestamp="20200520 12:50:01.086" level="INFO">Typing text '941.861.830-32' into text field 'id:document'.</msg>
<status status="PASS" starttime="20200520 12:50:01.086" endtime="20200520 12:50:01.266"></status>
</kw>
<kw name="Input Text" library="SeleniumLibrary">
<doc>Types the given ``text`` into the text field identified by ``locator``.</doc>
<arguments>
<arg>${ID_LOGIN_SENHA}</arg>
<arg>${senha}</arg>
</arguments>
<msg timestamp="20200520 12:50:01.267" level="INFO">Typing text '12345678' into text field 'id:password'.</msg>
<status status="PASS" starttime="20200520 12:50:01.266" endtime="20200520 12:50:01.394"></status>
</kw>
<kw name="Click Element" library="SeleniumLibrary">
<doc>Click the element identified by ``locator``.</doc>
<arguments>
<arg>${BUTTON_CONFIRMAR_VERDE}</arg>
</arguments>
<msg timestamp="20200520 12:50:01.395" level="INFO">Clicking element '//button[@class='btn btn-green']'.</msg>
<status status="PASS" starttime="20200520 12:50:01.394" endtime="20200520 12:50:01.457"></status>
</kw>
<status status="PASS" starttime="20200520 12:49:59.883" endtime="20200520 12:50:01.457"></status>
</kw>
<kw name="Entao será apresentada a mensagem que o cpf é inválido ${mensagem_login_cpf_invalido}" library="setup_hz">
<kw name="Element Text Should Be" library="SeleniumLibrary">
<doc>Verifies that element ``locator`` contains exact the text ``expected``.</doc>
<arguments>
<arg>${DIV_CPF_INVALIDO}</arg>
<arg>${mensagem_login_cpf_invalido}</arg>
</arguments>
<msg timestamp="20200520 12:50:01.458" level="INFO">Verifying element '//div[@class='invalid-feedback']' contains exact text 'Informe um CPF válido'.</msg>
<status status="PASS" starttime="20200520 12:50:01.457" endtime="20200520 12:50:01.484"></status>
</kw>
<kw name="Capture Page Screenshot" library="SeleniumLibrary">
<doc>Takes a screenshot of the current page and embeds it into a log file.</doc>
<msg timestamp="20200520 12:50:01.923" level="INFO" html="yes">&lt;/td&gt;&lt;/tr&gt;&lt;tr&gt;&lt;td colspan="3"&gt;&lt;a href="selenium-screenshot-311.png"&gt;&lt;img src="selenium-screenshot-311.png" width="800px"&gt;&lt;/a&gt;</msg>
<status status="PASS" starttime="20200520 12:50:01.485" endtime="20200520 12:50:01.923"></status>
</kw>
<status status="PASS" starttime="20200520 12:50:01.457" endtime="20200520 12:50:01.923"></status>
</kw>
<status status="PASS" starttime="20200520 12:49:57.971" endtime="20200520 12:50:01.924"></status>
</kw>
<kw name="Realizar login com CPF inválido">
<arguments>
<arg>941.861.830-36</arg>
<arg>12345678</arg>
<arg>Informe um CPF válido</arg>
</arguments>
<kw name="Dado que acesso e verifico que estou no site da FASTSHOP" library="setup_hz">
<kw name="Go To" library="SeleniumLibrary">
<doc>Navigates the current browser window to the provided ``url``.</doc>
<arguments>
<arg>${BASE_URL}</arg>
</arguments>
<msg timestamp="20200520 12:50:01.927" level="INFO">Opening url 'http://webapp2-qa.fastshop.com.br/'</msg>
<status status="PASS" starttime="20200520 12:50:01.926" endtime="20200520 12:50:02.849"></status>
</kw>
<kw name="Title Should Be" library="SeleniumLibrary">
<doc>Verifies that the current page title equals ``title``.</doc>
<arguments>
<arg>Bem-vindo à Fast Shop</arg>
</arguments>
<msg timestamp="20200520 12:50:03.455" level="INFO">Page title is 'Bem-vindo à Fast Shop'.</msg>
<status status="PASS" starttime="20200520 12:50:02.850" endtime="20200520 12:50:03.456"></status>
</kw>
<status status="PASS" starttime="20200520 12:50:01.925" endtime="20200520 12:50:03.456"></status>
</kw>
<kw name="Quando tento logar com o usuário ${usuario} e insiro a sua senha ${senha}" library="setup_hz">
<kw name="Delete All Cookies" library="SeleniumLibrary">
<doc>Deletes all cookies.</doc>
<status status="PASS" starttime="20200520 12:50:03.458" endtime="20200520 12:50:03.900"></status>
</kw>
<kw name="Go To" library="SeleniumLibrary">
<doc>Navigates the current browser window to the provided ``url``.</doc>
<arguments>
<arg>${BASE_URL}web/login</arg>
</arguments>
<msg timestamp="20200520 12:50:03.900" level="INFO">Opening url 'http://webapp2-qa.fastshop.com.br/web/login'</msg>
<status status="PASS" starttime="20200520 12:50:03.900" endtime="20200520 12:50:04.670"></status>
</kw>
<kw name="Input Text" library="SeleniumLibrary">
<doc>Types the given ``text`` into the text field identified by ``locator``.</doc>
<arguments>
<arg>${ID_LOGIN_CPF}</arg>
<arg>${usuario}</arg>
</arguments>
<msg timestamp="20200520 12:50:04.670" level="INFO">Typing text '941.861.830-36' into text field 'id:document'.</msg>
<status status="PASS" starttime="20200520 12:50:04.670" endtime="20200520 12:50:04.921"></status>
</kw>
<kw name="Input Text" library="SeleniumLibrary">
<doc>Types the given ``text`` into the text field identified by ``locator``.</doc>
<arguments>
<arg>${ID_LOGIN_SENHA}</arg>
<arg>${senha}</arg>
</arguments>
<msg timestamp="20200520 12:50:04.922" level="INFO">Typing text '12345678' into text field 'id:password'.</msg>
<status status="PASS" starttime="20200520 12:50:04.922" endtime="20200520 12:50:05.064"></status>
</kw>
<kw name="Click Element" library="SeleniumLibrary">
<doc>Click the element identified by ``locator``.</doc>
<arguments>
<arg>${BUTTON_CONFIRMAR_VERDE}</arg>
</arguments>
<msg timestamp="20200520 12:50:05.065" level="INFO">Clicking element '//button[@class='btn btn-green']'.</msg>
<status status="PASS" starttime="20200520 12:50:05.065" endtime="20200520 12:50:05.120"></status>
</kw>
<status status="PASS" starttime="20200520 12:50:03.457" endtime="20200520 12:50:05.120"></status>
</kw>
<kw name="Entao será apresentada a mensagem que o cpf é inválido ${mensagem_login_cpf_invalido}" library="setup_hz">
<kw name="Element Text Should Be" library="SeleniumLibrary">
<doc>Verifies that element ``locator`` contains exact the text ``expected``.</doc>
<arguments>
<arg>${DIV_CPF_INVALIDO}</arg>
<arg>${mensagem_login_cpf_invalido}</arg>
</arguments>
<msg timestamp="20200520 12:50:05.121" level="INFO">Verifying element '//div[@class='invalid-feedback']' contains exact text 'Informe um CPF válido'.</msg>
<status status="PASS" starttime="20200520 12:50:05.121" endtime="20200520 12:50:05.145"></status>
</kw>
<kw name="Capture Page Screenshot" library="SeleniumLibrary">
<doc>Takes a screenshot of the current page and embeds it into a log file.</doc>
<msg timestamp="20200520 12:50:05.572" level="INFO" html="yes">&lt;/td&gt;&lt;/tr&gt;&lt;tr&gt;&lt;td colspan="3"&gt;&lt;a href="selenium-screenshot-312.png"&gt;&lt;img src="selenium-screenshot-312.png" width="800px"&gt;&lt;/a&gt;</msg>
<status status="PASS" starttime="20200520 12:50:05.146" endtime="20200520 12:50:05.573"></status>
</kw>
<status status="PASS" starttime="20200520 12:50:05.121" endtime="20200520 12:50:05.573"></status>
</kw>
<status status="PASS" starttime="20200520 12:50:01.924" endtime="20200520 12:50:05.573"></status>
</kw>
<kw name="End Test" library="base" type="teardown">
<kw name="Capture Page Screenshot" library="SeleniumLibrary">
<doc>Takes a screenshot of the current page and embeds it into a log file.</doc>
<msg timestamp="20200520 12:50:05.974" level="INFO" html="yes">&lt;/td&gt;&lt;/tr&gt;&lt;tr&gt;&lt;td colspan="3"&gt;&lt;a href="selenium-screenshot-313.png"&gt;&lt;img src="selenium-screenshot-313.png" width="800px"&gt;&lt;/a&gt;</msg>
<status status="PASS" starttime="20200520 12:50:05.575" endtime="20200520 12:50:05.975"></status>
</kw>
<status status="PASS" starttime="20200520 12:50:05.574" endtime="20200520 12:50:05.975"></status>
</kw>
<status status="PASS" starttime="20200520 12:49:57.969" endtime="20200520 12:50:05.975" critical="yes"></status>
</test>
<test id="s1-t4" name="LOGIN COM CAMPOS EM BRANCO">
<kw name="Realizar login com CPF inválido">
<arguments>
<arg>${EMPTY}</arg>
<arg>12234344</arg>
<arg>Campo obrigatório</arg>
</arguments>
<kw name="Dado que acesso e verifico que estou no site da FASTSHOP" library="setup_hz">
<kw name="Go To" library="SeleniumLibrary">
<doc>Navigates the current browser window to the provided ``url``.</doc>
<arguments>
<arg>${BASE_URL}</arg>
</arguments>
<msg timestamp="20200520 12:50:05.978" level="INFO">Opening url 'http://webapp2-qa.fastshop.com.br/'</msg>
<status status="PASS" starttime="20200520 12:50:05.978" endtime="20200520 12:50:06.694"></status>
</kw>
<kw name="Title Should Be" library="SeleniumLibrary">
<doc>Verifies that the current page title equals ``title``.</doc>
<arguments>
<arg>Bem-vindo à Fast Shop</arg>
</arguments>
<msg timestamp="20200520 12:50:07.626" level="INFO">Page title is 'Bem-vindo à Fast Shop'.</msg>
<status status="PASS" starttime="20200520 12:50:06.695" endtime="20200520 12:50:07.626"></status>
</kw>
<status status="PASS" starttime="20200520 12:50:05.978" endtime="20200520 12:50:07.626"></status>
</kw>
<kw name="Quando tento logar com o usuário ${usuario} e insiro a sua senha ${senha}" library="setup_hz">
<kw name="Delete All Cookies" library="SeleniumLibrary">
<doc>Deletes all cookies.</doc>
<status status="PASS" starttime="20200520 12:50:07.627" endtime="20200520 12:50:07.890"></status>
</kw>
<kw name="Go To" library="SeleniumLibrary">
<doc>Navigates the current browser window to the provided ``url``.</doc>
<arguments>
<arg>${BASE_URL}web/login</arg>
</arguments>
<msg timestamp="20200520 12:50:07.890" level="INFO">Opening url 'http://webapp2-qa.fastshop.com.br/web/login'</msg>
<status status="PASS" starttime="20200520 12:50:07.890" endtime="20200520 12:50:08.659"></status>
</kw>
<kw name="Input Text" library="SeleniumLibrary">
<doc>Types the given ``text`` into the text field identified by ``locator``.</doc>
<arguments>
<arg>${ID_LOGIN_CPF}</arg>
<arg>${usuario}</arg>
</arguments>
<msg timestamp="20200520 12:50:08.659" level="INFO">Typing text '' into text field 'id:document'.</msg>
<status status="PASS" starttime="20200520 12:50:08.659" endtime="20200520 12:50:08.908"></status>
</kw>
<kw name="Input Text" library="SeleniumLibrary">
<doc>Types the given ``text`` into the text field identified by ``locator``.</doc>
<arguments>
<arg>${ID_LOGIN_SENHA}</arg>
<arg>${senha}</arg>
</arguments>
<msg timestamp="20200520 12:50:08.908" level="INFO">Typing text '12234344' into text field 'id:password'.</msg>
<status status="PASS" starttime="20200520 12:50:08.908" endtime="20200520 12:50:09.043"></status>
</kw>
<kw name="Click Element" library="SeleniumLibrary">
<doc>Click the element identified by ``locator``.</doc>
<arguments>
<arg>${BUTTON_CONFIRMAR_VERDE}</arg>
</arguments>
<msg timestamp="20200520 12:50:09.044" level="INFO">Clicking element '//button[@class='btn btn-green']'.</msg>
<status status="PASS" starttime="20200520 12:50:09.043" endtime="20200520 12:50:09.099"></status>
</kw>
<status status="PASS" starttime="20200520 12:50:07.626" endtime="20200520 12:50:09.099"></status>
</kw>
<kw name="Entao será apresentada a mensagem que o cpf é inválido ${mensagem_login_cpf_invalido}" library="setup_hz">
<kw name="Element Text Should Be" library="SeleniumLibrary">
<doc>Verifies that element ``locator`` contains exact the text ``expected``.</doc>
<arguments>
<arg>${DIV_CPF_INVALIDO}</arg>
<arg>${mensagem_login_cpf_invalido}</arg>
</arguments>
<msg timestamp="20200520 12:50:09.101" level="INFO">Verifying element '//div[@class='invalid-feedback']' contains exact text 'Campo obrigatório'.</msg>
<status status="PASS" starttime="20200520 12:50:09.100" endtime="20200520 12:50:09.126"></status>
</kw>
<kw name="Capture Page Screenshot" library="SeleniumLibrary">
<doc>Takes a screenshot of the current page and embeds it into a log file.</doc>
<msg timestamp="20200520 12:50:09.573" level="INFO" html="yes">&lt;/td&gt;&lt;/tr&gt;&lt;tr&gt;&lt;td colspan="3"&gt;&lt;a href="selenium-screenshot-314.png"&gt;&lt;img src="selenium-screenshot-314.png" width="800px"&gt;&lt;/a&gt;</msg>
<status status="PASS" starttime="20200520 12:50:09.126" endtime="20200520 12:50:09.573"></status>
</kw>
<status status="PASS" starttime="20200520 12:50:09.100" endtime="20200520 12:50:09.573"></status>
</kw>
<status status="PASS" starttime="20200520 12:50:05.977" endtime="20200520 12:50:09.574"></status>
</kw>
<kw name="Realizar login com CPF inválido">
<arguments>
<arg>34611974839</arg>
<arg>${EMPTY}</arg>
<arg>Campo obrigatório</arg>
</arguments>
<kw name="Dado que acesso e verifico que estou no site da FASTSHOP" library="setup_hz">
<kw name="Go To" library="SeleniumLibrary">
<doc>Navigates the current browser window to the provided ``url``.</doc>
<arguments>
<arg>${BASE_URL}</arg>
</arguments>
<msg timestamp="20200520 12:50:09.576" level="INFO">Opening url 'http://webapp2-qa.fastshop.com.br/'</msg>
<status status="PASS" starttime="20200520 12:50:09.575" endtime="20200520 12:50:10.469"></status>
</kw>
<kw name="Title Should Be" library="SeleniumLibrary">
<doc>Verifies that the current page title equals ``title``.</doc>
<arguments>
<arg>Bem-vindo à Fast Shop</arg>
</arguments>
<msg timestamp="20200520 12:50:11.398" level="INFO">Page title is 'Bem-vindo à Fast Shop'.</msg>
<status status="PASS" starttime="20200520 12:50:10.469" endtime="20200520 12:50:11.398"></status>
</kw>
<status status="PASS" starttime="20200520 12:50:09.575" endtime="20200520 12:50:11.398"></status>
</kw>
<kw name="Quando tento logar com o usuário ${usuario} e insiro a sua senha ${senha}" library="setup_hz">
<kw name="Delete All Cookies" library="SeleniumLibrary">
<doc>Deletes all cookies.</doc>
<status status="PASS" starttime="20200520 12:50:11.400" endtime="20200520 12:50:11.648"></status>
</kw>
<kw name="Go To" library="SeleniumLibrary">
<doc>Navigates the current browser window to the provided ``url``.</doc>
<arguments>
<arg>${BASE_URL}web/login</arg>
</arguments>
<msg timestamp="20200520 12:50:11.649" level="INFO">Opening url 'http://webapp2-qa.fastshop.com.br/web/login'</msg>
<status status="PASS" starttime="20200520 12:50:11.648" endtime="20200520 12:50:12.383"></status>
</kw>
<kw name="Input Text" library="SeleniumLibrary">
<doc>Types the given ``text`` into the text field identified by ``locator``.</doc>
<arguments>
<arg>${ID_LOGIN_CPF}</arg>
<arg>${usuario}</arg>
</arguments>
<msg timestamp="20200520 12:50:12.384" level="INFO">Typing text '34611974839' into text field 'id:document'.</msg>
<status status="PASS" starttime="20200520 12:50:12.383" endtime="20200520 12:50:12.628"></status>
</kw>
<kw name="Input Text" library="SeleniumLibrary">
<doc>Types the given ``text`` into the text field identified by ``locator``.</doc>
<arguments>
<arg>${ID_LOGIN_SENHA}</arg>
<arg>${senha}</arg>
</arguments>
<msg timestamp="20200520 12:50:12.629" level="INFO">Typing text '' into text field 'id:password'.</msg>
<status status="PASS" starttime="20200520 12:50:12.628" endtime="20200520 12:50:12.712"></status>
</kw>
<kw name="Click Element" library="SeleniumLibrary">
<doc>Click the element identified by ``locator``.</doc>
<arguments>
<arg>${BUTTON_CONFIRMAR_VERDE}</arg>
</arguments>
<msg timestamp="20200520 12:50:12.713" level="INFO">Clicking element '//button[@class='btn btn-green']'.</msg>
<status status="PASS" starttime="20200520 12:50:12.712" endtime="20200520 12:50:12.810"></status>
</kw>
<status status="PASS" starttime="20200520 12:50:11.398" endtime="20200520 12:50:12.810"></status>
</kw>
<kw name="Entao será apresentada a mensagem que o cpf é inválido ${mensagem_login_cpf_invalido}" library="setup_hz">
<kw name="Element Text Should Be" library="SeleniumLibrary">
<doc>Verifies that element ``locator`` contains exact the text ``expected``.</doc>
<arguments>
<arg>${DIV_CPF_INVALIDO}</arg>
<arg>${mensagem_login_cpf_invalido}</arg>
</arguments>
<msg timestamp="20200520 12:50:12.811" level="INFO">Verifying element '//div[@class='invalid-feedback']' contains exact text 'Campo obrigatório'.</msg>
<status status="PASS" starttime="20200520 12:50:12.811" endtime="20200520 12:50:12.834"></status>
</kw>
<kw name="Capture Page Screenshot" library="SeleniumLibrary">
<doc>Takes a screenshot of the current page and embeds it into a log file.</doc>
<msg timestamp="20200520 12:50:13.238" level="INFO" html="yes">&lt;/td&gt;&lt;/tr&gt;&lt;tr&gt;&lt;td colspan="3"&gt;&lt;a href="selenium-screenshot-315.png"&gt;&lt;img src="selenium-screenshot-315.png" width="800px"&gt;&lt;/a&gt;</msg>
<status status="PASS" starttime="20200520 12:50:12.834" endtime="20200520 12:50:13.238"></status>
</kw>
<status status="PASS" starttime="20200520 12:50:12.810" endtime="20200520 12:50:13.239"></status>
</kw>
<status status="PASS" starttime="20200520 12:50:09.574" endtime="20200520 12:50:13.239"></status>
</kw>
<kw name="End Test" library="base" type="teardown">
<kw name="Capture Page Screenshot" library="SeleniumLibrary">
<doc>Takes a screenshot of the current page and embeds it into a log file.</doc>
<msg timestamp="20200520 12:50:13.623" level="INFO" html="yes">&lt;/td&gt;&lt;/tr&gt;&lt;tr&gt;&lt;td colspan="3"&gt;&lt;a href="selenium-screenshot-316.png"&gt;&lt;img src="selenium-screenshot-316.png" width="800px"&gt;&lt;/a&gt;</msg>
<status status="PASS" starttime="20200520 12:50:13.240" endtime="20200520 12:50:13.624"></status>
</kw>
<status status="PASS" starttime="20200520 12:50:13.239" endtime="20200520 12:50:13.624"></status>
</kw>
<status status="PASS" starttime="20200520 12:50:05.977" endtime="20200520 12:50:13.624" critical="yes"></status>
</test>
<kw name="End Session" library="base" type="teardown">
<kw name="Close Browser" library="SeleniumLibrary">
<doc>Closes the current browser.</doc>
<status status="PASS" starttime="20200520 12:50:13.626" endtime="20200520 12:50:15.783"></status>
</kw>
<status status="PASS" starttime="20200520 12:50:13.626" endtime="20200520 12:50:15.783"></status>
</kw>
<doc>FASTSHOP - REALIZAR LOGIN
Como um novo usuário
Edwin deseja acessar o site da Fastshop
Para que ele possa navegar e realizar compras no website</doc>
<status status="PASS" starttime="20200520 12:49:33.480" endtime="20200520 12:50:15.783"></status>
</suite>
<statistics>
<total>
<stat pass="4" fail="0">Critical Tests</stat>
<stat pass="4" fail="0">All Tests</stat>
</total>
<tag>
</tag>
<suite>
<stat pass="4" fail="0" id="s1" name="LOGIN PESSOA FISICA.">LOGIN PESSOA FISICA.</stat>
</suite>
</statistics>
<errors>
</errors>
</robot>
