<?xml version="1.0" encoding="UTF-8"?>
<robot generator="Robot 3.2rc1 (Python 3.8.1 on win32)" generated="20200520 12:57:13.531" rpa="false">
<suite id="s1" name="Tests" source="C:\FastShop_hz\tests">
<suite id="s1-s1" name="INSERIR PRODUTO CARRINHO" source="C:\FastShop_hz\tests\INSERIR_PRODUTO_CARRINHO.robot">
<kw name="Start Session" library="base" type="setup">
<kw name="Open Browser" library="SeleniumLibrary">
<doc>Opens a new browser instance to the optional ``url``.</doc>
<arguments>
<arg>about:blank</arg>
<arg>chrome</arg>
</arguments>
<msg timestamp="20200520 12:57:14.183" level="INFO">Opening browser 'chrome' to base url 'about:blank'.</msg>
<status status="PASS" starttime="20200520 12:57:14.182" endtime="20200520 12:57:15.291"></status>
</kw>
<kw name="Set Selenium Implicit Wait" library="SeleniumLibrary">
<doc>Sets the implicit wait value used by Selenium.</doc>
<arguments>
<arg>10</arg>
</arguments>
<status status="PASS" starttime="20200520 12:57:15.292" endtime="20200520 12:57:15.294"></status>
</kw>
<kw name="Maximize Browser Window" library="SeleniumLibrary">
<doc>Maximizes current browser window.</doc>
<status status="PASS" starttime="20200520 12:57:15.294" endtime="20200520 12:57:15.409"></status>
</kw>
<status status="PASS" starttime="20200520 12:57:14.182" endtime="20200520 12:57:15.409"></status>
</kw>
<test id="s1-s1-t1" name="INSERIR UM PRODUTO NO CARRINHO">
<kw name="Busca, verificação e adição ao carrinho de um item no site da FASTSHOP">
<arguments>
<arg>941.861.830-31</arg>
<arg>12345678</arg>
<arg>AEMWHJ2BZACNZB</arg>
</arguments>
<kw name="Dado que acesso e verifico que estou no site da FASTSHOP" library="setup_hz">
<kw name="Go To" library="SeleniumLibrary">
<doc>Navigates the current browser window to the provided ``url``.</doc>
<arguments>
<arg>${BASE_URL}</arg>
</arguments>
<msg timestamp="20200520 12:57:15.412" level="INFO">Opening url 'http://webapp2-qa.fastshop.com.br/'</msg>
<status status="PASS" starttime="20200520 12:57:15.411" endtime="20200520 12:57:20.999"></status>
</kw>
<kw name="Title Should Be" library="SeleniumLibrary">
<doc>Verifies that the current page title equals ``title``.</doc>
<arguments>
<arg>Bem-vindo à Fast Shop</arg>
</arguments>
<kw name="Capture Page Screenshot" library="SeleniumLibrary">
<doc>Takes a screenshot of the current page and embeds it into a log file.</doc>
<msg timestamp="20200520 12:57:21.691" level="INFO" html="yes">&lt;/td&gt;&lt;/tr&gt;&lt;tr&gt;&lt;td colspan="3"&gt;&lt;a href="selenium-screenshot-317.png"&gt;&lt;img src="selenium-screenshot-317.png" width="800px"&gt;&lt;/a&gt;</msg>
<status status="PASS" starttime="20200520 12:57:21.005" endtime="20200520 12:57:21.691"></status>
</kw>
<msg timestamp="20200520 12:57:21.738" level="FAIL">Title should have been 'Bem-vindo à Fast Shop' but was 'FastShop'.</msg>
<status status="FAIL" starttime="20200520 12:57:20.999" endtime="20200520 12:57:21.738"></status>
</kw>
<status status="FAIL" starttime="20200520 12:57:15.411" endtime="20200520 12:57:21.738"></status>
</kw>
<status status="FAIL" starttime="20200520 12:57:15.410" endtime="20200520 12:57:21.739"></status>
</kw>
<kw name="End Test" library="base" type="teardown">
<kw name="Capture Page Screenshot" library="SeleniumLibrary">
<doc>Takes a screenshot of the current page and embeds it into a log file.</doc>
<msg timestamp="20200520 12:57:23.143" level="INFO" html="yes">&lt;/td&gt;&lt;/tr&gt;&lt;tr&gt;&lt;td colspan="3"&gt;&lt;a href="selenium-screenshot-318.png"&gt;&lt;img src="selenium-screenshot-318.png" width="800px"&gt;&lt;/a&gt;</msg>
<status status="PASS" starttime="20200520 12:57:21.741" endtime="20200520 12:57:23.144"></status>
</kw>
<status status="PASS" starttime="20200520 12:57:21.740" endtime="20200520 12:57:23.144"></status>
</kw>
<status status="FAIL" starttime="20200520 12:57:15.409" endtime="20200520 12:57:23.144" critical="yes">Title should have been 'Bem-vindo à Fast Shop' but was 'FastShop'.</status>
</test>
<kw name="End Session" library="base" type="teardown">
<kw name="Close Browser" library="SeleniumLibrary">
<doc>Closes the current browser.</doc>
<status status="PASS" starttime="20200520 12:57:23.148" endtime="20200520 12:57:25.317"></status>
</kw>
<status status="PASS" starttime="20200520 12:57:23.147" endtime="20200520 12:57:25.317"></status>
</kw>
<doc>FASTSHOP - INSERIR PRODUTO NO CARRINHO
Para que eu possa acessar o site da FastShop, sendo um cliente, quero poder adicionar um produto ao carrinho.
1- Entre no portal da FASTSHOP
2- Faça uma busca por um produto
3- Valide o retorno da busca
4- Escolha um produto na lista
5- Adicione ao carrinho
6- Valide o produto no carrinho
7- Insira um serviço</doc>
<status status="FAIL" starttime="20200520 12:57:13.563" endtime="20200520 12:57:25.317"></status>
</suite>
<suite id="s1-s2" name="LOGIN PESSOA FISICA." source="C:\FastShop_hz\tests\LOGIN_PESSOA_FISICA..robot">
<kw name="Start Session" library="base" type="setup">
<kw name="Open Browser" library="SeleniumLibrary">
<doc>Opens a new browser instance to the optional ``url``.</doc>
<arguments>
<arg>about:blank</arg>
<arg>chrome</arg>
</arguments>
<msg timestamp="20200520 12:57:25.349" level="INFO">Opening browser 'chrome' to base url 'about:blank'.</msg>
<status status="PASS" starttime="20200520 12:57:25.349" endtime="20200520 12:57:26.378"></status>
</kw>
<kw name="Set Selenium Implicit Wait" library="SeleniumLibrary">
<doc>Sets the implicit wait value used by Selenium.</doc>
<arguments>
<arg>10</arg>
</arguments>
<status status="PASS" starttime="20200520 12:57:26.378" endtime="20200520 12:57:26.380"></status>
</kw>
<kw name="Maximize Browser Window" library="SeleniumLibrary">
<doc>Maximizes current browser window.</doc>
<status status="PASS" starttime="20200520 12:57:26.380" endtime="20200520 12:57:26.492"></status>
</kw>
<status status="PASS" starttime="20200520 12:57:25.349" endtime="20200520 12:57:26.492"></status>
</kw>
<test id="s1-s2-t1" name="LOGIN COM SUCESSO">
<kw name="Login com sucesso">
<arguments>
<arg>941.861.830-31</arg>
<arg>12345678</arg>
<arg>Teste</arg>
</arguments>
<kw name="Dado que acesso e verifico que estou no site da FASTSHOP" library="setup_hz">
<kw name="Go To" library="SeleniumLibrary">
<doc>Navigates the current browser window to the provided ``url``.</doc>
<arguments>
<arg>${BASE_URL}</arg>
</arguments>
<msg timestamp="20200520 12:57:26.495" level="INFO">Opening url 'http://webapp2-qa.fastshop.com.br/'</msg>
<status status="PASS" starttime="20200520 12:57:26.495" endtime="20200520 12:57:29.711"></status>
</kw>
<kw name="Title Should Be" library="SeleniumLibrary">
<doc>Verifies that the current page title equals ``title``.</doc>
<arguments>
<arg>Bem-vindo à Fast Shop</arg>
</arguments>
<msg timestamp="20200520 12:57:31.498" level="INFO">Page title is 'Bem-vindo à Fast Shop'.</msg>
<status status="PASS" starttime="20200520 12:57:29.711" endtime="20200520 12:57:31.498"></status>
</kw>
<status status="PASS" starttime="20200520 12:57:26.494" endtime="20200520 12:57:31.498"></status>
</kw>
<kw name="Quando logo com o usuário ${usuario_existente} e insiro a sua senha válida ${senha_valida}" library="setup_hz">
<kw name="Go To" library="SeleniumLibrary">
<doc>Navigates the current browser window to the provided ``url``.</doc>
<arguments>
<arg>${BASE_URL}web/login</arg>
</arguments>
<msg timestamp="20200520 12:57:31.500" level="INFO">Opening url 'http://webapp2-qa.fastshop.com.br/web/login'</msg>
<status status="PASS" starttime="20200520 12:57:31.499" endtime="20200520 12:57:32.552"></status>
</kw>
<kw name="Input Text" library="SeleniumLibrary">
<doc>Types the given ``text`` into the text field identified by ``locator``.</doc>
<arguments>
<arg>${ID_LOGIN_CPF}</arg>
<arg>${usuario_existente}</arg>
</arguments>
<msg timestamp="20200520 12:57:32.553" level="INFO">Typing text '941.861.830-31' into text field 'id:document'.</msg>
<status status="PASS" starttime="20200520 12:57:32.553" endtime="20200520 12:57:33.383"></status>
</kw>
<kw name="Input Text" library="SeleniumLibrary">
<doc>Types the given ``text`` into the text field identified by ``locator``.</doc>
<arguments>
<arg>${ID_LOGIN_SENHA}</arg>
<arg>${senha_valida}</arg>
</arguments>
<msg timestamp="20200520 12:57:33.384" level="INFO">Typing text '12345678' into text field 'id:password'.</msg>
<status status="PASS" starttime="20200520 12:57:33.383" endtime="20200520 12:57:33.535"></status>
</kw>
<kw name="Click Element" library="SeleniumLibrary">
<doc>Click the element identified by ``locator``.</doc>
<arguments>
<arg>${BUTTON_CONFIRMAR_VERDE}</arg>
</arguments>
<msg timestamp="20200520 12:57:33.535" level="INFO">Clicking element '//button[@class='btn btn-green']'.</msg>
<status status="PASS" starttime="20200520 12:57:33.535" endtime="20200520 12:57:33.605"></status>
</kw>
<kw name="Capture Page Screenshot" library="SeleniumLibrary">
<doc>Takes a screenshot of the current page and embeds it into a log file.</doc>
<msg timestamp="20200520 12:57:34.080" level="INFO" html="yes">&lt;/td&gt;&lt;/tr&gt;&lt;tr&gt;&lt;td colspan="3"&gt;&lt;a href="selenium-screenshot-319.png"&gt;&lt;img src="selenium-screenshot-319.png" width="800px"&gt;&lt;/a&gt;</msg>
<status status="PASS" starttime="20200520 12:57:33.605" endtime="20200520 12:57:34.080"></status>
</kw>
<status status="PASS" starttime="20200520 12:57:31.499" endtime="20200520 12:57:34.080"></status>
</kw>
<kw name="Então o site me direciona para a tela inicial e exibe meu nome no canto superior direito ${nome_cliente_logado}" library="setup_hz">
<kw name="Should Contain" library="BuiltIn">
<doc>Fails if ``container`` does not contain ``item`` one or more times.</doc>
<arguments>
<arg>${A_NOME_CLIENTE_LOGADO}</arg>
<arg>${nome_cliente_logado}</arg>
</arguments>
<status status="PASS" starttime="20200520 12:57:34.081" endtime="20200520 12:57:34.081"></status>
</kw>
<kw name="Wait Until Element Is Visible" library="SeleniumLibrary">
<doc>Waits until the element ``locator`` is visible.</doc>
<arguments>
<arg>${A_NOME_CLIENTE_LOGADO}</arg>
<arg>10</arg>
</arguments>
<status status="PASS" starttime="20200520 12:57:34.081" endtime="20200520 12:57:39.280"></status>
</kw>
<kw name="Capture Page Screenshot" library="SeleniumLibrary">
<doc>Takes a screenshot of the current page and embeds it into a log file.</doc>
<msg timestamp="20200520 12:57:39.857" level="INFO" html="yes">&lt;/td&gt;&lt;/tr&gt;&lt;tr&gt;&lt;td colspan="3"&gt;&lt;a href="selenium-screenshot-320.png"&gt;&lt;img src="selenium-screenshot-320.png" width="800px"&gt;&lt;/a&gt;</msg>
<status status="PASS" starttime="20200520 12:57:39.280" endtime="20200520 12:57:39.857"></status>
</kw>
<status status="PASS" starttime="20200520 12:57:34.080" endtime="20200520 12:57:39.857"></status>
</kw>
<status status="PASS" starttime="20200520 12:57:26.493" endtime="20200520 12:57:39.857"></status>
</kw>
<kw name="End Test" library="base" type="teardown">
<kw name="Capture Page Screenshot" library="SeleniumLibrary">
<doc>Takes a screenshot of the current page and embeds it into a log file.</doc>
<msg timestamp="20200520 12:57:40.466" level="INFO" html="yes">&lt;/td&gt;&lt;/tr&gt;&lt;tr&gt;&lt;td colspan="3"&gt;&lt;a href="selenium-screenshot-321.png"&gt;&lt;img src="selenium-screenshot-321.png" width="800px"&gt;&lt;/a&gt;</msg>
<status status="PASS" starttime="20200520 12:57:39.858" endtime="20200520 12:57:40.467"></status>
</kw>
<status status="PASS" starttime="20200520 12:57:39.858" endtime="20200520 12:57:40.467"></status>
</kw>
<status status="PASS" starttime="20200520 12:57:26.492" endtime="20200520 12:57:40.467" critical="yes"></status>
</test>
<test id="s1-s2-t2" name="LOGIN COM DADOS INVÁLIDOS">
<kw name="Realizar login com dados inválidos">
<arguments>
<arg>941.861.830-31</arg>
<arg>123456789</arg>
<arg>Login ou senha inválidos</arg>
</arguments>
<kw name="Dado que acesso e verifico que estou no site da FASTSHOP" library="setup_hz">
<kw name="Go To" library="SeleniumLibrary">
<doc>Navigates the current browser window to the provided ``url``.</doc>
<arguments>
<arg>${BASE_URL}</arg>
</arguments>
<msg timestamp="20200520 12:57:40.473" level="INFO">Opening url 'http://webapp2-qa.fastshop.com.br/'</msg>
<status status="PASS" starttime="20200520 12:57:40.472" endtime="20200520 12:57:42.541"></status>
</kw>
<kw name="Title Should Be" library="SeleniumLibrary">
<doc>Verifies that the current page title equals ``title``.</doc>
<arguments>
<arg>Bem-vindo à Fast Shop</arg>
</arguments>
<msg timestamp="20200520 12:57:42.822" level="INFO">Page title is 'Bem-vindo à Fast Shop'.</msg>
<status status="PASS" starttime="20200520 12:57:42.541" endtime="20200520 12:57:42.822"></status>
</kw>
<status status="PASS" starttime="20200520 12:57:40.472" endtime="20200520 12:57:42.823"></status>
</kw>
<kw name="Quando tento logar com o usuário ${usuario} e insiro a sua senha ${senha}" library="setup_hz">
<kw name="Delete All Cookies" library="SeleniumLibrary">
<doc>Deletes all cookies.</doc>
<status status="PASS" starttime="20200520 12:57:42.824" endtime="20200520 12:57:43.217"></status>
</kw>
<kw name="Go To" library="SeleniumLibrary">
<doc>Navigates the current browser window to the provided ``url``.</doc>
<arguments>
<arg>${BASE_URL}web/login</arg>
</arguments>
<msg timestamp="20200520 12:57:43.218" level="INFO">Opening url 'http://webapp2-qa.fastshop.com.br/web/login'</msg>
<status status="PASS" starttime="20200520 12:57:43.217" endtime="20200520 12:57:44.396"></status>
</kw>
<kw name="Input Text" library="SeleniumLibrary">
<doc>Types the given ``text`` into the text field identified by ``locator``.</doc>
<arguments>
<arg>${ID_LOGIN_CPF}</arg>
<arg>${usuario}</arg>
</arguments>
<msg timestamp="20200520 12:57:44.396" level="INFO">Typing text '941.861.830-31' into text field 'id:document'.</msg>
<status status="PASS" starttime="20200520 12:57:44.396" endtime="20200520 12:57:44.681"></status>
</kw>
<kw name="Input Text" library="SeleniumLibrary">
<doc>Types the given ``text`` into the text field identified by ``locator``.</doc>
<arguments>
<arg>${ID_LOGIN_SENHA}</arg>
<arg>${senha}</arg>
</arguments>
<msg timestamp="20200520 12:57:44.681" level="INFO">Typing text '123456789' into text field 'id:password'.</msg>
<status status="PASS" starttime="20200520 12:57:44.681" endtime="20200520 12:57:44.800"></status>
</kw>
<kw name="Click Element" library="SeleniumLibrary">
<doc>Click the element identified by ``locator``.</doc>
<arguments>
<arg>${BUTTON_CONFIRMAR_VERDE}</arg>
</arguments>
<msg timestamp="20200520 12:57:44.800" level="INFO">Clicking element '//button[@class='btn btn-green']'.</msg>
<status status="PASS" starttime="20200520 12:57:44.800" endtime="20200520 12:57:45.862"></status>
</kw>
<kw name="Capture Page Screenshot" library="SeleniumLibrary">
<doc>Takes a screenshot of the current page and embeds it into a log file.</doc>
<msg timestamp="20200520 12:57:46.411" level="INFO" html="yes">&lt;/td&gt;&lt;/tr&gt;&lt;tr&gt;&lt;td colspan="3"&gt;&lt;a href="selenium-screenshot-322.png"&gt;&lt;img src="selenium-screenshot-322.png" width="800px"&gt;&lt;/a&gt;</msg>
<status status="PASS" starttime="20200520 12:57:45.863" endtime="20200520 12:57:46.411"></status>
</kw>
<status status="PASS" starttime="20200520 12:57:42.823" endtime="20200520 12:57:46.411"></status>
</kw>
<kw name="Entao deve ser apresentada a mensagem que os dados são inválidos ${mensagem_login_invalido}" library="setup_hz">
<kw name="Element Text Should Be" library="SeleniumLibrary">
<doc>Verifies that element ``locator`` contains exact the text ``expected``.</doc>
<arguments>
<arg>${P_MENSSAGEM_ERRO_LOGIN}</arg>
<arg>${mensagem_login_invalido}</arg>
</arguments>
<msg timestamp="20200520 12:57:46.412" level="INFO">Verifying element '//p[@class='err-msg']' contains exact text 'Login ou senha inválidos'.</msg>
<status status="PASS" starttime="20200520 12:57:46.412" endtime="20200520 12:57:46.435"></status>
</kw>
<kw name="Capture Page Screenshot" library="SeleniumLibrary">
<doc>Takes a screenshot of the current page and embeds it into a log file.</doc>
<msg timestamp="20200520 12:57:46.815" level="INFO" html="yes">&lt;/td&gt;&lt;/tr&gt;&lt;tr&gt;&lt;td colspan="3"&gt;&lt;a href="selenium-screenshot-323.png"&gt;&lt;img src="selenium-screenshot-323.png" width="800px"&gt;&lt;/a&gt;</msg>
<status status="PASS" starttime="20200520 12:57:46.436" endtime="20200520 12:57:46.816"></status>
</kw>
<status status="PASS" starttime="20200520 12:57:46.411" endtime="20200520 12:57:46.816"></status>
</kw>
<status status="PASS" starttime="20200520 12:57:40.471" endtime="20200520 12:57:46.816"></status>
</kw>
<kw name="Realizar login com dados inválidos">
<arguments>
<arg>941.861.830-31</arg>
<arg>1234568</arg>
<arg>Login ou senha inválidos</arg>
</arguments>
<kw name="Dado que acesso e verifico que estou no site da FASTSHOP" library="setup_hz">
<kw name="Go To" library="SeleniumLibrary">
<doc>Navigates the current browser window to the provided ``url``.</doc>
<arguments>
<arg>${BASE_URL}</arg>
</arguments>
<msg timestamp="20200520 12:57:46.818" level="INFO">Opening url 'http://webapp2-qa.fastshop.com.br/'</msg>
<status status="PASS" starttime="20200520 12:57:46.817" endtime="20200520 12:57:47.556"></status>
</kw>
<kw name="Title Should Be" library="SeleniumLibrary">
<doc>Verifies that the current page title equals ``title``.</doc>
<arguments>
<arg>Bem-vindo à Fast Shop</arg>
</arguments>
<msg timestamp="20200520 12:57:47.612" level="INFO">Page title is 'Bem-vindo à Fast Shop'.</msg>
<status status="PASS" starttime="20200520 12:57:47.556" endtime="20200520 12:57:47.612"></status>
</kw>
<status status="PASS" starttime="20200520 12:57:46.817" endtime="20200520 12:57:47.613"></status>
</kw>
<kw name="Quando tento logar com o usuário ${usuario} e insiro a sua senha ${senha}" library="setup_hz">
<kw name="Delete All Cookies" library="SeleniumLibrary">
<doc>Deletes all cookies.</doc>
<status status="PASS" starttime="20200520 12:57:47.613" endtime="20200520 12:57:47.739"></status>
</kw>
<kw name="Go To" library="SeleniumLibrary">
<doc>Navigates the current browser window to the provided ``url``.</doc>
<arguments>
<arg>${BASE_URL}web/login</arg>
</arguments>
<msg timestamp="20200520 12:57:47.740" level="INFO">Opening url 'http://webapp2-qa.fastshop.com.br/web/login'</msg>
<status status="PASS" starttime="20200520 12:57:47.740" endtime="20200520 12:57:48.437"></status>
</kw>
<kw name="Input Text" library="SeleniumLibrary">
<doc>Types the given ``text`` into the text field identified by ``locator``.</doc>
<arguments>
<arg>${ID_LOGIN_CPF}</arg>
<arg>${usuario}</arg>
</arguments>
<msg timestamp="20200520 12:57:48.438" level="INFO">Typing text '941.861.830-31' into text field 'id:document'.</msg>
<status status="PASS" starttime="20200520 12:57:48.438" endtime="20200520 12:57:48.737"></status>
</kw>
<kw name="Input Text" library="SeleniumLibrary">
<doc>Types the given ``text`` into the text field identified by ``locator``.</doc>
<arguments>
<arg>${ID_LOGIN_SENHA}</arg>
<arg>${senha}</arg>
</arguments>
<msg timestamp="20200520 12:57:48.738" level="INFO">Typing text '1234568' into text field 'id:password'.</msg>
<status status="PASS" starttime="20200520 12:57:48.737" endtime="20200520 12:57:48.948"></status>
</kw>
<kw name="Click Element" library="SeleniumLibrary">
<doc>Click the element identified by ``locator``.</doc>
<arguments>
<arg>${BUTTON_CONFIRMAR_VERDE}</arg>
</arguments>
<msg timestamp="20200520 12:57:48.948" level="INFO">Clicking element '//button[@class='btn btn-green']'.</msg>
<status status="PASS" starttime="20200520 12:57:48.948" endtime="20200520 12:57:54.003"></status>
</kw>
<kw name="Capture Page Screenshot" library="SeleniumLibrary">
<doc>Takes a screenshot of the current page and embeds it into a log file.</doc>
<msg timestamp="20200520 12:57:54.643" level="INFO" html="yes">&lt;/td&gt;&lt;/tr&gt;&lt;tr&gt;&lt;td colspan="3"&gt;&lt;a href="selenium-screenshot-324.png"&gt;&lt;img src="selenium-screenshot-324.png" width="800px"&gt;&lt;/a&gt;</msg>
<status status="PASS" starttime="20200520 12:57:54.004" endtime="20200520 12:57:54.643"></status>
</kw>
<status status="PASS" starttime="20200520 12:57:47.613" endtime="20200520 12:57:54.643"></status>
</kw>
<kw name="Entao deve ser apresentada a mensagem que os dados são inválidos ${mensagem_login_invalido}" library="setup_hz">
<kw name="Element Text Should Be" library="SeleniumLibrary">
<doc>Verifies that element ``locator`` contains exact the text ``expected``.</doc>
<arguments>
<arg>${P_MENSSAGEM_ERRO_LOGIN}</arg>
<arg>${mensagem_login_invalido}</arg>
</arguments>
<msg timestamp="20200520 12:57:54.644" level="INFO">Verifying element '//p[@class='err-msg']' contains exact text 'Login ou senha inválidos'.</msg>
<status status="PASS" starttime="20200520 12:57:54.644" endtime="20200520 12:57:54.666"></status>
</kw>
<kw name="Capture Page Screenshot" library="SeleniumLibrary">
<doc>Takes a screenshot of the current page and embeds it into a log file.</doc>
<msg timestamp="20200520 12:57:55.058" level="INFO" html="yes">&lt;/td&gt;&lt;/tr&gt;&lt;tr&gt;&lt;td colspan="3"&gt;&lt;a href="selenium-screenshot-325.png"&gt;&lt;img src="selenium-screenshot-325.png" width="800px"&gt;&lt;/a&gt;</msg>
<status status="PASS" starttime="20200520 12:57:54.666" endtime="20200520 12:57:55.059"></status>
</kw>
<status status="PASS" starttime="20200520 12:57:54.643" endtime="20200520 12:57:55.059"></status>
</kw>
<status status="PASS" starttime="20200520 12:57:46.817" endtime="20200520 12:57:55.059"></status>
</kw>
<kw name="End Test" library="base" type="teardown">
<kw name="Capture Page Screenshot" library="SeleniumLibrary">
<doc>Takes a screenshot of the current page and embeds it into a log file.</doc>
<msg timestamp="20200520 12:57:55.474" level="INFO" html="yes">&lt;/td&gt;&lt;/tr&gt;&lt;tr&gt;&lt;td colspan="3"&gt;&lt;a href="selenium-screenshot-326.png"&gt;&lt;img src="selenium-screenshot-326.png" width="800px"&gt;&lt;/a&gt;</msg>
<status status="PASS" starttime="20200520 12:57:55.060" endtime="20200520 12:57:55.474"></status>
</kw>
<status status="PASS" starttime="20200520 12:57:55.060" endtime="20200520 12:57:55.475"></status>
</kw>
<status status="PASS" starttime="20200520 12:57:40.470" endtime="20200520 12:57:55.476" critical="yes"></status>
</test>
<test id="s1-s2-t3" name="LOGIN COM CPF INVÁLIDO">
<kw name="Realizar login com CPF inválido">
<arguments>
<arg>941.861.830-32</arg>
<arg>12345678</arg>
<arg>Informe um CPF válido</arg>
</arguments>
<kw name="Dado que acesso e verifico que estou no site da FASTSHOP" library="setup_hz">
<kw name="Go To" library="SeleniumLibrary">
<doc>Navigates the current browser window to the provided ``url``.</doc>
<arguments>
<arg>${BASE_URL}</arg>
</arguments>
<msg timestamp="20200520 12:57:55.483" level="INFO">Opening url 'http://webapp2-qa.fastshop.com.br/'</msg>
<status status="PASS" starttime="20200520 12:57:55.481" endtime="20200520 12:57:56.628"></status>
</kw>
<kw name="Title Should Be" library="SeleniumLibrary">
<doc>Verifies that the current page title equals ``title``.</doc>
<arguments>
<arg>Bem-vindo à Fast Shop</arg>
</arguments>
<msg timestamp="20200520 12:57:56.932" level="INFO">Page title is 'Bem-vindo à Fast Shop'.</msg>
<status status="PASS" starttime="20200520 12:57:56.628" endtime="20200520 12:57:56.932"></status>
</kw>
<status status="PASS" starttime="20200520 12:57:55.481" endtime="20200520 12:57:56.932"></status>
</kw>
<kw name="Quando tento logar com o usuário ${usuario} e insiro a sua senha ${senha}" library="setup_hz">
<kw name="Delete All Cookies" library="SeleniumLibrary">
<doc>Deletes all cookies.</doc>
<status status="PASS" starttime="20200520 12:57:56.933" endtime="20200520 12:57:57.394"></status>
</kw>
<kw name="Go To" library="SeleniumLibrary">
<doc>Navigates the current browser window to the provided ``url``.</doc>
<arguments>
<arg>${BASE_URL}web/login</arg>
</arguments>
<msg timestamp="20200520 12:57:57.395" level="INFO">Opening url 'http://webapp2-qa.fastshop.com.br/web/login'</msg>
<status status="PASS" starttime="20200520 12:57:57.395" endtime="20200520 12:57:58.380"></status>
</kw>
<kw name="Input Text" library="SeleniumLibrary">
<doc>Types the given ``text`` into the text field identified by ``locator``.</doc>
<arguments>
<arg>${ID_LOGIN_CPF}</arg>
<arg>${usuario}</arg>
</arguments>
<msg timestamp="20200520 12:57:58.381" level="INFO">Typing text '941.861.830-32' into text field 'id:document'.</msg>
<status status="PASS" starttime="20200520 12:57:58.381" endtime="20200520 12:57:58.618"></status>
</kw>
<kw name="Input Text" library="SeleniumLibrary">
<doc>Types the given ``text`` into the text field identified by ``locator``.</doc>
<arguments>
<arg>${ID_LOGIN_SENHA}</arg>
<arg>${senha}</arg>
</arguments>
<msg timestamp="20200520 12:57:58.618" level="INFO">Typing text '12345678' into text field 'id:password'.</msg>
<status status="PASS" starttime="20200520 12:57:58.618" endtime="20200520 12:57:58.761"></status>
</kw>
<kw name="Click Element" library="SeleniumLibrary">
<doc>Click the element identified by ``locator``.</doc>
<arguments>
<arg>${BUTTON_CONFIRMAR_VERDE}</arg>
</arguments>
<msg timestamp="20200520 12:57:58.762" level="INFO">Clicking element '//button[@class='btn btn-green']'.</msg>
<status status="PASS" starttime="20200520 12:57:58.761" endtime="20200520 12:58:03.816"></status>
</kw>
<kw name="Capture Page Screenshot" library="SeleniumLibrary">
<doc>Takes a screenshot of the current page and embeds it into a log file.</doc>
<msg timestamp="20200520 12:58:04.370" level="INFO" html="yes">&lt;/td&gt;&lt;/tr&gt;&lt;tr&gt;&lt;td colspan="3"&gt;&lt;a href="selenium-screenshot-327.png"&gt;&lt;img src="selenium-screenshot-327.png" width="800px"&gt;&lt;/a&gt;</msg>
<status status="PASS" starttime="20200520 12:58:03.816" endtime="20200520 12:58:04.370"></status>
</kw>
<status status="PASS" starttime="20200520 12:57:56.933" endtime="20200520 12:58:04.370"></status>
</kw>
<kw name="Entao será apresentada a mensagem que o cpf é inválido ${mensagem_login_cpf_invalido}" library="setup_hz">
<kw name="Element Text Should Be" library="SeleniumLibrary">
<doc>Verifies that element ``locator`` contains exact the text ``expected``.</doc>
<arguments>
<arg>${DIV_CPF_INVALIDO}</arg>
<arg>${mensagem_login_cpf_invalido}</arg>
</arguments>
<msg timestamp="20200520 12:58:04.385" level="INFO">Verifying element '//div[@class='invalid-feedback']' contains exact text 'Informe um CPF válido'.</msg>
<status status="PASS" starttime="20200520 12:58:04.371" endtime="20200520 12:58:04.407"></status>
</kw>
<kw name="Capture Page Screenshot" library="SeleniumLibrary">
<doc>Takes a screenshot of the current page and embeds it into a log file.</doc>
<msg timestamp="20200520 12:58:04.813" level="INFO" html="yes">&lt;/td&gt;&lt;/tr&gt;&lt;tr&gt;&lt;td colspan="3"&gt;&lt;a href="selenium-screenshot-328.png"&gt;&lt;img src="selenium-screenshot-328.png" width="800px"&gt;&lt;/a&gt;</msg>
<status status="PASS" starttime="20200520 12:58:04.408" endtime="20200520 12:58:04.813"></status>
</kw>
<status status="PASS" starttime="20200520 12:58:04.370" endtime="20200520 12:58:04.814"></status>
</kw>
<status status="PASS" starttime="20200520 12:57:55.480" endtime="20200520 12:58:04.814"></status>
</kw>
<kw name="Realizar login com CPF inválido">
<arguments>
<arg>941.861.830-36</arg>
<arg>12345678</arg>
<arg>Informe um CPF válido</arg>
</arguments>
<kw name="Dado que acesso e verifico que estou no site da FASTSHOP" library="setup_hz">
<kw name="Go To" library="SeleniumLibrary">
<doc>Navigates the current browser window to the provided ``url``.</doc>
<arguments>
<arg>${BASE_URL}</arg>
</arguments>
<msg timestamp="20200520 12:58:04.816" level="INFO">Opening url 'http://webapp2-qa.fastshop.com.br/'</msg>
<status status="PASS" starttime="20200520 12:58:04.815" endtime="20200520 12:58:05.714"></status>
</kw>
<kw name="Title Should Be" library="SeleniumLibrary">
<doc>Verifies that the current page title equals ``title``.</doc>
<arguments>
<arg>Bem-vindo à Fast Shop</arg>
</arguments>
<msg timestamp="20200520 12:58:06.229" level="INFO">Page title is 'Bem-vindo à Fast Shop'.</msg>
<status status="PASS" starttime="20200520 12:58:05.714" endtime="20200520 12:58:06.229"></status>
</kw>
<status status="PASS" starttime="20200520 12:58:04.815" endtime="20200520 12:58:06.230"></status>
</kw>
<kw name="Quando tento logar com o usuário ${usuario} e insiro a sua senha ${senha}" library="setup_hz">
<kw name="Delete All Cookies" library="SeleniumLibrary">
<doc>Deletes all cookies.</doc>
<status status="PASS" starttime="20200520 12:58:06.230" endtime="20200520 12:58:07.039"></status>
</kw>
<kw name="Go To" library="SeleniumLibrary">
<doc>Navigates the current browser window to the provided ``url``.</doc>
<arguments>
<arg>${BASE_URL}web/login</arg>
</arguments>
<msg timestamp="20200520 12:58:07.039" level="INFO">Opening url 'http://webapp2-qa.fastshop.com.br/web/login'</msg>
<status status="PASS" starttime="20200520 12:58:07.039" endtime="20200520 12:58:07.849"></status>
</kw>
<kw name="Input Text" library="SeleniumLibrary">
<doc>Types the given ``text`` into the text field identified by ``locator``.</doc>
<arguments>
<arg>${ID_LOGIN_CPF}</arg>
<arg>${usuario}</arg>
</arguments>
<msg timestamp="20200520 12:58:07.850" level="INFO">Typing text '941.861.830-36' into text field 'id:document'.</msg>
<status status="PASS" starttime="20200520 12:58:07.850" endtime="20200520 12:58:08.109"></status>
</kw>
<kw name="Input Text" library="SeleniumLibrary">
<doc>Types the given ``text`` into the text field identified by ``locator``.</doc>
<arguments>
<arg>${ID_LOGIN_SENHA}</arg>
<arg>${senha}</arg>
</arguments>
<msg timestamp="20200520 12:58:08.109" level="INFO">Typing text '12345678' into text field 'id:password'.</msg>
<status status="PASS" starttime="20200520 12:58:08.109" endtime="20200520 12:58:08.238"></status>
</kw>
<kw name="Click Element" library="SeleniumLibrary">
<doc>Click the element identified by ``locator``.</doc>
<arguments>
<arg>${BUTTON_CONFIRMAR_VERDE}</arg>
</arguments>
<msg timestamp="20200520 12:58:08.239" level="INFO">Clicking element '//button[@class='btn btn-green']'.</msg>
<status status="PASS" starttime="20200520 12:58:08.238" endtime="20200520 12:58:08.313"></status>
</kw>
<kw name="Capture Page Screenshot" library="SeleniumLibrary">
<doc>Takes a screenshot of the current page and embeds it into a log file.</doc>
<msg timestamp="20200520 12:58:08.728" level="INFO" html="yes">&lt;/td&gt;&lt;/tr&gt;&lt;tr&gt;&lt;td colspan="3"&gt;&lt;a href="selenium-screenshot-329.png"&gt;&lt;img src="selenium-screenshot-329.png" width="800px"&gt;&lt;/a&gt;</msg>
<status status="PASS" starttime="20200520 12:58:08.313" endtime="20200520 12:58:08.728"></status>
</kw>
<status status="PASS" starttime="20200520 12:58:06.230" endtime="20200520 12:58:08.729"></status>
</kw>
<kw name="Entao será apresentada a mensagem que o cpf é inválido ${mensagem_login_cpf_invalido}" library="setup_hz">
<kw name="Element Text Should Be" library="SeleniumLibrary">
<doc>Verifies that element ``locator`` contains exact the text ``expected``.</doc>
<arguments>
<arg>${DIV_CPF_INVALIDO}</arg>
<arg>${mensagem_login_cpf_invalido}</arg>
</arguments>
<msg timestamp="20200520 12:58:08.730" level="INFO">Verifying element '//div[@class='invalid-feedback']' contains exact text 'Informe um CPF válido'.</msg>
<status status="PASS" starttime="20200520 12:58:08.729" endtime="20200520 12:58:08.753"></status>
</kw>
<kw name="Capture Page Screenshot" library="SeleniumLibrary">
<doc>Takes a screenshot of the current page and embeds it into a log file.</doc>
<msg timestamp="20200520 12:58:09.133" level="INFO" html="yes">&lt;/td&gt;&lt;/tr&gt;&lt;tr&gt;&lt;td colspan="3"&gt;&lt;a href="selenium-screenshot-330.png"&gt;&lt;img src="selenium-screenshot-330.png" width="800px"&gt;&lt;/a&gt;</msg>
<status status="PASS" starttime="20200520 12:58:08.753" endtime="20200520 12:58:09.134"></status>
</kw>
<status status="PASS" starttime="20200520 12:58:08.729" endtime="20200520 12:58:09.134"></status>
</kw>
<status status="PASS" starttime="20200520 12:58:04.815" endtime="20200520 12:58:09.134"></status>
</kw>
<kw name="End Test" library="base" type="teardown">
<kw name="Capture Page Screenshot" library="SeleniumLibrary">
<doc>Takes a screenshot of the current page and embeds it into a log file.</doc>
<msg timestamp="20200520 12:58:09.506" level="INFO" html="yes">&lt;/td&gt;&lt;/tr&gt;&lt;tr&gt;&lt;td colspan="3"&gt;&lt;a href="selenium-screenshot-331.png"&gt;&lt;img src="selenium-screenshot-331.png" width="800px"&gt;&lt;/a&gt;</msg>
<status status="PASS" starttime="20200520 12:58:09.135" endtime="20200520 12:58:09.506"></status>
</kw>
<status status="PASS" starttime="20200520 12:58:09.135" endtime="20200520 12:58:09.506"></status>
</kw>
<status status="PASS" starttime="20200520 12:57:55.479" endtime="20200520 12:58:09.507" critical="yes"></status>
</test>
<test id="s1-s2-t4" name="LOGIN COM CAMPOS EM BRANCO">
<kw name="Realizar login com CPF inválido">
<arguments>
<arg>${EMPTY}</arg>
<arg>12234344</arg>
<arg>Campo obrigatório</arg>
</arguments>
<kw name="Dado que acesso e verifico que estou no site da FASTSHOP" library="setup_hz">
<kw name="Go To" library="SeleniumLibrary">
<doc>Navigates the current browser window to the provided ``url``.</doc>
<arguments>
<arg>${BASE_URL}</arg>
</arguments>
<msg timestamp="20200520 12:58:09.511" level="INFO">Opening url 'http://webapp2-qa.fastshop.com.br/'</msg>
<status status="PASS" starttime="20200520 12:58:09.510" endtime="20200520 12:58:10.348"></status>
</kw>
<kw name="Title Should Be" library="SeleniumLibrary">
<doc>Verifies that the current page title equals ``title``.</doc>
<arguments>
<arg>Bem-vindo à Fast Shop</arg>
</arguments>
<msg timestamp="20200520 12:58:11.458" level="INFO">Page title is 'Bem-vindo à Fast Shop'.</msg>
<status status="PASS" starttime="20200520 12:58:10.348" endtime="20200520 12:58:11.458"></status>
</kw>
<status status="PASS" starttime="20200520 12:58:09.510" endtime="20200520 12:58:11.458"></status>
</kw>
<kw name="Quando tento logar com o usuário ${usuario} e insiro a sua senha ${senha}" library="setup_hz">
<kw name="Delete All Cookies" library="SeleniumLibrary">
<doc>Deletes all cookies.</doc>
<status status="PASS" starttime="20200520 12:58:11.459" endtime="20200520 12:58:11.773"></status>
</kw>
<kw name="Go To" library="SeleniumLibrary">
<doc>Navigates the current browser window to the provided ``url``.</doc>
<arguments>
<arg>${BASE_URL}web/login</arg>
</arguments>
<msg timestamp="20200520 12:58:11.774" level="INFO">Opening url 'http://webapp2-qa.fastshop.com.br/web/login'</msg>
<status status="PASS" starttime="20200520 12:58:11.773" endtime="20200520 12:58:12.241"></status>
</kw>
<kw name="Input Text" library="SeleniumLibrary">
<doc>Types the given ``text`` into the text field identified by ``locator``.</doc>
<arguments>
<arg>${ID_LOGIN_CPF}</arg>
<arg>${usuario}</arg>
</arguments>
<msg timestamp="20200520 12:58:12.242" level="INFO">Typing text '' into text field 'id:document'.</msg>
<status status="PASS" starttime="20200520 12:58:12.241" endtime="20200520 12:58:13.165"></status>
</kw>
<kw name="Input Text" library="SeleniumLibrary">
<doc>Types the given ``text`` into the text field identified by ``locator``.</doc>
<arguments>
<arg>${ID_LOGIN_SENHA}</arg>
<arg>${senha}</arg>
</arguments>
<msg timestamp="20200520 12:58:13.166" level="INFO">Typing text '12234344' into text field 'id:password'.</msg>
<status status="PASS" starttime="20200520 12:58:13.165" endtime="20200520 12:58:13.315"></status>
</kw>
<kw name="Click Element" library="SeleniumLibrary">
<doc>Click the element identified by ``locator``.</doc>
<arguments>
<arg>${BUTTON_CONFIRMAR_VERDE}</arg>
</arguments>
<msg timestamp="20200520 12:58:13.315" level="INFO">Clicking element '//button[@class='btn btn-green']'.</msg>
<status status="PASS" starttime="20200520 12:58:13.315" endtime="20200520 12:58:13.390"></status>
</kw>
<kw name="Capture Page Screenshot" library="SeleniumLibrary">
<doc>Takes a screenshot of the current page and embeds it into a log file.</doc>
<msg timestamp="20200520 12:58:13.805" level="INFO" html="yes">&lt;/td&gt;&lt;/tr&gt;&lt;tr&gt;&lt;td colspan="3"&gt;&lt;a href="selenium-screenshot-332.png"&gt;&lt;img src="selenium-screenshot-332.png" width="800px"&gt;&lt;/a&gt;</msg>
<status status="PASS" starttime="20200520 12:58:13.390" endtime="20200520 12:58:13.805"></status>
</kw>
<status status="PASS" starttime="20200520 12:58:11.459" endtime="20200520 12:58:13.805"></status>
</kw>
<kw name="Entao será apresentada a mensagem que o cpf é inválido ${mensagem_login_cpf_invalido}" library="setup_hz">
<kw name="Element Text Should Be" library="SeleniumLibrary">
<doc>Verifies that element ``locator`` contains exact the text ``expected``.</doc>
<arguments>
<arg>${DIV_CPF_INVALIDO}</arg>
<arg>${mensagem_login_cpf_invalido}</arg>
</arguments>
<msg timestamp="20200520 12:58:13.806" level="INFO">Verifying element '//div[@class='invalid-feedback']' contains exact text 'Campo obrigatório'.</msg>
<status status="PASS" starttime="20200520 12:58:13.806" endtime="20200520 12:58:13.826"></status>
</kw>
<kw name="Capture Page Screenshot" library="SeleniumLibrary">
<doc>Takes a screenshot of the current page and embeds it into a log file.</doc>
<msg timestamp="20200520 12:58:14.198" level="INFO" html="yes">&lt;/td&gt;&lt;/tr&gt;&lt;tr&gt;&lt;td colspan="3"&gt;&lt;a href="selenium-screenshot-333.png"&gt;&lt;img src="selenium-screenshot-333.png" width="800px"&gt;&lt;/a&gt;</msg>
<status status="PASS" starttime="20200520 12:58:13.826" endtime="20200520 12:58:14.198"></status>
</kw>
<status status="PASS" starttime="20200520 12:58:13.805" endtime="20200520 12:58:14.198"></status>
</kw>
<status status="PASS" starttime="20200520 12:58:09.510" endtime="20200520 12:58:14.198"></status>
</kw>
<kw name="Realizar login com CPF inválido">
<arguments>
<arg>34611974839</arg>
<arg>${EMPTY}</arg>
<arg>Campo obrigatório</arg>
</arguments>
<kw name="Dado que acesso e verifico que estou no site da FASTSHOP" library="setup_hz">
<kw name="Go To" library="SeleniumLibrary">
<doc>Navigates the current browser window to the provided ``url``.</doc>
<arguments>
<arg>${BASE_URL}</arg>
</arguments>
<msg timestamp="20200520 12:58:14.200" level="INFO">Opening url 'http://webapp2-qa.fastshop.com.br/'</msg>
<status status="PASS" starttime="20200520 12:58:14.200" endtime="20200520 12:58:14.783"></status>
</kw>
<kw name="Title Should Be" library="SeleniumLibrary">
<doc>Verifies that the current page title equals ``title``.</doc>
<arguments>
<arg>Bem-vindo à Fast Shop</arg>
</arguments>
<msg timestamp="20200520 12:58:15.756" level="INFO">Page title is 'Bem-vindo à Fast Shop'.</msg>
<status status="PASS" starttime="20200520 12:58:14.783" endtime="20200520 12:58:15.756"></status>
</kw>
<status status="PASS" starttime="20200520 12:58:14.200" endtime="20200520 12:58:15.756"></status>
</kw>
<kw name="Quando tento logar com o usuário ${usuario} e insiro a sua senha ${senha}" library="setup_hz">
<kw name="Delete All Cookies" library="SeleniumLibrary">
<doc>Deletes all cookies.</doc>
<status status="PASS" starttime="20200520 12:58:15.757" endtime="20200520 12:58:16.184"></status>
</kw>
<kw name="Go To" library="SeleniumLibrary">
<doc>Navigates the current browser window to the provided ``url``.</doc>
<arguments>
<arg>${BASE_URL}web/login</arg>
</arguments>
<msg timestamp="20200520 12:58:16.184" level="INFO">Opening url 'http://webapp2-qa.fastshop.com.br/web/login'</msg>
<status status="PASS" starttime="20200520 12:58:16.184" endtime="20200520 12:58:16.925"></status>
</kw>
<kw name="Input Text" library="SeleniumLibrary">
<doc>Types the given ``text`` into the text field identified by ``locator``.</doc>
<arguments>
<arg>${ID_LOGIN_CPF}</arg>
<arg>${usuario}</arg>
</arguments>
<msg timestamp="20200520 12:58:16.925" level="INFO">Typing text '34611974839' into text field 'id:document'.</msg>
<status status="PASS" starttime="20200520 12:58:16.925" endtime="20200520 12:58:17.151"></status>
</kw>
<kw name="Input Text" library="SeleniumLibrary">
<doc>Types the given ``text`` into the text field identified by ``locator``.</doc>
<arguments>
<arg>${ID_LOGIN_SENHA}</arg>
<arg>${senha}</arg>
</arguments>
<msg timestamp="20200520 12:58:17.151" level="INFO">Typing text '' into text field 'id:password'.</msg>
<status status="PASS" starttime="20200520 12:58:17.151" endtime="20200520 12:58:17.249"></status>
</kw>
<kw name="Click Element" library="SeleniumLibrary">
<doc>Click the element identified by ``locator``.</doc>
<arguments>
<arg>${BUTTON_CONFIRMAR_VERDE}</arg>
</arguments>
<msg timestamp="20200520 12:58:17.250" level="INFO">Clicking element '//button[@class='btn btn-green']'.</msg>
<status status="PASS" starttime="20200520 12:58:17.249" endtime="20200520 12:58:17.301"></status>
</kw>
<kw name="Capture Page Screenshot" library="SeleniumLibrary">
<doc>Takes a screenshot of the current page and embeds it into a log file.</doc>
<msg timestamp="20200520 12:58:17.703" level="INFO" html="yes">&lt;/td&gt;&lt;/tr&gt;&lt;tr&gt;&lt;td colspan="3"&gt;&lt;a href="selenium-screenshot-334.png"&gt;&lt;img src="selenium-screenshot-334.png" width="800px"&gt;&lt;/a&gt;</msg>
<status status="PASS" starttime="20200520 12:58:17.301" endtime="20200520 12:58:17.703"></status>
</kw>
<status status="PASS" starttime="20200520 12:58:15.756" endtime="20200520 12:58:17.703"></status>
</kw>
<kw name="Entao será apresentada a mensagem que o cpf é inválido ${mensagem_login_cpf_invalido}" library="setup_hz">
<kw name="Element Text Should Be" library="SeleniumLibrary">
<doc>Verifies that element ``locator`` contains exact the text ``expected``.</doc>
<arguments>
<arg>${DIV_CPF_INVALIDO}</arg>
<arg>${mensagem_login_cpf_invalido}</arg>
</arguments>
<msg timestamp="20200520 12:58:17.704" level="INFO">Verifying element '//div[@class='invalid-feedback']' contains exact text 'Campo obrigatório'.</msg>
<status status="PASS" starttime="20200520 12:58:17.704" endtime="20200520 12:58:17.724"></status>
</kw>
<kw name="Capture Page Screenshot" library="SeleniumLibrary">
<doc>Takes a screenshot of the current page and embeds it into a log file.</doc>
<msg timestamp="20200520 12:58:18.113" level="INFO" html="yes">&lt;/td&gt;&lt;/tr&gt;&lt;tr&gt;&lt;td colspan="3"&gt;&lt;a href="selenium-screenshot-335.png"&gt;&lt;img src="selenium-screenshot-335.png" width="800px"&gt;&lt;/a&gt;</msg>
<status status="PASS" starttime="20200520 12:58:17.724" endtime="20200520 12:58:18.113"></status>
</kw>
<status status="PASS" starttime="20200520 12:58:17.704" endtime="20200520 12:58:18.114"></status>
</kw>
<status status="PASS" starttime="20200520 12:58:14.199" endtime="20200520 12:58:18.114"></status>
</kw>
<kw name="End Test" library="base" type="teardown">
<kw name="Capture Page Screenshot" library="SeleniumLibrary">
<doc>Takes a screenshot of the current page and embeds it into a log file.</doc>
<msg timestamp="20200520 12:58:18.497" level="INFO" html="yes">&lt;/td&gt;&lt;/tr&gt;&lt;tr&gt;&lt;td colspan="3"&gt;&lt;a href="selenium-screenshot-336.png"&gt;&lt;img src="selenium-screenshot-336.png" width="800px"&gt;&lt;/a&gt;</msg>
<status status="PASS" starttime="20200520 12:58:18.123" endtime="20200520 12:58:18.498"></status>
</kw>
<status status="PASS" starttime="20200520 12:58:18.122" endtime="20200520 12:58:18.498"></status>
</kw>
<status status="PASS" starttime="20200520 12:58:09.509" endtime="20200520 12:58:18.498" critical="yes"></status>
</test>
<kw name="End Session" library="base" type="teardown">
<kw name="Close Browser" library="SeleniumLibrary">
<doc>Closes the current browser.</doc>
<status status="PASS" starttime="20200520 12:58:18.501" endtime="20200520 12:58:20.639"></status>
</kw>
<status status="PASS" starttime="20200520 12:58:18.500" endtime="20200520 12:58:20.640"></status>
</kw>
<doc>FASTSHOP - REALIZAR LOGIN
Como um novo usuário
Edwin deseja acessar o site da Fastshop
Para que ele possa navegar e realizar compras no website</doc>
<status status="PASS" starttime="20200520 12:57:25.327" endtime="20200520 12:58:20.640"></status>
</suite>
<status status="FAIL" starttime="20200520 12:57:13.533" endtime="20200520 12:58:20.645"></status>
</suite>
<statistics>
<total>
<stat pass="4" fail="1">Critical Tests</stat>
<stat pass="4" fail="1">All Tests</stat>
</total>
<tag>
</tag>
<suite>
<stat pass="4" fail="1" id="s1" name="Tests">Tests</stat>
<stat pass="0" fail="1" id="s1-s1" name="INSERIR PRODUTO CARRINHO">Tests.INSERIR PRODUTO CARRINHO</stat>
<stat pass="4" fail="0" id="s1-s2" name="LOGIN PESSOA FISICA.">Tests.LOGIN PESSOA FISICA.</stat>
</suite>
</statistics>
<errors>
</errors>
</robot>
