<?xml version="1.0" encoding="UTF-8"?>
<robot generator="Robot 3.2rc1 (Python 3.8.1 on win32)" generated="20200520 21:56:31.929" rpa="false">
<suite id="s1" name="Tests" source="C:\FastShop_hz\tests">
<suite id="s1-s1" name="INSERIR PRODUTO CARRINHO" source="C:\FastShop_hz\tests\INSERIR_PRODUTO_CARRINHO.robot">
<kw name="Start Session" library="base" type="setup">
<kw name="Open Browser" library="SeleniumLibrary">
<doc>Opens a new browser instance to the optional ``url``.</doc>
<arguments>
<arg>about:blank</arg>
<arg>chrome</arg>
</arguments>
<msg timestamp="20200520 21:56:33.137" level="INFO">Opening browser 'chrome' to base url 'about:blank'.</msg>
<status status="PASS" starttime="20200520 21:56:33.137" endtime="20200520 21:56:34.401"></status>
</kw>
<kw name="Set Selenium Implicit Wait" library="SeleniumLibrary">
<doc>Sets the implicit wait value used by Selenium.</doc>
<arguments>
<arg>10</arg>
</arguments>
<status status="PASS" starttime="20200520 21:56:34.401" endtime="20200520 21:56:34.402"></status>
</kw>
<kw name="Maximize Browser Window" library="SeleniumLibrary">
<doc>Maximizes current browser window.</doc>
<status status="PASS" starttime="20200520 21:56:34.403" endtime="20200520 21:56:34.517"></status>
</kw>
<kw name="Start Video Recording" library="ScreenCapLibrary">
<doc>Starts the recording of a video in the background with the specified ``name``.
The recording can be stopped by calling the `Stop Video Recording` keyword.</doc>
<status status="PASS" starttime="20200520 21:56:34.517" endtime="20200520 21:56:34.523"></status>
</kw>
<kw name="Start Gif Recording" library="ScreenCapLibrary">
<doc>Starts the recording of a GIF in the background with the specified ``name``.
The recording can be stopped by calling the `Stop Gif Recording` keyword.</doc>
<status status="PASS" starttime="20200520 21:56:34.523" endtime="20200520 21:56:34.525"></status>
</kw>
<status status="PASS" starttime="20200520 21:56:33.137" endtime="20200520 21:56:34.525"></status>
</kw>
<test id="s1-s1-t1" name="INSERIR UM PRODUTO NO CARRINHO SEM SERVIÇO">
<kw name="Busca, verificação e adição ao carrinho de um item no site da FASTSHOP">
<arguments>
<arg>941.861.830-31</arg>
<arg>12345678</arg>
<arg>AEMWHJ2BZACNZB</arg>
</arguments>
<kw name="Dado que acesso e verifico que estou no site da FASTSHOP" library="setup_hz">
<kw name="Delete All Cookies" library="SeleniumLibrary">
<doc>Deletes all cookies.</doc>
<status status="PASS" starttime="20200520 21:56:34.528" endtime="20200520 21:56:34.536"></status>
</kw>
<kw name="Go To" library="SeleniumLibrary">
<doc>Navigates the current browser window to the provided ``url``.</doc>
<arguments>
<arg>${BASE_URL}</arg>
</arguments>
<msg timestamp="20200520 21:56:34.536" level="INFO">Opening url 'http://webapp2-qa.fastshop.com.br/'</msg>
<status status="PASS" starttime="20200520 21:56:34.536" endtime="20200520 21:56:43.392"></status>
</kw>
<status status="PASS" starttime="20200520 21:56:34.527" endtime="20200520 21:56:43.392"></status>
</kw>
<kw name="Quando é preenchido o campo de busca ${busca_produto}, verifico se o mesmo é retornado na lista" library="setup_hz">
<kw name="Go To" library="SeleniumLibrary">
<doc>Navigates the current browser window to the provided ``url``.</doc>
<arguments>
<arg>${BASE_URL}web/p/d/${busca_produto}/teste</arg>
</arguments>
<msg timestamp="20200520 21:56:43.393" level="INFO">Opening url 'http://webapp2-qa.fastshop.com.br/web/p/d/AEMWHJ2BZACNZB/teste'</msg>
<status status="PASS" starttime="20200520 21:56:43.393" endtime="20200520 21:56:45.557"></status>
</kw>
<kw name="Wait Until Element Is Visible" library="SeleniumLibrary">
<doc>Waits until the element ``locator`` is visible.</doc>
<arguments>
<arg>${SPAN_ADICIONAR_AO_CARRINHO}</arg>
<arg>20</arg>
</arguments>
<status status="PASS" starttime="20200520 21:56:45.558" endtime="20200520 21:56:47.042"></status>
</kw>
<kw name="Get Text" library="SeleniumLibrary">
<doc>Returns the text value of the element identified by ``locator``.</doc>
<arguments>
<arg>${H1_NOME_DO_PRODUTO}</arg>
</arguments>
<assign>
<var>${PRODUTO}</var>
</assign>
<msg timestamp="20200520 21:56:47.082" level="INFO">${PRODUTO} = iPhone 11 Pro Max Cinza Espacial, com Tela de 6,5”, 4G, 256 GB e Câmera de 12 MP - MWHJ2BZ/A</msg>
<status status="PASS" starttime="20200520 21:56:47.043" endtime="20200520 21:56:47.083"></status>
</kw>
<kw name="Set Global Variable" library="BuiltIn">
<doc>Makes a variable available globally in all tests and suites.</doc>
<arguments>
<arg>${PRODUTO}</arg>
</arguments>
<msg timestamp="20200520 21:56:47.084" level="INFO">${PRODUTO} = iPhone 11 Pro Max Cinza Espacial, com Tela de 6,5”, 4G, 256 GB e Câmera de 12 MP - MWHJ2BZ/A</msg>
<status status="PASS" starttime="20200520 21:56:47.083" endtime="20200520 21:56:47.084"></status>
</kw>
<kw name="Log" library="BuiltIn">
<doc>Logs the given message with the given level.</doc>
<arguments>
<arg>${PRODUTO}</arg>
</arguments>
<msg timestamp="20200520 21:56:47.084" level="INFO">iPhone 11 Pro Max Cinza Espacial, com Tela de 6,5”, 4G, 256 GB e Câmera de 12 MP - MWHJ2BZ/A</msg>
<status status="PASS" starttime="20200520 21:56:47.084" endtime="20200520 21:56:47.084"></status>
</kw>
<kw name="Element Text Should Be" library="SeleniumLibrary">
<doc>Verifies that element ``locator`` contains exact the text ``expected``.</doc>
<arguments>
<arg>${H2_NOME_DO_PRODUTO}</arg>
<arg>${busca_produto}</arg>
</arguments>
<msg timestamp="20200520 21:56:47.085" level="INFO">Verifying element '//h2[@class='product-detail-partnumber']' contains exact text 'AEMWHJ2BZACNZB'.</msg>
<status status="PASS" starttime="20200520 21:56:47.084" endtime="20200520 21:56:47.135"></status>
</kw>
<kw name="Set Focus To Element" library="SeleniumLibrary">
<doc>Sets the focus to the element identified by ``locator``.</doc>
<arguments>
<arg>${SPAN_ADICIONAR_AO_CARRINHO}</arg>
</arguments>
<status status="PASS" starttime="20200520 21:56:47.135" endtime="20200520 21:56:47.602"></status>
</kw>
<kw name="Click Element" library="SeleniumLibrary">
<doc>Click the element identified by ``locator``.</doc>
<arguments>
<arg>${SPAN_ADICIONAR_AO_CARRINHO}</arg>
</arguments>
<msg timestamp="20200520 21:56:47.602" level="INFO">Clicking element '//span[@class='lb-add-cart']'.</msg>
<status status="PASS" starttime="20200520 21:56:47.602" endtime="20200520 21:56:48.069"></status>
</kw>
<kw name="Capture Page Screenshot" library="SeleniumLibrary">
<doc>Takes a screenshot of the current page and embeds it into a log file.</doc>
<msg timestamp="20200520 21:56:48.501" level="INFO" html="yes">&lt;/td&gt;&lt;/tr&gt;&lt;tr&gt;&lt;td colspan="3"&gt;&lt;a href="selenium-screenshot-10.png"&gt;&lt;img src="selenium-screenshot-10.png" width="800px"&gt;&lt;/a&gt;</msg>
<status status="PASS" starttime="20200520 21:56:48.070" endtime="20200520 21:56:48.501"></status>
</kw>
<status status="PASS" starttime="20200520 21:56:43.392" endtime="20200520 21:56:48.502"></status>
</kw>
<kw name="E e logo no site com o CPF ${cpf} e a senha ${senha}" library="setup_hz">
<kw name="Wait Until Element Is Visible" library="SeleniumLibrary">
<doc>Waits until the element ``locator`` is visible.</doc>
<arguments>
<arg>${ID_LOGIN_CPF}</arg>
<arg>10</arg>
</arguments>
<status status="PASS" starttime="20200520 21:56:48.503" endtime="20200520 21:56:48.534"></status>
</kw>
<kw name="Input Text" library="SeleniumLibrary">
<doc>Types the given ``text`` into the text field identified by ``locator``.</doc>
<arguments>
<arg>${ID_LOGIN_CPF}</arg>
<arg>${cpf}</arg>
</arguments>
<msg timestamp="20200520 21:56:48.535" level="INFO">Typing text '941.861.830-31' into text field 'id:document'.</msg>
<status status="PASS" starttime="20200520 21:56:48.534" endtime="20200520 21:56:48.750"></status>
</kw>
<kw name="Input Text" library="SeleniumLibrary">
<doc>Types the given ``text`` into the text field identified by ``locator``.</doc>
<arguments>
<arg>${ID_LOGIN_SENHA}</arg>
<arg>${senha}</arg>
</arguments>
<msg timestamp="20200520 21:56:48.751" level="INFO">Typing text '12345678' into text field 'id:password'.</msg>
<status status="PASS" starttime="20200520 21:56:48.751" endtime="20200520 21:56:48.897"></status>
</kw>
<kw name="Click Element" library="SeleniumLibrary">
<doc>Click the element identified by ``locator``.</doc>
<arguments>
<arg>${BUTTON_CONFIRMAR_VERDE}</arg>
</arguments>
<msg timestamp="20200520 21:56:48.898" level="INFO">Clicking element '//button[@class='btn btn-green']'.</msg>
<status status="PASS" starttime="20200520 21:56:48.897" endtime="20200520 21:56:48.982"></status>
</kw>
<kw name="Capture Page Screenshot" library="SeleniumLibrary">
<doc>Takes a screenshot of the current page and embeds it into a log file.</doc>
<msg timestamp="20200520 21:56:49.431" level="INFO" html="yes">&lt;/td&gt;&lt;/tr&gt;&lt;tr&gt;&lt;td colspan="3"&gt;&lt;a href="selenium-screenshot-11.png"&gt;&lt;img src="selenium-screenshot-11.png" width="800px"&gt;&lt;/a&gt;</msg>
<status status="PASS" starttime="20200520 21:56:48.983" endtime="20200520 21:56:49.431"></status>
</kw>
<kw name="Sleep" library="BuiltIn">
<doc>Pauses the test executed for the given time.</doc>
<arguments>
<arg>5</arg>
</arguments>
<msg timestamp="20200520 21:56:54.432" level="INFO">Slept 5 seconds</msg>
<status status="PASS" starttime="20200520 21:56:49.431" endtime="20200520 21:56:54.432"></status>
</kw>
<kw name="Go To" library="SeleniumLibrary">
<doc>Navigates the current browser window to the provided ``url``.</doc>
<arguments>
<arg>${CARRINHO_URL}</arg>
</arguments>
<msg timestamp="20200520 21:56:54.433" level="INFO">Opening url 'http://webapp2-qa.fastshop.com.br/web/checkout-v2/carrinho'</msg>
<status status="PASS" starttime="20200520 21:56:54.433" endtime="20200520 21:56:55.382"></status>
</kw>
<status status="PASS" starttime="20200520 21:56:48.502" endtime="20200520 21:56:55.383"></status>
</kw>
<kw name="Então o produto ${busca_produto} é adicionado e verificado que está no carrinho" library="setup_hz">
<kw name="Wait Until Element Is Visible" library="SeleniumLibrary">
<doc>Waits until the element ``locator`` is visible.</doc>
<arguments>
<arg>${BUTTON_CONTINUAR_COMPRA_VERDE}</arg>
<arg>10</arg>
</arguments>
<status status="PASS" starttime="20200520 21:56:55.384" endtime="20200520 21:56:57.538"></status>
</kw>
<kw name="Get Text" library="SeleniumLibrary">
<doc>Returns the text value of the element identified by ``locator``.</doc>
<arguments>
<arg>${DIV_NOME_DO_PRODUTO}</arg>
</arguments>
<assign>
<var>${PRODUTO}</var>
</assign>
<msg timestamp="20200520 21:56:57.569" level="INFO">${PRODUTO} = iPhone 11 Pro Max Cinza Espacial, com Tela de 6,5”, 4G, 256 GB e ...</msg>
<status status="PASS" starttime="20200520 21:56:57.539" endtime="20200520 21:56:57.569"></status>
</kw>
<kw name="Set Global Variable" library="BuiltIn">
<doc>Makes a variable available globally in all tests and suites.</doc>
<arguments>
<arg>${PRODUTO}</arg>
</arguments>
<msg timestamp="20200520 21:56:57.570" level="INFO">${PRODUTO} = iPhone 11 Pro Max Cinza Espacial, com Tela de 6,5”, 4G, 256 GB e ...</msg>
<status status="PASS" starttime="20200520 21:56:57.570" endtime="20200520 21:56:57.570"></status>
</kw>
<kw name="Log" library="BuiltIn">
<doc>Logs the given message with the given level.</doc>
<arguments>
<arg>${PRODUTO}</arg>
</arguments>
<msg timestamp="20200520 21:56:57.571" level="INFO">iPhone 11 Pro Max Cinza Espacial, com Tela de 6,5”, 4G, 256 GB e ...</msg>
<status status="PASS" starttime="20200520 21:56:57.571" endtime="20200520 21:56:57.571"></status>
</kw>
<kw name="Capture Page Screenshot" library="SeleniumLibrary">
<doc>Takes a screenshot of the current page and embeds it into a log file.</doc>
<msg timestamp="20200520 21:56:58.149" level="INFO" html="yes">&lt;/td&gt;&lt;/tr&gt;&lt;tr&gt;&lt;td colspan="3"&gt;&lt;a href="selenium-screenshot-12.png"&gt;&lt;img src="selenium-screenshot-12.png" width="800px"&gt;&lt;/a&gt;</msg>
<status status="PASS" starttime="20200520 21:56:57.571" endtime="20200520 21:56:58.149"></status>
</kw>
<status status="PASS" starttime="20200520 21:56:55.383" endtime="20200520 21:56:58.149"></status>
</kw>
<status status="PASS" starttime="20200520 21:56:34.527" endtime="20200520 21:56:58.149"></status>
</kw>
<kw name="End Test" library="base" type="teardown">
<kw name="Capture Page Screenshot" library="SeleniumLibrary">
<doc>Takes a screenshot of the current page and embeds it into a log file.</doc>
<msg timestamp="20200520 21:56:58.514" level="INFO" html="yes">&lt;/td&gt;&lt;/tr&gt;&lt;tr&gt;&lt;td colspan="3"&gt;&lt;a href="selenium-screenshot-13.png"&gt;&lt;img src="selenium-screenshot-13.png" width="800px"&gt;&lt;/a&gt;</msg>
<status status="PASS" starttime="20200520 21:56:58.151" endtime="20200520 21:56:58.514"></status>
</kw>
<kw name="Stop Video Recording" library="ScreenCapLibrary">
<doc>Stops the video recording corresponding to the given ``alias`` and generates the file in WebM format. If no
``alias`` is specified, the last opened recording will be closed. If there are more recordings with the same
alias all of them will be closed. If ``embed`` argument was set to
``True`` the video will be displayed in the log file.</doc>
<msg timestamp="20200520 21:56:59.517" level="INFO" html="yes">&lt;a href="recording_3.webm"&gt;&lt;video width="800px" autoplay&gt;&lt;source src="recording_3.webm" type="video/webm"&gt;&lt;/video&gt;&lt;/a&gt;</msg>
<status status="PASS" starttime="20200520 21:56:58.514" endtime="20200520 21:56:59.517"></status>
</kw>
<kw name="Stop Gif Recording" library="ScreenCapLibrary">
<doc>Stops the GIF recording and generates the file. If ``embed`` argument was set to ``True`` the
GIF will be displayed in the log file.</doc>
<msg timestamp="20200520 21:57:10.806" level="INFO" html="yes">&lt;a href="screenshot_3.gif"&gt;&lt;img src="screenshot_3.gif" width="800px"&gt;&lt;/a&gt;</msg>
<status status="PASS" starttime="20200520 21:56:59.517" endtime="20200520 21:57:10.880"></status>
</kw>
<status status="PASS" starttime="20200520 21:56:58.150" endtime="20200520 21:57:10.881"></status>
</kw>
<status status="PASS" starttime="20200520 21:56:34.526" endtime="20200520 21:57:10.881" critical="yes"></status>
</test>
<test id="s1-s1-t2" name="EXCLUIR UM PRODUTO NO CARRINHO">
<kw name="Excluir produto sem serviço no carrinho quando existe só um produto">
<arguments>
<arg>941.861.830-31</arg>
<arg>12345678</arg>
<arg>AEMWHJ2BZACNZB</arg>
</arguments>
<kw name="Dado que acesso e verifico que estou no site da FASTSHOP" library="setup_hz">
<kw name="Delete All Cookies" library="SeleniumLibrary">
<doc>Deletes all cookies.</doc>
<status status="PASS" starttime="20200520 21:57:10.908" endtime="20200520 21:57:11.119"></status>
</kw>
<kw name="Go To" library="SeleniumLibrary">
<doc>Navigates the current browser window to the provided ``url``.</doc>
<arguments>
<arg>${BASE_URL}</arg>
</arguments>
<msg timestamp="20200520 21:57:11.120" level="INFO">Opening url 'http://webapp2-qa.fastshop.com.br/'</msg>
<status status="PASS" starttime="20200520 21:57:11.120" endtime="20200520 21:57:12.436"></status>
</kw>
<status status="PASS" starttime="20200520 21:57:10.908" endtime="20200520 21:57:12.436"></status>
</kw>
<kw name="Quando é preenchido o campo de busca ${busca_produto}, verifico se o mesmo é retornado na lista" library="setup_hz">
<kw name="Go To" library="SeleniumLibrary">
<doc>Navigates the current browser window to the provided ``url``.</doc>
<arguments>
<arg>${BASE_URL}web/p/d/${busca_produto}/teste</arg>
</arguments>
<msg timestamp="20200520 21:57:12.437" level="INFO">Opening url 'http://webapp2-qa.fastshop.com.br/web/p/d/AEMWHJ2BZACNZB/teste'</msg>
<status status="PASS" starttime="20200520 21:57:12.437" endtime="20200520 21:57:13.464"></status>
</kw>
<kw name="Wait Until Element Is Visible" library="SeleniumLibrary">
<doc>Waits until the element ``locator`` is visible.</doc>
<arguments>
<arg>${SPAN_ADICIONAR_AO_CARRINHO}</arg>
<arg>20</arg>
</arguments>
<status status="PASS" starttime="20200520 21:57:13.464" endtime="20200520 21:57:14.391"></status>
</kw>
<kw name="Get Text" library="SeleniumLibrary">
<doc>Returns the text value of the element identified by ``locator``.</doc>
<arguments>
<arg>${H1_NOME_DO_PRODUTO}</arg>
</arguments>
<assign>
<var>${PRODUTO}</var>
</assign>
<msg timestamp="20200520 21:57:14.422" level="INFO">${PRODUTO} = iPhone 11 Pro Max Cinza Espacial, com Tela de 6,5”, 4G, 256 GB e Câmera de 12 MP - MWHJ2BZ/A</msg>
<status status="PASS" starttime="20200520 21:57:14.392" endtime="20200520 21:57:14.422"></status>
</kw>
<kw name="Set Global Variable" library="BuiltIn">
<doc>Makes a variable available globally in all tests and suites.</doc>
<arguments>
<arg>${PRODUTO}</arg>
</arguments>
<msg timestamp="20200520 21:57:14.422" level="INFO">${PRODUTO} = iPhone 11 Pro Max Cinza Espacial, com Tela de 6,5”, 4G, 256 GB e Câmera de 12 MP - MWHJ2BZ/A</msg>
<status status="PASS" starttime="20200520 21:57:14.422" endtime="20200520 21:57:14.422"></status>
</kw>
<kw name="Log" library="BuiltIn">
<doc>Logs the given message with the given level.</doc>
<arguments>
<arg>${PRODUTO}</arg>
</arguments>
<msg timestamp="20200520 21:57:14.423" level="INFO">iPhone 11 Pro Max Cinza Espacial, com Tela de 6,5”, 4G, 256 GB e Câmera de 12 MP - MWHJ2BZ/A</msg>
<status status="PASS" starttime="20200520 21:57:14.423" endtime="20200520 21:57:14.423"></status>
</kw>
<kw name="Element Text Should Be" library="SeleniumLibrary">
<doc>Verifies that element ``locator`` contains exact the text ``expected``.</doc>
<arguments>
<arg>${H2_NOME_DO_PRODUTO}</arg>
<arg>${busca_produto}</arg>
</arguments>
<msg timestamp="20200520 21:57:14.423" level="INFO">Verifying element '//h2[@class='product-detail-partnumber']' contains exact text 'AEMWHJ2BZACNZB'.</msg>
<status status="PASS" starttime="20200520 21:57:14.423" endtime="20200520 21:57:14.446"></status>
</kw>
<kw name="Set Focus To Element" library="SeleniumLibrary">
<doc>Sets the focus to the element identified by ``locator``.</doc>
<arguments>
<arg>${SPAN_ADICIONAR_AO_CARRINHO}</arg>
</arguments>
<status status="PASS" starttime="20200520 21:57:14.447" endtime="20200520 21:57:14.459"></status>
</kw>
<kw name="Click Element" library="SeleniumLibrary">
<doc>Click the element identified by ``locator``.</doc>
<arguments>
<arg>${SPAN_ADICIONAR_AO_CARRINHO}</arg>
</arguments>
<msg timestamp="20200520 21:57:14.460" level="INFO">Clicking element '//span[@class='lb-add-cart']'.</msg>
<status status="PASS" starttime="20200520 21:57:14.460" endtime="20200520 21:57:14.673"></status>
</kw>
<kw name="Capture Page Screenshot" library="SeleniumLibrary">
<doc>Takes a screenshot of the current page and embeds it into a log file.</doc>
<msg timestamp="20200520 21:57:15.417" level="INFO" html="yes">&lt;/td&gt;&lt;/tr&gt;&lt;tr&gt;&lt;td colspan="3"&gt;&lt;a href="selenium-screenshot-14.png"&gt;&lt;img src="selenium-screenshot-14.png" width="800px"&gt;&lt;/a&gt;</msg>
<status status="PASS" starttime="20200520 21:57:14.674" endtime="20200520 21:57:15.417"></status>
</kw>
<status status="PASS" starttime="20200520 21:57:12.437" endtime="20200520 21:57:15.418"></status>
</kw>
<kw name="E e logo no site com o CPF ${cpf} e a senha ${senha}" library="setup_hz">
<kw name="Wait Until Element Is Visible" library="SeleniumLibrary">
<doc>Waits until the element ``locator`` is visible.</doc>
<arguments>
<arg>${ID_LOGIN_CPF}</arg>
<arg>10</arg>
</arguments>
<status status="PASS" starttime="20200520 21:57:15.418" endtime="20200520 21:57:15.447"></status>
</kw>
<kw name="Input Text" library="SeleniumLibrary">
<doc>Types the given ``text`` into the text field identified by ``locator``.</doc>
<arguments>
<arg>${ID_LOGIN_CPF}</arg>
<arg>${cpf}</arg>
</arguments>
<msg timestamp="20200520 21:57:15.448" level="INFO">Typing text '941.861.830-31' into text field 'id:document'.</msg>
<status status="PASS" starttime="20200520 21:57:15.447" endtime="20200520 21:57:15.636"></status>
</kw>
<kw name="Input Text" library="SeleniumLibrary">
<doc>Types the given ``text`` into the text field identified by ``locator``.</doc>
<arguments>
<arg>${ID_LOGIN_SENHA}</arg>
<arg>${senha}</arg>
</arguments>
<msg timestamp="20200520 21:57:15.637" level="INFO">Typing text '12345678' into text field 'id:password'.</msg>
<status status="PASS" starttime="20200520 21:57:15.637" endtime="20200520 21:57:15.768"></status>
</kw>
<kw name="Click Element" library="SeleniumLibrary">
<doc>Click the element identified by ``locator``.</doc>
<arguments>
<arg>${BUTTON_CONFIRMAR_VERDE}</arg>
</arguments>
<msg timestamp="20200520 21:57:15.769" level="INFO">Clicking element '//button[@class='btn btn-green']'.</msg>
<status status="PASS" starttime="20200520 21:57:15.769" endtime="20200520 21:57:15.857"></status>
</kw>
<kw name="Capture Page Screenshot" library="SeleniumLibrary">
<doc>Takes a screenshot of the current page and embeds it into a log file.</doc>
<msg timestamp="20200520 21:57:16.287" level="INFO" html="yes">&lt;/td&gt;&lt;/tr&gt;&lt;tr&gt;&lt;td colspan="3"&gt;&lt;a href="selenium-screenshot-15.png"&gt;&lt;img src="selenium-screenshot-15.png" width="800px"&gt;&lt;/a&gt;</msg>
<status status="PASS" starttime="20200520 21:57:15.857" endtime="20200520 21:57:16.288"></status>
</kw>
<kw name="Sleep" library="BuiltIn">
<doc>Pauses the test executed for the given time.</doc>
<arguments>
<arg>5</arg>
</arguments>
<msg timestamp="20200520 21:57:21.289" level="INFO">Slept 5 seconds</msg>
<status status="PASS" starttime="20200520 21:57:16.288" endtime="20200520 21:57:21.289"></status>
</kw>
<kw name="Go To" library="SeleniumLibrary">
<doc>Navigates the current browser window to the provided ``url``.</doc>
<arguments>
<arg>${CARRINHO_URL}</arg>
</arguments>
<msg timestamp="20200520 21:57:21.289" level="INFO">Opening url 'http://webapp2-qa.fastshop.com.br/web/checkout-v2/carrinho'</msg>
<status status="PASS" starttime="20200520 21:57:21.289" endtime="20200520 21:57:21.752"></status>
</kw>
<status status="PASS" starttime="20200520 21:57:15.418" endtime="20200520 21:57:21.752"></status>
</kw>
<kw name="Então o produto ${busca_produto} é adicionado e verificado e excluido do carrinho, ficando vazio" library="setup_hz">
<kw name="Wait Until Element Is Visible" library="SeleniumLibrary">
<doc>Waits until the element ``locator`` is visible.</doc>
<arguments>
<arg>${BUTTON_CONTINUAR_COMPRA_VERDE}</arg>
<arg>10</arg>
</arguments>
<status status="PASS" starttime="20200520 21:57:21.753" endtime="20200520 21:57:23.351"></status>
</kw>
<kw name="Set Focus To Element" library="SeleniumLibrary">
<doc>Sets the focus to the element identified by ``locator``.</doc>
<arguments>
<arg>${DIV_EXCLUIR_PRODUTO}</arg>
</arguments>
<status status="PASS" starttime="20200520 21:57:23.351" endtime="20200520 21:57:23.369"></status>
</kw>
<kw name="Capture Page Screenshot" library="SeleniumLibrary">
<doc>Takes a screenshot of the current page and embeds it into a log file.</doc>
<msg timestamp="20200520 21:57:23.770" level="INFO" html="yes">&lt;/td&gt;&lt;/tr&gt;&lt;tr&gt;&lt;td colspan="3"&gt;&lt;a href="selenium-screenshot-16.png"&gt;&lt;img src="selenium-screenshot-16.png" width="800px"&gt;&lt;/a&gt;</msg>
<status status="PASS" starttime="20200520 21:57:23.369" endtime="20200520 21:57:23.770"></status>
</kw>
<kw name="Click Element" library="SeleniumLibrary">
<doc>Click the element identified by ``locator``.</doc>
<arguments>
<arg>${DIV_EXCLUIR_PRODUTO}</arg>
</arguments>
<msg timestamp="20200520 21:57:23.771" level="INFO">Clicking element '//div[@class='remove']'.</msg>
<status status="PASS" starttime="20200520 21:57:23.770" endtime="20200520 21:57:23.825"></status>
</kw>
<kw name="Wait Until Element Is Visible" library="SeleniumLibrary">
<doc>Waits until the element ``locator`` is visible.</doc>
<arguments>
<arg>${P_CARRINHO_VAZIO}</arg>
<arg>10</arg>
</arguments>
<status status="PASS" starttime="20200520 21:57:23.825" endtime="20200520 21:57:24.022"></status>
</kw>
<kw name="Capture Page Screenshot" library="SeleniumLibrary">
<doc>Takes a screenshot of the current page and embeds it into a log file.</doc>
<msg timestamp="20200520 21:57:24.404" level="INFO" html="yes">&lt;/td&gt;&lt;/tr&gt;&lt;tr&gt;&lt;td colspan="3"&gt;&lt;a href="selenium-screenshot-17.png"&gt;&lt;img src="selenium-screenshot-17.png" width="800px"&gt;&lt;/a&gt;</msg>
<status status="PASS" starttime="20200520 21:57:24.022" endtime="20200520 21:57:24.405"></status>
</kw>
<status status="PASS" starttime="20200520 21:57:21.752" endtime="20200520 21:57:24.405"></status>
</kw>
<status status="PASS" starttime="20200520 21:57:10.907" endtime="20200520 21:57:24.405"></status>
</kw>
<kw name="End Test" library="base" type="teardown">
<kw name="Capture Page Screenshot" library="SeleniumLibrary">
<doc>Takes a screenshot of the current page and embeds it into a log file.</doc>
<msg timestamp="20200520 21:57:24.776" level="INFO" html="yes">&lt;/td&gt;&lt;/tr&gt;&lt;tr&gt;&lt;td colspan="3"&gt;&lt;a href="selenium-screenshot-18.png"&gt;&lt;img src="selenium-screenshot-18.png" width="800px"&gt;&lt;/a&gt;</msg>
<status status="PASS" starttime="20200520 21:57:24.407" endtime="20200520 21:57:24.776"></status>
</kw>
<kw name="Stop Video Recording" library="ScreenCapLibrary">
<doc>Stops the video recording corresponding to the given ``alias`` and generates the file in WebM format. If no
``alias`` is specified, the last opened recording will be closed. If there are more recordings with the same
alias all of them will be closed. If ``embed`` argument was set to
``True`` the video will be displayed in the log file.</doc>
<msg timestamp="20200520 21:57:24.794" level="FAIL">No video recordings are started!</msg>
<status status="FAIL" starttime="20200520 21:57:24.776" endtime="20200520 21:57:24.794"></status>
</kw>
<kw name="Stop Gif Recording" library="ScreenCapLibrary">
<doc>Stops the GIF recording and generates the file. If ``embed`` argument was set to ``True`` the
GIF will be displayed in the log file.</doc>
<msg timestamp="20200520 21:57:24.795" level="FAIL">No gif recordings are started!</msg>
<status status="FAIL" starttime="20200520 21:57:24.794" endtime="20200520 21:57:24.795"></status>
</kw>
<status status="FAIL" starttime="20200520 21:57:24.406" endtime="20200520 21:57:24.795">Several failures occurred:

1) No video recordings are started!

2) No gif recordings are started!</status>
</kw>
<status status="FAIL" starttime="20200520 21:57:10.906" endtime="20200520 21:57:24.796" critical="yes">Teardown failed:
Several failures occurred:

1) No video recordings are started!

2) No gif recordings are started!</status>
</test>
<test id="s1-s1-t3" name="CONCLUIR UMA COMPRA">
<kw name="Busca, verificação e adição no carrinho e conclusão da compra de um item sem serviço no site da FASTSHOP">
<arguments>
<arg>941.861.830-31</arg>
<arg>12345678</arg>
<arg>AEMWHJ2BZACNZB</arg>
</arguments>
<kw name="Dado que acesso e verifico que estou no site da FASTSHOP" library="setup_hz">
<kw name="Delete All Cookies" library="SeleniumLibrary">
<doc>Deletes all cookies.</doc>
<status status="PASS" starttime="20200520 21:57:24.802" endtime="20200520 21:57:25.009"></status>
</kw>
<kw name="Go To" library="SeleniumLibrary">
<doc>Navigates the current browser window to the provided ``url``.</doc>
<arguments>
<arg>${BASE_URL}</arg>
</arguments>
<msg timestamp="20200520 21:57:25.009" level="INFO">Opening url 'http://webapp2-qa.fastshop.com.br/'</msg>
<status status="PASS" starttime="20200520 21:57:25.009" endtime="20200520 21:57:25.758"></status>
</kw>
<status status="PASS" starttime="20200520 21:57:24.802" endtime="20200520 21:57:25.758"></status>
</kw>
<kw name="Quando é preenchido o campo de busca ${busca_produto}, verifico se o mesmo é retornado na lista" library="setup_hz">
<kw name="Go To" library="SeleniumLibrary">
<doc>Navigates the current browser window to the provided ``url``.</doc>
<arguments>
<arg>${BASE_URL}web/p/d/${busca_produto}/teste</arg>
</arguments>
<msg timestamp="20200520 21:57:25.759" level="INFO">Opening url 'http://webapp2-qa.fastshop.com.br/web/p/d/AEMWHJ2BZACNZB/teste'</msg>
<status status="PASS" starttime="20200520 21:57:25.759" endtime="20200520 21:57:27.301"></status>
</kw>
<kw name="Wait Until Element Is Visible" library="SeleniumLibrary">
<doc>Waits until the element ``locator`` is visible.</doc>
<arguments>
<arg>${SPAN_ADICIONAR_AO_CARRINHO}</arg>
<arg>20</arg>
</arguments>
<status status="PASS" starttime="20200520 21:57:27.301" endtime="20200520 21:57:27.844"></status>
</kw>
<kw name="Get Text" library="SeleniumLibrary">
<doc>Returns the text value of the element identified by ``locator``.</doc>
<arguments>
<arg>${H1_NOME_DO_PRODUTO}</arg>
</arguments>
<assign>
<var>${PRODUTO}</var>
</assign>
<msg timestamp="20200520 21:57:27.888" level="INFO">${PRODUTO} = iPhone 11 Pro Max Cinza Espacial, com Tela de 6,5”, 4G, 256 GB e Câmera de 12 MP - MWHJ2BZ/A</msg>
<status status="PASS" starttime="20200520 21:57:27.844" endtime="20200520 21:57:27.888"></status>
</kw>
<kw name="Set Global Variable" library="BuiltIn">
<doc>Makes a variable available globally in all tests and suites.</doc>
<arguments>
<arg>${PRODUTO}</arg>
</arguments>
<msg timestamp="20200520 21:57:27.889" level="INFO">${PRODUTO} = iPhone 11 Pro Max Cinza Espacial, com Tela de 6,5”, 4G, 256 GB e Câmera de 12 MP - MWHJ2BZ/A</msg>
<status status="PASS" starttime="20200520 21:57:27.889" endtime="20200520 21:57:27.889"></status>
</kw>
<kw name="Log" library="BuiltIn">
<doc>Logs the given message with the given level.</doc>
<arguments>
<arg>${PRODUTO}</arg>
</arguments>
<msg timestamp="20200520 21:57:27.889" level="INFO">iPhone 11 Pro Max Cinza Espacial, com Tela de 6,5”, 4G, 256 GB e Câmera de 12 MP - MWHJ2BZ/A</msg>
<status status="PASS" starttime="20200520 21:57:27.889" endtime="20200520 21:57:27.890"></status>
</kw>
<kw name="Element Text Should Be" library="SeleniumLibrary">
<doc>Verifies that element ``locator`` contains exact the text ``expected``.</doc>
<arguments>
<arg>${H2_NOME_DO_PRODUTO}</arg>
<arg>${busca_produto}</arg>
</arguments>
<msg timestamp="20200520 21:57:27.890" level="INFO">Verifying element '//h2[@class='product-detail-partnumber']' contains exact text 'AEMWHJ2BZACNZB'.</msg>
<status status="PASS" starttime="20200520 21:57:27.890" endtime="20200520 21:57:27.913"></status>
</kw>
<kw name="Set Focus To Element" library="SeleniumLibrary">
<doc>Sets the focus to the element identified by ``locator``.</doc>
<arguments>
<arg>${SPAN_ADICIONAR_AO_CARRINHO}</arg>
</arguments>
<status status="PASS" starttime="20200520 21:57:27.913" endtime="20200520 21:57:27.925"></status>
</kw>
<kw name="Click Element" library="SeleniumLibrary">
<doc>Click the element identified by ``locator``.</doc>
<arguments>
<arg>${SPAN_ADICIONAR_AO_CARRINHO}</arg>
</arguments>
<msg timestamp="20200520 21:57:27.926" level="INFO">Clicking element '//span[@class='lb-add-cart']'.</msg>
<status status="PASS" starttime="20200520 21:57:27.926" endtime="20200520 21:57:27.976"></status>
</kw>
<kw name="Capture Page Screenshot" library="SeleniumLibrary">
<doc>Takes a screenshot of the current page and embeds it into a log file.</doc>
<msg timestamp="20200520 21:57:28.554" level="INFO" html="yes">&lt;/td&gt;&lt;/tr&gt;&lt;tr&gt;&lt;td colspan="3"&gt;&lt;a href="selenium-screenshot-19.png"&gt;&lt;img src="selenium-screenshot-19.png" width="800px"&gt;&lt;/a&gt;</msg>
<status status="PASS" starttime="20200520 21:57:27.976" endtime="20200520 21:57:28.554"></status>
</kw>
<status status="PASS" starttime="20200520 21:57:25.759" endtime="20200520 21:57:28.555"></status>
</kw>
<kw name="E e logo no site com o CPF ${cpf} e a senha ${senha}" library="setup_hz">
<kw name="Wait Until Element Is Visible" library="SeleniumLibrary">
<doc>Waits until the element ``locator`` is visible.</doc>
<arguments>
<arg>${ID_LOGIN_CPF}</arg>
<arg>10</arg>
</arguments>
<status status="PASS" starttime="20200520 21:57:28.555" endtime="20200520 21:57:28.598"></status>
</kw>
<kw name="Input Text" library="SeleniumLibrary">
<doc>Types the given ``text`` into the text field identified by ``locator``.</doc>
<arguments>
<arg>${ID_LOGIN_CPF}</arg>
<arg>${cpf}</arg>
</arguments>
<msg timestamp="20200520 21:57:28.599" level="INFO">Typing text '941.861.830-31' into text field 'id:document'.</msg>
<status status="PASS" starttime="20200520 21:57:28.598" endtime="20200520 21:57:28.786"></status>
</kw>
<kw name="Input Text" library="SeleniumLibrary">
<doc>Types the given ``text`` into the text field identified by ``locator``.</doc>
<arguments>
<arg>${ID_LOGIN_SENHA}</arg>
<arg>${senha}</arg>
</arguments>
<msg timestamp="20200520 21:57:28.786" level="INFO">Typing text '12345678' into text field 'id:password'.</msg>
<status status="PASS" starttime="20200520 21:57:28.786" endtime="20200520 21:57:28.945"></status>
</kw>
<kw name="Click Element" library="SeleniumLibrary">
<doc>Click the element identified by ``locator``.</doc>
<arguments>
<arg>${BUTTON_CONFIRMAR_VERDE}</arg>
</arguments>
<msg timestamp="20200520 21:57:28.945" level="INFO">Clicking element '//button[@class='btn btn-green']'.</msg>
<status status="PASS" starttime="20200520 21:57:28.945" endtime="20200520 21:57:29.007"></status>
</kw>
<kw name="Capture Page Screenshot" library="SeleniumLibrary">
<doc>Takes a screenshot of the current page and embeds it into a log file.</doc>
<msg timestamp="20200520 21:57:29.456" level="INFO" html="yes">&lt;/td&gt;&lt;/tr&gt;&lt;tr&gt;&lt;td colspan="3"&gt;&lt;a href="selenium-screenshot-20.png"&gt;&lt;img src="selenium-screenshot-20.png" width="800px"&gt;&lt;/a&gt;</msg>
<status status="PASS" starttime="20200520 21:57:29.007" endtime="20200520 21:57:29.456"></status>
</kw>
<kw name="Sleep" library="BuiltIn">
<doc>Pauses the test executed for the given time.</doc>
<arguments>
<arg>5</arg>
</arguments>
<msg timestamp="20200520 21:57:34.458" level="INFO">Slept 5 seconds</msg>
<status status="PASS" starttime="20200520 21:57:29.456" endtime="20200520 21:57:34.458"></status>
</kw>
<kw name="Go To" library="SeleniumLibrary">
<doc>Navigates the current browser window to the provided ``url``.</doc>
<arguments>
<arg>${CARRINHO_URL}</arg>
</arguments>
<msg timestamp="20200520 21:57:34.459" level="INFO">Opening url 'http://webapp2-qa.fastshop.com.br/web/checkout-v2/carrinho'</msg>
<status status="PASS" starttime="20200520 21:57:34.458" endtime="20200520 21:57:34.930"></status>
</kw>
<status status="PASS" starttime="20200520 21:57:28.555" endtime="20200520 21:57:34.931"></status>
</kw>
<kw name="Então o produto ${busca_produto} é adicionado, verificado que está no carrinho e a compra é encerrada" library="setup_hz">
<kw name="Wait Until Element Is Visible" library="SeleniumLibrary">
<doc>Waits until the element ``locator`` is visible.</doc>
<arguments>
<arg>${BUTTON_CONTINUAR_COMPRA_VERDE}</arg>
<arg>10</arg>
</arguments>
<status status="PASS" starttime="20200520 21:57:34.932" endtime="20200520 21:57:36.310"></status>
</kw>
<kw name="Set Focus To Element" library="SeleniumLibrary">
<doc>Sets the focus to the element identified by ``locator``.</doc>
<arguments>
<arg>${BUTTON_CONTINUAR_COMPRA_VERDE}</arg>
</arguments>
<status status="PASS" starttime="20200520 21:57:36.311" endtime="20200520 21:57:36.322"></status>
</kw>
<kw name="Capture Page Screenshot" library="SeleniumLibrary">
<doc>Takes a screenshot of the current page and embeds it into a log file.</doc>
<msg timestamp="20200520 21:57:36.790" level="INFO" html="yes">&lt;/td&gt;&lt;/tr&gt;&lt;tr&gt;&lt;td colspan="3"&gt;&lt;a href="selenium-screenshot-21.png"&gt;&lt;img src="selenium-screenshot-21.png" width="800px"&gt;&lt;/a&gt;</msg>
<status status="PASS" starttime="20200520 21:57:36.323" endtime="20200520 21:57:36.791"></status>
</kw>
<kw name="Click Element" library="SeleniumLibrary">
<doc>Click the element identified by ``locator``.</doc>
<arguments>
<arg>${BUTTON_CONTINUAR_COMPRA_VERDE}</arg>
</arguments>
<msg timestamp="20200520 21:57:36.791" level="INFO">Clicking element '//button[contains(text(), 'Continuar compra')]'.</msg>
<status status="PASS" starttime="20200520 21:57:36.791" endtime="20200520 21:57:36.858"></status>
</kw>
<kw name="Wait Until Element Is Visible" library="SeleniumLibrary">
<doc>Waits until the element ``locator`` is visible.</doc>
<arguments>
<arg>${A_ADICIONAR_NOVO_ENDERECO}</arg>
<arg>10</arg>
</arguments>
<status status="PASS" starttime="20200520 21:57:36.858" endtime="20200520 21:57:37.997"></status>
</kw>
<kw name="Set Focus To Element" library="SeleniumLibrary">
<doc>Sets the focus to the element identified by ``locator``.</doc>
<arguments>
<arg>${BUTTON_CONTINUAR_VERDE_ENDERECO}</arg>
</arguments>
<status status="PASS" starttime="20200520 21:57:37.997" endtime="20200520 21:57:38.016"></status>
</kw>
<kw name="Capture Page Screenshot" library="SeleniumLibrary">
<doc>Takes a screenshot of the current page and embeds it into a log file.</doc>
<msg timestamp="20200520 21:57:38.426" level="INFO" html="yes">&lt;/td&gt;&lt;/tr&gt;&lt;tr&gt;&lt;td colspan="3"&gt;&lt;a href="selenium-screenshot-22.png"&gt;&lt;img src="selenium-screenshot-22.png" width="800px"&gt;&lt;/a&gt;</msg>
<status status="PASS" starttime="20200520 21:57:38.016" endtime="20200520 21:57:38.426"></status>
</kw>
<kw name="Click Element" library="SeleniumLibrary">
<doc>Click the element identified by ``locator``.</doc>
<arguments>
<arg>${BUTTON_CONTINUAR_VERDE_ENDERECO}</arg>
</arguments>
<msg timestamp="20200520 21:57:38.426" level="INFO">Clicking element '(//button[contains(text(), 'Continuar')])[last()]'.</msg>
<status status="PASS" starttime="20200520 21:57:38.426" endtime="20200520 21:57:38.472"></status>
</kw>
<kw name="Wait Until Element Is Visible" library="SeleniumLibrary">
<doc>Waits until the element ``locator`` is visible.</doc>
<arguments>
<arg>${DIV_QUANDO_RECEBER}</arg>
<arg>10</arg>
</arguments>
<status status="PASS" starttime="20200520 21:57:38.473" endtime="20200520 21:57:41.782"></status>
</kw>
<kw name="Wait Until Element Is Visible" library="SeleniumLibrary">
<doc>Waits until the element ``locator`` is visible.</doc>
<arguments>
<arg>${BUTTON_CONTINUAR_VERDE_DADOS_PESSOAIS}</arg>
<arg>10</arg>
</arguments>
<status status="PASS" starttime="20200520 21:57:41.782" endtime="20200520 21:57:41.799"></status>
</kw>
<kw name="Wait Until Element Is Visible" library="SeleniumLibrary">
<doc>Waits until the element ``locator`` is visible.</doc>
<arguments>
<arg>//span[contains(text(), '${PRODUTO}')]</arg>
</arguments>
<status status="PASS" starttime="20200520 21:57:41.799" endtime="20200520 21:57:41.822"></status>
</kw>
<kw name="Log" library="BuiltIn">
<doc>Logs the given message with the given level.</doc>
<arguments>
<arg>${PRODUTO}</arg>
</arguments>
<msg timestamp="20200520 21:57:41.823" level="INFO">iPhone 11 Pro Max Cinza Espacial, com Tela de 6,5”, 4G, 256 GB e Câmera de 12 MP - MWHJ2BZ/A</msg>
<status status="PASS" starttime="20200520 21:57:41.822" endtime="20200520 21:57:41.823"></status>
</kw>
<kw name="Set Focus To Element" library="SeleniumLibrary">
<doc>Sets the focus to the element identified by ``locator``.</doc>
<arguments>
<arg>${BUTTON_CONTINUAR_VERDE_DADOS_PESSOAIS}</arg>
</arguments>
<status status="PASS" starttime="20200520 21:57:41.823" endtime="20200520 21:57:41.838"></status>
</kw>
<kw name="Capture Page Screenshot" library="SeleniumLibrary">
<doc>Takes a screenshot of the current page and embeds it into a log file.</doc>
<msg timestamp="20200520 21:57:42.252" level="INFO" html="yes">&lt;/td&gt;&lt;/tr&gt;&lt;tr&gt;&lt;td colspan="3"&gt;&lt;a href="selenium-screenshot-23.png"&gt;&lt;img src="selenium-screenshot-23.png" width="800px"&gt;&lt;/a&gt;</msg>
<status status="PASS" starttime="20200520 21:57:41.838" endtime="20200520 21:57:42.252"></status>
</kw>
<kw name="Click Element" library="SeleniumLibrary">
<doc>Click the element identified by ``locator``.</doc>
<arguments>
<arg>${BUTTON_CONTINUAR_VERDE_DADOS_PESSOAIS}</arg>
</arguments>
<msg timestamp="20200520 21:57:42.253" level="INFO">Clicking element '(//button[contains(text(), 'Continuar')])[last()]'.</msg>
<status status="PASS" starttime="20200520 21:57:42.253" endtime="20200520 21:57:42.327"></status>
</kw>
<kw name="Wait Until Element Is Visible" library="SeleniumLibrary">
<doc>Waits until the element ``locator`` is visible.</doc>
<arguments>
<arg>${H1_ADICIONAR_SERVICO}</arg>
<arg>10</arg>
</arguments>
<status status="PASS" starttime="20200520 21:57:42.327" endtime="20200520 21:57:43.433"></status>
</kw>
<kw name="Wait Until Element Is Visible" library="SeleniumLibrary">
<doc>Waits until the element ``locator`` is visible.</doc>
<arguments>
<arg>${BUTTON_CONTINUAR_VERDE_SERVICOS}</arg>
<arg>10</arg>
</arguments>
<status status="PASS" starttime="20200520 21:57:43.433" endtime="20200520 21:57:43.451"></status>
</kw>
<kw name="Set Focus To Element" library="SeleniumLibrary">
<doc>Sets the focus to the element identified by ``locator``.</doc>
<arguments>
<arg>${BUTTON_CONTINUAR_VERDE_SERVICOS}</arg>
</arguments>
<status status="PASS" starttime="20200520 21:57:43.451" endtime="20200520 21:57:43.464"></status>
</kw>
<kw name="Capture Page Screenshot" library="SeleniumLibrary">
<doc>Takes a screenshot of the current page and embeds it into a log file.</doc>
<msg timestamp="20200520 21:57:43.845" level="INFO" html="yes">&lt;/td&gt;&lt;/tr&gt;&lt;tr&gt;&lt;td colspan="3"&gt;&lt;a href="selenium-screenshot-24.png"&gt;&lt;img src="selenium-screenshot-24.png" width="800px"&gt;&lt;/a&gt;</msg>
<status status="PASS" starttime="20200520 21:57:43.464" endtime="20200520 21:57:43.845"></status>
</kw>
<kw name="Click Element" library="SeleniumLibrary">
<doc>Click the element identified by ``locator``.</doc>
<arguments>
<arg>${BUTTON_CONTINUAR_VERDE_SERVICOS}</arg>
</arguments>
<msg timestamp="20200520 21:57:43.845" level="INFO">Clicking element '(//button[contains(text(), 'Continuar')])[last()]'.</msg>
<status status="PASS" starttime="20200520 21:57:43.845" endtime="20200520 21:57:43.902"></status>
</kw>
<kw name="Wait Until Element Is Visible" library="SeleniumLibrary">
<doc>Waits until the element ``locator`` is visible.</doc>
<arguments>
<arg>${H1_COMO_DESEJA_PAGAR}</arg>
<arg>10</arg>
</arguments>
<status status="PASS" starttime="20200520 21:57:43.902" endtime="20200520 21:57:48.191"></status>
</kw>
<kw name="Select Radio Button" library="SeleniumLibrary">
<doc>Sets the radio button group ``group_name`` to ``value``.</doc>
<arguments>
<arg>payment_option</arg>
<arg>payment-option-3</arg>
</arguments>
<msg timestamp="20200520 21:57:48.192" level="INFO">Selecting 'payment-option-3' from radio button 'payment_option'.</msg>
<status status="PASS" starttime="20200520 21:57:48.192" endtime="20200520 21:57:48.278"></status>
</kw>
<kw name="Set Focus To Element" library="SeleniumLibrary">
<doc>Sets the focus to the element identified by ``locator``.</doc>
<arguments>
<arg>${BUTTON_CONTINUAR_VERDE_PAGAMENTO}</arg>
</arguments>
<status status="PASS" starttime="20200520 21:57:48.278" endtime="20200520 21:57:48.295"></status>
</kw>
<kw name="Capture Page Screenshot" library="SeleniumLibrary">
<doc>Takes a screenshot of the current page and embeds it into a log file.</doc>
<msg timestamp="20200520 21:57:48.684" level="INFO" html="yes">&lt;/td&gt;&lt;/tr&gt;&lt;tr&gt;&lt;td colspan="3"&gt;&lt;a href="selenium-screenshot-25.png"&gt;&lt;img src="selenium-screenshot-25.png" width="800px"&gt;&lt;/a&gt;</msg>
<status status="PASS" starttime="20200520 21:57:48.295" endtime="20200520 21:57:48.684"></status>
</kw>
<kw name="Click Element" library="SeleniumLibrary">
<doc>Click the element identified by ``locator``.</doc>
<arguments>
<arg>${BUTTON_CONTINUAR_VERDE_PAGAMENTO}</arg>
</arguments>
<msg timestamp="20200520 21:57:48.684" level="INFO">Clicking element '(//button[contains(text(), 'Continuar')])[last()]'.</msg>
<status status="PASS" starttime="20200520 21:57:48.684" endtime="20200520 21:57:48.781"></status>
</kw>
<kw name="Wait Until Element Is Visible" library="SeleniumLibrary">
<doc>Waits until the element ``locator`` is visible.</doc>
<arguments>
<arg>${DIV_DESCRICAO_DO_PAGAMENTO}</arg>
<arg>10</arg>
</arguments>
<status status="PASS" starttime="20200520 21:57:48.781" endtime="20200520 21:57:48.809"></status>
</kw>
<kw name="Set Focus To Element" library="SeleniumLibrary">
<doc>Sets the focus to the element identified by ``locator``.</doc>
<arguments>
<arg>${BUTTON_CONTINUAR_VERDE_PAGAMENTO}</arg>
</arguments>
<kw name="Capture Page Screenshot" library="SeleniumLibrary">
<doc>Takes a screenshot of the current page and embeds it into a log file.</doc>
<msg timestamp="20200520 21:57:59.188" level="INFO" html="yes">&lt;/td&gt;&lt;/tr&gt;&lt;tr&gt;&lt;td colspan="3"&gt;&lt;a href="selenium-screenshot-26.png"&gt;&lt;img src="selenium-screenshot-26.png" width="800px"&gt;&lt;/a&gt;</msg>
<status status="PASS" starttime="20200520 21:57:58.820" endtime="20200520 21:57:59.188"></status>
</kw>
<msg timestamp="20200520 21:57:59.258" level="FAIL">Element with locator '(//button[contains(text(), 'Continuar')])[last()]' not found.</msg>
<status status="FAIL" starttime="20200520 21:57:48.809" endtime="20200520 21:57:59.258"></status>
</kw>
<status status="FAIL" starttime="20200520 21:57:34.931" endtime="20200520 21:57:59.258"></status>
</kw>
<status status="FAIL" starttime="20200520 21:57:24.801" endtime="20200520 21:57:59.259"></status>
</kw>
<kw name="End Test" library="base" type="teardown">
<kw name="Capture Page Screenshot" library="SeleniumLibrary">
<doc>Takes a screenshot of the current page and embeds it into a log file.</doc>
<msg timestamp="20200520 21:57:59.663" level="INFO" html="yes">&lt;/td&gt;&lt;/tr&gt;&lt;tr&gt;&lt;td colspan="3"&gt;&lt;a href="selenium-screenshot-27.png"&gt;&lt;img src="selenium-screenshot-27.png" width="800px"&gt;&lt;/a&gt;</msg>
<status status="PASS" starttime="20200520 21:57:59.260" endtime="20200520 21:57:59.663"></status>
</kw>
<kw name="Stop Video Recording" library="ScreenCapLibrary">
<doc>Stops the video recording corresponding to the given ``alias`` and generates the file in WebM format. If no
``alias`` is specified, the last opened recording will be closed. If there are more recordings with the same
alias all of them will be closed. If ``embed`` argument was set to
``True`` the video will be displayed in the log file.</doc>
<msg timestamp="20200520 21:57:59.664" level="FAIL">No video recordings are started!</msg>
<status status="FAIL" starttime="20200520 21:57:59.663" endtime="20200520 21:57:59.664"></status>
</kw>
<kw name="Stop Gif Recording" library="ScreenCapLibrary">
<doc>Stops the GIF recording and generates the file. If ``embed`` argument was set to ``True`` the
GIF will be displayed in the log file.</doc>
<msg timestamp="20200520 21:57:59.665" level="FAIL">No gif recordings are started!</msg>
<status status="FAIL" starttime="20200520 21:57:59.664" endtime="20200520 21:57:59.665"></status>
</kw>
<status status="FAIL" starttime="20200520 21:57:59.260" endtime="20200520 21:57:59.665">Several failures occurred:

1) No video recordings are started!

2) No gif recordings are started!</status>
</kw>
<status status="FAIL" starttime="20200520 21:57:24.800" endtime="20200520 21:57:59.666" critical="yes">Element with locator '(//button[contains(text(), 'Continuar')])[last()]' not found.

Also teardown failed:
Several failures occurred:

1) No video recordings are started!

2) No gif recordings are started!</status>
</test>
<kw name="End Session" library="base" type="teardown">
<kw name="Close Browser" library="SeleniumLibrary">
<doc>Closes the current browser.</doc>
<status status="PASS" starttime="20200520 21:57:59.670" endtime="20200520 21:58:01.826"></status>
</kw>
<status status="PASS" starttime="20200520 21:57:59.670" endtime="20200520 21:58:01.826"></status>
</kw>
<doc>FASTSHOP - INSERIR PRODUTO NO CARRINHO
Para que eu possa acessar o site da FastShop, sendo um cliente, quero poder adicionar um produto ao carrinho.
1- Entre no portal da FASTSHOP
2- Faça uma busca por um produto
3- Valide o retorno da busca
4- Escolha um produto na lista
5- Adicione ao carrinho
6- Valide o produto no carrinho
7- Insira um serviço</doc>
<status status="FAIL" starttime="20200520 21:56:31.964" endtime="20200520 21:58:01.826"></status>
</suite>
<suite id="s1-s2" name="LOGIN PESSOA FISICA." source="C:\FastShop_hz\tests\LOGIN_PESSOA_FISICA..robot">
<kw name="Start Session" library="base" type="setup">
<kw name="Open Browser" library="SeleniumLibrary">
<doc>Opens a new browser instance to the optional ``url``.</doc>
<arguments>
<arg>about:blank</arg>
<arg>chrome</arg>
</arguments>
<msg timestamp="20200520 21:58:01.866" level="INFO">Opening browser 'chrome' to base url 'about:blank'.</msg>
<status status="PASS" starttime="20200520 21:58:01.866" endtime="20200520 21:58:02.993"></status>
</kw>
<kw name="Set Selenium Implicit Wait" library="SeleniumLibrary">
<doc>Sets the implicit wait value used by Selenium.</doc>
<arguments>
<arg>10</arg>
</arguments>
<status status="PASS" starttime="20200520 21:58:02.994" endtime="20200520 21:58:02.995"></status>
</kw>
<kw name="Maximize Browser Window" library="SeleniumLibrary">
<doc>Maximizes current browser window.</doc>
<status status="PASS" starttime="20200520 21:58:02.995" endtime="20200520 21:58:03.115"></status>
</kw>
<kw name="Start Video Recording" library="ScreenCapLibrary">
<doc>Starts the recording of a video in the background with the specified ``name``.
The recording can be stopped by calling the `Stop Video Recording` keyword.</doc>
<status status="PASS" starttime="20200520 21:58:03.115" endtime="20200520 21:58:03.116"></status>
</kw>
<kw name="Start Gif Recording" library="ScreenCapLibrary">
<doc>Starts the recording of a GIF in the background with the specified ``name``.
The recording can be stopped by calling the `Stop Gif Recording` keyword.</doc>
<status status="PASS" starttime="20200520 21:58:03.116" endtime="20200520 21:58:03.117"></status>
</kw>
<status status="PASS" starttime="20200520 21:58:01.865" endtime="20200520 21:58:03.117"></status>
</kw>
<test id="s1-s2-t1" name="LOGIN COM SUCESSO">
<kw name="Login com sucesso">
<arguments>
<arg>941.861.830-31</arg>
<arg>12345678</arg>
<arg>Teste</arg>
</arguments>
<kw name="Dado que acesso e verifico que estou no site da FASTSHOP" library="setup_hz">
<kw name="Delete All Cookies" library="SeleniumLibrary">
<doc>Deletes all cookies.</doc>
<status status="PASS" starttime="20200520 21:58:03.120" endtime="20200520 21:58:03.157"></status>
</kw>
<kw name="Go To" library="SeleniumLibrary">
<doc>Navigates the current browser window to the provided ``url``.</doc>
<arguments>
<arg>${BASE_URL}</arg>
</arguments>
<msg timestamp="20200520 21:58:03.158" level="INFO">Opening url 'http://webapp2-qa.fastshop.com.br/'</msg>
<status status="PASS" starttime="20200520 21:58:03.158" endtime="20200520 21:58:06.174"></status>
</kw>
<status status="PASS" starttime="20200520 21:58:03.119" endtime="20200520 21:58:06.174"></status>
</kw>
<kw name="Quando logo com o usuário ${usuario_existente} e insiro a sua senha válida ${senha_valida}" library="setup_hz">
<kw name="Go To" library="SeleniumLibrary">
<doc>Navigates the current browser window to the provided ``url``.</doc>
<arguments>
<arg>${BASE_URL}web/login</arg>
</arguments>
<msg timestamp="20200520 21:58:06.176" level="INFO">Opening url 'http://webapp2-qa.fastshop.com.br/web/login'</msg>
<status status="PASS" starttime="20200520 21:58:06.175" endtime="20200520 21:58:08.509"></status>
</kw>
<kw name="Input Text" library="SeleniumLibrary">
<doc>Types the given ``text`` into the text field identified by ``locator``.</doc>
<arguments>
<arg>${ID_LOGIN_CPF}</arg>
<arg>${usuario_existente}</arg>
</arguments>
<msg timestamp="20200520 21:58:08.510" level="INFO">Typing text '941.861.830-31' into text field 'id:document'.</msg>
<status status="PASS" starttime="20200520 21:58:08.509" endtime="20200520 21:58:08.837"></status>
</kw>
<kw name="Input Text" library="SeleniumLibrary">
<doc>Types the given ``text`` into the text field identified by ``locator``.</doc>
<arguments>
<arg>${ID_LOGIN_SENHA}</arg>
<arg>${senha_valida}</arg>
</arguments>
<msg timestamp="20200520 21:58:08.838" level="INFO">Typing text '12345678' into text field 'id:password'.</msg>
<status status="PASS" starttime="20200520 21:58:08.838" endtime="20200520 21:58:09.045"></status>
</kw>
<kw name="Click Element" library="SeleniumLibrary">
<doc>Click the element identified by ``locator``.</doc>
<arguments>
<arg>${BUTTON_CONFIRMAR_VERDE}</arg>
</arguments>
<msg timestamp="20200520 21:58:09.046" level="INFO">Clicking element '//button[@class='btn btn-green']'.</msg>
<status status="PASS" starttime="20200520 21:58:09.045" endtime="20200520 21:58:09.112"></status>
</kw>
<kw name="Capture Page Screenshot" library="SeleniumLibrary">
<doc>Takes a screenshot of the current page and embeds it into a log file.</doc>
<msg timestamp="20200520 21:58:09.567" level="INFO" html="yes">&lt;/td&gt;&lt;/tr&gt;&lt;tr&gt;&lt;td colspan="3"&gt;&lt;a href="selenium-screenshot-28.png"&gt;&lt;img src="selenium-screenshot-28.png" width="800px"&gt;&lt;/a&gt;</msg>
<status status="PASS" starttime="20200520 21:58:09.112" endtime="20200520 21:58:09.567"></status>
</kw>
<status status="PASS" starttime="20200520 21:58:06.175" endtime="20200520 21:58:09.567"></status>
</kw>
<kw name="Então o site me direciona para a tela inicial e exibe meu nome no canto superior direito ${nome_cliente_logado}" library="setup_hz">
<kw name="Should Contain" library="BuiltIn">
<doc>Fails if ``container`` does not contain ``item`` one or more times.</doc>
<arguments>
<arg>${A_NOME_CLIENTE_LOGADO}</arg>
<arg>${nome_cliente_logado}</arg>
</arguments>
<status status="PASS" starttime="20200520 21:58:09.568" endtime="20200520 21:58:09.568"></status>
</kw>
<kw name="Wait Until Element Is Visible" library="SeleniumLibrary">
<doc>Waits until the element ``locator`` is visible.</doc>
<arguments>
<arg>${A_NOME_CLIENTE_LOGADO}</arg>
<arg>10</arg>
</arguments>
<status status="PASS" starttime="20200520 21:58:09.568" endtime="20200520 21:58:15.769"></status>
</kw>
<kw name="Capture Page Screenshot" library="SeleniumLibrary">
<doc>Takes a screenshot of the current page and embeds it into a log file.</doc>
<msg timestamp="20200520 21:58:16.347" level="INFO" html="yes">&lt;/td&gt;&lt;/tr&gt;&lt;tr&gt;&lt;td colspan="3"&gt;&lt;a href="selenium-screenshot-29.png"&gt;&lt;img src="selenium-screenshot-29.png" width="800px"&gt;&lt;/a&gt;</msg>
<status status="PASS" starttime="20200520 21:58:15.770" endtime="20200520 21:58:16.347"></status>
</kw>
<status status="PASS" starttime="20200520 21:58:09.567" endtime="20200520 21:58:16.347"></status>
</kw>
<status status="PASS" starttime="20200520 21:58:03.119" endtime="20200520 21:58:16.347"></status>
</kw>
<kw name="End Test" library="base" type="teardown">
<kw name="Capture Page Screenshot" library="SeleniumLibrary">
<doc>Takes a screenshot of the current page and embeds it into a log file.</doc>
<msg timestamp="20200520 21:58:16.892" level="INFO" html="yes">&lt;/td&gt;&lt;/tr&gt;&lt;tr&gt;&lt;td colspan="3"&gt;&lt;a href="selenium-screenshot-30.png"&gt;&lt;img src="selenium-screenshot-30.png" width="800px"&gt;&lt;/a&gt;</msg>
<status status="PASS" starttime="20200520 21:58:16.349" endtime="20200520 21:58:16.892"></status>
</kw>
<kw name="Stop Video Recording" library="ScreenCapLibrary">
<doc>Stops the video recording corresponding to the given ``alias`` and generates the file in WebM format. If no
``alias`` is specified, the last opened recording will be closed. If there are more recordings with the same
alias all of them will be closed. If ``embed`` argument was set to
``True`` the video will be displayed in the log file.</doc>
<msg timestamp="20200520 21:58:17.895" level="INFO" html="yes">&lt;a href="recording_4.webm"&gt;&lt;video width="800px" autoplay&gt;&lt;source src="recording_4.webm" type="video/webm"&gt;&lt;/video&gt;&lt;/a&gt;</msg>
<status status="PASS" starttime="20200520 21:58:16.892" endtime="20200520 21:58:17.895"></status>
</kw>
<kw name="Stop Gif Recording" library="ScreenCapLibrary">
<doc>Stops the GIF recording and generates the file. If ``embed`` argument was set to ``True`` the
GIF will be displayed in the log file.</doc>
<msg timestamp="20200520 21:58:25.117" level="INFO" html="yes">&lt;a href="screenshot_4.gif"&gt;&lt;img src="screenshot_4.gif" width="800px"&gt;&lt;/a&gt;</msg>
<status status="PASS" starttime="20200520 21:58:17.895" endtime="20200520 21:58:25.196"></status>
</kw>
<status status="PASS" starttime="20200520 21:58:16.348" endtime="20200520 21:58:25.196"></status>
</kw>
<status status="PASS" starttime="20200520 21:58:03.117" endtime="20200520 21:58:25.196" critical="yes"></status>
</test>
<test id="s1-s2-t2" name="LOGIN COM DADOS INVÁLIDOS">
<kw name="Realizar login com dados inválidos">
<arguments>
<arg>941.861.830-31</arg>
<arg>123456789</arg>
<arg>Login ou senha inválidos</arg>
</arguments>
<kw name="Dado que acesso e verifico que estou no site da FASTSHOP" library="setup_hz">
<kw name="Delete All Cookies" library="SeleniumLibrary">
<doc>Deletes all cookies.</doc>
<status status="PASS" starttime="20200520 21:58:25.200" endtime="20200520 21:58:25.484"></status>
</kw>
<kw name="Go To" library="SeleniumLibrary">
<doc>Navigates the current browser window to the provided ``url``.</doc>
<arguments>
<arg>${BASE_URL}</arg>
</arguments>
<msg timestamp="20200520 21:58:25.484" level="INFO">Opening url 'http://webapp2-qa.fastshop.com.br/'</msg>
<status status="PASS" starttime="20200520 21:58:25.484" endtime="20200520 21:58:26.724"></status>
</kw>
<status status="PASS" starttime="20200520 21:58:25.199" endtime="20200520 21:58:26.725"></status>
</kw>
<kw name="Quando tento logar com o usuário ${usuario} e insiro a sua senha ${senha}" library="setup_hz">
<kw name="Go To" library="SeleniumLibrary">
<doc>Navigates the current browser window to the provided ``url``.</doc>
<arguments>
<arg>${BASE_URL}web/login</arg>
</arguments>
<msg timestamp="20200520 21:58:26.726" level="INFO">Opening url 'http://webapp2-qa.fastshop.com.br/web/login'</msg>
<status status="PASS" starttime="20200520 21:58:26.726" endtime="20200520 21:58:27.936"></status>
</kw>
<kw name="Input Text" library="SeleniumLibrary">
<doc>Types the given ``text`` into the text field identified by ``locator``.</doc>
<arguments>
<arg>${ID_LOGIN_CPF}</arg>
<arg>${usuario}</arg>
</arguments>
<msg timestamp="20200520 21:58:27.937" level="INFO">Typing text '941.861.830-31' into text field 'id:document'.</msg>
<status status="PASS" starttime="20200520 21:58:27.936" endtime="20200520 21:58:28.480"></status>
</kw>
<kw name="Input Text" library="SeleniumLibrary">
<doc>Types the given ``text`` into the text field identified by ``locator``.</doc>
<arguments>
<arg>${ID_LOGIN_SENHA}</arg>
<arg>${senha}</arg>
</arguments>
<msg timestamp="20200520 21:58:28.480" level="INFO">Typing text '123456789' into text field 'id:password'.</msg>
<status status="PASS" starttime="20200520 21:58:28.480" endtime="20200520 21:58:28.649"></status>
</kw>
<kw name="Click Element" library="SeleniumLibrary">
<doc>Click the element identified by ``locator``.</doc>
<arguments>
<arg>${BUTTON_CONFIRMAR_VERDE}</arg>
</arguments>
<msg timestamp="20200520 21:58:28.650" level="INFO">Clicking element '//button[@class='btn btn-green']'.</msg>
<status status="PASS" starttime="20200520 21:58:28.649" endtime="20200520 21:58:28.730"></status>
</kw>
<kw name="Capture Page Screenshot" library="SeleniumLibrary">
<doc>Takes a screenshot of the current page and embeds it into a log file.</doc>
<msg timestamp="20200520 21:58:29.122" level="INFO" html="yes">&lt;/td&gt;&lt;/tr&gt;&lt;tr&gt;&lt;td colspan="3"&gt;&lt;a href="selenium-screenshot-31.png"&gt;&lt;img src="selenium-screenshot-31.png" width="800px"&gt;&lt;/a&gt;</msg>
<status status="PASS" starttime="20200520 21:58:28.730" endtime="20200520 21:58:29.122"></status>
</kw>
<status status="PASS" starttime="20200520 21:58:26.725" endtime="20200520 21:58:29.123"></status>
</kw>
<kw name="Entao deve ser apresentada a mensagem que os dados são inválidos ${mensagem_login_invalido}" library="setup_hz">
<kw name="Element Text Should Be" library="SeleniumLibrary">
<doc>Verifies that element ``locator`` contains exact the text ``expected``.</doc>
<arguments>
<arg>${P_MENSSAGEM_ERRO_LOGIN}</arg>
<arg>${mensagem_login_invalido}</arg>
</arguments>
<msg timestamp="20200520 21:58:29.124" level="INFO">Verifying element '//p[@class='err-msg']' contains exact text 'Login ou senha inválidos'.</msg>
<status status="PASS" starttime="20200520 21:58:29.123" endtime="20200520 21:58:29.149"></status>
</kw>
<kw name="Capture Page Screenshot" library="SeleniumLibrary">
<doc>Takes a screenshot of the current page and embeds it into a log file.</doc>
<msg timestamp="20200520 21:58:29.518" level="INFO" html="yes">&lt;/td&gt;&lt;/tr&gt;&lt;tr&gt;&lt;td colspan="3"&gt;&lt;a href="selenium-screenshot-32.png"&gt;&lt;img src="selenium-screenshot-32.png" width="800px"&gt;&lt;/a&gt;</msg>
<status status="PASS" starttime="20200520 21:58:29.150" endtime="20200520 21:58:29.518"></status>
</kw>
<status status="PASS" starttime="20200520 21:58:29.123" endtime="20200520 21:58:29.518"></status>
</kw>
<status status="PASS" starttime="20200520 21:58:25.199" endtime="20200520 21:58:29.518"></status>
</kw>
<kw name="Realizar login com dados inválidos">
<arguments>
<arg>941.861.830-31</arg>
<arg>1234568</arg>
<arg>Login ou senha inválidos</arg>
</arguments>
<kw name="Dado que acesso e verifico que estou no site da FASTSHOP" library="setup_hz">
<kw name="Delete All Cookies" library="SeleniumLibrary">
<doc>Deletes all cookies.</doc>
<status status="PASS" starttime="20200520 21:58:29.520" endtime="20200520 21:58:29.641"></status>
</kw>
<kw name="Go To" library="SeleniumLibrary">
<doc>Navigates the current browser window to the provided ``url``.</doc>
<arguments>
<arg>${BASE_URL}</arg>
</arguments>
<msg timestamp="20200520 21:58:29.641" level="INFO">Opening url 'http://webapp2-qa.fastshop.com.br/'</msg>
<status status="PASS" starttime="20200520 21:58:29.641" endtime="20200520 21:58:30.431"></status>
</kw>
<status status="PASS" starttime="20200520 21:58:29.520" endtime="20200520 21:58:30.432"></status>
</kw>
<kw name="Quando tento logar com o usuário ${usuario} e insiro a sua senha ${senha}" library="setup_hz">
<kw name="Go To" library="SeleniumLibrary">
<doc>Navigates the current browser window to the provided ``url``.</doc>
<arguments>
<arg>${BASE_URL}web/login</arg>
</arguments>
<msg timestamp="20200520 21:58:30.433" level="INFO">Opening url 'http://webapp2-qa.fastshop.com.br/web/login'</msg>
<status status="PASS" starttime="20200520 21:58:30.432" endtime="20200520 21:58:31.614"></status>
</kw>
<kw name="Input Text" library="SeleniumLibrary">
<doc>Types the given ``text`` into the text field identified by ``locator``.</doc>
<arguments>
<arg>${ID_LOGIN_CPF}</arg>
<arg>${usuario}</arg>
</arguments>
<msg timestamp="20200520 21:58:31.615" level="INFO">Typing text '941.861.830-31' into text field 'id:document'.</msg>
<status status="PASS" starttime="20200520 21:58:31.615" endtime="20200520 21:58:32.207"></status>
</kw>
<kw name="Input Text" library="SeleniumLibrary">
<doc>Types the given ``text`` into the text field identified by ``locator``.</doc>
<arguments>
<arg>${ID_LOGIN_SENHA}</arg>
<arg>${senha}</arg>
</arguments>
<msg timestamp="20200520 21:58:32.208" level="INFO">Typing text '1234568' into text field 'id:password'.</msg>
<status status="PASS" starttime="20200520 21:58:32.208" endtime="20200520 21:58:32.325"></status>
</kw>
<kw name="Click Element" library="SeleniumLibrary">
<doc>Click the element identified by ``locator``.</doc>
<arguments>
<arg>${BUTTON_CONFIRMAR_VERDE}</arg>
</arguments>
<msg timestamp="20200520 21:58:32.325" level="INFO">Clicking element '//button[@class='btn btn-green']'.</msg>
<status status="PASS" starttime="20200520 21:58:32.325" endtime="20200520 21:58:32.386"></status>
</kw>
<kw name="Capture Page Screenshot" library="SeleniumLibrary">
<doc>Takes a screenshot of the current page and embeds it into a log file.</doc>
<msg timestamp="20200520 21:58:32.849" level="INFO" html="yes">&lt;/td&gt;&lt;/tr&gt;&lt;tr&gt;&lt;td colspan="3"&gt;&lt;a href="selenium-screenshot-33.png"&gt;&lt;img src="selenium-screenshot-33.png" width="800px"&gt;&lt;/a&gt;</msg>
<status status="PASS" starttime="20200520 21:58:32.386" endtime="20200520 21:58:32.849"></status>
</kw>
<status status="PASS" starttime="20200520 21:58:30.432" endtime="20200520 21:58:32.850"></status>
</kw>
<kw name="Entao deve ser apresentada a mensagem que os dados são inválidos ${mensagem_login_invalido}" library="setup_hz">
<kw name="Element Text Should Be" library="SeleniumLibrary">
<doc>Verifies that element ``locator`` contains exact the text ``expected``.</doc>
<arguments>
<arg>${P_MENSSAGEM_ERRO_LOGIN}</arg>
<arg>${mensagem_login_invalido}</arg>
</arguments>
<msg timestamp="20200520 21:58:32.850" level="INFO">Verifying element '//p[@class='err-msg']' contains exact text 'Login ou senha inválidos'.</msg>
<status status="PASS" starttime="20200520 21:58:32.850" endtime="20200520 21:58:32.872"></status>
</kw>
<kw name="Capture Page Screenshot" library="SeleniumLibrary">
<doc>Takes a screenshot of the current page and embeds it into a log file.</doc>
<msg timestamp="20200520 21:58:33.266" level="INFO" html="yes">&lt;/td&gt;&lt;/tr&gt;&lt;tr&gt;&lt;td colspan="3"&gt;&lt;a href="selenium-screenshot-34.png"&gt;&lt;img src="selenium-screenshot-34.png" width="800px"&gt;&lt;/a&gt;</msg>
<status status="PASS" starttime="20200520 21:58:32.873" endtime="20200520 21:58:33.266"></status>
</kw>
<status status="PASS" starttime="20200520 21:58:32.850" endtime="20200520 21:58:33.266"></status>
</kw>
<status status="PASS" starttime="20200520 21:58:29.519" endtime="20200520 21:58:33.266"></status>
</kw>
<kw name="End Test" library="base" type="teardown">
<kw name="Capture Page Screenshot" library="SeleniumLibrary">
<doc>Takes a screenshot of the current page and embeds it into a log file.</doc>
<msg timestamp="20200520 21:58:33.702" level="INFO" html="yes">&lt;/td&gt;&lt;/tr&gt;&lt;tr&gt;&lt;td colspan="3"&gt;&lt;a href="selenium-screenshot-35.png"&gt;&lt;img src="selenium-screenshot-35.png" width="800px"&gt;&lt;/a&gt;</msg>
<status status="PASS" starttime="20200520 21:58:33.267" endtime="20200520 21:58:33.703"></status>
</kw>
<kw name="Stop Video Recording" library="ScreenCapLibrary">
<doc>Stops the video recording corresponding to the given ``alias`` and generates the file in WebM format. If no
``alias`` is specified, the last opened recording will be closed. If there are more recordings with the same
alias all of them will be closed. If ``embed`` argument was set to
``True`` the video will be displayed in the log file.</doc>
<msg timestamp="20200520 21:58:33.703" level="FAIL">No video recordings are started!</msg>
<status status="FAIL" starttime="20200520 21:58:33.703" endtime="20200520 21:58:33.703"></status>
</kw>
<kw name="Stop Gif Recording" library="ScreenCapLibrary">
<doc>Stops the GIF recording and generates the file. If ``embed`` argument was set to ``True`` the
GIF will be displayed in the log file.</doc>
<msg timestamp="20200520 21:58:33.704" level="FAIL">No gif recordings are started!</msg>
<status status="FAIL" starttime="20200520 21:58:33.704" endtime="20200520 21:58:33.704"></status>
</kw>
<status status="FAIL" starttime="20200520 21:58:33.267" endtime="20200520 21:58:33.704">Several failures occurred:

1) No video recordings are started!

2) No gif recordings are started!</status>
</kw>
<status status="FAIL" starttime="20200520 21:58:25.198" endtime="20200520 21:58:33.705" critical="yes">Teardown failed:
Several failures occurred:

1) No video recordings are started!

2) No gif recordings are started!</status>
</test>
<test id="s1-s2-t3" name="LOGIN COM CPF INVÁLIDO">
<kw name="Realizar login com CPF inválido">
<arguments>
<arg>941.861.830-32</arg>
<arg>12345678</arg>
<arg>Informe um CPF válido</arg>
</arguments>
<kw name="Dado que acesso e verifico que estou no site da FASTSHOP" library="setup_hz">
<kw name="Delete All Cookies" library="SeleniumLibrary">
<doc>Deletes all cookies.</doc>
<status status="PASS" starttime="20200520 21:58:33.709" endtime="20200520 21:58:33.877"></status>
</kw>
<kw name="Go To" library="SeleniumLibrary">
<doc>Navigates the current browser window to the provided ``url``.</doc>
<arguments>
<arg>${BASE_URL}</arg>
</arguments>
<msg timestamp="20200520 21:58:33.878" level="INFO">Opening url 'http://webapp2-qa.fastshop.com.br/'</msg>
<status status="PASS" starttime="20200520 21:58:33.877" endtime="20200520 21:58:34.624"></status>
</kw>
<status status="PASS" starttime="20200520 21:58:33.709" endtime="20200520 21:58:34.624"></status>
</kw>
<kw name="Quando tento logar com o usuário ${usuario} e insiro a sua senha ${senha}" library="setup_hz">
<kw name="Go To" library="SeleniumLibrary">
<doc>Navigates the current browser window to the provided ``url``.</doc>
<arguments>
<arg>${BASE_URL}web/login</arg>
</arguments>
<msg timestamp="20200520 21:58:34.625" level="INFO">Opening url 'http://webapp2-qa.fastshop.com.br/web/login'</msg>
<status status="PASS" starttime="20200520 21:58:34.625" endtime="20200520 21:58:36.005"></status>
</kw>
<kw name="Input Text" library="SeleniumLibrary">
<doc>Types the given ``text`` into the text field identified by ``locator``.</doc>
<arguments>
<arg>${ID_LOGIN_CPF}</arg>
<arg>${usuario}</arg>
</arguments>
<msg timestamp="20200520 21:58:36.006" level="INFO">Typing text '941.861.830-32' into text field 'id:document'.</msg>
<status status="PASS" starttime="20200520 21:58:36.005" endtime="20200520 21:58:36.516"></status>
</kw>
<kw name="Input Text" library="SeleniumLibrary">
<doc>Types the given ``text`` into the text field identified by ``locator``.</doc>
<arguments>
<arg>${ID_LOGIN_SENHA}</arg>
<arg>${senha}</arg>
</arguments>
<msg timestamp="20200520 21:58:36.517" level="INFO">Typing text '12345678' into text field 'id:password'.</msg>
<status status="PASS" starttime="20200520 21:58:36.516" endtime="20200520 21:58:36.665"></status>
</kw>
<kw name="Click Element" library="SeleniumLibrary">
<doc>Click the element identified by ``locator``.</doc>
<arguments>
<arg>${BUTTON_CONFIRMAR_VERDE}</arg>
</arguments>
<msg timestamp="20200520 21:58:36.665" level="INFO">Clicking element '//button[@class='btn btn-green']'.</msg>
<status status="PASS" starttime="20200520 21:58:36.665" endtime="20200520 21:58:36.730"></status>
</kw>
<kw name="Capture Page Screenshot" library="SeleniumLibrary">
<doc>Takes a screenshot of the current page and embeds it into a log file.</doc>
<msg timestamp="20200520 21:58:37.137" level="INFO" html="yes">&lt;/td&gt;&lt;/tr&gt;&lt;tr&gt;&lt;td colspan="3"&gt;&lt;a href="selenium-screenshot-36.png"&gt;&lt;img src="selenium-screenshot-36.png" width="800px"&gt;&lt;/a&gt;</msg>
<status status="PASS" starttime="20200520 21:58:36.730" endtime="20200520 21:58:37.137"></status>
</kw>
<status status="PASS" starttime="20200520 21:58:34.624" endtime="20200520 21:58:37.137"></status>
</kw>
<kw name="Entao será apresentada a mensagem que o cpf é inválido ${mensagem_login_cpf_invalido}" library="setup_hz">
<kw name="Element Text Should Be" library="SeleniumLibrary">
<doc>Verifies that element ``locator`` contains exact the text ``expected``.</doc>
<arguments>
<arg>${DIV_CPF_INVALIDO}</arg>
<arg>${mensagem_login_cpf_invalido}</arg>
</arguments>
<msg timestamp="20200520 21:58:37.138" level="INFO">Verifying element '//div[@class='invalid-feedback']' contains exact text 'Informe um CPF válido'.</msg>
<status status="PASS" starttime="20200520 21:58:37.138" endtime="20200520 21:58:37.163"></status>
</kw>
<kw name="Capture Page Screenshot" library="SeleniumLibrary">
<doc>Takes a screenshot of the current page and embeds it into a log file.</doc>
<msg timestamp="20200520 21:58:37.509" level="INFO" html="yes">&lt;/td&gt;&lt;/tr&gt;&lt;tr&gt;&lt;td colspan="3"&gt;&lt;a href="selenium-screenshot-37.png"&gt;&lt;img src="selenium-screenshot-37.png" width="800px"&gt;&lt;/a&gt;</msg>
<status status="PASS" starttime="20200520 21:58:37.163" endtime="20200520 21:58:37.509"></status>
</kw>
<status status="PASS" starttime="20200520 21:58:37.138" endtime="20200520 21:58:37.509"></status>
</kw>
<status status="PASS" starttime="20200520 21:58:33.709" endtime="20200520 21:58:37.509"></status>
</kw>
<kw name="Realizar login com CPF inválido">
<arguments>
<arg>941.861.830-36</arg>
<arg>12345678</arg>
<arg>Informe um CPF válido</arg>
</arguments>
<kw name="Dado que acesso e verifico que estou no site da FASTSHOP" library="setup_hz">
<kw name="Delete All Cookies" library="SeleniumLibrary">
<doc>Deletes all cookies.</doc>
<status status="PASS" starttime="20200520 21:58:37.511" endtime="20200520 21:58:37.689"></status>
</kw>
<kw name="Go To" library="SeleniumLibrary">
<doc>Navigates the current browser window to the provided ``url``.</doc>
<arguments>
<arg>${BASE_URL}</arg>
</arguments>
<msg timestamp="20200520 21:58:37.689" level="INFO">Opening url 'http://webapp2-qa.fastshop.com.br/'</msg>
<status status="PASS" starttime="20200520 21:58:37.689" endtime="20200520 21:58:38.507"></status>
</kw>
<status status="PASS" starttime="20200520 21:58:37.510" endtime="20200520 21:58:38.507"></status>
</kw>
<kw name="Quando tento logar com o usuário ${usuario} e insiro a sua senha ${senha}" library="setup_hz">
<kw name="Go To" library="SeleniumLibrary">
<doc>Navigates the current browser window to the provided ``url``.</doc>
<arguments>
<arg>${BASE_URL}web/login</arg>
</arguments>
<msg timestamp="20200520 21:58:38.508" level="INFO">Opening url 'http://webapp2-qa.fastshop.com.br/web/login'</msg>
<status status="PASS" starttime="20200520 21:58:38.508" endtime="20200520 21:58:39.826"></status>
</kw>
<kw name="Input Text" library="SeleniumLibrary">
<doc>Types the given ``text`` into the text field identified by ``locator``.</doc>
<arguments>
<arg>${ID_LOGIN_CPF}</arg>
<arg>${usuario}</arg>
</arguments>
<msg timestamp="20200520 21:58:39.826" level="INFO">Typing text '941.861.830-36' into text field 'id:document'.</msg>
<status status="PASS" starttime="20200520 21:58:39.826" endtime="20200520 21:58:40.327"></status>
</kw>
<kw name="Input Text" library="SeleniumLibrary">
<doc>Types the given ``text`` into the text field identified by ``locator``.</doc>
<arguments>
<arg>${ID_LOGIN_SENHA}</arg>
<arg>${senha}</arg>
</arguments>
<msg timestamp="20200520 21:58:40.328" level="INFO">Typing text '12345678' into text field 'id:password'.</msg>
<status status="PASS" starttime="20200520 21:58:40.328" endtime="20200520 21:58:40.445"></status>
</kw>
<kw name="Click Element" library="SeleniumLibrary">
<doc>Click the element identified by ``locator``.</doc>
<arguments>
<arg>${BUTTON_CONFIRMAR_VERDE}</arg>
</arguments>
<msg timestamp="20200520 21:58:40.445" level="INFO">Clicking element '//button[@class='btn btn-green']'.</msg>
<status status="PASS" starttime="20200520 21:58:40.445" endtime="20200520 21:58:40.509"></status>
</kw>
<kw name="Capture Page Screenshot" library="SeleniumLibrary">
<doc>Takes a screenshot of the current page and embeds it into a log file.</doc>
<msg timestamp="20200520 21:58:40.905" level="INFO" html="yes">&lt;/td&gt;&lt;/tr&gt;&lt;tr&gt;&lt;td colspan="3"&gt;&lt;a href="selenium-screenshot-38.png"&gt;&lt;img src="selenium-screenshot-38.png" width="800px"&gt;&lt;/a&gt;</msg>
<status status="PASS" starttime="20200520 21:58:40.510" endtime="20200520 21:58:40.905"></status>
</kw>
<status status="PASS" starttime="20200520 21:58:38.507" endtime="20200520 21:58:40.905"></status>
</kw>
<kw name="Entao será apresentada a mensagem que o cpf é inválido ${mensagem_login_cpf_invalido}" library="setup_hz">
<kw name="Element Text Should Be" library="SeleniumLibrary">
<doc>Verifies that element ``locator`` contains exact the text ``expected``.</doc>
<arguments>
<arg>${DIV_CPF_INVALIDO}</arg>
<arg>${mensagem_login_cpf_invalido}</arg>
</arguments>
<msg timestamp="20200520 21:58:40.906" level="INFO">Verifying element '//div[@class='invalid-feedback']' contains exact text 'Informe um CPF válido'.</msg>
<status status="PASS" starttime="20200520 21:58:40.906" endtime="20200520 21:58:40.928"></status>
</kw>
<kw name="Capture Page Screenshot" library="SeleniumLibrary">
<doc>Takes a screenshot of the current page and embeds it into a log file.</doc>
<msg timestamp="20200520 21:58:41.268" level="INFO" html="yes">&lt;/td&gt;&lt;/tr&gt;&lt;tr&gt;&lt;td colspan="3"&gt;&lt;a href="selenium-screenshot-39.png"&gt;&lt;img src="selenium-screenshot-39.png" width="800px"&gt;&lt;/a&gt;</msg>
<status status="PASS" starttime="20200520 21:58:40.928" endtime="20200520 21:58:41.268"></status>
</kw>
<status status="PASS" starttime="20200520 21:58:40.906" endtime="20200520 21:58:41.268"></status>
</kw>
<status status="PASS" starttime="20200520 21:58:37.510" endtime="20200520 21:58:41.269"></status>
</kw>
<kw name="End Test" library="base" type="teardown">
<kw name="Capture Page Screenshot" library="SeleniumLibrary">
<doc>Takes a screenshot of the current page and embeds it into a log file.</doc>
<msg timestamp="20200520 21:58:41.646" level="INFO" html="yes">&lt;/td&gt;&lt;/tr&gt;&lt;tr&gt;&lt;td colspan="3"&gt;&lt;a href="selenium-screenshot-40.png"&gt;&lt;img src="selenium-screenshot-40.png" width="800px"&gt;&lt;/a&gt;</msg>
<status status="PASS" starttime="20200520 21:58:41.270" endtime="20200520 21:58:41.646"></status>
</kw>
<kw name="Stop Video Recording" library="ScreenCapLibrary">
<doc>Stops the video recording corresponding to the given ``alias`` and generates the file in WebM format. If no
``alias`` is specified, the last opened recording will be closed. If there are more recordings with the same
alias all of them will be closed. If ``embed`` argument was set to
``True`` the video will be displayed in the log file.</doc>
<msg timestamp="20200520 21:58:41.647" level="FAIL">No video recordings are started!</msg>
<status status="FAIL" starttime="20200520 21:58:41.646" endtime="20200520 21:58:41.647"></status>
</kw>
<kw name="Stop Gif Recording" library="ScreenCapLibrary">
<doc>Stops the GIF recording and generates the file. If ``embed`` argument was set to ``True`` the
GIF will be displayed in the log file.</doc>
<msg timestamp="20200520 21:58:41.648" level="FAIL">No gif recordings are started!</msg>
<status status="FAIL" starttime="20200520 21:58:41.647" endtime="20200520 21:58:41.648"></status>
</kw>
<status status="FAIL" starttime="20200520 21:58:41.269" endtime="20200520 21:58:41.648">Several failures occurred:

1) No video recordings are started!

2) No gif recordings are started!</status>
</kw>
<status status="FAIL" starttime="20200520 21:58:33.708" endtime="20200520 21:58:41.648" critical="yes">Teardown failed:
Several failures occurred:

1) No video recordings are started!

2) No gif recordings are started!</status>
</test>
<test id="s1-s2-t4" name="LOGIN COM CAMPOS EM BRANCO">
<kw name="Realizar login com CPF inválido">
<arguments>
<arg>${EMPTY}</arg>
<arg>12234344</arg>
<arg>Campo obrigatório</arg>
</arguments>
<kw name="Dado que acesso e verifico que estou no site da FASTSHOP" library="setup_hz">
<kw name="Delete All Cookies" library="SeleniumLibrary">
<doc>Deletes all cookies.</doc>
<status status="PASS" starttime="20200520 21:58:41.653" endtime="20200520 21:58:41.736"></status>
</kw>
<kw name="Go To" library="SeleniumLibrary">
<doc>Navigates the current browser window to the provided ``url``.</doc>
<arguments>
<arg>${BASE_URL}</arg>
</arguments>
<msg timestamp="20200520 21:58:41.736" level="INFO">Opening url 'http://webapp2-qa.fastshop.com.br/'</msg>
<status status="PASS" starttime="20200520 21:58:41.736" endtime="20200520 21:58:42.521"></status>
</kw>
<status status="PASS" starttime="20200520 21:58:41.652" endtime="20200520 21:58:42.522"></status>
</kw>
<kw name="Quando tento logar com o usuário ${usuario} e insiro a sua senha ${senha}" library="setup_hz">
<kw name="Go To" library="SeleniumLibrary">
<doc>Navigates the current browser window to the provided ``url``.</doc>
<arguments>
<arg>${BASE_URL}web/login</arg>
</arguments>
<msg timestamp="20200520 21:58:42.523" level="INFO">Opening url 'http://webapp2-qa.fastshop.com.br/web/login'</msg>
<status status="PASS" starttime="20200520 21:58:42.522" endtime="20200520 21:58:44.152"></status>
</kw>
<kw name="Input Text" library="SeleniumLibrary">
<doc>Types the given ``text`` into the text field identified by ``locator``.</doc>
<arguments>
<arg>${ID_LOGIN_CPF}</arg>
<arg>${usuario}</arg>
</arguments>
<msg timestamp="20200520 21:58:44.153" level="INFO">Typing text '' into text field 'id:document'.</msg>
<status status="PASS" starttime="20200520 21:58:44.153" endtime="20200520 21:58:44.397"></status>
</kw>
<kw name="Input Text" library="SeleniumLibrary">
<doc>Types the given ``text`` into the text field identified by ``locator``.</doc>
<arguments>
<arg>${ID_LOGIN_SENHA}</arg>
<arg>${senha}</arg>
</arguments>
<msg timestamp="20200520 21:58:44.398" level="INFO">Typing text '12234344' into text field 'id:password'.</msg>
<status status="PASS" starttime="20200520 21:58:44.397" endtime="20200520 21:58:44.522"></status>
</kw>
<kw name="Click Element" library="SeleniumLibrary">
<doc>Click the element identified by ``locator``.</doc>
<arguments>
<arg>${BUTTON_CONFIRMAR_VERDE}</arg>
</arguments>
<msg timestamp="20200520 21:58:44.522" level="INFO">Clicking element '//button[@class='btn btn-green']'.</msg>
<status status="PASS" starttime="20200520 21:58:44.522" endtime="20200520 21:58:44.617"></status>
</kw>
<kw name="Capture Page Screenshot" library="SeleniumLibrary">
<doc>Takes a screenshot of the current page and embeds it into a log file.</doc>
<msg timestamp="20200520 21:58:45.002" level="INFO" html="yes">&lt;/td&gt;&lt;/tr&gt;&lt;tr&gt;&lt;td colspan="3"&gt;&lt;a href="selenium-screenshot-41.png"&gt;&lt;img src="selenium-screenshot-41.png" width="800px"&gt;&lt;/a&gt;</msg>
<status status="PASS" starttime="20200520 21:58:44.617" endtime="20200520 21:58:45.002"></status>
</kw>
<status status="PASS" starttime="20200520 21:58:42.522" endtime="20200520 21:58:45.002"></status>
</kw>
<kw name="Entao será apresentada a mensagem que o cpf é inválido ${mensagem_login_cpf_invalido}" library="setup_hz">
<kw name="Element Text Should Be" library="SeleniumLibrary">
<doc>Verifies that element ``locator`` contains exact the text ``expected``.</doc>
<arguments>
<arg>${DIV_CPF_INVALIDO}</arg>
<arg>${mensagem_login_cpf_invalido}</arg>
</arguments>
<msg timestamp="20200520 21:58:45.003" level="INFO">Verifying element '//div[@class='invalid-feedback']' contains exact text 'Campo obrigatório'.</msg>
<status status="PASS" starttime="20200520 21:58:45.003" endtime="20200520 21:58:45.023"></status>
</kw>
<kw name="Capture Page Screenshot" library="SeleniumLibrary">
<doc>Takes a screenshot of the current page and embeds it into a log file.</doc>
<msg timestamp="20200520 21:58:45.401" level="INFO" html="yes">&lt;/td&gt;&lt;/tr&gt;&lt;tr&gt;&lt;td colspan="3"&gt;&lt;a href="selenium-screenshot-42.png"&gt;&lt;img src="selenium-screenshot-42.png" width="800px"&gt;&lt;/a&gt;</msg>
<status status="PASS" starttime="20200520 21:58:45.024" endtime="20200520 21:58:45.401"></status>
</kw>
<status status="PASS" starttime="20200520 21:58:45.003" endtime="20200520 21:58:45.401"></status>
</kw>
<status status="PASS" starttime="20200520 21:58:41.652" endtime="20200520 21:58:45.401"></status>
</kw>
<kw name="Realizar login com CPF inválido">
<arguments>
<arg>34611974839</arg>
<arg>${EMPTY}</arg>
<arg>Campo obrigatório</arg>
</arguments>
<kw name="Dado que acesso e verifico que estou no site da FASTSHOP" library="setup_hz">
<kw name="Delete All Cookies" library="SeleniumLibrary">
<doc>Deletes all cookies.</doc>
<status status="PASS" starttime="20200520 21:58:45.403" endtime="20200520 21:58:45.545"></status>
</kw>
<kw name="Go To" library="SeleniumLibrary">
<doc>Navigates the current browser window to the provided ``url``.</doc>
<arguments>
<arg>${BASE_URL}</arg>
</arguments>
<msg timestamp="20200520 21:58:45.546" level="INFO">Opening url 'http://webapp2-qa.fastshop.com.br/'</msg>
<status status="PASS" starttime="20200520 21:58:45.546" endtime="20200520 21:58:46.371"></status>
</kw>
<status status="PASS" starttime="20200520 21:58:45.403" endtime="20200520 21:58:46.372"></status>
</kw>
<kw name="Quando tento logar com o usuário ${usuario} e insiro a sua senha ${senha}" library="setup_hz">
<kw name="Go To" library="SeleniumLibrary">
<doc>Navigates the current browser window to the provided ``url``.</doc>
<arguments>
<arg>${BASE_URL}web/login</arg>
</arguments>
<msg timestamp="20200520 21:58:46.373" level="INFO">Opening url 'http://webapp2-qa.fastshop.com.br/web/login'</msg>
<status status="PASS" starttime="20200520 21:58:46.372" endtime="20200520 21:58:47.685"></status>
</kw>
<kw name="Input Text" library="SeleniumLibrary">
<doc>Types the given ``text`` into the text field identified by ``locator``.</doc>
<arguments>
<arg>${ID_LOGIN_CPF}</arg>
<arg>${usuario}</arg>
</arguments>
<msg timestamp="20200520 21:58:47.685" level="INFO">Typing text '34611974839' into text field 'id:document'.</msg>
<status status="PASS" starttime="20200520 21:58:47.685" endtime="20200520 21:58:48.452"></status>
</kw>
<kw name="Input Text" library="SeleniumLibrary">
<doc>Types the given ``text`` into the text field identified by ``locator``.</doc>
<arguments>
<arg>${ID_LOGIN_SENHA}</arg>
<arg>${senha}</arg>
</arguments>
<msg timestamp="20200520 21:58:48.453" level="INFO">Typing text '' into text field 'id:password'.</msg>
<status status="PASS" starttime="20200520 21:58:48.452" endtime="20200520 21:58:48.557"></status>
</kw>
<kw name="Click Element" library="SeleniumLibrary">
<doc>Click the element identified by ``locator``.</doc>
<arguments>
<arg>${BUTTON_CONFIRMAR_VERDE}</arg>
</arguments>
<msg timestamp="20200520 21:58:48.557" level="INFO">Clicking element '//button[@class='btn btn-green']'.</msg>
<status status="PASS" starttime="20200520 21:58:48.557" endtime="20200520 21:58:48.667"></status>
</kw>
<kw name="Capture Page Screenshot" library="SeleniumLibrary">
<doc>Takes a screenshot of the current page and embeds it into a log file.</doc>
<msg timestamp="20200520 21:58:49.070" level="INFO" html="yes">&lt;/td&gt;&lt;/tr&gt;&lt;tr&gt;&lt;td colspan="3"&gt;&lt;a href="selenium-screenshot-43.png"&gt;&lt;img src="selenium-screenshot-43.png" width="800px"&gt;&lt;/a&gt;</msg>
<status status="PASS" starttime="20200520 21:58:48.668" endtime="20200520 21:58:49.070"></status>
</kw>
<status status="PASS" starttime="20200520 21:58:46.372" endtime="20200520 21:58:49.070"></status>
</kw>
<kw name="Entao será apresentada a mensagem que o cpf é inválido ${mensagem_login_cpf_invalido}" library="setup_hz">
<kw name="Element Text Should Be" library="SeleniumLibrary">
<doc>Verifies that element ``locator`` contains exact the text ``expected``.</doc>
<arguments>
<arg>${DIV_CPF_INVALIDO}</arg>
<arg>${mensagem_login_cpf_invalido}</arg>
</arguments>
<msg timestamp="20200520 21:58:49.072" level="INFO">Verifying element '//div[@class='invalid-feedback']' contains exact text 'Campo obrigatório'.</msg>
<status status="PASS" starttime="20200520 21:58:49.071" endtime="20200520 21:58:49.097"></status>
</kw>
<kw name="Capture Page Screenshot" library="SeleniumLibrary">
<doc>Takes a screenshot of the current page and embeds it into a log file.</doc>
<msg timestamp="20200520 21:58:49.443" level="INFO" html="yes">&lt;/td&gt;&lt;/tr&gt;&lt;tr&gt;&lt;td colspan="3"&gt;&lt;a href="selenium-screenshot-44.png"&gt;&lt;img src="selenium-screenshot-44.png" width="800px"&gt;&lt;/a&gt;</msg>
<status status="PASS" starttime="20200520 21:58:49.097" endtime="20200520 21:58:49.443"></status>
</kw>
<status status="PASS" starttime="20200520 21:58:49.071" endtime="20200520 21:58:49.443"></status>
</kw>
<status status="PASS" starttime="20200520 21:58:45.402" endtime="20200520 21:58:49.443"></status>
</kw>
<kw name="End Test" library="base" type="teardown">
<kw name="Capture Page Screenshot" library="SeleniumLibrary">
<doc>Takes a screenshot of the current page and embeds it into a log file.</doc>
<msg timestamp="20200520 21:58:49.793" level="INFO" html="yes">&lt;/td&gt;&lt;/tr&gt;&lt;tr&gt;&lt;td colspan="3"&gt;&lt;a href="selenium-screenshot-45.png"&gt;&lt;img src="selenium-screenshot-45.png" width="800px"&gt;&lt;/a&gt;</msg>
<status status="PASS" starttime="20200520 21:58:49.444" endtime="20200520 21:58:49.793"></status>
</kw>
<kw name="Stop Video Recording" library="ScreenCapLibrary">
<doc>Stops the video recording corresponding to the given ``alias`` and generates the file in WebM format. If no
``alias`` is specified, the last opened recording will be closed. If there are more recordings with the same
alias all of them will be closed. If ``embed`` argument was set to
``True`` the video will be displayed in the log file.</doc>
<msg timestamp="20200520 21:58:49.794" level="FAIL">No video recordings are started!</msg>
<status status="FAIL" starttime="20200520 21:58:49.793" endtime="20200520 21:58:49.794"></status>
</kw>
<kw name="Stop Gif Recording" library="ScreenCapLibrary">
<doc>Stops the GIF recording and generates the file. If ``embed`` argument was set to ``True`` the
GIF will be displayed in the log file.</doc>
<msg timestamp="20200520 21:58:49.794" level="FAIL">No gif recordings are started!</msg>
<status status="FAIL" starttime="20200520 21:58:49.794" endtime="20200520 21:58:49.794"></status>
</kw>
<status status="FAIL" starttime="20200520 21:58:49.444" endtime="20200520 21:58:49.794">Several failures occurred:

1) No video recordings are started!

2) No gif recordings are started!</status>
</kw>
<status status="FAIL" starttime="20200520 21:58:41.651" endtime="20200520 21:58:49.795" critical="yes">Teardown failed:
Several failures occurred:

1) No video recordings are started!

2) No gif recordings are started!</status>
</test>
<kw name="End Session" library="base" type="teardown">
<kw name="Close Browser" library="SeleniumLibrary">
<doc>Closes the current browser.</doc>
<status status="PASS" starttime="20200520 21:58:49.799" endtime="20200520 21:58:51.928"></status>
</kw>
<status status="PASS" starttime="20200520 21:58:49.798" endtime="20200520 21:58:51.929"></status>
</kw>
<doc>FASTSHOP - REALIZAR LOGIN
Como um novo usuário
Edwin deseja acessar o site da Fastshop
Para que ele possa navegar e realizar compras no website</doc>
<status status="FAIL" starttime="20200520 21:58:01.841" endtime="20200520 21:58:51.929"></status>
</suite>
<status status="FAIL" starttime="20200520 21:56:31.932" endtime="20200520 21:58:51.944"></status>
</suite>
<statistics>
<total>
<stat pass="2" fail="5">Critical Tests</stat>
<stat pass="2" fail="5">All Tests</stat>
</total>
<tag>
</tag>
<suite>
<stat pass="2" fail="5" id="s1" name="Tests">Tests</stat>
<stat pass="1" fail="2" id="s1-s1" name="INSERIR PRODUTO CARRINHO">Tests.INSERIR PRODUTO CARRINHO</stat>
<stat pass="1" fail="3" id="s1-s2" name="LOGIN PESSOA FISICA.">Tests.LOGIN PESSOA FISICA.</stat>
</suite>
</statistics>
<errors>
</errors>
</robot>
