<?xml version="1.0" encoding="UTF-8"?>
<robot generator="Robot 3.2rc1 (Python 3.8.1 on win32)" generated="20200520 15:18:24.579" rpa="false">
<suite id="s1" name="Tests" source="C:\FastShop_hz\tests">
<suite id="s1-s1" name="INSERIR PRODUTO CARRINHO" source="C:\FastShop_hz\tests\INSERIR_PRODUTO_CARRINHO.robot">
<kw name="Start Session" library="base" type="setup">
<kw name="Open Browser" library="SeleniumLibrary">
<doc>Opens a new browser instance to the optional ``url``.</doc>
<arguments>
<arg>about:blank</arg>
<arg>chrome</arg>
</arguments>
<msg timestamp="20200520 15:18:25.141" level="INFO">Opening browser 'chrome' to base url 'about:blank'.</msg>
<status status="PASS" starttime="20200520 15:18:25.141" endtime="20200520 15:18:26.310"></status>
</kw>
<kw name="Set Selenium Implicit Wait" library="SeleniumLibrary">
<doc>Sets the implicit wait value used by Selenium.</doc>
<arguments>
<arg>10</arg>
</arguments>
<status status="PASS" starttime="20200520 15:18:26.310" endtime="20200520 15:18:26.311"></status>
</kw>
<kw name="Maximize Browser Window" library="SeleniumLibrary">
<doc>Maximizes current browser window.</doc>
<status status="PASS" starttime="20200520 15:18:26.311" endtime="20200520 15:18:26.425"></status>
</kw>
<status status="PASS" starttime="20200520 15:18:25.140" endtime="20200520 15:18:26.425"></status>
</kw>
<test id="s1-s1-t1" name="INSERIR UM PRODUTO NO CARRINHO">
<kw name="Busca, verificação e adição ao carrinho de um item no site da FASTSHOP">
<arguments>
<arg>941.861.830-31</arg>
<arg>12345678</arg>
<arg>AEMWHJ2BZACNZB</arg>
</arguments>
<kw name="Dado que acesso e verifico que estou no site da FASTSHOP" library="setup_hz">
<kw name="Go To" library="SeleniumLibrary">
<doc>Navigates the current browser window to the provided ``url``.</doc>
<arguments>
<arg>${BASE_URL}</arg>
</arguments>
<msg timestamp="20200520 15:18:26.427" level="INFO">Opening url 'http://webapp2-qa.fastshop.com.br/'</msg>
<status status="PASS" starttime="20200520 15:18:26.427" endtime="20200520 15:18:28.746"></status>
</kw>
<kw name="Title Should Be" library="SeleniumLibrary">
<doc>Verifies that the current page title equals ``title``.</doc>
<arguments>
<arg>Bem-vindo à Fast Shop</arg>
</arguments>
<msg timestamp="20200520 15:18:30.299" level="INFO">Page title is 'Bem-vindo à Fast Shop'.</msg>
<status status="PASS" starttime="20200520 15:18:28.746" endtime="20200520 15:18:30.299"></status>
</kw>
<status status="PASS" starttime="20200520 15:18:26.427" endtime="20200520 15:18:30.299"></status>
</kw>
<kw name="Quando é preenchido o campo de busca ${busca_produto}, verifico se o mesmo é retornado na lista" library="setup_hz">
<kw name="Go To" library="SeleniumLibrary">
<doc>Navigates the current browser window to the provided ``url``.</doc>
<arguments>
<arg>${BASE_URL}web/p/d/${busca_produto}/teste</arg>
</arguments>
<msg timestamp="20200520 15:18:30.301" level="INFO">Opening url 'http://webapp2-qa.fastshop.com.br/web/p/d/AEMWHJ2BZACNZB/teste'</msg>
<status status="PASS" starttime="20200520 15:18:30.300" endtime="20200520 15:18:31.434"></status>
</kw>
<kw name="Wait Until Element Is Visible" library="SeleniumLibrary">
<doc>Waits until the element ``locator`` is visible.</doc>
<arguments>
<arg>${SPAN_ADICIONAR_AO_CARRINHO}</arg>
<arg>10</arg>
</arguments>
<status status="PASS" starttime="20200520 15:18:31.434" endtime="20200520 15:18:31.941"></status>
</kw>
<kw name="Get Text" library="SeleniumLibrary">
<doc>Returns the text value of the element identified by ``locator``.</doc>
<arguments>
<arg>${H1_NOME_DO_PRODUTO}</arg>
</arguments>
<assign>
<var>${PRODUTO}</var>
</assign>
<msg timestamp="20200520 15:18:31.968" level="INFO">${PRODUTO} = iPhone 11 Pro Max Cinza Espacial, com Tela de 6,5”, 4G, 256 GB e Câmera de 12 MP - MWHJ2BZ/A</msg>
<status status="PASS" starttime="20200520 15:18:31.941" endtime="20200520 15:18:31.968"></status>
</kw>
<kw name="Set Global Variable" library="BuiltIn">
<doc>Makes a variable available globally in all tests and suites.</doc>
<arguments>
<arg>${PRODUTO}</arg>
</arguments>
<msg timestamp="20200520 15:18:31.969" level="INFO">${PRODUTO} = iPhone 11 Pro Max Cinza Espacial, com Tela de 6,5”, 4G, 256 GB e Câmera de 12 MP - MWHJ2BZ/A</msg>
<status status="PASS" starttime="20200520 15:18:31.968" endtime="20200520 15:18:31.969"></status>
</kw>
<kw name="Log" library="BuiltIn">
<doc>Logs the given message with the given level.</doc>
<arguments>
<arg>${PRODUTO}</arg>
</arguments>
<msg timestamp="20200520 15:18:31.969" level="INFO">iPhone 11 Pro Max Cinza Espacial, com Tela de 6,5”, 4G, 256 GB e Câmera de 12 MP - MWHJ2BZ/A</msg>
<status status="PASS" starttime="20200520 15:18:31.969" endtime="20200520 15:18:31.969"></status>
</kw>
<kw name="Element Text Should Be" library="SeleniumLibrary">
<doc>Verifies that element ``locator`` contains exact the text ``expected``.</doc>
<arguments>
<arg>${H2_NOME_DO_PRODUTO}</arg>
<arg>${busca_produto}</arg>
</arguments>
<msg timestamp="20200520 15:18:31.969" level="INFO">Verifying element '//h2[@class='product-detail-partnumber']' contains exact text 'AEMWHJ2BZACNZB'.</msg>
<status status="PASS" starttime="20200520 15:18:31.969" endtime="20200520 15:18:31.992"></status>
</kw>
<kw name="Set Focus To Element" library="SeleniumLibrary">
<doc>Sets the focus to the element identified by ``locator``.</doc>
<arguments>
<arg>${SPAN_ADICIONAR_AO_CARRINHO}</arg>
</arguments>
<status status="PASS" starttime="20200520 15:18:31.992" endtime="20200520 15:18:32.004"></status>
</kw>
<kw name="Click Element" library="SeleniumLibrary">
<doc>Click the element identified by ``locator``.</doc>
<arguments>
<arg>${SPAN_ADICIONAR_AO_CARRINHO}</arg>
</arguments>
<msg timestamp="20200520 15:18:32.004" level="INFO">Clicking element '//span[@class='lb-add-cart']'.</msg>
<status status="PASS" starttime="20200520 15:18:32.004" endtime="20200520 15:18:32.091"></status>
</kw>
<kw name="Capture Page Screenshot" library="SeleniumLibrary">
<doc>Takes a screenshot of the current page and embeds it into a log file.</doc>
<msg timestamp="20200520 15:18:35.896" level="INFO" html="yes">&lt;/td&gt;&lt;/tr&gt;&lt;tr&gt;&lt;td colspan="3"&gt;&lt;a href="selenium-screenshot-22.png"&gt;&lt;img src="selenium-screenshot-22.png" width="800px"&gt;&lt;/a&gt;</msg>
<status status="PASS" starttime="20200520 15:18:32.092" endtime="20200520 15:18:35.896"></status>
</kw>
<status status="PASS" starttime="20200520 15:18:30.299" endtime="20200520 15:18:35.896"></status>
</kw>
<kw name="E e logo no site com o CPF ${cpf} e a senha ${senha}" library="setup_hz">
<kw name="Wait Until Element Is Visible" library="SeleniumLibrary">
<doc>Waits until the element ``locator`` is visible.</doc>
<arguments>
<arg>${ID_LOGIN_CPF}</arg>
<arg>10</arg>
</arguments>
<status status="PASS" starttime="20200520 15:18:35.897" endtime="20200520 15:18:35.923"></status>
</kw>
<kw name="Input Text" library="SeleniumLibrary">
<doc>Types the given ``text`` into the text field identified by ``locator``.</doc>
<arguments>
<arg>${ID_LOGIN_CPF}</arg>
<arg>${cpf}</arg>
</arguments>
<msg timestamp="20200520 15:18:35.923" level="INFO">Typing text '941.861.830-31' into text field 'id:document'.</msg>
<status status="PASS" starttime="20200520 15:18:35.923" endtime="20200520 15:18:36.096"></status>
</kw>
<kw name="Input Text" library="SeleniumLibrary">
<doc>Types the given ``text`` into the text field identified by ``locator``.</doc>
<arguments>
<arg>${ID_LOGIN_SENHA}</arg>
<arg>${senha}</arg>
</arguments>
<msg timestamp="20200520 15:18:36.097" level="INFO">Typing text '12345678' into text field 'id:password'.</msg>
<status status="PASS" starttime="20200520 15:18:36.096" endtime="20200520 15:18:36.295"></status>
</kw>
<kw name="Click Element" library="SeleniumLibrary">
<doc>Click the element identified by ``locator``.</doc>
<arguments>
<arg>${BUTTON_CONFIRMAR_VERDE}</arg>
</arguments>
<msg timestamp="20200520 15:18:36.295" level="INFO">Clicking element '//button[@class='btn btn-green']'.</msg>
<status status="PASS" starttime="20200520 15:18:36.295" endtime="20200520 15:18:36.363"></status>
</kw>
<kw name="Capture Page Screenshot" library="SeleniumLibrary">
<doc>Takes a screenshot of the current page and embeds it into a log file.</doc>
<msg timestamp="20200520 15:18:36.774" level="INFO" html="yes">&lt;/td&gt;&lt;/tr&gt;&lt;tr&gt;&lt;td colspan="3"&gt;&lt;a href="selenium-screenshot-23.png"&gt;&lt;img src="selenium-screenshot-23.png" width="800px"&gt;&lt;/a&gt;</msg>
<status status="PASS" starttime="20200520 15:18:36.363" endtime="20200520 15:18:36.774"></status>
</kw>
<kw name="Sleep" library="BuiltIn">
<doc>Pauses the test executed for the given time.</doc>
<arguments>
<arg>5</arg>
</arguments>
<msg timestamp="20200520 15:18:41.776" level="INFO">Slept 5 seconds</msg>
<status status="PASS" starttime="20200520 15:18:36.774" endtime="20200520 15:18:41.776"></status>
</kw>
<kw name="Go To" library="SeleniumLibrary">
<doc>Navigates the current browser window to the provided ``url``.</doc>
<arguments>
<arg>${CARRINHO_URL}</arg>
</arguments>
<msg timestamp="20200520 15:18:41.776" level="INFO">Opening url 'http://webapp2-qa.fastshop.com.br/web/checkout-v2/carrinho'</msg>
<status status="PASS" starttime="20200520 15:18:41.776" endtime="20200520 15:18:42.364"></status>
</kw>
<status status="PASS" starttime="20200520 15:18:35.896" endtime="20200520 15:18:42.364"></status>
</kw>
<kw name="Então o produto ${busca_produto} é adicionado e verificado que está no carrinho" library="setup_hz">
<kw name="Wait Until Element Is Visible" library="SeleniumLibrary">
<doc>Waits until the element ``locator`` is visible.</doc>
<arguments>
<arg>${BUTTON_CONTINUAR_COMPRA_VERDE}</arg>
<arg>10</arg>
</arguments>
<status status="PASS" starttime="20200520 15:18:42.365" endtime="20200520 15:18:44.250"></status>
</kw>
<kw name="Set Focus To Element" library="SeleniumLibrary">
<doc>Sets the focus to the element identified by ``locator``.</doc>
<arguments>
<arg>${BUTTON_CONTINUAR_COMPRA_VERDE}</arg>
</arguments>
<status status="PASS" starttime="20200520 15:18:44.250" endtime="20200520 15:18:44.295"></status>
</kw>
<kw name="Capture Page Screenshot" library="SeleniumLibrary">
<doc>Takes a screenshot of the current page and embeds it into a log file.</doc>
<msg timestamp="20200520 15:18:44.867" level="INFO" html="yes">&lt;/td&gt;&lt;/tr&gt;&lt;tr&gt;&lt;td colspan="3"&gt;&lt;a href="selenium-screenshot-24.png"&gt;&lt;img src="selenium-screenshot-24.png" width="800px"&gt;&lt;/a&gt;</msg>
<status status="PASS" starttime="20200520 15:18:44.295" endtime="20200520 15:18:44.867"></status>
</kw>
<kw name="Click Element" library="SeleniumLibrary">
<doc>Click the element identified by ``locator``.</doc>
<arguments>
<arg>${BUTTON_CONTINUAR_COMPRA_VERDE}</arg>
</arguments>
<msg timestamp="20200520 15:18:44.868" level="INFO">Clicking element '//button[contains(text(), 'Continuar compra')]'.</msg>
<status status="PASS" starttime="20200520 15:18:44.867" endtime="20200520 15:18:44.930"></status>
</kw>
<kw name="Wait Until Element Is Visible" library="SeleniumLibrary">
<doc>Waits until the element ``locator`` is visible.</doc>
<arguments>
<arg>${A_ADICIONAR_NOVO_ENDERECO}</arg>
<arg>10</arg>
</arguments>
<status status="PASS" starttime="20200520 15:18:44.931" endtime="20200520 15:18:46.534"></status>
</kw>
<kw name="Set Focus To Element" library="SeleniumLibrary">
<doc>Sets the focus to the element identified by ``locator``.</doc>
<arguments>
<arg>${BUTTON_CONTINUAR_VERDE_ENDERECO}</arg>
</arguments>
<status status="PASS" starttime="20200520 15:18:46.534" endtime="20200520 15:18:46.559"></status>
</kw>
<kw name="Capture Page Screenshot" library="SeleniumLibrary">
<doc>Takes a screenshot of the current page and embeds it into a log file.</doc>
<msg timestamp="20200520 15:18:47.029" level="INFO" html="yes">&lt;/td&gt;&lt;/tr&gt;&lt;tr&gt;&lt;td colspan="3"&gt;&lt;a href="selenium-screenshot-25.png"&gt;&lt;img src="selenium-screenshot-25.png" width="800px"&gt;&lt;/a&gt;</msg>
<status status="PASS" starttime="20200520 15:18:46.559" endtime="20200520 15:18:47.029"></status>
</kw>
<kw name="Click Element" library="SeleniumLibrary">
<doc>Click the element identified by ``locator``.</doc>
<arguments>
<arg>${BUTTON_CONTINUAR_VERDE_ENDERECO}</arg>
</arguments>
<msg timestamp="20200520 15:18:47.029" level="INFO">Clicking element '(//button[contains(text(), 'Continuar')])[last()]'.</msg>
<status status="PASS" starttime="20200520 15:18:47.029" endtime="20200520 15:18:47.102"></status>
</kw>
<kw name="Wait Until Element Is Visible" library="SeleniumLibrary">
<doc>Waits until the element ``locator`` is visible.</doc>
<arguments>
<arg>${DIV_QUANDO_RECEBER}</arg>
<arg>10</arg>
</arguments>
<status status="PASS" starttime="20200520 15:18:47.102" endtime="20200520 15:18:51.080"></status>
</kw>
<kw name="Wait Until Element Is Visible" library="SeleniumLibrary">
<doc>Waits until the element ``locator`` is visible.</doc>
<arguments>
<arg>${BUTTON_CONTINUAR_VERDE_DADOS_PESSOAIS}</arg>
<arg>10</arg>
</arguments>
<status status="PASS" starttime="20200520 15:18:51.080" endtime="20200520 15:18:51.098"></status>
</kw>
<kw name="Wait Until Element Is Visible" library="SeleniumLibrary">
<doc>Waits until the element ``locator`` is visible.</doc>
<arguments>
<arg>//span[contains(text(), '${PRODUTO}')]</arg>
</arguments>
<status status="PASS" starttime="20200520 15:18:51.098" endtime="20200520 15:18:51.120"></status>
</kw>
<kw name="Log" library="BuiltIn">
<doc>Logs the given message with the given level.</doc>
<arguments>
<arg>${PRODUTO}</arg>
</arguments>
<msg timestamp="20200520 15:18:51.121" level="INFO">iPhone 11 Pro Max Cinza Espacial, com Tela de 6,5”, 4G, 256 GB e Câmera de 12 MP - MWHJ2BZ/A</msg>
<status status="PASS" starttime="20200520 15:18:51.121" endtime="20200520 15:18:51.121"></status>
</kw>
<kw name="Set Focus To Element" library="SeleniumLibrary">
<doc>Sets the focus to the element identified by ``locator``.</doc>
<arguments>
<arg>${BUTTON_CONTINUAR_VERDE_DADOS_PESSOAIS}</arg>
</arguments>
<status status="PASS" starttime="20200520 15:18:51.121" endtime="20200520 15:18:51.133"></status>
</kw>
<kw name="Capture Page Screenshot" library="SeleniumLibrary">
<doc>Takes a screenshot of the current page and embeds it into a log file.</doc>
<msg timestamp="20200520 15:18:51.497" level="INFO" html="yes">&lt;/td&gt;&lt;/tr&gt;&lt;tr&gt;&lt;td colspan="3"&gt;&lt;a href="selenium-screenshot-26.png"&gt;&lt;img src="selenium-screenshot-26.png" width="800px"&gt;&lt;/a&gt;</msg>
<status status="PASS" starttime="20200520 15:18:51.133" endtime="20200520 15:18:51.497"></status>
</kw>
<kw name="Click Element" library="SeleniumLibrary">
<doc>Click the element identified by ``locator``.</doc>
<arguments>
<arg>${BUTTON_CONTINUAR_VERDE_DADOS_PESSOAIS}</arg>
</arguments>
<msg timestamp="20200520 15:18:51.498" level="INFO">Clicking element '(//button[contains(text(), 'Continuar')])[last()]'.</msg>
<status status="PASS" starttime="20200520 15:18:51.497" endtime="20200520 15:18:51.556"></status>
</kw>
<kw name="Wait Until Element Is Visible" library="SeleniumLibrary">
<doc>Waits until the element ``locator`` is visible.</doc>
<arguments>
<arg>${H1_ADICIONAR_SERVICO}</arg>
<arg>10</arg>
</arguments>
<status status="PASS" starttime="20200520 15:18:51.556" endtime="20200520 15:18:52.761"></status>
</kw>
<kw name="Wait Until Element Is Visible" library="SeleniumLibrary">
<doc>Waits until the element ``locator`` is visible.</doc>
<arguments>
<arg>${BUTTON_CONTINUAR_VERDE_SERVICOS}</arg>
<arg>10</arg>
</arguments>
<status status="PASS" starttime="20200520 15:18:52.761" endtime="20200520 15:18:52.780"></status>
</kw>
<kw name="Set Focus To Element" library="SeleniumLibrary">
<doc>Sets the focus to the element identified by ``locator``.</doc>
<arguments>
<arg>${BUTTON_CONTINUAR_VERDE_SERVICOS}</arg>
</arguments>
<status status="PASS" starttime="20200520 15:18:52.780" endtime="20200520 15:18:52.792"></status>
</kw>
<kw name="Capture Page Screenshot" library="SeleniumLibrary">
<doc>Takes a screenshot of the current page and embeds it into a log file.</doc>
<msg timestamp="20200520 15:18:53.166" level="INFO" html="yes">&lt;/td&gt;&lt;/tr&gt;&lt;tr&gt;&lt;td colspan="3"&gt;&lt;a href="selenium-screenshot-27.png"&gt;&lt;img src="selenium-screenshot-27.png" width="800px"&gt;&lt;/a&gt;</msg>
<status status="PASS" starttime="20200520 15:18:52.792" endtime="20200520 15:18:53.166"></status>
</kw>
<kw name="Click Element" library="SeleniumLibrary">
<doc>Click the element identified by ``locator``.</doc>
<arguments>
<arg>${BUTTON_CONTINUAR_VERDE_SERVICOS}</arg>
</arguments>
<msg timestamp="20200520 15:18:53.166" level="INFO">Clicking element '(//button[contains(text(), 'Continuar')])[last()]'.</msg>
<status status="PASS" starttime="20200520 15:18:53.166" endtime="20200520 15:18:53.219"></status>
</kw>
<kw name="Wait Until Element Is Visible" library="SeleniumLibrary">
<doc>Waits until the element ``locator`` is visible.</doc>
<arguments>
<arg>${H1_COMO_DESEJA_PAGAR}</arg>
<arg>10</arg>
</arguments>
<status status="PASS" starttime="20200520 15:18:53.220" endtime="20200520 15:18:57.526"></status>
</kw>
<kw name="Select Radio Button" library="SeleniumLibrary">
<doc>Sets the radio button group ``group_name`` to ``value``.</doc>
<arguments>
<arg>payment_option</arg>
<arg>payment-option-3</arg>
</arguments>
<msg timestamp="20200520 15:18:57.526" level="INFO">Selecting 'payment-option-3' from radio button 'payment_option'.</msg>
<status status="PASS" starttime="20200520 15:18:57.526" endtime="20200520 15:18:57.605"></status>
</kw>
<kw name="Set Focus To Element" library="SeleniumLibrary">
<doc>Sets the focus to the element identified by ``locator``.</doc>
<arguments>
<arg>${BUTTON_CONTINUAR_VERDE_PAGAMENTO}</arg>
</arguments>
<status status="PASS" starttime="20200520 15:18:57.606" endtime="20200520 15:18:57.625"></status>
</kw>
<kw name="Capture Page Screenshot" library="SeleniumLibrary">
<doc>Takes a screenshot of the current page and embeds it into a log file.</doc>
<msg timestamp="20200520 15:18:58.038" level="INFO" html="yes">&lt;/td&gt;&lt;/tr&gt;&lt;tr&gt;&lt;td colspan="3"&gt;&lt;a href="selenium-screenshot-28.png"&gt;&lt;img src="selenium-screenshot-28.png" width="800px"&gt;&lt;/a&gt;</msg>
<status status="PASS" starttime="20200520 15:18:57.625" endtime="20200520 15:18:58.038"></status>
</kw>
<kw name="Click Element" library="SeleniumLibrary">
<doc>Click the element identified by ``locator``.</doc>
<arguments>
<arg>${BUTTON_CONTINUAR_VERDE_PAGAMENTO}</arg>
</arguments>
<msg timestamp="20200520 15:18:58.038" level="INFO">Clicking element '(//button[contains(text(), 'Continuar')])[last()]'.</msg>
<status status="PASS" starttime="20200520 15:18:58.038" endtime="20200520 15:18:58.128"></status>
</kw>
<kw name="Wait Until Element Is Visible" library="SeleniumLibrary">
<doc>Waits until the element ``locator`` is visible.</doc>
<arguments>
<arg>${DIV_DESCRICAO_DO_PAGAMENTO}</arg>
<arg>10</arg>
</arguments>
<status status="PASS" starttime="20200520 15:18:58.128" endtime="20200520 15:18:58.161"></status>
</kw>
<kw name="Set Focus To Element" library="SeleniumLibrary">
<doc>Sets the focus to the element identified by ``locator``.</doc>
<arguments>
<arg>${BUTTON_CONTINUAR_VERDE_PAGAMENTO}</arg>
</arguments>
<status status="PASS" starttime="20200520 15:18:58.161" endtime="20200520 15:18:58.176"></status>
</kw>
<kw name="Capture Page Screenshot" library="SeleniumLibrary">
<doc>Takes a screenshot of the current page and embeds it into a log file.</doc>
<msg timestamp="20200520 15:18:58.550" level="INFO" html="yes">&lt;/td&gt;&lt;/tr&gt;&lt;tr&gt;&lt;td colspan="3"&gt;&lt;a href="selenium-screenshot-29.png"&gt;&lt;img src="selenium-screenshot-29.png" width="800px"&gt;&lt;/a&gt;</msg>
<status status="PASS" starttime="20200520 15:18:58.177" endtime="20200520 15:18:58.550"></status>
</kw>
<kw name="Click Element" library="SeleniumLibrary">
<doc>Click the element identified by ``locator``.</doc>
<arguments>
<arg>${BUTTON_CONTINUAR_VERDE_PAGAMENTO}</arg>
</arguments>
<msg timestamp="20200520 15:18:58.551" level="INFO">Clicking element '(//button[contains(text(), 'Continuar')])[last()]'.</msg>
<status status="PASS" starttime="20200520 15:18:58.550" endtime="20200520 15:18:58.596"></status>
</kw>
<status status="PASS" starttime="20200520 15:18:42.365" endtime="20200520 15:18:58.596"></status>
</kw>
<status status="PASS" starttime="20200520 15:18:26.426" endtime="20200520 15:18:58.596"></status>
</kw>
<kw name="End Test" library="base" type="teardown">
<kw name="Capture Page Screenshot" library="SeleniumLibrary">
<doc>Takes a screenshot of the current page and embeds it into a log file.</doc>
<msg timestamp="20200520 15:18:58.993" level="INFO" html="yes">&lt;/td&gt;&lt;/tr&gt;&lt;tr&gt;&lt;td colspan="3"&gt;&lt;a href="selenium-screenshot-30.png"&gt;&lt;img src="selenium-screenshot-30.png" width="800px"&gt;&lt;/a&gt;</msg>
<status status="PASS" starttime="20200520 15:18:58.597" endtime="20200520 15:18:58.993"></status>
</kw>
<status status="PASS" starttime="20200520 15:18:58.597" endtime="20200520 15:18:58.993"></status>
</kw>
<status status="PASS" starttime="20200520 15:18:26.425" endtime="20200520 15:18:58.993" critical="yes"></status>
</test>
<kw name="End Session" library="base" type="teardown">
<kw name="Close Browser" library="SeleniumLibrary">
<doc>Closes the current browser.</doc>
<status status="PASS" starttime="20200520 15:18:58.995" endtime="20200520 15:19:01.155"></status>
</kw>
<status status="PASS" starttime="20200520 15:18:58.995" endtime="20200520 15:19:01.155"></status>
</kw>
<doc>FASTSHOP - INSERIR PRODUTO NO CARRINHO
Para que eu possa acessar o site da FastShop, sendo um cliente, quero poder adicionar um produto ao carrinho.
1- Entre no portal da FASTSHOP
2- Faça uma busca por um produto
3- Valide o retorno da busca
4- Escolha um produto na lista
5- Adicione ao carrinho
6- Valide o produto no carrinho
7- Insira um serviço</doc>
<status status="PASS" starttime="20200520 15:18:24.611" endtime="20200520 15:19:01.155"></status>
</suite>
<suite id="s1-s2" name="LOGIN PESSOA FISICA." source="C:\FastShop_hz\tests\LOGIN_PESSOA_FISICA..robot">
<kw name="Start Session" library="base" type="setup">
<kw name="Open Browser" library="SeleniumLibrary">
<doc>Opens a new browser instance to the optional ``url``.</doc>
<arguments>
<arg>about:blank</arg>
<arg>chrome</arg>
</arguments>
<msg timestamp="20200520 15:19:01.172" level="INFO">Opening browser 'chrome' to base url 'about:blank'.</msg>
<status status="PASS" starttime="20200520 15:19:01.172" endtime="20200520 15:19:02.255"></status>
</kw>
<kw name="Set Selenium Implicit Wait" library="SeleniumLibrary">
<doc>Sets the implicit wait value used by Selenium.</doc>
<arguments>
<arg>10</arg>
</arguments>
<status status="PASS" starttime="20200520 15:19:02.255" endtime="20200520 15:19:02.256"></status>
</kw>
<kw name="Maximize Browser Window" library="SeleniumLibrary">
<doc>Maximizes current browser window.</doc>
<status status="PASS" starttime="20200520 15:19:02.256" endtime="20200520 15:19:02.369"></status>
</kw>
<status status="PASS" starttime="20200520 15:19:01.171" endtime="20200520 15:19:02.369"></status>
</kw>
<test id="s1-s2-t1" name="LOGIN COM SUCESSO">
<kw name="Login com sucesso">
<arguments>
<arg>941.861.830-31</arg>
<arg>12345678</arg>
<arg>Teste</arg>
</arguments>
<kw name="Dado que acesso e verifico que estou no site da FASTSHOP" library="setup_hz">
<kw name="Go To" library="SeleniumLibrary">
<doc>Navigates the current browser window to the provided ``url``.</doc>
<arguments>
<arg>${BASE_URL}</arg>
</arguments>
<msg timestamp="20200520 15:19:02.371" level="INFO">Opening url 'http://webapp2-qa.fastshop.com.br/'</msg>
<status status="PASS" starttime="20200520 15:19:02.371" endtime="20200520 15:19:05.874"></status>
</kw>
<kw name="Title Should Be" library="SeleniumLibrary">
<doc>Verifies that the current page title equals ``title``.</doc>
<arguments>
<arg>Bem-vindo à Fast Shop</arg>
</arguments>
<msg timestamp="20200520 15:19:06.863" level="INFO">Page title is 'Bem-vindo à Fast Shop'.</msg>
<status status="PASS" starttime="20200520 15:19:05.874" endtime="20200520 15:19:06.864"></status>
</kw>
<status status="PASS" starttime="20200520 15:19:02.370" endtime="20200520 15:19:06.864"></status>
</kw>
<kw name="Quando logo com o usuário ${usuario_existente} e insiro a sua senha válida ${senha_valida}" library="setup_hz">
<kw name="Go To" library="SeleniumLibrary">
<doc>Navigates the current browser window to the provided ``url``.</doc>
<arguments>
<arg>${BASE_URL}web/login</arg>
</arguments>
<msg timestamp="20200520 15:19:06.866" level="INFO">Opening url 'http://webapp2-qa.fastshop.com.br/web/login'</msg>
<status status="PASS" starttime="20200520 15:19:06.866" endtime="20200520 15:19:07.958"></status>
</kw>
<kw name="Input Text" library="SeleniumLibrary">
<doc>Types the given ``text`` into the text field identified by ``locator``.</doc>
<arguments>
<arg>${ID_LOGIN_CPF}</arg>
<arg>${usuario_existente}</arg>
</arguments>
<msg timestamp="20200520 15:19:07.959" level="INFO">Typing text '941.861.830-31' into text field 'id:document'.</msg>
<status status="PASS" starttime="20200520 15:19:07.959" endtime="20200520 15:19:08.227"></status>
</kw>
<kw name="Input Text" library="SeleniumLibrary">
<doc>Types the given ``text`` into the text field identified by ``locator``.</doc>
<arguments>
<arg>${ID_LOGIN_SENHA}</arg>
<arg>${senha_valida}</arg>
</arguments>
<msg timestamp="20200520 15:19:08.228" level="INFO">Typing text '12345678' into text field 'id:password'.</msg>
<status status="PASS" starttime="20200520 15:19:08.228" endtime="20200520 15:19:08.411"></status>
</kw>
<kw name="Click Element" library="SeleniumLibrary">
<doc>Click the element identified by ``locator``.</doc>
<arguments>
<arg>${BUTTON_CONFIRMAR_VERDE}</arg>
</arguments>
<msg timestamp="20200520 15:19:08.412" level="INFO">Clicking element '//button[@class='btn btn-green']'.</msg>
<status status="PASS" starttime="20200520 15:19:08.412" endtime="20200520 15:19:08.479"></status>
</kw>
<kw name="Capture Page Screenshot" library="SeleniumLibrary">
<doc>Takes a screenshot of the current page and embeds it into a log file.</doc>
<msg timestamp="20200520 15:19:08.937" level="INFO" html="yes">&lt;/td&gt;&lt;/tr&gt;&lt;tr&gt;&lt;td colspan="3"&gt;&lt;a href="selenium-screenshot-31.png"&gt;&lt;img src="selenium-screenshot-31.png" width="800px"&gt;&lt;/a&gt;</msg>
<status status="PASS" starttime="20200520 15:19:08.479" endtime="20200520 15:19:08.937"></status>
</kw>
<status status="PASS" starttime="20200520 15:19:06.865" endtime="20200520 15:19:08.938"></status>
</kw>
<kw name="Então o site me direciona para a tela inicial e exibe meu nome no canto superior direito ${nome_cliente_logado}" library="setup_hz">
<kw name="Should Contain" library="BuiltIn">
<doc>Fails if ``container`` does not contain ``item`` one or more times.</doc>
<arguments>
<arg>${A_NOME_CLIENTE_LOGADO}</arg>
<arg>${nome_cliente_logado}</arg>
</arguments>
<status status="PASS" starttime="20200520 15:19:08.939" endtime="20200520 15:19:08.939"></status>
</kw>
<kw name="Wait Until Element Is Visible" library="SeleniumLibrary">
<doc>Waits until the element ``locator`` is visible.</doc>
<arguments>
<arg>${A_NOME_CLIENTE_LOGADO}</arg>
<arg>10</arg>
</arguments>
<status status="PASS" starttime="20200520 15:19:08.939" endtime="20200520 15:19:14.077"></status>
</kw>
<kw name="Capture Page Screenshot" library="SeleniumLibrary">
<doc>Takes a screenshot of the current page and embeds it into a log file.</doc>
<msg timestamp="20200520 15:19:14.651" level="INFO" html="yes">&lt;/td&gt;&lt;/tr&gt;&lt;tr&gt;&lt;td colspan="3"&gt;&lt;a href="selenium-screenshot-32.png"&gt;&lt;img src="selenium-screenshot-32.png" width="800px"&gt;&lt;/a&gt;</msg>
<status status="PASS" starttime="20200520 15:19:14.078" endtime="20200520 15:19:14.651"></status>
</kw>
<status status="PASS" starttime="20200520 15:19:08.938" endtime="20200520 15:19:14.651"></status>
</kw>
<status status="PASS" starttime="20200520 15:19:02.370" endtime="20200520 15:19:14.651"></status>
</kw>
<kw name="End Test" library="base" type="teardown">
<kw name="Capture Page Screenshot" library="SeleniumLibrary">
<doc>Takes a screenshot of the current page and embeds it into a log file.</doc>
<msg timestamp="20200520 15:19:15.209" level="INFO" html="yes">&lt;/td&gt;&lt;/tr&gt;&lt;tr&gt;&lt;td colspan="3"&gt;&lt;a href="selenium-screenshot-33.png"&gt;&lt;img src="selenium-screenshot-33.png" width="800px"&gt;&lt;/a&gt;</msg>
<status status="PASS" starttime="20200520 15:19:14.653" endtime="20200520 15:19:15.209"></status>
</kw>
<status status="PASS" starttime="20200520 15:19:14.652" endtime="20200520 15:19:15.209"></status>
</kw>
<status status="PASS" starttime="20200520 15:19:02.369" endtime="20200520 15:19:15.210" critical="yes"></status>
</test>
<test id="s1-s2-t2" name="LOGIN COM DADOS INVÁLIDOS">
<kw name="Realizar login com dados inválidos">
<arguments>
<arg>941.861.830-31</arg>
<arg>123456789</arg>
<arg>Login ou senha inválidos</arg>
</arguments>
<kw name="Dado que acesso e verifico que estou no site da FASTSHOP" library="setup_hz">
<kw name="Go To" library="SeleniumLibrary">
<doc>Navigates the current browser window to the provided ``url``.</doc>
<arguments>
<arg>${BASE_URL}</arg>
</arguments>
<msg timestamp="20200520 15:19:15.213" level="INFO">Opening url 'http://webapp2-qa.fastshop.com.br/'</msg>
<status status="PASS" starttime="20200520 15:19:15.213" endtime="20200520 15:19:16.652"></status>
</kw>
<kw name="Title Should Be" library="SeleniumLibrary">
<doc>Verifies that the current page title equals ``title``.</doc>
<arguments>
<arg>Bem-vindo à Fast Shop</arg>
</arguments>
<msg timestamp="20200520 15:19:16.805" level="INFO">Page title is 'Bem-vindo à Fast Shop'.</msg>
<status status="PASS" starttime="20200520 15:19:16.652" endtime="20200520 15:19:16.805"></status>
</kw>
<status status="PASS" starttime="20200520 15:19:15.212" endtime="20200520 15:19:16.805"></status>
</kw>
<kw name="Quando tento logar com o usuário ${usuario} e insiro a sua senha ${senha}" library="setup_hz">
<kw name="Delete All Cookies" library="SeleniumLibrary">
<doc>Deletes all cookies.</doc>
<status status="PASS" starttime="20200520 15:19:16.806" endtime="20200520 15:19:17.426"></status>
</kw>
<kw name="Go To" library="SeleniumLibrary">
<doc>Navigates the current browser window to the provided ``url``.</doc>
<arguments>
<arg>${BASE_URL}web/login</arg>
</arguments>
<msg timestamp="20200520 15:19:17.426" level="INFO">Opening url 'http://webapp2-qa.fastshop.com.br/web/login'</msg>
<status status="PASS" starttime="20200520 15:19:17.426" endtime="20200520 15:19:18.261"></status>
</kw>
<kw name="Input Text" library="SeleniumLibrary">
<doc>Types the given ``text`` into the text field identified by ``locator``.</doc>
<arguments>
<arg>${ID_LOGIN_CPF}</arg>
<arg>${usuario}</arg>
</arguments>
<msg timestamp="20200520 15:19:18.261" level="INFO">Typing text '941.861.830-31' into text field 'id:document'.</msg>
<status status="PASS" starttime="20200520 15:19:18.261" endtime="20200520 15:19:18.566"></status>
</kw>
<kw name="Input Text" library="SeleniumLibrary">
<doc>Types the given ``text`` into the text field identified by ``locator``.</doc>
<arguments>
<arg>${ID_LOGIN_SENHA}</arg>
<arg>${senha}</arg>
</arguments>
<msg timestamp="20200520 15:19:18.567" level="INFO">Typing text '123456789' into text field 'id:password'.</msg>
<status status="PASS" starttime="20200520 15:19:18.567" endtime="20200520 15:19:18.691"></status>
</kw>
<kw name="Click Element" library="SeleniumLibrary">
<doc>Click the element identified by ``locator``.</doc>
<arguments>
<arg>${BUTTON_CONFIRMAR_VERDE}</arg>
</arguments>
<msg timestamp="20200520 15:19:18.691" level="INFO">Clicking element '//button[@class='btn btn-green']'.</msg>
<status status="PASS" starttime="20200520 15:19:18.691" endtime="20200520 15:19:18.774"></status>
</kw>
<kw name="Capture Page Screenshot" library="SeleniumLibrary">
<doc>Takes a screenshot of the current page and embeds it into a log file.</doc>
<msg timestamp="20200520 15:19:19.156" level="INFO" html="yes">&lt;/td&gt;&lt;/tr&gt;&lt;tr&gt;&lt;td colspan="3"&gt;&lt;a href="selenium-screenshot-34.png"&gt;&lt;img src="selenium-screenshot-34.png" width="800px"&gt;&lt;/a&gt;</msg>
<status status="PASS" starttime="20200520 15:19:18.775" endtime="20200520 15:19:19.156"></status>
</kw>
<status status="PASS" starttime="20200520 15:19:16.806" endtime="20200520 15:19:19.156"></status>
</kw>
<kw name="Entao deve ser apresentada a mensagem que os dados são inválidos ${mensagem_login_invalido}" library="setup_hz">
<kw name="Element Text Should Be" library="SeleniumLibrary">
<doc>Verifies that element ``locator`` contains exact the text ``expected``.</doc>
<arguments>
<arg>${P_MENSSAGEM_ERRO_LOGIN}</arg>
<arg>${mensagem_login_invalido}</arg>
</arguments>
<msg timestamp="20200520 15:19:19.157" level="INFO">Verifying element '//p[@class='err-msg']' contains exact text 'Login ou senha inválidos'.</msg>
<status status="PASS" starttime="20200520 15:19:19.157" endtime="20200520 15:19:19.185"></status>
</kw>
<kw name="Capture Page Screenshot" library="SeleniumLibrary">
<doc>Takes a screenshot of the current page and embeds it into a log file.</doc>
<msg timestamp="20200520 15:19:19.552" level="INFO" html="yes">&lt;/td&gt;&lt;/tr&gt;&lt;tr&gt;&lt;td colspan="3"&gt;&lt;a href="selenium-screenshot-35.png"&gt;&lt;img src="selenium-screenshot-35.png" width="800px"&gt;&lt;/a&gt;</msg>
<status status="PASS" starttime="20200520 15:19:19.185" endtime="20200520 15:19:19.552"></status>
</kw>
<status status="PASS" starttime="20200520 15:19:19.156" endtime="20200520 15:19:19.552"></status>
</kw>
<status status="PASS" starttime="20200520 15:19:15.212" endtime="20200520 15:19:19.552"></status>
</kw>
<kw name="Realizar login com dados inválidos">
<arguments>
<arg>941.861.830-31</arg>
<arg>1234568</arg>
<arg>Login ou senha inválidos</arg>
</arguments>
<kw name="Dado que acesso e verifico que estou no site da FASTSHOP" library="setup_hz">
<kw name="Go To" library="SeleniumLibrary">
<doc>Navigates the current browser window to the provided ``url``.</doc>
<arguments>
<arg>${BASE_URL}</arg>
</arguments>
<msg timestamp="20200520 15:19:19.554" level="INFO">Opening url 'http://webapp2-qa.fastshop.com.br/'</msg>
<status status="PASS" starttime="20200520 15:19:19.554" endtime="20200520 15:19:20.281"></status>
</kw>
<kw name="Title Should Be" library="SeleniumLibrary">
<doc>Verifies that the current page title equals ``title``.</doc>
<arguments>
<arg>Bem-vindo à Fast Shop</arg>
</arguments>
<msg timestamp="20200520 15:19:20.983" level="INFO">Page title is 'Bem-vindo à Fast Shop'.</msg>
<status status="PASS" starttime="20200520 15:19:20.282" endtime="20200520 15:19:20.983"></status>
</kw>
<status status="PASS" starttime="20200520 15:19:19.553" endtime="20200520 15:19:20.983"></status>
</kw>
<kw name="Quando tento logar com o usuário ${usuario} e insiro a sua senha ${senha}" library="setup_hz">
<kw name="Delete All Cookies" library="SeleniumLibrary">
<doc>Deletes all cookies.</doc>
<status status="PASS" starttime="20200520 15:19:20.984" endtime="20200520 15:19:21.538"></status>
</kw>
<kw name="Go To" library="SeleniumLibrary">
<doc>Navigates the current browser window to the provided ``url``.</doc>
<arguments>
<arg>${BASE_URL}web/login</arg>
</arguments>
<msg timestamp="20200520 15:19:21.538" level="INFO">Opening url 'http://webapp2-qa.fastshop.com.br/web/login'</msg>
<status status="PASS" starttime="20200520 15:19:21.538" endtime="20200520 15:19:22.361"></status>
</kw>
<kw name="Input Text" library="SeleniumLibrary">
<doc>Types the given ``text`` into the text field identified by ``locator``.</doc>
<arguments>
<arg>${ID_LOGIN_CPF}</arg>
<arg>${usuario}</arg>
</arguments>
<msg timestamp="20200520 15:19:22.361" level="INFO">Typing text '941.861.830-31' into text field 'id:document'.</msg>
<status status="PASS" starttime="20200520 15:19:22.361" endtime="20200520 15:19:22.563"></status>
</kw>
<kw name="Input Text" library="SeleniumLibrary">
<doc>Types the given ``text`` into the text field identified by ``locator``.</doc>
<arguments>
<arg>${ID_LOGIN_SENHA}</arg>
<arg>${senha}</arg>
</arguments>
<msg timestamp="20200520 15:19:22.563" level="INFO">Typing text '1234568' into text field 'id:password'.</msg>
<status status="PASS" starttime="20200520 15:19:22.563" endtime="20200520 15:19:22.680"></status>
</kw>
<kw name="Click Element" library="SeleniumLibrary">
<doc>Click the element identified by ``locator``.</doc>
<arguments>
<arg>${BUTTON_CONFIRMAR_VERDE}</arg>
</arguments>
<msg timestamp="20200520 15:19:22.680" level="INFO">Clicking element '//button[@class='btn btn-green']'.</msg>
<status status="PASS" starttime="20200520 15:19:22.680" endtime="20200520 15:19:22.766"></status>
</kw>
<kw name="Capture Page Screenshot" library="SeleniumLibrary">
<doc>Takes a screenshot of the current page and embeds it into a log file.</doc>
<msg timestamp="20200520 15:19:23.183" level="INFO" html="yes">&lt;/td&gt;&lt;/tr&gt;&lt;tr&gt;&lt;td colspan="3"&gt;&lt;a href="selenium-screenshot-36.png"&gt;&lt;img src="selenium-screenshot-36.png" width="800px"&gt;&lt;/a&gt;</msg>
<status status="PASS" starttime="20200520 15:19:22.767" endtime="20200520 15:19:23.183"></status>
</kw>
<status status="PASS" starttime="20200520 15:19:20.983" endtime="20200520 15:19:23.183"></status>
</kw>
<kw name="Entao deve ser apresentada a mensagem que os dados são inválidos ${mensagem_login_invalido}" library="setup_hz">
<kw name="Element Text Should Be" library="SeleniumLibrary">
<doc>Verifies that element ``locator`` contains exact the text ``expected``.</doc>
<arguments>
<arg>${P_MENSSAGEM_ERRO_LOGIN}</arg>
<arg>${mensagem_login_invalido}</arg>
</arguments>
<msg timestamp="20200520 15:19:23.184" level="INFO">Verifying element '//p[@class='err-msg']' contains exact text 'Login ou senha inválidos'.</msg>
<status status="PASS" starttime="20200520 15:19:23.184" endtime="20200520 15:19:23.206"></status>
</kw>
<kw name="Capture Page Screenshot" library="SeleniumLibrary">
<doc>Takes a screenshot of the current page and embeds it into a log file.</doc>
<msg timestamp="20200520 15:19:23.597" level="INFO" html="yes">&lt;/td&gt;&lt;/tr&gt;&lt;tr&gt;&lt;td colspan="3"&gt;&lt;a href="selenium-screenshot-37.png"&gt;&lt;img src="selenium-screenshot-37.png" width="800px"&gt;&lt;/a&gt;</msg>
<status status="PASS" starttime="20200520 15:19:23.206" endtime="20200520 15:19:23.597"></status>
</kw>
<status status="PASS" starttime="20200520 15:19:23.183" endtime="20200520 15:19:23.597"></status>
</kw>
<status status="PASS" starttime="20200520 15:19:19.553" endtime="20200520 15:19:23.597"></status>
</kw>
<kw name="End Test" library="base" type="teardown">
<kw name="Capture Page Screenshot" library="SeleniumLibrary">
<doc>Takes a screenshot of the current page and embeds it into a log file.</doc>
<msg timestamp="20200520 15:19:23.962" level="INFO" html="yes">&lt;/td&gt;&lt;/tr&gt;&lt;tr&gt;&lt;td colspan="3"&gt;&lt;a href="selenium-screenshot-38.png"&gt;&lt;img src="selenium-screenshot-38.png" width="800px"&gt;&lt;/a&gt;</msg>
<status status="PASS" starttime="20200520 15:19:23.598" endtime="20200520 15:19:23.962"></status>
</kw>
<status status="PASS" starttime="20200520 15:19:23.598" endtime="20200520 15:19:23.962"></status>
</kw>
<status status="PASS" starttime="20200520 15:19:15.211" endtime="20200520 15:19:23.963" critical="yes"></status>
</test>
<test id="s1-s2-t3" name="LOGIN COM CPF INVÁLIDO">
<kw name="Realizar login com CPF inválido">
<arguments>
<arg>941.861.830-32</arg>
<arg>12345678</arg>
<arg>Informe um CPF válido</arg>
</arguments>
<kw name="Dado que acesso e verifico que estou no site da FASTSHOP" library="setup_hz">
<kw name="Go To" library="SeleniumLibrary">
<doc>Navigates the current browser window to the provided ``url``.</doc>
<arguments>
<arg>${BASE_URL}</arg>
</arguments>
<msg timestamp="20200520 15:19:23.967" level="INFO">Opening url 'http://webapp2-qa.fastshop.com.br/'</msg>
<status status="PASS" starttime="20200520 15:19:23.966" endtime="20200520 15:19:24.644"></status>
</kw>
<kw name="Title Should Be" library="SeleniumLibrary">
<doc>Verifies that the current page title equals ``title``.</doc>
<arguments>
<arg>Bem-vindo à Fast Shop</arg>
</arguments>
<msg timestamp="20200520 15:19:25.459" level="INFO">Page title is 'Bem-vindo à Fast Shop'.</msg>
<status status="PASS" starttime="20200520 15:19:24.644" endtime="20200520 15:19:25.459"></status>
</kw>
<status status="PASS" starttime="20200520 15:19:23.966" endtime="20200520 15:19:25.459"></status>
</kw>
<kw name="Quando tento logar com o usuário ${usuario} e insiro a sua senha ${senha}" library="setup_hz">
<kw name="Delete All Cookies" library="SeleniumLibrary">
<doc>Deletes all cookies.</doc>
<status status="PASS" starttime="20200520 15:19:25.460" endtime="20200520 15:19:25.840"></status>
</kw>
<kw name="Go To" library="SeleniumLibrary">
<doc>Navigates the current browser window to the provided ``url``.</doc>
<arguments>
<arg>${BASE_URL}web/login</arg>
</arguments>
<msg timestamp="20200520 15:19:25.841" level="INFO">Opening url 'http://webapp2-qa.fastshop.com.br/web/login'</msg>
<status status="PASS" starttime="20200520 15:19:25.840" endtime="20200520 15:19:26.598"></status>
</kw>
<kw name="Input Text" library="SeleniumLibrary">
<doc>Types the given ``text`` into the text field identified by ``locator``.</doc>
<arguments>
<arg>${ID_LOGIN_CPF}</arg>
<arg>${usuario}</arg>
</arguments>
<msg timestamp="20200520 15:19:26.598" level="INFO">Typing text '941.861.830-32' into text field 'id:document'.</msg>
<status status="PASS" starttime="20200520 15:19:26.598" endtime="20200520 15:19:26.831"></status>
</kw>
<kw name="Input Text" library="SeleniumLibrary">
<doc>Types the given ``text`` into the text field identified by ``locator``.</doc>
<arguments>
<arg>${ID_LOGIN_SENHA}</arg>
<arg>${senha}</arg>
</arguments>
<msg timestamp="20200520 15:19:26.831" level="INFO">Typing text '12345678' into text field 'id:password'.</msg>
<status status="PASS" starttime="20200520 15:19:26.831" endtime="20200520 15:19:26.985"></status>
</kw>
<kw name="Click Element" library="SeleniumLibrary">
<doc>Click the element identified by ``locator``.</doc>
<arguments>
<arg>${BUTTON_CONFIRMAR_VERDE}</arg>
</arguments>
<msg timestamp="20200520 15:19:26.986" level="INFO">Clicking element '//button[@class='btn btn-green']'.</msg>
<status status="PASS" starttime="20200520 15:19:26.986" endtime="20200520 15:19:27.044"></status>
</kw>
<kw name="Capture Page Screenshot" library="SeleniumLibrary">
<doc>Takes a screenshot of the current page and embeds it into a log file.</doc>
<msg timestamp="20200520 15:19:27.427" level="INFO" html="yes">&lt;/td&gt;&lt;/tr&gt;&lt;tr&gt;&lt;td colspan="3"&gt;&lt;a href="selenium-screenshot-39.png"&gt;&lt;img src="selenium-screenshot-39.png" width="800px"&gt;&lt;/a&gt;</msg>
<status status="PASS" starttime="20200520 15:19:27.045" endtime="20200520 15:19:27.427"></status>
</kw>
<status status="PASS" starttime="20200520 15:19:25.459" endtime="20200520 15:19:27.427"></status>
</kw>
<kw name="Entao será apresentada a mensagem que o cpf é inválido ${mensagem_login_cpf_invalido}" library="setup_hz">
<kw name="Element Text Should Be" library="SeleniumLibrary">
<doc>Verifies that element ``locator`` contains exact the text ``expected``.</doc>
<arguments>
<arg>${DIV_CPF_INVALIDO}</arg>
<arg>${mensagem_login_cpf_invalido}</arg>
</arguments>
<msg timestamp="20200520 15:19:27.428" level="INFO">Verifying element '//div[@class='invalid-feedback']' contains exact text 'Informe um CPF válido'.</msg>
<status status="PASS" starttime="20200520 15:19:27.428" endtime="20200520 15:19:27.451"></status>
</kw>
<kw name="Capture Page Screenshot" library="SeleniumLibrary">
<doc>Takes a screenshot of the current page and embeds it into a log file.</doc>
<msg timestamp="20200520 15:19:27.790" level="INFO" html="yes">&lt;/td&gt;&lt;/tr&gt;&lt;tr&gt;&lt;td colspan="3"&gt;&lt;a href="selenium-screenshot-40.png"&gt;&lt;img src="selenium-screenshot-40.png" width="800px"&gt;&lt;/a&gt;</msg>
<status status="PASS" starttime="20200520 15:19:27.451" endtime="20200520 15:19:27.790"></status>
</kw>
<status status="PASS" starttime="20200520 15:19:27.428" endtime="20200520 15:19:27.790"></status>
</kw>
<status status="PASS" starttime="20200520 15:19:23.966" endtime="20200520 15:19:27.790"></status>
</kw>
<kw name="Realizar login com CPF inválido">
<arguments>
<arg>941.861.830-36</arg>
<arg>12345678</arg>
<arg>Informe um CPF válido</arg>
</arguments>
<kw name="Dado que acesso e verifico que estou no site da FASTSHOP" library="setup_hz">
<kw name="Go To" library="SeleniumLibrary">
<doc>Navigates the current browser window to the provided ``url``.</doc>
<arguments>
<arg>${BASE_URL}</arg>
</arguments>
<msg timestamp="20200520 15:19:27.792" level="INFO">Opening url 'http://webapp2-qa.fastshop.com.br/'</msg>
<status status="PASS" starttime="20200520 15:19:27.792" endtime="20200520 15:19:28.506"></status>
</kw>
<kw name="Title Should Be" library="SeleniumLibrary">
<doc>Verifies that the current page title equals ``title``.</doc>
<arguments>
<arg>Bem-vindo à Fast Shop</arg>
</arguments>
<msg timestamp="20200520 15:19:29.437" level="INFO">Page title is 'Bem-vindo à Fast Shop'.</msg>
<status status="PASS" starttime="20200520 15:19:28.506" endtime="20200520 15:19:29.438"></status>
</kw>
<status status="PASS" starttime="20200520 15:19:27.792" endtime="20200520 15:19:29.438"></status>
</kw>
<kw name="Quando tento logar com o usuário ${usuario} e insiro a sua senha ${senha}" library="setup_hz">
<kw name="Delete All Cookies" library="SeleniumLibrary">
<doc>Deletes all cookies.</doc>
<status status="PASS" starttime="20200520 15:19:29.439" endtime="20200520 15:19:29.817"></status>
</kw>
<kw name="Go To" library="SeleniumLibrary">
<doc>Navigates the current browser window to the provided ``url``.</doc>
<arguments>
<arg>${BASE_URL}web/login</arg>
</arguments>
<msg timestamp="20200520 15:19:29.817" level="INFO">Opening url 'http://webapp2-qa.fastshop.com.br/web/login'</msg>
<status status="PASS" starttime="20200520 15:19:29.817" endtime="20200520 15:19:30.285"></status>
</kw>
<kw name="Input Text" library="SeleniumLibrary">
<doc>Types the given ``text`` into the text field identified by ``locator``.</doc>
<arguments>
<arg>${ID_LOGIN_CPF}</arg>
<arg>${usuario}</arg>
</arguments>
<msg timestamp="20200520 15:19:30.286" level="INFO">Typing text '941.861.830-36' into text field 'id:document'.</msg>
<status status="PASS" starttime="20200520 15:19:30.285" endtime="20200520 15:19:30.801"></status>
</kw>
<kw name="Input Text" library="SeleniumLibrary">
<doc>Types the given ``text`` into the text field identified by ``locator``.</doc>
<arguments>
<arg>${ID_LOGIN_SENHA}</arg>
<arg>${senha}</arg>
</arguments>
<msg timestamp="20200520 15:19:30.801" level="INFO">Typing text '12345678' into text field 'id:password'.</msg>
<status status="PASS" starttime="20200520 15:19:30.801" endtime="20200520 15:19:30.915"></status>
</kw>
<kw name="Click Element" library="SeleniumLibrary">
<doc>Click the element identified by ``locator``.</doc>
<arguments>
<arg>${BUTTON_CONFIRMAR_VERDE}</arg>
</arguments>
<msg timestamp="20200520 15:19:30.916" level="INFO">Clicking element '//button[@class='btn btn-green']'.</msg>
<status status="PASS" starttime="20200520 15:19:30.915" endtime="20200520 15:19:30.973"></status>
</kw>
<kw name="Capture Page Screenshot" library="SeleniumLibrary">
<doc>Takes a screenshot of the current page and embeds it into a log file.</doc>
<msg timestamp="20200520 15:19:31.368" level="INFO" html="yes">&lt;/td&gt;&lt;/tr&gt;&lt;tr&gt;&lt;td colspan="3"&gt;&lt;a href="selenium-screenshot-41.png"&gt;&lt;img src="selenium-screenshot-41.png" width="800px"&gt;&lt;/a&gt;</msg>
<status status="PASS" starttime="20200520 15:19:30.973" endtime="20200520 15:19:31.368"></status>
</kw>
<status status="PASS" starttime="20200520 15:19:29.438" endtime="20200520 15:19:31.369"></status>
</kw>
<kw name="Entao será apresentada a mensagem que o cpf é inválido ${mensagem_login_cpf_invalido}" library="setup_hz">
<kw name="Element Text Should Be" library="SeleniumLibrary">
<doc>Verifies that element ``locator`` contains exact the text ``expected``.</doc>
<arguments>
<arg>${DIV_CPF_INVALIDO}</arg>
<arg>${mensagem_login_cpf_invalido}</arg>
</arguments>
<msg timestamp="20200520 15:19:31.370" level="INFO">Verifying element '//div[@class='invalid-feedback']' contains exact text 'Informe um CPF válido'.</msg>
<status status="PASS" starttime="20200520 15:19:31.369" endtime="20200520 15:19:31.389"></status>
</kw>
<kw name="Capture Page Screenshot" library="SeleniumLibrary">
<doc>Takes a screenshot of the current page and embeds it into a log file.</doc>
<msg timestamp="20200520 15:19:31.740" level="INFO" html="yes">&lt;/td&gt;&lt;/tr&gt;&lt;tr&gt;&lt;td colspan="3"&gt;&lt;a href="selenium-screenshot-42.png"&gt;&lt;img src="selenium-screenshot-42.png" width="800px"&gt;&lt;/a&gt;</msg>
<status status="PASS" starttime="20200520 15:19:31.390" endtime="20200520 15:19:31.740"></status>
</kw>
<status status="PASS" starttime="20200520 15:19:31.369" endtime="20200520 15:19:31.740"></status>
</kw>
<status status="PASS" starttime="20200520 15:19:27.791" endtime="20200520 15:19:31.740"></status>
</kw>
<kw name="End Test" library="base" type="teardown">
<kw name="Capture Page Screenshot" library="SeleniumLibrary">
<doc>Takes a screenshot of the current page and embeds it into a log file.</doc>
<msg timestamp="20200520 15:19:32.082" level="INFO" html="yes">&lt;/td&gt;&lt;/tr&gt;&lt;tr&gt;&lt;td colspan="3"&gt;&lt;a href="selenium-screenshot-43.png"&gt;&lt;img src="selenium-screenshot-43.png" width="800px"&gt;&lt;/a&gt;</msg>
<status status="PASS" starttime="20200520 15:19:31.741" endtime="20200520 15:19:32.082"></status>
</kw>
<status status="PASS" starttime="20200520 15:19:31.741" endtime="20200520 15:19:32.082"></status>
</kw>
<status status="PASS" starttime="20200520 15:19:23.965" endtime="20200520 15:19:32.083" critical="yes"></status>
</test>
<test id="s1-s2-t4" name="LOGIN COM CAMPOS EM BRANCO">
<kw name="Realizar login com CPF inválido">
<arguments>
<arg>${EMPTY}</arg>
<arg>12234344</arg>
<arg>Campo obrigatório</arg>
</arguments>
<kw name="Dado que acesso e verifico que estou no site da FASTSHOP" library="setup_hz">
<kw name="Go To" library="SeleniumLibrary">
<doc>Navigates the current browser window to the provided ``url``.</doc>
<arguments>
<arg>${BASE_URL}</arg>
</arguments>
<msg timestamp="20200520 15:19:32.086" level="INFO">Opening url 'http://webapp2-qa.fastshop.com.br/'</msg>
<status status="PASS" starttime="20200520 15:19:32.086" endtime="20200520 15:19:32.812"></status>
</kw>
<kw name="Title Should Be" library="SeleniumLibrary">
<doc>Verifies that the current page title equals ``title``.</doc>
<arguments>
<arg>Bem-vindo à Fast Shop</arg>
</arguments>
<msg timestamp="20200520 15:19:33.581" level="INFO">Page title is 'Bem-vindo à Fast Shop'.</msg>
<status status="PASS" starttime="20200520 15:19:32.813" endtime="20200520 15:19:33.581"></status>
</kw>
<status status="PASS" starttime="20200520 15:19:32.086" endtime="20200520 15:19:33.582"></status>
</kw>
<kw name="Quando tento logar com o usuário ${usuario} e insiro a sua senha ${senha}" library="setup_hz">
<kw name="Delete All Cookies" library="SeleniumLibrary">
<doc>Deletes all cookies.</doc>
<status status="PASS" starttime="20200520 15:19:33.582" endtime="20200520 15:19:33.893"></status>
</kw>
<kw name="Go To" library="SeleniumLibrary">
<doc>Navigates the current browser window to the provided ``url``.</doc>
<arguments>
<arg>${BASE_URL}web/login</arg>
</arguments>
<msg timestamp="20200520 15:19:33.893" level="INFO">Opening url 'http://webapp2-qa.fastshop.com.br/web/login'</msg>
<status status="PASS" starttime="20200520 15:19:33.893" endtime="20200520 15:19:34.479"></status>
</kw>
<kw name="Input Text" library="SeleniumLibrary">
<doc>Types the given ``text`` into the text field identified by ``locator``.</doc>
<arguments>
<arg>${ID_LOGIN_CPF}</arg>
<arg>${usuario}</arg>
</arguments>
<msg timestamp="20200520 15:19:34.480" level="INFO">Typing text '' into text field 'id:document'.</msg>
<status status="PASS" starttime="20200520 15:19:34.480" endtime="20200520 15:19:34.821"></status>
</kw>
<kw name="Input Text" library="SeleniumLibrary">
<doc>Types the given ``text`` into the text field identified by ``locator``.</doc>
<arguments>
<arg>${ID_LOGIN_SENHA}</arg>
<arg>${senha}</arg>
</arguments>
<msg timestamp="20200520 15:19:34.822" level="INFO">Typing text '12234344' into text field 'id:password'.</msg>
<status status="PASS" starttime="20200520 15:19:34.821" endtime="20200520 15:19:34.970"></status>
</kw>
<kw name="Click Element" library="SeleniumLibrary">
<doc>Click the element identified by ``locator``.</doc>
<arguments>
<arg>${BUTTON_CONFIRMAR_VERDE}</arg>
</arguments>
<msg timestamp="20200520 15:19:34.971" level="INFO">Clicking element '//button[@class='btn btn-green']'.</msg>
<status status="PASS" starttime="20200520 15:19:34.970" endtime="20200520 15:19:35.037"></status>
</kw>
<kw name="Capture Page Screenshot" library="SeleniumLibrary">
<doc>Takes a screenshot of the current page and embeds it into a log file.</doc>
<msg timestamp="20200520 15:19:35.449" level="INFO" html="yes">&lt;/td&gt;&lt;/tr&gt;&lt;tr&gt;&lt;td colspan="3"&gt;&lt;a href="selenium-screenshot-44.png"&gt;&lt;img src="selenium-screenshot-44.png" width="800px"&gt;&lt;/a&gt;</msg>
<status status="PASS" starttime="20200520 15:19:35.038" endtime="20200520 15:19:35.449"></status>
</kw>
<status status="PASS" starttime="20200520 15:19:33.582" endtime="20200520 15:19:35.449"></status>
</kw>
<kw name="Entao será apresentada a mensagem que o cpf é inválido ${mensagem_login_cpf_invalido}" library="setup_hz">
<kw name="Element Text Should Be" library="SeleniumLibrary">
<doc>Verifies that element ``locator`` contains exact the text ``expected``.</doc>
<arguments>
<arg>${DIV_CPF_INVALIDO}</arg>
<arg>${mensagem_login_cpf_invalido}</arg>
</arguments>
<msg timestamp="20200520 15:19:35.450" level="INFO">Verifying element '//div[@class='invalid-feedback']' contains exact text 'Campo obrigatório'.</msg>
<status status="PASS" starttime="20200520 15:19:35.450" endtime="20200520 15:19:35.470"></status>
</kw>
<kw name="Capture Page Screenshot" library="SeleniumLibrary">
<doc>Takes a screenshot of the current page and embeds it into a log file.</doc>
<msg timestamp="20200520 15:19:35.812" level="INFO" html="yes">&lt;/td&gt;&lt;/tr&gt;&lt;tr&gt;&lt;td colspan="3"&gt;&lt;a href="selenium-screenshot-45.png"&gt;&lt;img src="selenium-screenshot-45.png" width="800px"&gt;&lt;/a&gt;</msg>
<status status="PASS" starttime="20200520 15:19:35.470" endtime="20200520 15:19:35.812"></status>
</kw>
<status status="PASS" starttime="20200520 15:19:35.449" endtime="20200520 15:19:35.812"></status>
</kw>
<status status="PASS" starttime="20200520 15:19:32.085" endtime="20200520 15:19:35.812"></status>
</kw>
<kw name="Realizar login com CPF inválido">
<arguments>
<arg>34611974839</arg>
<arg>${EMPTY}</arg>
<arg>Campo obrigatório</arg>
</arguments>
<kw name="Dado que acesso e verifico que estou no site da FASTSHOP" library="setup_hz">
<kw name="Go To" library="SeleniumLibrary">
<doc>Navigates the current browser window to the provided ``url``.</doc>
<arguments>
<arg>${BASE_URL}</arg>
</arguments>
<msg timestamp="20200520 15:19:35.814" level="INFO">Opening url 'http://webapp2-qa.fastshop.com.br/'</msg>
<status status="PASS" starttime="20200520 15:19:35.814" endtime="20200520 15:19:36.681"></status>
</kw>
<kw name="Title Should Be" library="SeleniumLibrary">
<doc>Verifies that the current page title equals ``title``.</doc>
<arguments>
<arg>Bem-vindo à Fast Shop</arg>
</arguments>
<msg timestamp="20200520 15:19:37.300" level="INFO">Page title is 'Bem-vindo à Fast Shop'.</msg>
<status status="PASS" starttime="20200520 15:19:36.681" endtime="20200520 15:19:37.301"></status>
</kw>
<status status="PASS" starttime="20200520 15:19:35.813" endtime="20200520 15:19:37.301"></status>
</kw>
<kw name="Quando tento logar com o usuário ${usuario} e insiro a sua senha ${senha}" library="setup_hz">
<kw name="Delete All Cookies" library="SeleniumLibrary">
<doc>Deletes all cookies.</doc>
<status status="PASS" starttime="20200520 15:19:37.302" endtime="20200520 15:19:37.606"></status>
</kw>
<kw name="Go To" library="SeleniumLibrary">
<doc>Navigates the current browser window to the provided ``url``.</doc>
<arguments>
<arg>${BASE_URL}web/login</arg>
</arguments>
<msg timestamp="20200520 15:19:37.607" level="INFO">Opening url 'http://webapp2-qa.fastshop.com.br/web/login'</msg>
<status status="PASS" starttime="20200520 15:19:37.607" endtime="20200520 15:19:38.065"></status>
</kw>
<kw name="Input Text" library="SeleniumLibrary">
<doc>Types the given ``text`` into the text field identified by ``locator``.</doc>
<arguments>
<arg>${ID_LOGIN_CPF}</arg>
<arg>${usuario}</arg>
</arguments>
<msg timestamp="20200520 15:19:38.066" level="INFO">Typing text '34611974839' into text field 'id:document'.</msg>
<status status="PASS" starttime="20200520 15:19:38.065" endtime="20200520 15:19:38.545"></status>
</kw>
<kw name="Input Text" library="SeleniumLibrary">
<doc>Types the given ``text`` into the text field identified by ``locator``.</doc>
<arguments>
<arg>${ID_LOGIN_SENHA}</arg>
<arg>${senha}</arg>
</arguments>
<msg timestamp="20200520 15:19:38.546" level="INFO">Typing text '' into text field 'id:password'.</msg>
<status status="PASS" starttime="20200520 15:19:38.545" endtime="20200520 15:19:38.631"></status>
</kw>
<kw name="Click Element" library="SeleniumLibrary">
<doc>Click the element identified by ``locator``.</doc>
<arguments>
<arg>${BUTTON_CONFIRMAR_VERDE}</arg>
</arguments>
<msg timestamp="20200520 15:19:38.631" level="INFO">Clicking element '//button[@class='btn btn-green']'.</msg>
<status status="PASS" starttime="20200520 15:19:38.631" endtime="20200520 15:19:38.699"></status>
</kw>
<kw name="Capture Page Screenshot" library="SeleniumLibrary">
<doc>Takes a screenshot of the current page and embeds it into a log file.</doc>
<msg timestamp="20200520 15:19:39.087" level="INFO" html="yes">&lt;/td&gt;&lt;/tr&gt;&lt;tr&gt;&lt;td colspan="3"&gt;&lt;a href="selenium-screenshot-46.png"&gt;&lt;img src="selenium-screenshot-46.png" width="800px"&gt;&lt;/a&gt;</msg>
<status status="PASS" starttime="20200520 15:19:38.699" endtime="20200520 15:19:39.088"></status>
</kw>
<status status="PASS" starttime="20200520 15:19:37.301" endtime="20200520 15:19:39.088"></status>
</kw>
<kw name="Entao será apresentada a mensagem que o cpf é inválido ${mensagem_login_cpf_invalido}" library="setup_hz">
<kw name="Element Text Should Be" library="SeleniumLibrary">
<doc>Verifies that element ``locator`` contains exact the text ``expected``.</doc>
<arguments>
<arg>${DIV_CPF_INVALIDO}</arg>
<arg>${mensagem_login_cpf_invalido}</arg>
</arguments>
<msg timestamp="20200520 15:19:39.089" level="INFO">Verifying element '//div[@class='invalid-feedback']' contains exact text 'Campo obrigatório'.</msg>
<status status="PASS" starttime="20200520 15:19:39.088" endtime="20200520 15:19:39.109"></status>
</kw>
<kw name="Capture Page Screenshot" library="SeleniumLibrary">
<doc>Takes a screenshot of the current page and embeds it into a log file.</doc>
<msg timestamp="20200520 15:19:39.476" level="INFO" html="yes">&lt;/td&gt;&lt;/tr&gt;&lt;tr&gt;&lt;td colspan="3"&gt;&lt;a href="selenium-screenshot-47.png"&gt;&lt;img src="selenium-screenshot-47.png" width="800px"&gt;&lt;/a&gt;</msg>
<status status="PASS" starttime="20200520 15:19:39.109" endtime="20200520 15:19:39.476"></status>
</kw>
<status status="PASS" starttime="20200520 15:19:39.088" endtime="20200520 15:19:39.476"></status>
</kw>
<status status="PASS" starttime="20200520 15:19:35.813" endtime="20200520 15:19:39.476"></status>
</kw>
<kw name="End Test" library="base" type="teardown">
<kw name="Capture Page Screenshot" library="SeleniumLibrary">
<doc>Takes a screenshot of the current page and embeds it into a log file.</doc>
<msg timestamp="20200520 15:19:39.828" level="INFO" html="yes">&lt;/td&gt;&lt;/tr&gt;&lt;tr&gt;&lt;td colspan="3"&gt;&lt;a href="selenium-screenshot-48.png"&gt;&lt;img src="selenium-screenshot-48.png" width="800px"&gt;&lt;/a&gt;</msg>
<status status="PASS" starttime="20200520 15:19:39.477" endtime="20200520 15:19:39.828"></status>
</kw>
<status status="PASS" starttime="20200520 15:19:39.477" endtime="20200520 15:19:39.828"></status>
</kw>
<status status="PASS" starttime="20200520 15:19:32.084" endtime="20200520 15:19:39.829" critical="yes"></status>
</test>
<kw name="End Session" library="base" type="teardown">
<kw name="Close Browser" library="SeleniumLibrary">
<doc>Closes the current browser.</doc>
<status status="PASS" starttime="20200520 15:19:39.831" endtime="20200520 15:19:41.988"></status>
</kw>
<status status="PASS" starttime="20200520 15:19:39.831" endtime="20200520 15:19:41.988"></status>
</kw>
<doc>FASTSHOP - REALIZAR LOGIN
Como um novo usuário
Edwin deseja acessar o site da Fastshop
Para que ele possa navegar e realizar compras no website</doc>
<status status="PASS" starttime="20200520 15:19:01.159" endtime="20200520 15:19:41.988"></status>
</suite>
<status status="PASS" starttime="20200520 15:18:24.581" endtime="20200520 15:19:41.993"></status>
</suite>
<statistics>
<total>
<stat pass="5" fail="0">Critical Tests</stat>
<stat pass="5" fail="0">All Tests</stat>
</total>
<tag>
</tag>
<suite>
<stat pass="5" fail="0" id="s1" name="Tests">Tests</stat>
<stat pass="1" fail="0" id="s1-s1" name="INSERIR PRODUTO CARRINHO">Tests.INSERIR PRODUTO CARRINHO</stat>
<stat pass="4" fail="0" id="s1-s2" name="LOGIN PESSOA FISICA.">Tests.LOGIN PESSOA FISICA.</stat>
</suite>
</statistics>
<errors>
</errors>
</robot>
