<?xml version="1.0" encoding="UTF-8"?>
<robot generator="Robot 3.2rc1 (Python 3.8.1 on win32)" generated="20200516 15:57:28.833" rpa="false">
<suite id="s1" name="Tests" source="C:\ZUP\ZUP_hz\tests">
<suite id="s1-s1" name="ZUP" source="C:\ZUP\ZUP_hz\tests\ZUP.robot">
<kw name="Start Session" library="base" type="setup">
<kw name="Open Browser" library="SeleniumLibrary">
<doc>Opens a new browser instance to the optional ``url``.</doc>
<arguments>
<arg>about:blank</arg>
<arg>chrome</arg>
</arguments>
<msg timestamp="20200516 15:57:29.121" level="INFO">Opening browser 'chrome' to base url 'about:blank'.</msg>
<status status="PASS" starttime="20200516 15:57:29.121" endtime="20200516 15:57:30.233"></status>
</kw>
<kw name="Set Selenium Implicit Wait" library="SeleniumLibrary">
<doc>Sets the implicit wait value used by Selenium.</doc>
<arguments>
<arg>10</arg>
</arguments>
<status status="PASS" starttime="20200516 15:57:30.234" endtime="20200516 15:57:30.236"></status>
</kw>
<kw name="Maximize Browser Window" library="SeleniumLibrary">
<doc>Maximizes current browser window.</doc>
<status status="PASS" starttime="20200516 15:57:30.236" endtime="20200516 15:57:30.349"></status>
</kw>
<status status="PASS" starttime="20200516 15:57:29.121" endtime="20200516 15:57:30.349"></status>
</kw>
<test id="s1-s1-t1" name="TV LG 4k OLED77C9PSB">
<kw name="Busca, verificação e adição ao carrinho do item TV LG 4k OLED77C9PSB no site Megazine Luiza">
<arguments>
<arg>TV LG 4k OLED77C9PSB</arg>
</arguments>
<kw name="Dado que acesso e verifico que estou no site Magazine Luiza" library="setup_hz">
<kw name="Go To" library="SeleniumLibrary">
<doc>Navigates the current browser window to the provided ``url``.</doc>
<arguments>
<arg>${BASE_URL}</arg>
</arguments>
<msg timestamp="20200516 15:57:30.352" level="INFO">Opening url 'https://www.magazineluiza.com.br/'</msg>
<status status="PASS" starttime="20200516 15:57:30.352" endtime="20200516 15:57:33.057"></status>
</kw>
<kw name="Title Should Be" library="SeleniumLibrary">
<doc>Verifies that the current page title equals ``title``.</doc>
<arguments>
<arg>Magazine Luiza | Pra você é Magalu!</arg>
</arguments>
<msg timestamp="20200516 15:57:33.263" level="INFO">Page title is 'Magazine Luiza | Pra você é Magalu!'.</msg>
<status status="PASS" starttime="20200516 15:57:33.057" endtime="20200516 15:57:33.264"></status>
</kw>
<status status="PASS" starttime="20200516 15:57:30.351" endtime="20200516 15:57:33.264"></status>
</kw>
<kw name="Quando é preenchido o campo de busca ${busca_produto}, verifico se o mesmo é retornado na lista" library="setup_hz">
<msg timestamp="20200516 15:57:33.265" level="FAIL">User keyword 'Quando é preenchido o campo de busca ${busca_produto}, verifico se o mesmo é retornado na lista' contains no keywords.</msg>
<status status="FAIL" starttime="20200516 15:57:33.264" endtime="20200516 15:57:33.265"></status>
</kw>
<status status="FAIL" starttime="20200516 15:57:30.351" endtime="20200516 15:57:33.265"></status>
</kw>
<kw name="End Test" library="base" type="teardown">
<kw name="Capture Page Screenshot" library="SeleniumLibrary">
<doc>Takes a screenshot of the current page and embeds it into a log file.</doc>
<msg timestamp="20200516 15:57:33.968" level="INFO" html="yes">&lt;/td&gt;&lt;/tr&gt;&lt;tr&gt;&lt;td colspan="3"&gt;&lt;a href="selenium-screenshot-18.png"&gt;&lt;img src="selenium-screenshot-18.png" width="800px"&gt;&lt;/a&gt;</msg>
<status status="PASS" starttime="20200516 15:57:33.266" endtime="20200516 15:57:33.968"></status>
</kw>
<status status="PASS" starttime="20200516 15:57:33.266" endtime="20200516 15:57:33.969"></status>
</kw>
<status status="FAIL" starttime="20200516 15:57:30.349" endtime="20200516 15:57:33.970" critical="yes">User keyword 'Quando é preenchido o campo de busca ${busca_produto}, verifico se o mesmo é retornado na lista' contains no keywords.</status>
</test>
<kw name="End Session" library="base" type="teardown">
<kw name="Close Browser" library="SeleniumLibrary">
<doc>Closes the current browser.</doc>
<status status="PASS" starttime="20200516 15:57:33.973" endtime="20200516 15:57:36.128"></status>
</kw>
<kw name="Sleep" library="BuiltIn">
<doc>Pauses the test executed for the given time.</doc>
<arguments>
<arg>5</arg>
</arguments>
<msg timestamp="20200516 15:57:41.131" level="INFO">Slept 5 seconds</msg>
<status status="PASS" starttime="20200516 15:57:36.129" endtime="20200516 15:57:41.131"></status>
</kw>
<status status="PASS" starttime="20200516 15:57:33.973" endtime="20200516 15:57:41.132"></status>
</kw>
<doc>ZUP - AUTOMAÇÃO WEB
Utilizando as ferramentas que preferir crie um teste automatizado que faça o fluxo de ponta
a ponta de um cliente que:



3- Valide o retorno da busca
4- Escolha um produto na lista
5- Adicione o carrinho
6- Valide o produto no carrinho
Para a criação dos cenários de testes devem ser considerados casos de sucesso e fluxos
alternativos</doc>
<status status="FAIL" starttime="20200516 15:57:28.866" endtime="20200516 15:57:41.132"></status>
</suite>
<status status="FAIL" starttime="20200516 15:57:28.835" endtime="20200516 15:57:41.148"></status>
</suite>
<statistics>
<total>
<stat pass="0" fail="1">Critical Tests</stat>
<stat pass="0" fail="1">All Tests</stat>
</total>
<tag>
</tag>
<suite>
<stat pass="0" fail="1" id="s1" name="Tests">Tests</stat>
<stat pass="0" fail="1" id="s1-s1" name="ZUP">Tests.ZUP</stat>
</suite>
</statistics>
<errors>
</errors>
</robot>
