<?xml version="1.0" encoding="UTF-8"?>
<robot generator="Robot 3.2rc1 (Python 3.8.1 on win32)" generated="20200526 16:58:47.086" rpa="false">
<suite id="s1" name="CM-606 O cadastro de endereço esta permitindo realizar cadastro de CEP invalido" source="C:\FastShop_hz\tests\CM-606_O_cadastro_de_endereço_esta_permitindo_realizar_cadastro_de_CEP_invalido.robot">
<kw name="Start Session" library="base" type="setup">
<kw name="Open Browser" library="SeleniumLibrary">
<doc>Opens a new browser instance to the optional ``url``.</doc>
<arguments>
<arg>about:blank</arg>
<arg>chrome</arg>
</arguments>
<msg timestamp="20200526 16:58:48.489" level="INFO">Opening browser 'chrome' to base url 'about:blank'.</msg>
<status status="PASS" starttime="20200526 16:58:48.489" endtime="20200526 16:58:49.585"></status>
</kw>
<kw name="Set Selenium Implicit Wait" library="SeleniumLibrary">
<doc>Sets the implicit wait value used by Selenium.</doc>
<arguments>
<arg>10</arg>
</arguments>
<status status="PASS" starttime="20200526 16:58:49.585" endtime="20200526 16:58:49.586"></status>
</kw>
<kw name="Maximize Browser Window" library="SeleniumLibrary">
<doc>Maximizes current browser window.</doc>
<status status="PASS" starttime="20200526 16:58:49.586" endtime="20200526 16:58:49.698"></status>
</kw>
<kw name="Start Video Recording" library="ScreenCapLibrary">
<doc>Starts the recording of a video in the background with the specified ``name``.
The recording can be stopped by calling the `Stop Video Recording` keyword.</doc>
<status status="PASS" starttime="20200526 16:58:49.698" endtime="20200526 16:58:49.702"></status>
</kw>
<status status="PASS" starttime="20200526 16:58:48.488" endtime="20200526 16:58:49.702"></status>
</kw>
<test id="s1-t1" name="INSERIR DOIS PRODUTOS NO CARRINHO COM SERVIÇO">
<kw name="CEP inválido não deixa concluir a compra">
<arguments>
<arg>941.861.830-31</arg>
<arg>12345678</arg>
<arg>AEMWHJ2BZACNZB</arg>
<arg>00000000</arg>
</arguments>
<kw name="Dado que acesso e verifico que estou no site da FASTSHOP" library="setup_hz">
<kw name="Delete All Cookies" library="SeleniumLibrary">
<doc>Deletes all cookies.</doc>
<status status="PASS" starttime="20200526 16:58:49.704" endtime="20200526 16:58:49.709"></status>
</kw>
<kw name="Go To" library="SeleniumLibrary">
<doc>Navigates the current browser window to the provided ``url``.</doc>
<arguments>
<arg>${BASE_URL}</arg>
</arguments>
<msg timestamp="20200526 16:58:49.710" level="INFO">Opening url 'http://webapp2-qa.fastshop.com.br/'</msg>
<status status="PASS" starttime="20200526 16:58:49.710" endtime="20200526 16:58:52.834"></status>
</kw>
<status status="PASS" starttime="20200526 16:58:49.704" endtime="20200526 16:58:52.834"></status>
</kw>
<kw name="Quando é preenchido o campo de busca ${busca_produto}, verifico se o mesmo é retornado na lista" library="setup_hz">
<kw name="Go To" library="SeleniumLibrary">
<doc>Navigates the current browser window to the provided ``url``.</doc>
<arguments>
<arg>${BASE_URL}web/p/d/${busca_produto}/teste</arg>
</arguments>
<msg timestamp="20200526 16:58:52.836" level="INFO">Opening url 'http://webapp2-qa.fastshop.com.br/web/p/d/AEMWHJ2BZACNZB/teste'</msg>
<status status="PASS" starttime="20200526 16:58:52.836" endtime="20200526 16:58:55.096"></status>
</kw>
<kw name="Wait Until Element Is Visible" library="SeleniumLibrary">
<doc>Waits until the element ``locator`` is visible.</doc>
<arguments>
<arg>${SPAN_ADICIONAR_AO_CARRINHO}</arg>
<arg>20</arg>
</arguments>
<status status="PASS" starttime="20200526 16:58:55.096" endtime="20200526 16:58:55.631"></status>
</kw>
<kw name="Get Text" library="SeleniumLibrary">
<doc>Returns the text value of the element identified by ``locator``.</doc>
<arguments>
<arg>${H1_NOME_DO_PRODUTO}</arg>
</arguments>
<assign>
<var>${PRODUTO}</var>
</assign>
<msg timestamp="20200526 16:58:55.658" level="INFO">${PRODUTO} = iPhone 11 Pro Max Cinza Espacial, com Tela de 6,5”, 4G, 256 GB e Câmera de 12 MP - MWHJ2BZ/A</msg>
<status status="PASS" starttime="20200526 16:58:55.631" endtime="20200526 16:58:55.658"></status>
</kw>
<kw name="Set Global Variable" library="BuiltIn">
<doc>Makes a variable available globally in all tests and suites.</doc>
<arguments>
<arg>${PRODUTO}</arg>
</arguments>
<msg timestamp="20200526 16:58:55.658" level="INFO">${PRODUTO} = iPhone 11 Pro Max Cinza Espacial, com Tela de 6,5”, 4G, 256 GB e Câmera de 12 MP - MWHJ2BZ/A</msg>
<status status="PASS" starttime="20200526 16:58:55.658" endtime="20200526 16:58:55.658"></status>
</kw>
<kw name="Log" library="BuiltIn">
<doc>Logs the given message with the given level.</doc>
<arguments>
<arg>${PRODUTO}</arg>
</arguments>
<msg timestamp="20200526 16:58:55.659" level="INFO">iPhone 11 Pro Max Cinza Espacial, com Tela de 6,5”, 4G, 256 GB e Câmera de 12 MP - MWHJ2BZ/A</msg>
<status status="PASS" starttime="20200526 16:58:55.659" endtime="20200526 16:58:55.659"></status>
</kw>
<kw name="Element Text Should Be" library="SeleniumLibrary">
<doc>Verifies that element ``locator`` contains exact the text ``expected``.</doc>
<arguments>
<arg>${H2_NOME_DO_PRODUTO}</arg>
<arg>${busca_produto}</arg>
</arguments>
<msg timestamp="20200526 16:58:55.659" level="INFO">Verifying element '//h2[@class='product-detail-partnumber']' contains exact text 'AEMWHJ2BZACNZB'.</msg>
<status status="PASS" starttime="20200526 16:58:55.659" endtime="20200526 16:58:55.715"></status>
</kw>
<kw name="Set Focus To Element" library="SeleniumLibrary">
<doc>Sets the focus to the element identified by ``locator``.</doc>
<arguments>
<arg>${SPAN_ADICIONAR_AO_CARRINHO}</arg>
</arguments>
<status status="PASS" starttime="20200526 16:58:55.716" endtime="20200526 16:58:55.728"></status>
</kw>
<kw name="Click Element" library="SeleniumLibrary">
<doc>Click the element identified by ``locator``.</doc>
<arguments>
<arg>${SPAN_ADICIONAR_AO_CARRINHO}</arg>
</arguments>
<msg timestamp="20200526 16:58:55.729" level="INFO">Clicking element '//span[@class='lb-add-cart']'.</msg>
<status status="PASS" starttime="20200526 16:58:55.728" endtime="20200526 16:58:55.777"></status>
</kw>
<kw name="Capture Page Screenshot" library="SeleniumLibrary">
<doc>Takes a screenshot of the current page and embeds it into a log file.</doc>
<msg timestamp="20200526 16:58:56.425" level="INFO" html="yes">&lt;/td&gt;&lt;/tr&gt;&lt;tr&gt;&lt;td colspan="3"&gt;&lt;a href="selenium-screenshot-180.png"&gt;&lt;img src="selenium-screenshot-180.png" width="800px"&gt;&lt;/a&gt;</msg>
<status status="PASS" starttime="20200526 16:58:55.778" endtime="20200526 16:58:56.425"></status>
</kw>
<status status="PASS" starttime="20200526 16:58:52.834" endtime="20200526 16:58:56.426"></status>
</kw>
<kw name="E e logo no site com o CPF ${cpf} e a senha ${senha}" library="setup_hz">
<kw name="Wait Until Element Is Visible" library="SeleniumLibrary">
<doc>Waits until the element ``locator`` is visible.</doc>
<arguments>
<arg>${ID_LOGIN_CPF}</arg>
<arg>10</arg>
</arguments>
<status status="PASS" starttime="20200526 16:58:56.427" endtime="20200526 16:58:56.496"></status>
</kw>
<kw name="Input Text" library="SeleniumLibrary">
<doc>Types the given ``text`` into the text field identified by ``locator``.</doc>
<arguments>
<arg>${ID_LOGIN_CPF}</arg>
<arg>${cpf}</arg>
</arguments>
<msg timestamp="20200526 16:58:56.497" level="INFO">Typing text '941.861.830-31' into text field 'id:document'.</msg>
<status status="PASS" starttime="20200526 16:58:56.496" endtime="20200526 16:58:56.658"></status>
</kw>
<kw name="Input Text" library="SeleniumLibrary">
<doc>Types the given ``text`` into the text field identified by ``locator``.</doc>
<arguments>
<arg>${ID_LOGIN_SENHA}</arg>
<arg>${senha}</arg>
</arguments>
<msg timestamp="20200526 16:58:56.659" level="INFO">Typing text '12345678' into text field 'id:password'.</msg>
<status status="PASS" starttime="20200526 16:58:56.658" endtime="20200526 16:58:56.797"></status>
</kw>
<kw name="Click Element" library="SeleniumLibrary">
<doc>Click the element identified by ``locator``.</doc>
<arguments>
<arg>${BUTTON_CONFIRMAR_VERDE}</arg>
</arguments>
<msg timestamp="20200526 16:58:56.798" level="INFO">Clicking element '//button[@class='btn btn-green']'.</msg>
<status status="PASS" starttime="20200526 16:58:56.797" endtime="20200526 16:58:56.907"></status>
</kw>
<kw name="Capture Page Screenshot" library="SeleniumLibrary">
<doc>Takes a screenshot of the current page and embeds it into a log file.</doc>
<msg timestamp="20200526 16:58:57.377" level="INFO" html="yes">&lt;/td&gt;&lt;/tr&gt;&lt;tr&gt;&lt;td colspan="3"&gt;&lt;a href="selenium-screenshot-181.png"&gt;&lt;img src="selenium-screenshot-181.png" width="800px"&gt;&lt;/a&gt;</msg>
<status status="PASS" starttime="20200526 16:58:56.907" endtime="20200526 16:58:57.377"></status>
</kw>
<kw name="Go To" library="SeleniumLibrary">
<doc>Navigates the current browser window to the provided ``url``.</doc>
<arguments>
<arg>${CARRINHO_URL}</arg>
</arguments>
<msg timestamp="20200526 16:58:57.378" level="INFO">Opening url 'http://webapp2-qa.fastshop.com.br/web/checkout-v2/carrinho'</msg>
<status status="PASS" starttime="20200526 16:58:57.377" endtime="20200526 16:58:58.511"></status>
</kw>
<status status="PASS" starttime="20200526 16:58:56.426" endtime="20200526 16:58:58.511"></status>
</kw>
<kw name="E adiciono um serviço" library="setup_hz">
<kw name="Wait Until Element Is Visible" library="SeleniumLibrary">
<doc>Waits until the element ``locator`` is visible.</doc>
<arguments>
<arg>${BUTTON_SELECIONAR_SERVICO}</arg>
<arg>10</arg>
</arguments>
<status status="PASS" starttime="20200526 16:58:58.512" endtime="20200526 16:59:00.028"></status>
</kw>
<kw name="Set Focus To Element" library="SeleniumLibrary">
<doc>Sets the focus to the element identified by ``locator``.</doc>
<arguments>
<arg>${BUTTON_SELECIONAR_SERVICO}</arg>
</arguments>
<status status="PASS" starttime="20200526 16:59:00.028" endtime="20200526 16:59:00.040"></status>
</kw>
<kw name="Capture Page Screenshot" library="SeleniumLibrary">
<doc>Takes a screenshot of the current page and embeds it into a log file.</doc>
<msg timestamp="20200526 16:59:00.454" level="INFO" html="yes">&lt;/td&gt;&lt;/tr&gt;&lt;tr&gt;&lt;td colspan="3"&gt;&lt;a href="selenium-screenshot-182.png"&gt;&lt;img src="selenium-screenshot-182.png" width="800px"&gt;&lt;/a&gt;</msg>
<status status="PASS" starttime="20200526 16:59:00.041" endtime="20200526 16:59:00.455"></status>
</kw>
<kw name="Click Element" library="SeleniumLibrary">
<doc>Click the element identified by ``locator``.</doc>
<arguments>
<arg>${BUTTON_SELECIONAR_SERVICO}</arg>
</arguments>
<msg timestamp="20200526 16:59:00.455" level="INFO">Clicking element '//button[contains(text(), 'Selecionar')]'.</msg>
<status status="PASS" starttime="20200526 16:59:00.455" endtime="20200526 16:59:00.602"></status>
</kw>
<kw name="Wait Until Element Is Visible" library="SeleniumLibrary">
<doc>Waits until the element ``locator`` is visible.</doc>
<arguments>
<arg>//div[@class='checkbox']</arg>
</arguments>
<status status="PASS" starttime="20200526 16:59:00.603" endtime="20200526 16:59:00.640"></status>
</kw>
<kw name="Click Element" library="SeleniumLibrary">
<doc>Click the element identified by ``locator``.</doc>
<arguments>
<arg>//div[@class='checkbox']</arg>
</arguments>
<msg timestamp="20200526 16:59:00.641" level="INFO">Clicking element '//div[@class='checkbox']'.</msg>
<status status="PASS" starttime="20200526 16:59:00.641" endtime="20200526 16:59:00.769"></status>
</kw>
<kw name="Click Element" library="SeleniumLibrary">
<doc>Click the element identified by ``locator``.</doc>
<arguments>
<arg>${LABEL_PERIODO_DO_SEGURO}</arg>
</arguments>
<msg timestamp="20200526 16:59:00.770" level="INFO">Clicking element '//span[contains(text(), '+')]//..//..//label'.</msg>
<status status="PASS" starttime="20200526 16:59:00.769" endtime="20200526 16:59:00.844"></status>
</kw>
<kw name="Click Element" library="SeleniumLibrary">
<doc>Click the element identified by ``locator``.</doc>
<arguments>
<arg>//button[contains(text(), 'APLICAR')]</arg>
</arguments>
<msg timestamp="20200526 16:59:00.844" level="INFO">Clicking element '//button[contains(text(), 'APLICAR')]'.</msg>
<status status="PASS" starttime="20200526 16:59:00.844" endtime="20200526 16:59:00.951"></status>
</kw>
<kw name="Sleep" library="BuiltIn">
<doc>Pauses the test executed for the given time.</doc>
<arguments>
<arg>2</arg>
</arguments>
<msg timestamp="20200526 16:59:02.953" level="INFO">Slept 2 seconds</msg>
<status status="PASS" starttime="20200526 16:59:00.951" endtime="20200526 16:59:02.953"></status>
</kw>
<kw name="Click Element" library="SeleniumLibrary">
<doc>Click the element identified by ``locator``.</doc>
<arguments>
<arg>//button[contains(text(), 'APLICAR')]</arg>
</arguments>
<msg timestamp="20200526 16:59:02.954" level="INFO">Clicking element '//button[contains(text(), 'APLICAR')]'.</msg>
<status status="PASS" starttime="20200526 16:59:02.953" endtime="20200526 16:59:03.011"></status>
</kw>
<kw name="Sleep" library="BuiltIn">
<doc>Pauses the test executed for the given time.</doc>
<arguments>
<arg>2</arg>
</arguments>
<msg timestamp="20200526 16:59:05.011" level="INFO">Slept 2 seconds</msg>
<status status="PASS" starttime="20200526 16:59:03.011" endtime="20200526 16:59:05.011"></status>
</kw>
<status status="PASS" starttime="20200526 16:58:58.512" endtime="20200526 16:59:05.011"></status>
</kw>
<kw name="E entro na página de acionar um novo endereço a mesma é carregada" library="setup_hz">
<kw name="Wait Until Element Is Visible" library="SeleniumLibrary">
<doc>Waits until the element ``locator`` is visible.</doc>
<arguments>
<arg>${BUTTON_CONTINUAR_COMPRA_VERDE}</arg>
<arg>10</arg>
</arguments>
<status status="PASS" starttime="20200526 16:59:05.012" endtime="20200526 16:59:05.032"></status>
</kw>
<kw name="Set Focus To Element" library="SeleniumLibrary">
<doc>Sets the focus to the element identified by ``locator``.</doc>
<arguments>
<arg>${BUTTON_CONTINUAR_COMPRA_VERDE}</arg>
</arguments>
<status status="PASS" starttime="20200526 16:59:05.032" endtime="20200526 16:59:05.045"></status>
</kw>
<kw name="Capture Page Screenshot" library="SeleniumLibrary">
<doc>Takes a screenshot of the current page and embeds it into a log file.</doc>
<msg timestamp="20200526 16:59:05.550" level="INFO" html="yes">&lt;/td&gt;&lt;/tr&gt;&lt;tr&gt;&lt;td colspan="3"&gt;&lt;a href="selenium-screenshot-183.png"&gt;&lt;img src="selenium-screenshot-183.png" width="800px"&gt;&lt;/a&gt;</msg>
<status status="PASS" starttime="20200526 16:59:05.046" endtime="20200526 16:59:05.551"></status>
</kw>
<kw name="Click Element" library="SeleniumLibrary">
<doc>Click the element identified by ``locator``.</doc>
<arguments>
<arg>${BUTTON_CONTINUAR_COMPRA_VERDE}</arg>
</arguments>
<msg timestamp="20200526 16:59:05.551" level="INFO">Clicking element '//button[contains(text(), 'Continuar compra')]'.</msg>
<status status="PASS" starttime="20200526 16:59:05.551" endtime="20200526 16:59:06.109"></status>
</kw>
<kw name="Wait Until Element Is Visible" library="SeleniumLibrary">
<doc>Waits until the element ``locator`` is visible.</doc>
<arguments>
<arg>${A_ADICIONAR_NOVO_ENDERECO}</arg>
<arg>10</arg>
</arguments>
<status status="PASS" starttime="20200526 16:59:06.110" endtime="20200526 16:59:08.416"></status>
</kw>
<kw name="Set Focus To Element" library="SeleniumLibrary">
<doc>Sets the focus to the element identified by ``locator``.</doc>
<arguments>
<arg>${A_ADICIONAR_NOVO_ENDERECO}</arg>
</arguments>
<status status="PASS" starttime="20200526 16:59:08.416" endtime="20200526 16:59:08.432"></status>
</kw>
<kw name="Capture Page Screenshot" library="SeleniumLibrary">
<doc>Takes a screenshot of the current page and embeds it into a log file.</doc>
<msg timestamp="20200526 16:59:08.918" level="INFO" html="yes">&lt;/td&gt;&lt;/tr&gt;&lt;tr&gt;&lt;td colspan="3"&gt;&lt;a href="selenium-screenshot-184.png"&gt;&lt;img src="selenium-screenshot-184.png" width="800px"&gt;&lt;/a&gt;</msg>
<status status="PASS" starttime="20200526 16:59:08.432" endtime="20200526 16:59:08.919"></status>
</kw>
<kw name="Click Element" library="SeleniumLibrary">
<doc>Click the element identified by ``locator``.</doc>
<arguments>
<arg>${A_ADICIONAR_NOVO_ENDERECO}</arg>
</arguments>
<msg timestamp="20200526 16:59:08.924" level="INFO">Clicking element '//a[@class='btn btn-new-address']'.</msg>
<status status="PASS" starttime="20200526 16:59:08.924" endtime="20200526 16:59:08.990"></status>
</kw>
<kw name="Sleep" library="BuiltIn">
<doc>Pauses the test executed for the given time.</doc>
<arguments>
<arg>4</arg>
</arguments>
<msg timestamp="20200526 16:59:12.992" level="INFO">Slept 4 seconds</msg>
<status status="PASS" starttime="20200526 16:59:08.991" endtime="20200526 16:59:12.992"></status>
</kw>
<kw name="Input Text" library="SeleniumLibrary">
<doc>Types the given ``text`` into the text field identified by ``locator``.</doc>
<arguments>
<arg>${INPUT_ENDEREÇO_NOME_DESTINATARIO}</arg>
<arg>aaaaaaaaaaaaaa</arg>
</arguments>
<msg timestamp="20200526 16:59:12.992" level="INFO">Typing text 'aaaaaaaaaaaaaa' into text field '//input[@formcontrolname='name']'.</msg>
<status status="PASS" starttime="20200526 16:59:12.992" endtime="20200526 16:59:13.245"></status>
</kw>
<kw name="Sleep" library="BuiltIn">
<doc>Pauses the test executed for the given time.</doc>
<arguments>
<arg>2</arg>
</arguments>
<msg timestamp="20200526 16:59:15.247" level="INFO">Slept 2 seconds</msg>
<status status="PASS" starttime="20200526 16:59:13.245" endtime="20200526 16:59:15.247"></status>
</kw>
<status status="PASS" starttime="20200526 16:59:05.011" endtime="20200526 16:59:15.247"></status>
</kw>
<status status="PASS" starttime="20200526 16:58:49.703" endtime="20200526 16:59:15.247"></status>
</kw>
<kw name="End Test" library="base" type="teardown">
<kw name="Capture Page Screenshot" library="SeleniumLibrary">
<doc>Takes a screenshot of the current page and embeds it into a log file.</doc>
<msg timestamp="20200526 16:59:15.656" level="INFO" html="yes">&lt;/td&gt;&lt;/tr&gt;&lt;tr&gt;&lt;td colspan="3"&gt;&lt;a href="selenium-screenshot-185.png"&gt;&lt;img src="selenium-screenshot-185.png" width="800px"&gt;&lt;/a&gt;</msg>
<status status="PASS" starttime="20200526 16:59:15.249" endtime="20200526 16:59:15.657"></status>
</kw>
<status status="PASS" starttime="20200526 16:59:15.248" endtime="20200526 16:59:15.657"></status>
</kw>
<status status="PASS" starttime="20200526 16:58:49.702" endtime="20200526 16:59:15.657" critical="yes"></status>
</test>
<kw name="End Session" library="base" type="teardown">
<kw name="Close Browser" library="SeleniumLibrary">
<doc>Closes the current browser.</doc>
<status status="PASS" starttime="20200526 16:59:15.666" endtime="20200526 16:59:17.814"></status>
</kw>
<kw name="Stop Video Recording" library="ScreenCapLibrary">
<doc>Stops the video recording corresponding to the given ``alias`` and generates the file in WebM format. If no
``alias`` is specified, the last opened recording will be closed. If there are more recordings with the same
alias all of them will be closed. If ``embed`` argument was set to
``True`` the video will be displayed in the log file.</doc>
<msg timestamp="20200526 16:59:18.816" level="INFO" html="yes">&lt;a href="recording_39.webm"&gt;&lt;video width="800px" autoplay&gt;&lt;source src="recording_39.webm" type="video/webm"&gt;&lt;/video&gt;&lt;/a&gt;</msg>
<status status="PASS" starttime="20200526 16:59:17.814" endtime="20200526 16:59:18.816"></status>
</kw>
<status status="PASS" starttime="20200526 16:59:15.665" endtime="20200526 16:59:18.817"></status>
</kw>
<doc>Cadastro de CEP invalido.
O cadastro de endereço esta permitindo realizar cadastro de CEP invalido.
1 - Clicar em Adicionar novo endereço.
2 - Preencher no campo CEP 00000000 e preencher todos os outros campos de forma manual.
3 - Clicar em Adicionar.
4 - Clicar no botão continuar no resumo do pedido após selecionar esse endereço cadastrado com o CEP invalido.
Resultado obtido:
Ao inserir CEP invalido o cadastro pode ser finalizado e permite ir pro próximo passo.
Resultado esperado:
Que quando inserir um CEP invalido o cadastro não seja permito e que se a regra de negócio permita esse cadastro que mostre a mensagem " CEP não localizado. Acesse a Central de Atendimento ou ligue... conforme é exibido atualmente em produção conforme evidencia anexa.</doc>
<status status="PASS" starttime="20200526 16:58:47.088" endtime="20200526 16:59:18.817"></status>
</suite>
<statistics>
<total>
<stat pass="1" fail="0">Critical Tests</stat>
<stat pass="1" fail="0">All Tests</stat>
</total>
<tag>
</tag>
<suite>
<stat pass="1" fail="0" id="s1" name="CM-606 O cadastro de endereço esta permitindo realizar cadastro de CEP invalido">CM-606 O cadastro de endereço esta permitindo realizar cadastro de CEP invalido</stat>
</suite>
</statistics>
<errors>
</errors>
</robot>
