<?xml version="1.0" encoding="UTF-8"?>
<robot generator="Robot 3.2rc1 (Python 3.8.1 on win32)" generated="20200602 19:40:06.072" rpa="false">
<suite id="s1" name="CADASTRO" source="C:\FastShop_hz\tests\CADASTRO.robot">
<kw name="Start Session" library="base" type="setup">
<kw name="Open Browser" library="SeleniumLibrary">
<doc>Opens a new browser instance to the optional ``url``.</doc>
<arguments>
<arg>about:blank</arg>
<arg>chrome</arg>
</arguments>
<msg timestamp="20200602 19:40:07.326" level="INFO">Opening browser 'chrome' to base url 'about:blank'.</msg>
<status status="PASS" starttime="20200602 19:40:07.325" endtime="20200602 19:40:08.388"></status>
</kw>
<kw name="Set Selenium Implicit Wait" library="SeleniumLibrary">
<doc>Sets the implicit wait value used by Selenium.</doc>
<arguments>
<arg>10</arg>
</arguments>
<status status="PASS" starttime="20200602 19:40:08.388" endtime="20200602 19:40:08.389"></status>
</kw>
<kw name="Maximize Browser Window" library="SeleniumLibrary">
<doc>Maximizes current browser window.</doc>
<status status="PASS" starttime="20200602 19:40:08.389" endtime="20200602 19:40:08.504"></status>
</kw>
<kw name="Start Video Recording" library="ScreenCapLibrary">
<doc>Starts the recording of a video in the background with the specified ``name``.
The recording can be stopped by calling the `Stop Video Recording` keyword.</doc>
<status status="PASS" starttime="20200602 19:40:08.504" endtime="20200602 19:40:08.516"></status>
</kw>
<status status="PASS" starttime="20200602 19:40:07.325" endtime="20200602 19:40:08.516"></status>
</kw>
<test id="s1-t1" name="CADASTRO COM SUCESSO">
<kw name="Cadastro com sucesso">
<arguments>
<arg>941.861.830-31</arg>
<arg>12345678</arg>
<arg>Teste</arg>
</arguments>
<kw name="Dado que acesso e verifico que estou no site da FASTSHOP" library="setup_hz">
<kw name="Delete All Cookies" library="SeleniumLibrary">
<doc>Deletes all cookies.</doc>
<status status="PASS" starttime="20200602 19:40:08.518" endtime="20200602 19:40:08.524"></status>
</kw>
<kw name="Go To" library="SeleniumLibrary">
<doc>Navigates the current browser window to the provided ``url``.</doc>
<arguments>
<arg>${BASE_URL}</arg>
</arguments>
<msg timestamp="20200602 19:40:08.525" level="INFO">Opening url 'http://webapp2-qa.fastshop.com.br/'</msg>
<status status="PASS" starttime="20200602 19:40:08.524" endtime="20200602 19:40:12.057"></status>
</kw>
<status status="PASS" starttime="20200602 19:40:08.518" endtime="20200602 19:40:12.057"></status>
</kw>
<kw name="Quando acesso e verifico que estou na página de cadastro, insiro um cpf não existente" library="setup_hz">
<kw name="Go To" library="SeleniumLibrary">
<doc>Navigates the current browser window to the provided ``url``.</doc>
<arguments>
<arg>${URL_CADASTRO_API}</arg>
</arguments>
<msg timestamp="20200602 19:40:12.058" level="INFO">Opening url 'http://webapp2-qa.fastshop.com.br/web/checkout/cadastro'</msg>
<status status="PASS" starttime="20200602 19:40:12.058" endtime="20200602 19:40:12.994"></status>
</kw>
<kw name="Wait Until Element Is Visible" library="SeleniumLibrary">
<doc>Waits until the element ``locator`` is visible.</doc>
<arguments>
<arg>${check_informe_Cpf_nao_cadastro}</arg>
<arg>60</arg>
</arguments>
<status status="PASS" starttime="20200602 19:40:12.994" endtime="20200602 19:40:39.355"></status>
</kw>
<kw name="Cpf" library="FakerLibrary">
<assign>
<var>${CPF}</var>
</assign>
<msg timestamp="20200602 19:40:39.356" level="INFO">${CPF} = 287.035.619-68</msg>
<status status="PASS" starttime="20200602 19:40:39.355" endtime="20200602 19:40:39.356"></status>
</kw>
<kw name="Input Text" library="SeleniumLibrary">
<doc>Types the given ``text`` into the text field identified by ``locator``.</doc>
<arguments>
<arg>${check_informe_Cpf_nao_cadastro}</arg>
<arg>${CPF}</arg>
</arguments>
<msg timestamp="20200602 19:40:39.356" level="INFO">Typing text '287.035.619-68' into text field 'id:document'.</msg>
<status status="PASS" starttime="20200602 19:40:39.356" endtime="20200602 19:40:39.674"></status>
</kw>
<kw name="Click Element" library="SeleniumLibrary">
<doc>Click the element identified by ``locator``.</doc>
<arguments>
<arg>${check_botao_verde_continuar}</arg>
</arguments>
<msg timestamp="20200602 19:40:39.675" level="INFO">Clicking element 'class:btn-green'.</msg>
<status status="PASS" starttime="20200602 19:40:39.675" endtime="20200602 19:40:39.830"></status>
</kw>
<status status="PASS" starttime="20200602 19:40:12.057" endtime="20200602 19:40:39.830"></status>
</kw>
<kw name="E todos os campos da tela de cadastro são preenchidos" library="setup_hz">
<kw name="Name" library="FakerLibrary">
<doc>:example 'John Doe'</doc>
<assign>
<var>${NOMEFAKE}</var>
</assign>
<msg timestamp="20200602 19:40:39.831" level="INFO">${NOMEFAKE} = Dra. Ana Clara Porto</msg>
<status status="PASS" starttime="20200602 19:40:39.831" endtime="20200602 19:40:39.831"></status>
</kw>
<kw name="Input Text" library="SeleniumLibrary">
<doc>Types the given ``text`` into the text field identified by ``locator``.</doc>
<arguments>
<arg>${check_cadastro_nome}</arg>
<arg>${NOMEFAKE}</arg>
</arguments>
<msg timestamp="20200602 19:40:39.832" level="INFO">Typing text 'Dra. Ana Clara Porto' into text field 'id:name'.</msg>
<status status="PASS" starttime="20200602 19:40:39.832" endtime="20200602 19:40:40.221"></status>
</kw>
<kw name="Input Text" library="SeleniumLibrary">
<doc>Types the given ``text`` into the text field identified by ``locator``.</doc>
<arguments>
<arg>${check_cadastro_idade}</arg>
<arg>03061986</arg>
</arguments>
<msg timestamp="20200602 19:40:40.222" level="INFO">Typing text '03061986' into text field 'id:birthday'.</msg>
<status status="PASS" starttime="20200602 19:40:40.221" endtime="20200602 19:40:40.428"></status>
</kw>
<kw name="Select From List By Value" library="SeleniumLibrary">
<doc>Selects options from selection list ``locator`` by ``values``.</doc>
<arguments>
<arg>${check_cadastro_sexo}</arg>
<arg>Male</arg>
</arguments>
<msg timestamp="20200602 19:40:40.428" level="INFO">Selecting options from selection list '//span[contains(text(),'Sexo')]//..//select' by value Male.</msg>
<status status="PASS" starttime="20200602 19:40:40.428" endtime="20200602 19:40:40.556"></status>
</kw>
<kw name="Phone Number" library="FakerLibrary">
<assign>
<var>${TELEFONEFAKE}</var>
</assign>
<msg timestamp="20200602 19:40:40.557" level="INFO">${TELEFONEFAKE} = +55 (041) 0578-6129</msg>
<status status="PASS" starttime="20200602 19:40:40.556" endtime="20200602 19:40:40.557"></status>
</kw>
<kw name="Input Text" library="SeleniumLibrary">
<doc>Types the given ``text`` into the text field identified by ``locator``.</doc>
<arguments>
<arg>${check_cadastro_telefone}</arg>
<arg>11${TELEFONEFAKE}</arg>
</arguments>
<msg timestamp="20200602 19:40:40.559" level="INFO">Typing text '11+55 (041) 0578-6129' into text field 'id:telephone'.</msg>
<status status="PASS" starttime="20200602 19:40:40.558" endtime="20200602 19:40:40.927"></status>
</kw>
<kw name="Word" library="FakerLibrary">
<doc>:returns: A random word, eg: 'lorem'</doc>
<assign>
<var>${PALAVRAFAKE}</var>
</assign>
<msg timestamp="20200602 19:40:40.928" level="INFO">${PALAVRAFAKE} = quis</msg>
<status status="PASS" starttime="20200602 19:40:40.927" endtime="20200602 19:40:40.928"></status>
</kw>
<kw name="Input Text" library="SeleniumLibrary">
<doc>Types the given ``text`` into the text field identified by ``locator``.</doc>
<arguments>
<arg>${check_cadastro_email}</arg>
<arg>${PALAVRAFAKE}@fastshopteste.com</arg>
</arguments>
<msg timestamp="20200602 19:40:40.928" level="INFO">Typing text 'quis@fastshopteste.com' into text field 'id:email'.</msg>
<status status="PASS" starttime="20200602 19:40:40.928" endtime="20200602 19:40:41.296"></status>
</kw>
<kw name="Password" library="FakerLibrary">
<doc>Generates a random password.
@param length: Integer. Length of a password
@param special_chars: Boolean. Whether to use special characters !@#$%^&amp;*()_+
@param digits: Boolean. Whether to use digits
@param upper_case: Boolean. Whether to use upper letters
@param lower_case: Boolean. Whether to use lower letters
@return: String. Random password</doc>
<assign>
<var>${PASSWORDFAKE}</var>
</assign>
<msg timestamp="20200602 19:40:41.298" level="INFO">${PASSWORDFAKE} = &amp;2IxwFNUue</msg>
<status status="PASS" starttime="20200602 19:40:41.297" endtime="20200602 19:40:41.298"></status>
</kw>
<kw name="Input Text" library="SeleniumLibrary">
<doc>Types the given ``text`` into the text field identified by ``locator``.</doc>
<arguments>
<arg>${check_cadastro_senha}</arg>
<arg>${PASSWORDFAKE}</arg>
</arguments>
<msg timestamp="20200602 19:40:41.299" level="INFO">Typing text '&amp;2IxwFNUue' into text field 'id:password'.</msg>
<status status="PASS" starttime="20200602 19:40:41.298" endtime="20200602 19:40:41.535"></status>
</kw>
<kw name="Input Text" library="SeleniumLibrary">
<doc>Types the given ``text`` into the text field identified by ``locator``.</doc>
<arguments>
<arg>${check_cadastro_confirmacao_senha}</arg>
<arg>${PASSWORDFAKE}</arg>
</arguments>
<msg timestamp="20200602 19:40:41.536" level="INFO">Typing text '&amp;2IxwFNUue' into text field 'id:password_confirmation'.</msg>
<status status="PASS" starttime="20200602 19:40:41.535" endtime="20200602 19:40:41.756"></status>
</kw>
<status status="PASS" starttime="20200602 19:40:39.830" endtime="20200602 19:40:41.757"></status>
</kw>
<kw name="E é autorizado o recebimento de ofertas via e-mail e sms" library="setup_hz">
<kw name="Set Focus To Element" library="SeleniumLibrary">
<doc>Sets the focus to the element identified by ``locator``.</doc>
<arguments>
<arg>${check_cadastro_recebe_email}</arg>
</arguments>
<status status="PASS" starttime="20200602 19:40:41.758" endtime="20200602 19:40:41.785"></status>
</kw>
<kw name="Set Selenium Speed" library="SeleniumLibrary">
<doc>Sets the delay that is waited after each Selenium command.</doc>
<arguments>
<arg>0.1</arg>
</arguments>
<status status="PASS" starttime="20200602 19:40:41.785" endtime="20200602 19:40:41.786"></status>
</kw>
<kw name="Select Checkbox" library="SeleniumLibrary">
<doc>Selects the checkbox identified by ``locator``.</doc>
<arguments>
<arg>${check_cadastro_recebe_email}</arg>
</arguments>
<msg timestamp="20200602 19:40:41.787" level="INFO">Selecting checkbox 'id:receiveEmailFast'.</msg>
<status status="PASS" starttime="20200602 19:40:41.786" endtime="20200602 19:40:42.366"></status>
</kw>
<kw name="Select Checkbox" library="SeleniumLibrary">
<doc>Selects the checkbox identified by ``locator``.</doc>
<arguments>
<arg>${check_cadastro_recebe_sms}</arg>
</arguments>
<msg timestamp="20200602 19:40:42.367" level="INFO">Selecting checkbox 'id:receiveSMSFast'.</msg>
<status status="PASS" starttime="20200602 19:40:42.366" endtime="20200602 19:40:42.947"></status>
</kw>
<kw name="Set Selenium Speed" library="SeleniumLibrary">
<doc>Sets the delay that is waited after each Selenium command.</doc>
<arguments>
<arg>0</arg>
</arguments>
<status status="PASS" starttime="20200602 19:40:42.948" endtime="20200602 19:40:42.948"></status>
</kw>
<kw name="Checkbox Should Be Selected" library="SeleniumLibrary">
<doc>Verifies checkbox ``locator`` is selected/checked.</doc>
<arguments>
<arg>${check_cadastro_recebe_email}</arg>
</arguments>
<msg timestamp="20200602 19:40:42.949" level="INFO">Verifying checkbox 'id:receiveEmailFast' is selected.</msg>
<status status="PASS" starttime="20200602 19:40:42.948" endtime="20200602 19:40:42.973"></status>
</kw>
<kw name="Checkbox Should Be Selected" library="SeleniumLibrary">
<doc>Verifies checkbox ``locator`` is selected/checked.</doc>
<arguments>
<arg>${check_cadastro_recebe_sms}</arg>
</arguments>
<msg timestamp="20200602 19:40:42.974" level="INFO">Verifying checkbox 'id:receiveSMSFast' is selected.</msg>
<status status="PASS" starttime="20200602 19:40:42.974" endtime="20200602 19:40:42.996"></status>
</kw>
<status status="PASS" starttime="20200602 19:40:41.757" endtime="20200602 19:40:42.996"></status>
</kw>
<kw name="Então ao clicar em continuar a primeira etapa do cadastrado é encerrada com sucesso" library="setup_hz">
<kw name="Set Focus To Element" library="SeleniumLibrary">
<doc>Sets the focus to the element identified by ``locator``.</doc>
<arguments>
<arg>${check_botao_verde_continuar}</arg>
</arguments>
<status status="PASS" starttime="20200602 19:40:42.997" endtime="20200602 19:40:43.016"></status>
</kw>
<kw name="Element Text Should Be" library="SeleniumLibrary">
<doc>Verifies that element ``locator`` contains exact the text ``expected``.</doc>
<arguments>
<arg>${check_botao_verde_continuar}</arg>
<arg>Continuar</arg>
</arguments>
<msg timestamp="20200602 19:40:43.017" level="INFO">Verifying element 'class:btn-green' contains exact text 'Continuar'.</msg>
<status status="PASS" starttime="20200602 19:40:43.017" endtime="20200602 19:40:43.041"></status>
</kw>
<kw name="Set Selenium Speed" library="SeleniumLibrary">
<doc>Sets the delay that is waited after each Selenium command.</doc>
<arguments>
<arg>0.5</arg>
</arguments>
<status status="PASS" starttime="20200602 19:40:43.042" endtime="20200602 19:40:43.042"></status>
</kw>
<kw name="Click Element" library="SeleniumLibrary">
<doc>Click the element identified by ``locator``.</doc>
<arguments>
<arg>${check_botao_verde_continuar}</arg>
</arguments>
<msg timestamp="20200602 19:40:43.043" level="INFO">Clicking element 'class:btn-green'.</msg>
<status status="PASS" starttime="20200602 19:40:43.042" endtime="20200602 19:40:44.107"></status>
</kw>
<kw name="Set Selenium Speed" library="SeleniumLibrary">
<doc>Sets the delay that is waited after each Selenium command.</doc>
<arguments>
<arg>0</arg>
</arguments>
<status status="PASS" starttime="20200602 19:40:44.107" endtime="20200602 19:40:44.107"></status>
</kw>
<status status="PASS" starttime="20200602 19:40:42.996" endtime="20200602 19:40:44.108"></status>
</kw>
<kw name="E é preenchido o campo de endereço, todas as informações são recebidas" library="setup_hz">
<kw name="Set Selenium Speed" library="SeleniumLibrary">
<doc>Sets the delay that is waited after each Selenium command.</doc>
<arguments>
<arg>0.5</arg>
</arguments>
<status status="PASS" starttime="20200602 19:40:44.108" endtime="20200602 19:40:44.108"></status>
</kw>
<kw name="Input Text" library="SeleniumLibrary">
<doc>Types the given ``text`` into the text field identified by ``locator``.</doc>
<arguments>
<arg>${check_cadastro_cep}</arg>
<arg>07110040</arg>
</arguments>
<msg timestamp="20200602 19:40:44.109" level="INFO">Typing text '07110040' into text field 'id:zipCode'.</msg>
<status status="PASS" starttime="20200602 19:40:44.108" endtime="20200602 19:40:45.785"></status>
</kw>
<kw name="Select From List By Value" library="SeleniumLibrary">
<doc>Selects options from selection list ``locator`` by ``values``.</doc>
<arguments>
<arg>${check_cadastro_select_imovel}</arg>
<arg>1</arg>
</arguments>
<msg timestamp="20200602 19:40:45.785" level="INFO">Selecting options from selection list '//span[contains(text(),'Tipo de Imóvel')]//..//select' by value 1.</msg>
<status status="PASS" starttime="20200602 19:40:45.785" endtime="20200602 19:40:49.381"></status>
</kw>
<kw name="Input Text" library="SeleniumLibrary">
<doc>Types the given ``text`` into the text field identified by ``locator``.</doc>
<arguments>
<arg>${check_cadastro_numero_casa}</arg>
<arg>84</arg>
</arguments>
<msg timestamp="20200602 19:40:49.382" level="INFO">Typing text '84' into text field 'id:number'.</msg>
<status status="PASS" starttime="20200602 19:40:49.382" endtime="20200602 19:40:51.017"></status>
</kw>
<kw name="Select From List By Value" library="SeleniumLibrary">
<doc>Selects options from selection list ``locator`` by ``values``.</doc>
<arguments>
<arg>${check_cadastro_select_imovel}</arg>
<arg>1</arg>
</arguments>
<msg timestamp="20200602 19:40:51.018" level="INFO">Selecting options from selection list '//span[contains(text(),'Tipo de Imóvel')]//..//select' by value 1.</msg>
<status status="PASS" starttime="20200602 19:40:51.018" endtime="20200602 19:40:54.080"></status>
</kw>
<kw name="Input Text" library="SeleniumLibrary">
<doc>Types the given ``text`` into the text field identified by ``locator``.</doc>
<arguments>
<arg>${check_cadastro_complemento}</arg>
<arg>teste</arg>
</arguments>
<msg timestamp="20200602 19:40:54.081" level="INFO">Typing text 'teste' into text field 'id:complement'.</msg>
<status status="PASS" starttime="20200602 19:40:54.081" endtime="20200602 19:40:55.737"></status>
</kw>
<kw name="Set Focus To Element" library="SeleniumLibrary">
<doc>Sets the focus to the element identified by ``locator``.</doc>
<arguments>
<arg>${check_botao_verde_cadastrar}</arg>
</arguments>
<status status="PASS" starttime="20200602 19:40:55.738" endtime="20200602 19:40:56.766"></status>
</kw>
<kw name="Element Text Should Be" library="SeleniumLibrary">
<doc>Verifies that element ``locator`` contains exact the text ``expected``.</doc>
<arguments>
<arg>${check_botao_verde_cadastrar}</arg>
<arg>Cadastrar</arg>
</arguments>
<msg timestamp="20200602 19:40:56.767" level="INFO">Verifying element '//button[contains(text(), 'Cadastrar')]' contains exact text 'Cadastrar'.</msg>
<status status="PASS" starttime="20200602 19:40:56.767" endtime="20200602 19:40:57.798"></status>
</kw>
<kw name="Set Selenium Speed" library="SeleniumLibrary">
<doc>Sets the delay that is waited after each Selenium command.</doc>
<arguments>
<arg>0.5</arg>
</arguments>
<status status="PASS" starttime="20200602 19:40:57.799" endtime="20200602 19:40:57.799"></status>
</kw>
<kw name="Click Element" library="SeleniumLibrary">
<doc>Click the element identified by ``locator``.</doc>
<arguments>
<arg>${check_botao_verde_cadastrar}</arg>
</arguments>
<msg timestamp="20200602 19:40:57.800" level="INFO">Clicking element '//button[contains(text(), 'Cadastrar')]'.</msg>
<status status="PASS" starttime="20200602 19:40:57.800" endtime="20200602 19:40:58.865"></status>
</kw>
<kw name="Set Selenium Speed" library="SeleniumLibrary">
<doc>Sets the delay that is waited after each Selenium command.</doc>
<arguments>
<arg>0</arg>
</arguments>
<status status="PASS" starttime="20200602 19:40:58.866" endtime="20200602 19:40:58.866"></status>
</kw>
<kw name="Sleep" library="BuiltIn">
<doc>Pauses the test executed for the given time.</doc>
<arguments>
<arg>10</arg>
</arguments>
<msg timestamp="20200602 19:41:08.867" level="INFO">Slept 10 seconds</msg>
<status status="PASS" starttime="20200602 19:40:58.866" endtime="20200602 19:41:08.867"></status>
</kw>
<kw name="Capture Page Screenshot" library="SeleniumLibrary">
<doc>Takes a screenshot of the current page and embeds it into a log file.</doc>
<msg timestamp="20200602 19:41:09.394" level="INFO" html="yes">&lt;/td&gt;&lt;/tr&gt;&lt;tr&gt;&lt;td colspan="3"&gt;&lt;a href="selenium-screenshot-389.png"&gt;&lt;img src="selenium-screenshot-389.png" width="800px"&gt;&lt;/a&gt;</msg>
<status status="PASS" starttime="20200602 19:41:08.868" endtime="20200602 19:41:09.395"></status>
</kw>
<status status="PASS" starttime="20200602 19:40:44.108" endtime="20200602 19:41:09.395"></status>
</kw>
<status status="PASS" starttime="20200602 19:40:08.517" endtime="20200602 19:41:09.395"></status>
</kw>
<kw name="End Test" library="base" type="teardown">
<kw name="Capture Page Screenshot" library="SeleniumLibrary">
<doc>Takes a screenshot of the current page and embeds it into a log file.</doc>
<msg timestamp="20200602 19:41:09.857" level="INFO" html="yes">&lt;/td&gt;&lt;/tr&gt;&lt;tr&gt;&lt;td colspan="3"&gt;&lt;a href="selenium-screenshot-390.png"&gt;&lt;img src="selenium-screenshot-390.png" width="800px"&gt;&lt;/a&gt;</msg>
<status status="PASS" starttime="20200602 19:41:09.397" endtime="20200602 19:41:09.857"></status>
</kw>
<status status="PASS" starttime="20200602 19:41:09.396" endtime="20200602 19:41:09.857"></status>
</kw>
<status status="PASS" starttime="20200602 19:40:08.516" endtime="20200602 19:41:09.858" critical="yes"></status>
</test>
<kw name="End Session" library="base" type="teardown">
<kw name="Close Browser" library="SeleniumLibrary">
<doc>Closes the current browser.</doc>
<status status="PASS" starttime="20200602 19:41:09.860" endtime="20200602 19:41:12.059"></status>
</kw>
<kw name="Stop Video Recording" library="ScreenCapLibrary">
<doc>Stops the video recording corresponding to the given ``alias`` and generates the file in WebM format. If no
``alias`` is specified, the last opened recording will be closed. If there are more recordings with the same
alias all of them will be closed. If ``embed`` argument was set to
``True`` the video will be displayed in the log file.</doc>
<msg timestamp="20200602 19:41:13.061" level="INFO" html="yes">&lt;a href="recording_72.webm"&gt;&lt;video width="800px" autoplay&gt;&lt;source src="recording_72.webm" type="video/webm"&gt;&lt;/video&gt;&lt;/a&gt;</msg>
<status status="PASS" starttime="20200602 19:41:12.059" endtime="20200602 19:41:13.061"></status>
</kw>
<status status="PASS" starttime="20200602 19:41:09.860" endtime="20200602 19:41:13.061"></status>
</kw>
<doc>FASTSHOP - CADASTRO
Como um usuário e-commerce
Desejo criar uma conta no site da Fast Shop
Para que ele possa realizar a compra de produtos através do site
Como pessoa física gostaria de realizar o cadastro no site da Fast Shop https://www.fastshop.com.br
Primeiro inserir o CPF ainda não cadastrado no site, deve ser feita a validação se esse CPF já está cadastrado,
caso já esteja cadastrado deve aparecer o campo de senha.</doc>
<status status="PASS" starttime="20200602 19:40:06.074" endtime="20200602 19:41:13.061"></status>
</suite>
<statistics>
<total>
<stat pass="1" fail="0">Critical Tests</stat>
<stat pass="1" fail="0">All Tests</stat>
</total>
<tag>
</tag>
<suite>
<stat pass="1" fail="0" id="s1" name="CADASTRO">CADASTRO</stat>
</suite>
</statistics>
<errors>
</errors>
</robot>
